同步更新知识点(100201)成功,	同步更新知识点(100202)成功,	同步更新知识点(100203)成功,	同步更新知识点(100204)成功,	数据导入总条数：24	数据导入失败条数：0	数据导入成功条数：24
同步更新知识点(101301)成功,	同步更新知识点(101302)成功,	同步更新知识点(101303)成功,	同步更新知识点(101304)成功,	同步更新知识点(101305)成功,	数据导入总条数：30	数据导入失败条数：0	数据导入成功条数：30
同步更新知识点(101301)成功,	同步更新知识点(101302)成功,	同步更新知识点(101303)成功,	同步更新知识点(101304)成功,	同步更新知识点(101305)成功,	数据导入总条数：30	数据导入失败条数：0	数据导入成功条数：30
同步更新知识点(101301)成功,	同步更新知识点(101302)成功,	同步更新知识点(101303)成功,	同步更新知识点(101304)成功,	同步更新知识点(101305)成功,	数据导入总条数：30	数据导入失败条数：0	数据导入成功条数：30
同步更新知识点(102501)成功,	同步更新知识点(102502)成功,	同步更新知识点(102503)成功,	同步更新知识点(102504)成功,	数据导入总条数：13	数据导入失败条数：0	数据导入成功条数：13
同步更新知识点(104001)成功,	数据导入总条数：26	数据导入失败条数：0	数据导入成功条数：26
同步更新知识点(104201)成功,	数据导入总条数：12	数据导入失败条数：0	数据导入成功条数：12
同步更新知识点(104301)成功,	数据导入总条数：12	数据导入失败条数：0	数据导入成功条数：12
同步更新知识点(104401)成功,	同步更新知识点(104402)成功,	数据导入总条数：100	数据导入失败条数：0	数据导入成功条数：100
同步更新知识点(104401)成功,	同步更新知识点(104402)成功,	数据导入总条数：100	数据导入失败条数：0	数据导入成功条数：100
同步更新知识点(104601)成功,	数据导入总条数：38	数据导入失败条数：0	数据导入成功条数：38
同步更新知识点(104701)成功,	数据导入总条数：60	数据导入失败条数：0	数据导入成功条数：60
同步更新知识点(200101)成功,	同步更新知识点(200102)成功,	同步更新知识点(200103)成功,	同步更新知识点(200104)成功,	同步更新知识点(200105)成功,	同步更新知识点(200106)成功,	同步更新知识点(200107)成功,	数据导入总条数：31	数据导入失败条数：0	数据导入成功条数：31
同步更新知识点(200201)成功,	同步更新知识点(200202)成功,	同步更新知识点(200203)成功,	同步更新知识点(200204)成功,	同步更新知识点(200205)成功,	同步更新知识点(200206)成功,	同步更新知识点(200207)成功,	数据导入总条数：31	数据导入失败条数：0	数据导入成功条数：31
同步更新知识点(200301)成功,	同步更新知识点(200302)成功,	同步更新知识点(200303)成功,	同步更新知识点(200304)成功,	同步更新知识点(200305)成功,	同步更新知识点(200306)成功,	同步更新知识点(200307)成功,	数据导入总条数：31	数据导入失败条数：0	数据导入成功条数：31
同步更新知识点(200401)成功,	同步更新知识点(200402)成功,	同步更新知识点(200403)成功,	同步更新知识点(200404)成功,	同步更新知识点(200505)成功,	同步更新知识点(200406)成功,	同步更新知识点(200407)成功,	数据导入总条数：31	数据导入失败条数：0	数据导入成功条数：31
同步更新知识点(205301)成功,	同步更新知识点(205302)成功,	同步更新知识点(205303)成功,	同步更新知识点(205304)成功,	同步更新知识点(205305)成功,	同步更新知识点(205306)成功,	同步更新知识点(205307)成功,	数据导入总条数：31	数据导入失败条数：0	数据导入成功条数：31
同步更新知识点(205401)成功,	同步更新知识点(205402)成功,	同步更新知识点(205403)成功,	同步更新知识点(205404)成功,	同步更新知识点(205405)成功,	同步更新知识点(205406)成功,	同步更新知识点(205407)成功,	数据导入总条数：31	数据导入失败条数：0	数据导入成功条数：31
同步更新知识点(205501)成功,	同步更新知识点(205502)成功,	同步更新知识点(205503)成功,	同步更新知识点(205504)成功,	同步更新知识点(205505)成功,	同步更新知识点(205506)成功,	同步更新知识点(205507)成功,	数据导入总条数：31	数据导入失败条数：0	数据导入成功条数：31
同步更新知识点(205601)成功,	同步更新知识点(205602)成功,	同步更新知识点(205603)成功,	同步更新知识点(205604)成功,	同步更新知识点(205605)成功,	同步更新知识点(205606)成功,	同步更新知识点(205607)成功,	数据导入总条数：31	数据导入失败条数：0	数据导入成功条数：31
同步更新知识点(210501)成功,	同步更新知识点(210502)成功,	同步更新知识点(210503)成功,	同步更新知识点(210504)成功,	同步更新知识点(210505)成功,	同步更新知识点(210506)成功,	同步更新知识点(210507)成功,	数据导入总条数：31	数据导入失败条数：0	数据导入成功条数：31
同步更新知识点(210601)成功,	同步更新知识点(210602)成功,	同步更新知识点(210603)成功,	同步更新知识点(210604)成功,	同步更新知识点(210605)成功,	同步更新知识点(210606)成功,	同步更新知识点(210607)成功,	数据导入总条数：31	数据导入失败条数：0	数据导入成功条数：31
同步更新知识点(210701)成功,	同步更新知识点(210702)成功,	同步更新知识点(210703)成功,	同步更新知识点(210704)成功,	同步更新知识点(210705)成功,	同步更新知识点(210706)成功,	同步更新知识点(210707)成功,	数据导入总条数：31	数据导入失败条数：0	数据导入成功条数：31
同步更新知识点(210801)成功,	同步更新知识点(210802)成功,	同步更新知识点(210803)成功,	同步更新知识点(210804)成功,	同步更新知识点(210805)成功,	同步更新知识点(210806)成功,	同步更新知识点(210807)成功,	数据导入总条数：31	数据导入失败条数：0	数据导入成功条数：31
同步更新知识点(215701)成功,	数据导入总条数：58	数据导入失败条数：0	数据导入成功条数：58
同步更新知识点(215801)成功,	数据导入总条数：41	数据导入失败条数：0	数据导入成功条数：41
同步更新知识点(216101)成功,	数据导入总条数：7	数据导入失败条数：0	数据导入成功条数：7
同步更新知识点(216601)成功,	数据导入总条数：75	数据导入失败条数：0	数据导入成功条数：75
同步更新知识点(217201)成功,	数据导入总条数：60	数据导入失败条数：0	数据导入成功条数：60
同步更新知识点(217401)成功,	数据导入总条数：100	数据导入失败条数：0	数据导入成功条数：100
同步更新知识点(217601)成功,	数据导入总条数：78	数据导入失败条数：0	数据导入成功条数：78
同步更新知识点(300101)成功,	同步更新知识点(300102)成功,	同步更新知识点(300103)成功,	同步更新知识点(300104)成功,	同步更新知识点(300105)成功,	同步更新知识点(300106)成功,	同步更新知识点(300107)成功,	同步更新知识点(300108)成功,	数据导入总条数：34	数据导入失败条数：0	数据导入成功条数：34
