SELECT * FROM `t_role` WHERE ( `userId` = 6 ) ORDER BY id asc LIMIT 0,10  
SELECT * FROM `t_course` WHERE ( (`keys` like "%1%")  ) ORDER BY sort asc LIMIT 0,10  
SELECT * FROM `t_course` WHERE ( (`keys` like "%2%")  ) ORDER BY sort asc LIMIT 0,10  
SELECT * FROM `t_course` WHERE ( (`keys` like "%3%")  ) ORDER BY sort asc LIMIT 0,10  
SELECT * FROM `t_course` WHERE ( (`keys` like "%1%")  ) ORDER BY sort asc LIMIT 0,10  
SELECT * FROM `t_course` WHERE ( (`keys` like "%2%")  ) ORDER BY sort asc LIMIT 0,10  
SELECT * FROM `t_course` WHERE ( (`keys` like "%3%")  ) ORDER BY sort asc LIMIT 0,10  
SELECT * FROM `t_course` WHERE ( (`keys` like "%1%")  ) ORDER BY sort asc LIMIT 0,10  
SELECT * FROM `t_course` WHERE ( (`keys` like "%2%")  ) ORDER BY sort asc LIMIT 0,10  
SELECT * FROM `t_course` WHERE ( (`keys` like "%3%")  ) ORDER BY sort asc LIMIT 0,10  
SELECT * FROM `t_course` WHERE ( (`keys` like "%1%")  ) ORDER BY sort asc LIMIT 0,10  
SELECT * FROM `t_course` WHERE ( (`keys` like "%2%")  ) ORDER BY sort asc LIMIT 0,10  
SELECT * FROM `t_course` WHERE ( (`keys` like "%3%")  ) ORDER BY sort asc LIMIT 0,10  
SELECT * FROM `t_course` WHERE ( (`keys` like "%1%")  ) ORDER BY sort asc LIMIT 0,10  
SELECT * FROM `t_course` WHERE ( (`keys` like "%2%")  ) ORDER BY sort asc LIMIT 0,10  
SELECT * FROM `t_course` WHERE ( (`keys` like "%3%")  ) ORDER BY sort asc LIMIT 0,10  
SELECT * FROM `t_course` WHERE ( (`keys` like "%1%")  ) ORDER BY sort asc LIMIT 0,10  
SELECT * FROM `t_course` WHERE ( (`keys` like "%2%")  ) ORDER BY sort asc LIMIT 0,10  
SELECT * FROM `t_course` WHERE ( (`keys` like "%3%")  ) ORDER BY sort asc LIMIT 0,10  
SELECT * FROM `t_course` WHERE ( (`keys` like "%1%")  ) ORDER BY sort asc LIMIT 0,10  
SELECT * FROM `t_course` WHERE ( (`keys` like "%2%")  ) ORDER BY sort asc LIMIT 0,10  
SELECT * FROM `t_course` WHERE ( (`keys` like "%3%")  ) ORDER BY sort asc LIMIT 0,10  
SELECT * FROM `t_course` WHERE ( (`keys` like "%1%")  ) ORDER BY sort asc LIMIT 0,10  
SELECT * FROM `t_course` WHERE ( (`keys` like "%2%")  ) ORDER BY sort asc LIMIT 0,10  
SELECT * FROM `t_course` WHERE ( (`keys` like "%3%")  ) ORDER BY sort asc LIMIT 0,10  
SELECT * FROM `t_course` WHERE ( (`keys` like "%1%")  ) ORDER BY sort asc LIMIT 0,10  
SELECT * FROM `t_course` WHERE ( (`keys` like "%2%")  ) ORDER BY sort asc LIMIT 0,10  
SELECT * FROM `t_course` WHERE ( (`keys` like "%3%")  ) ORDER BY sort asc LIMIT 0,10  
SELECT * FROM `t_course` WHERE ( (`keys` like "%1%")  ) ORDER BY sort asc LIMIT 0,10  
SELECT * FROM `t_course` WHERE ( (`keys` like "%2%")  ) ORDER BY sort asc LIMIT 0,10  
SELECT * FROM `t_course` WHERE ( (`keys` like "%3%")  ) ORDER BY sort asc LIMIT 0,10  
SELECT * FROM `t_course` WHERE ( (`keys` like "%1%")  ) ORDER BY sort asc LIMIT 0,10  
SELECT * FROM `t_course` WHERE ( (`keys` like "%2%")  ) ORDER BY sort asc LIMIT 0,10  
SELECT * FROM `t_course` WHERE ( (`keys` like "%3%")  ) ORDER BY sort asc LIMIT 0,10  
SELECT * FROM `t_course` WHERE ( (`keys` like "%1%")  ) ORDER BY sort asc LIMIT 0,10  
SELECT * FROM `t_course` WHERE ( (`keys` like "%2%")  ) ORDER BY sort asc LIMIT 0,10  
SELECT * FROM `t_course` WHERE ( (`keys` like "%3%")  ) ORDER BY sort asc LIMIT 0,10  
SELECT * FROM `t_course` WHERE ( (`keys` like "%1%")  ) ORDER BY sort asc LIMIT 0,10  
SELECT * FROM `t_course` WHERE ( (`keys` like "%2%")  ) ORDER BY sort asc LIMIT 0,10  
SELECT * FROM `t_course` WHERE ( (`keys` like "%3%")  ) ORDER BY sort asc LIMIT 0,10  
SELECT * FROM `t_course` WHERE ( (`keys` like "%1%")  ) ORDER BY sort asc LIMIT 0,10  
SELECT * FROM `t_course` WHERE ( (`keys` like "%2%")  ) ORDER BY sort asc LIMIT 0,10  
SELECT * FROM `t_course` WHERE ( (`keys` like "%3%")  ) ORDER BY sort asc LIMIT 0,10  
SELECT * FROM `t_course` WHERE ( (`keys` like "%1%")  ) ORDER BY sort asc LIMIT 0,10  
SELECT * FROM `t_course` WHERE ( (`keys` like "%2%")  ) ORDER BY sort asc LIMIT 0,10  
SELECT * FROM `t_course` WHERE ( (`keys` like "%3%")  ) ORDER BY sort asc LIMIT 0,10  
SELECT * FROM `t_section` WHERE ( `topicId` IN ('104001') ) ORDER BY sort asc LIMIT 0,10  
SELECT * FROM `t_course` WHERE ( (`keys` like "%1%")  ) ORDER BY sort asc LIMIT 0,10  
SELECT * FROM `t_course` WHERE ( (`keys` like "%2%")  ) ORDER BY sort asc LIMIT 0,10  
SELECT * FROM `t_course` WHERE ( (`keys` like "%3%")  ) ORDER BY sort asc LIMIT 0,10  
SELECT * FROM `t_topic` WHERE ( `courseId` = 1013 ) ORDER BY sort asc LIMIT 0,10  
SELECT * FROM `t_section` WHERE ( `topicId` = 101301 ) ORDER BY sort asc LIMIT 0,6  
SELECT * FROM `t_course` WHERE ( (`keys` like "%1%")  ) ORDER BY sort asc LIMIT 0,10  
SELECT * FROM `t_course` WHERE ( (`keys` like "%2%")  ) ORDER BY sort asc LIMIT 0,10  
SELECT * FROM `t_course` WHERE ( (`keys` like "%3%")  ) ORDER BY sort asc LIMIT 0,10  
SELECT * FROM `t_section` WHERE ( `topicId` IN ('216101') ) ORDER BY sort asc LIMIT 0,10  
SELECT * FROM `t_course` WHERE ( (`keys` like "%1%")  ) ORDER BY sort asc LIMIT 0,10  
SELECT * FROM `t_course` WHERE ( (`keys` like "%2%")  ) ORDER BY sort asc LIMIT 0,10  
SELECT * FROM `t_course` WHERE ( (`keys` like "%3%")  ) ORDER BY sort asc LIMIT 0,10  
SELECT * FROM `t_course` WHERE ( (`keys` like "%1%")  ) ORDER BY sort asc LIMIT 0,10  
SELECT * FROM `t_course` WHERE ( (`keys` like "%2%")  ) ORDER BY sort asc LIMIT 0,10  
SELECT * FROM `t_course` WHERE ( (`keys` like "%3%")  ) ORDER BY sort asc LIMIT 0,10  
SELECT * FROM `t_course` WHERE ( (`keys` like "%%") and find_in_set("19",chId) ) ORDER BY sort asc LIMIT 0,10  
SELECT * FROM `t_course` WHERE ( (`keys` like "%%") and find_in_set("3",stageIds) ) ORDER BY sort asc LIMIT 0,10  
SELECT * FROM `t_course` WHERE ( (`keys` like "%%") and find_in_set("19",chId) ) ORDER BY sort asc LIMIT 0,10  
SELECT * FROM `t_course` WHERE ( (`keys` like "%%") and find_in_set("4",stageIds) ) ORDER BY sort asc LIMIT 0,10  
SELECT * FROM `t_course` WHERE ( (`keys` like "%%") and find_in_set("19",chId) ) ORDER BY sort asc LIMIT 0,10  
SELECT * FROM `t_course` WHERE ( (`keys` like "%%") and find_in_set("6",stageIds) ) ORDER BY sort asc LIMIT 0,10  
SELECT * FROM `t_course` WHERE ( (`keys` like "%%") and find_in_set("19",chId) ) ORDER BY sort asc LIMIT 0,10  
SELECT * FROM `t_course` WHERE ( (`keys` like "%%") and find_in_set("19",chId) ) ORDER BY sort asc LIMIT 10,10  
SELECT * FROM `t_course` WHERE ( (`keys` like "%%") and find_in_set("4",stageIds) ) ORDER BY sort asc LIMIT 0,10  
SELECT * FROM `t_course` WHERE ( (`keys` like "%%") and find_in_set("4",stageIds) ) ORDER BY sort asc LIMIT 10,10  
SELECT * FROM `t_course` WHERE ( (`keys` like "%%") and find_in_set("4",stageIds) ) ORDER BY sort asc LIMIT 0,10  
SELECT * FROM `t_course` WHERE ( (`keys` like "%%") and find_in_set("19",chId) ) ORDER BY sort asc LIMIT 10,10  
SELECT * FROM `t_course` WHERE ( (`keys` like "%%") and find_in_set("6",stageIds) ) ORDER BY sort asc LIMIT 0,10  
SELECT * FROM `t_section` WHERE ( `topicId` IN ('800501') ) ORDER BY sort asc LIMIT 0,10  
SELECT * FROM `t_course` WHERE ( (`keys` like "%%") and find_in_set("6",stageIds) ) ORDER BY sort asc LIMIT 0,10  
SELECT * FROM `t_topic` WHERE ( `courseId` = 2053 ) ORDER BY sort asc LIMIT 0,10  
SELECT * FROM `t_section` WHERE ( `topicId` = 205301 ) ORDER BY sort asc LIMIT 0,5  
SELECT * FROM `t_course` WHERE ( `typeId` = 2 ) AND ( (`keys` like "%%") and find_in_set("6",stageIds) ) ORDER BY sort asc LIMIT 0,3  
SELECT * FROM `t_course` WHERE ( (`keys` like "%%") and find_in_set("6",stageIds) ) ORDER BY sort asc LIMIT 0,10  
SELECT * FROM `t_section` WHERE ( `topicId` IN ('800201') ) ORDER BY sort asc LIMIT 0,10  
SELECT * FROM `t_course` WHERE ( (`keys` like "%%") and find_in_set("6",stageIds) ) ORDER BY sort asc LIMIT 0,10  
SELECT * FROM `t_course` WHERE ( (`keys` like "%%") and find_in_set("19",chId) ) ORDER BY sort asc LIMIT 10,10  
SELECT * FROM `t_course` WHERE ( (`keys` like "%%") and find_in_set("19",chId) ) ORDER BY sort asc LIMIT 0,10  
SELECT * FROM `t_course` WHERE ( (`keys` like "%1%")  ) ORDER BY sort asc LIMIT 0,10  
SELECT * FROM `t_course` WHERE ( (`keys` like "%2%")  ) ORDER BY sort asc LIMIT 0,10  
SELECT * FROM `t_course` WHERE ( (`keys` like "%3%")  ) ORDER BY sort asc LIMIT 0,10  
SELECT * FROM `t_role` WHERE ( `userId` = 6 ) ORDER BY id asc LIMIT 0,10  
SELECT * FROM `t_course` WHERE ( (`keys` like "%1%")  ) ORDER BY sort asc LIMIT 0,10  
SELECT * FROM `t_course` WHERE ( (`keys` like "%2%")  ) ORDER BY sort asc LIMIT 0,10  
SELECT * FROM `t_course` WHERE ( (`keys` like "%3%")  ) ORDER BY sort asc LIMIT 0,10  
SELECT * FROM `t_role` WHERE ( `userId` = 6 ) ORDER BY id asc LIMIT 0,10  
SELECT * FROM `t_role` WHERE ( `userId` = 6 ) ORDER BY id asc LIMIT 0,10  
SELECT * FROM `t_role` WHERE ( `userId` = 6 ) ORDER BY id asc LIMIT 0,10  
SELECT * FROM `t_role` WHERE ( `userId` = 6 ) ORDER BY id asc LIMIT 0,10  
SELECT * FROM `t_role` WHERE ( `userId` = 6 ) ORDER BY id asc LIMIT 0,10  
SELECT * FROM `t_role` WHERE ( `userId` = 6 ) ORDER BY id asc LIMIT 0,10  
SELECT * FROM `t_course` WHERE ( (`keys` like "%1%")  ) ORDER BY sort asc LIMIT 0,10  
SELECT * FROM `t_course` WHERE ( (`keys` like "%2%")  ) ORDER BY sort asc LIMIT 0,10  
SELECT * FROM `t_course` WHERE ( (`keys` like "%3%")  ) ORDER BY sort asc LIMIT 0,10  
SELECT * FROM `t_course` WHERE ( (`keys` like "%1%")  ) ORDER BY sort asc LIMIT 0,10  
SELECT * FROM `t_course` WHERE ( (`keys` like "%2%")  ) ORDER BY sort asc LIMIT 0,10  
SELECT * FROM `t_course` WHERE ( (`keys` like "%3%")  ) ORDER BY sort asc LIMIT 0,10  
SELECT * FROM `t_course` WHERE ( (`keys` like "%1%")  ) ORDER BY sort asc LIMIT 0,10  
SELECT * FROM `t_course` WHERE ( (`keys` like "%2%")  ) ORDER BY sort asc LIMIT 0,10  
SELECT * FROM `t_course` WHERE ( (`keys` like "%3%")  ) ORDER BY sort asc LIMIT 0,10  
SELECT * FROM `t_course` WHERE ( (`keys` like "%1%")  ) ORDER BY sort asc LIMIT 0,10  
SELECT * FROM `t_course` WHERE ( (`keys` like "%2%")  ) ORDER BY sort asc LIMIT 0,10  
SELECT * FROM `t_course` WHERE ( (`keys` like "%3%")  ) ORDER BY sort asc LIMIT 0,10  
SELECT * FROM `t_course` WHERE ( (`keys` like "%1%")  ) ORDER BY sort asc LIMIT 0,10  
SELECT * FROM `t_course` WHERE ( (`keys` like "%2%")  ) ORDER BY sort asc LIMIT 0,10  
SELECT * FROM `t_course` WHERE ( (`keys` like "%3%")  ) ORDER BY sort asc LIMIT 0,10  
SELECT * FROM `t_course` WHERE ( (`keys` like "%1%")  ) ORDER BY sort asc LIMIT 0,10  
SELECT * FROM `t_course` WHERE ( (`keys` like "%2%")  ) ORDER BY sort asc LIMIT 0,10  
SELECT * FROM `t_course` WHERE ( (`keys` like "%3%")  ) ORDER BY sort asc LIMIT 0,10  
SELECT * FROM `t_course` WHERE ( (`keys` like "%1%")  ) ORDER BY sort asc LIMIT 0,10  
SELECT * FROM `t_course` WHERE ( (`keys` like "%2%")  ) ORDER BY sort asc LIMIT 0,10  
SELECT * FROM `t_course` WHERE ( (`keys` like "%3%")  ) ORDER BY sort asc LIMIT 0,10  
SELECT * FROM `t_course` WHERE ( (`keys` like "%1%")  ) ORDER BY sort asc LIMIT 0,10  
SELECT * FROM `t_course` WHERE ( (`keys` like "%2%")  ) ORDER BY sort asc LIMIT 0,10  
SELECT * FROM `t_course` WHERE ( (`keys` like "%3%")  ) ORDER BY sort asc LIMIT 0,10  
SELECT * FROM `t_course` WHERE ( (`keys` like "%1%")  ) ORDER BY sort asc LIMIT 0,10  
SELECT * FROM `t_course` WHERE ( (`keys` like "%2%")  ) ORDER BY sort asc LIMIT 0,10  
SELECT * FROM `t_course` WHERE ( (`keys` like "%3%")  ) ORDER BY sort asc LIMIT 0,10  
SELECT * FROM `t_course` WHERE ( (`keys` like "%1%")  ) ORDER BY sort asc LIMIT 0,10  
SELECT * FROM `t_course` WHERE ( (`keys` like "%2%")  ) ORDER BY sort asc LIMIT 0,10  
SELECT * FROM `t_course` WHERE ( (`keys` like "%3%")  ) ORDER BY sort asc LIMIT 0,10  
SELECT * FROM `t_course` WHERE ( (`keys` like "%1%")  ) ORDER BY sort asc LIMIT 0,10  
SELECT * FROM `t_course` WHERE ( (`keys` like "%2%")  ) ORDER BY sort asc LIMIT 0,10  
SELECT * FROM `t_course` WHERE ( (`keys` like "%3%")  ) ORDER BY sort asc LIMIT 0,10  
SELECT * FROM `t_course` WHERE ( (`keys` like "%1%")  ) ORDER BY sort asc LIMIT 0,10  
SELECT * FROM `t_course` WHERE ( (`keys` like "%2%")  ) ORDER BY sort asc LIMIT 0,10  
SELECT * FROM `t_course` WHERE ( (`keys` like "%3%")  ) ORDER BY sort asc LIMIT 0,10  
SELECT * FROM `t_role` WHERE ( `userId` = 6 ) ORDER BY id asc LIMIT 0,10  
SELECT * FROM `t_course` WHERE ( (`keys` like "%1%")  ) ORDER BY sort asc LIMIT 0,10  
SELECT * FROM `t_course` WHERE ( (`keys` like "%2%")  ) ORDER BY sort asc LIMIT 0,10  
SELECT * FROM `t_course` WHERE ( (`keys` like "%3%")  ) ORDER BY sort asc LIMIT 0,10  
SELECT * FROM `t_role` WHERE ( `userId` = 6 ) ORDER BY id asc LIMIT 0,10  
SELECT * FROM `t_role` WHERE ( `userId` = 6 ) ORDER BY id asc LIMIT 0,10  
SELECT * FROM `t_role` WHERE ( `userId` = 6 ) ORDER BY id asc LIMIT 0,10  
SELECT * FROM `t_role` WHERE ( `userId` = 6 ) ORDER BY id asc LIMIT 0,10  
SELECT * FROM `t_course` WHERE ( (`keys` like "%1%")  ) ORDER BY sort asc LIMIT 0,10  
SELECT * FROM `t_course` WHERE ( (`keys` like "%2%")  ) ORDER BY sort asc LIMIT 0,10  
SELECT * FROM `t_course` WHERE ( (`keys` like "%3%")  ) ORDER BY sort asc LIMIT 0,10  
SELECT * FROM `t_role` WHERE ( `userId` = 6 ) ORDER BY id asc LIMIT 0,10  
SELECT * FROM `t_course` WHERE ( (`keys` like "%1%")  ) ORDER BY sort asc LIMIT 0,10  
SELECT * FROM `t_course` WHERE ( (`keys` like "%2%")  ) ORDER BY sort asc LIMIT 0,10  
SELECT * FROM `t_course` WHERE ( (`keys` like "%3%")  ) ORDER BY sort asc LIMIT 0,10  
SELECT * FROM `t_course` WHERE ( (`keys` like "%1%")  ) ORDER BY sort asc LIMIT 0,10  
SELECT * FROM `t_course` WHERE ( (`keys` like "%2%")  ) ORDER BY sort asc LIMIT 0,10  
SELECT * FROM `t_course` WHERE ( (`keys` like "%3%")  ) ORDER BY sort asc LIMIT 0,10  
SELECT * FROM `t_course` WHERE ( (`keys` like "%1%")  ) ORDER BY sort asc LIMIT 0,10  
SELECT * FROM `t_course` WHERE ( (`keys` like "%2%")  ) ORDER BY sort asc LIMIT 0,10  
SELECT * FROM `t_course` WHERE ( (`keys` like "%3%")  ) ORDER BY sort asc LIMIT 0,10  
SELECT * FROM `t_role` WHERE ( `userId` = 6 ) ORDER BY id asc LIMIT 0,10  
SELECT * FROM `t_role` WHERE ( `userId` = 6 ) ORDER BY id asc LIMIT 0,10  
SELECT * FROM `t_course` WHERE ( (`keys` like "%1%")  ) ORDER BY sort asc LIMIT 0,10  
SELECT * FROM `t_course` WHERE ( (`keys` like "%2%")  ) ORDER BY sort asc LIMIT 0,10  
SELECT * FROM `t_course` WHERE ( (`keys` like "%3%")  ) ORDER BY sort asc LIMIT 0,10  
SELECT * FROM `t_role` WHERE ( `userId` = 6 ) ORDER BY id asc LIMIT 0,10  
SELECT * FROM `t_role` WHERE ( `userId` = 6 ) ORDER BY id asc LIMIT 0,10  
SELECT * FROM `t_role` WHERE ( `userId` = 6 ) ORDER BY id asc LIMIT 0,10  
SELECT * FROM `t_course` WHERE ( (`keys` like "%1%") and find_in_set("4",stageIds)and (`name` like "%第5周%") ) ORDER BY id asc LIMIT 0,1  
SELECT * FROM `t_course` WHERE ( (`keys` like "%2%") and find_in_set("4",stageIds) ) ORDER BY id asc LIMIT 0,1  
SELECT * FROM `t_course` WHERE ( ( (`keys` like "%3%") ) and find_in_set("4",stageIds) ) ORDER BY sort asc LIMIT 0,3  
SELECT * FROM `t_section` WHERE ( `topicId` IN ('') ) ORDER BY sort asc LIMIT 0,10  
SELECT * FROM `t_course` WHERE ( (`keys` like "%1%") and find_in_set("4",stageIds)and (`name` like "%第5周%") ) ORDER BY id asc LIMIT 0,1  
SELECT * FROM `t_course` WHERE ( (`keys` like "%2%") and find_in_set("4",stageIds) ) ORDER BY id asc LIMIT 0,1  
SELECT * FROM `t_course` WHERE ( ( (`keys` like "%3%") ) and find_in_set("4",stageIds) ) ORDER BY sort asc LIMIT 0,3  
SELECT * FROM `t_course` WHERE ( (`keys` like "%1%") and find_in_set("4",stageIds)and (`name` like "%第5周%") ) ORDER BY id asc LIMIT 0,1  
SELECT * FROM `t_course` WHERE ( (`keys` like "%2%") and find_in_set("4",stageIds) ) ORDER BY id asc LIMIT 0,1  
SELECT * FROM `t_course` WHERE ( ( (`keys` like "%3%") ) and find_in_set("4",stageIds) ) ORDER BY sort asc LIMIT 0,3  
SELECT * FROM `t_section` ORDER BY sort asc LIMIT 0,14  
SELECT * FROM `t_section` ORDER BY sort asc LIMIT 0,14  
SELECT * FROM `t_course` WHERE ( ( (`keys` like "%5%") ) and find_in_set("4",stageIds) ) ORDER BY sort asc LIMIT 0,5  
SELECT * FROM `t_course` WHERE ( (`keys` like "%1%") and find_in_set("4",stageIds)and (`name` like "%第5周%") ) ORDER BY id asc LIMIT 0,1  
SELECT * FROM `t_course` WHERE ( (`keys` like "%2%") and find_in_set("4",stageIds) ) ORDER BY id asc LIMIT 0,1  
SELECT * FROM `t_course` WHERE ( ( (`keys` like "%3%") ) and find_in_set("4",stageIds) ) ORDER BY sort asc LIMIT 0,3  
SELECT * FROM `t_role` WHERE ( `userId` = 6 ) ORDER BY id asc LIMIT 0,10  
SELECT * FROM `t_course` WHERE ( (`keys` like "%1%") and find_in_set("7",stageIds)and (`name` like "%.1月%") ) ORDER BY id asc LIMIT 0,1  
SELECT * FROM `t_course` WHERE ( (`keys` like "%2%") and find_in_set("7",stageIds) ) ORDER BY id asc LIMIT 0,1  
SELECT * FROM `t_course` WHERE ( ( (`keys` like "%3%") ) and find_in_set("7",stageIds) ) ORDER BY sort asc LIMIT 0,3  
SELECT * FROM `t_section` WHERE ( `topicId` IN ('') ) ORDER BY sort asc LIMIT 0,10  
SELECT * FROM `t_section` WHERE ( `topicId` IN ('') ) ORDER BY sort asc LIMIT 0,10  
SELECT * FROM `t_course` WHERE ( (`keys` like "%1%") and find_in_set("7",stageIds)and (`name` like "%.1月%") ) ORDER BY id asc LIMIT 0,1  
SELECT * FROM `t_course` WHERE ( (`keys` like "%2%") and find_in_set("7",stageIds) ) ORDER BY id asc LIMIT 0,1  
SELECT * FROM `t_course` WHERE ( ( (`keys` like "%3%") ) and find_in_set("7",stageIds) ) ORDER BY sort asc LIMIT 0,3  
SELECT * FROM `t_role` WHERE ( `userId` = 6 ) ORDER BY id asc LIMIT 0,10  
SELECT * FROM `t_course` WHERE ( (`keys` like "%1%") and find_in_set("7",stageIds)and (`name` like "%.1月%") ) ORDER BY id asc LIMIT 0,1  
SELECT * FROM `t_course` WHERE ( (`keys` like "%2%") and find_in_set("7",stageIds) ) ORDER BY id asc LIMIT 0,1  
SELECT * FROM `t_course` WHERE ( ( (`keys` like "%3%") ) and find_in_set("7",stageIds) ) ORDER BY sort asc LIMIT 0,3  
SELECT * FROM `t_role` WHERE ( `userId` = 6 ) ORDER BY id asc LIMIT 0,10  
SELECT * FROM `t_course` WHERE ( (`keys` like "%1%") and find_in_set("7",stageIds)and (`name` like "%.1月%") ) ORDER BY id asc LIMIT 0,1  
SELECT * FROM `t_course` WHERE ( (`keys` like "%2%") and find_in_set("7",stageIds) ) ORDER BY id asc LIMIT 0,1  
SELECT * FROM `t_course` WHERE ( ( (`keys` like "%3%") ) and find_in_set("7",stageIds) ) ORDER BY sort asc LIMIT 0,3  
SELECT * FROM `t_course` WHERE ( (`keys` like "%1%") and find_in_set("7",stageIds)and (`name` like "%.1月%") ) ORDER BY id asc LIMIT 0,1  
SELECT * FROM `t_course` WHERE ( (`keys` like "%2%") and find_in_set("7",stageIds) ) ORDER BY id asc LIMIT 0,1  
SELECT * FROM `t_course` WHERE ( ( (`keys` like "%3%") ) and find_in_set("7",stageIds) ) ORDER BY sort asc LIMIT 0,3  
SELECT * FROM `t_role` WHERE ( `userId` = 6 ) ORDER BY id asc LIMIT 0,10  
SELECT t_role_wrong_library.sectionId,(select name from t_section where id = t_role_wrong_library.sectionId) as sectionName FROM `t_role_wrong_library` WHERE ( `topicId` = 100101 ) AND ( `roleId` = 35 ) ORDER BY id asc 
SELECT * FROM `t_role_wrong_library` WHERE ( `topicId` = 100101 ) AND ( `roleId` = 35 ) ORDER BY id asc LIMIT 0,6  
SELECT * FROM `t_role` WHERE ( `userId` = 6 ) ORDER BY id asc LIMIT 0,10  
SELECT * FROM `t_role` WHERE ( `userId` = 6 ) ORDER BY id asc LIMIT 0,10  
SELECT * FROM `t_role` WHERE ( `userId` = 6 ) ORDER BY id asc LIMIT 0,10  
SELECT * FROM `t_pro_config` ORDER BY id asc LIMIT 0,50  
SELECT * FROM `t_stage` WHERE ( `status` = 1 ) ORDER BY sort asc LIMIT 0,50  
SELECT * FROM `t_role` WHERE ( `userId` = 6 ) ORDER BY id asc LIMIT 0,10  
SELECT * FROM `t_course` WHERE ( (`keys` like "%1%")  ) ORDER BY id asc LIMIT 0,1  
SELECT * FROM `t_course` WHERE ( (`keys` like "%2%")  ) ORDER BY id asc LIMIT 0,1  
SELECT * FROM `t_course` WHERE ( ( (`keys` like "%3%") )  ) ORDER BY sort asc LIMIT 0,4  
SELECT * FROM `t_course` WHERE ( (`keys` like "%1%")  ) ORDER BY id asc LIMIT 0,1  
SELECT * FROM `t_course` WHERE ( (`keys` like "%2%")  ) ORDER BY id asc LIMIT 0,1  
SELECT * FROM `t_course` WHERE ( ( (`keys` like "%3%") )  ) ORDER BY sort asc LIMIT 0,4  
SELECT * FROM `t_course` WHERE ( (`keys` like "%1%")  ) ORDER BY id asc LIMIT 0,1  
SELECT * FROM `t_course` WHERE ( (`keys` like "%2%")  ) ORDER BY id asc LIMIT 0,1  
SELECT * FROM `t_course` WHERE ( ( (`keys` like "%3%") )  ) ORDER BY sort asc LIMIT 0,4  
SELECT * FROM `t_course` WHERE ( (`keys` like "%1%")  ) ORDER BY id asc LIMIT 0,1  
SELECT * FROM `t_course` WHERE ( (`keys` like "%2%")  ) ORDER BY id asc LIMIT 0,1  
SELECT * FROM `t_course` WHERE ( ( (`keys` like "%3%") )  ) ORDER BY sort asc LIMIT 0,4  
SELECT * FROM `t_course` WHERE ( (`keys` like "%1%")  ) ORDER BY id asc LIMIT 0,1  
SELECT * FROM `t_course` WHERE ( (`keys` like "%2%")  ) ORDER BY id asc LIMIT 0,1  
SELECT * FROM `t_course` WHERE ( ( (`keys` like "%3%") )  ) ORDER BY sort asc LIMIT 0,4  
SELECT * FROM `t_course` WHERE ( (`keys` like "%1%")  ) ORDER BY id asc LIMIT 0,1  
SELECT * FROM `t_course` WHERE ( (`keys` like "%2%")  ) ORDER BY id asc LIMIT 0,1  
SELECT * FROM `t_course` WHERE ( ( (`keys` like "%3%") )  ) ORDER BY sort asc LIMIT 0,4  
SELECT * FROM `t_course` WHERE ( (`keys` like "%1%")  ) ORDER BY id asc LIMIT 0,1  
SELECT * FROM `t_course` WHERE ( (`keys` like "%2%")  ) ORDER BY id asc LIMIT 0,1  
SELECT * FROM `t_course` WHERE ( ( (`keys` like "%3%") )  ) ORDER BY sort asc LIMIT 0,4  
SELECT * FROM `t_course` WHERE ( (`keys` like "%1%")  ) ORDER BY id asc LIMIT 0,1  
SELECT * FROM `t_course` WHERE ( (`keys` like "%2%")  ) ORDER BY id asc LIMIT 0,1  
SELECT * FROM `t_course` WHERE ( ( (`keys` like "%3%") )  ) ORDER BY sort asc LIMIT 0,4  
SELECT * FROM `t_course` WHERE ( (`keys` like "%1%")  ) ORDER BY id asc LIMIT 0,1  
SELECT * FROM `t_course` WHERE ( (`keys` like "%2%")  ) ORDER BY id asc LIMIT 0,1  
SELECT * FROM `t_course` WHERE ( ( (`keys` like "%3%") )  ) ORDER BY sort asc LIMIT 0,4  
SELECT * FROM `t_role` WHERE ( `userId` = 6 ) ORDER BY id asc LIMIT 0,10  
SELECT * FROM `t_role` WHERE ( `userId` = 6 ) ORDER BY id asc LIMIT 0,10  
SELECT * FROM `t_course` WHERE ( (`keys` like "%1%")  ) ORDER BY id asc LIMIT 0,1  
SELECT * FROM `t_course` WHERE ( (`keys` like "%2%")  ) ORDER BY id asc LIMIT 0,1  
SELECT * FROM `t_course` WHERE ( ( (`keys` like "%3%") )  ) ORDER BY sort asc LIMIT 0,4  
SELECT * FROM `t_role` WHERE ( `userId` = 6 ) ORDER BY id asc LIMIT 0,10  
SELECT * FROM `t_course` WHERE ( (`keys` like "%1%") and find_in_set("7",stageIds)and (`name` like "%.1月%") ) ORDER BY id asc LIMIT 0,1  
SELECT * FROM `t_course` WHERE ( (`keys` like "%2%") and find_in_set("7",stageIds) ) ORDER BY id asc LIMIT 0,1  
SELECT * FROM `t_course` WHERE ( ( (`keys` like "%3%") ) and find_in_set("7",stageIds) ) ORDER BY sort asc LIMIT 0,3  
SELECT * FROM `t_course` WHERE ( (`keys` like "%1%") and find_in_set("7",stageIds)and (`name` like "%.1月%") ) ORDER BY id asc LIMIT 0,1  
SELECT * FROM `t_course` WHERE ( (`keys` like "%2%") and find_in_set("7",stageIds) ) ORDER BY id asc LIMIT 0,1  
SELECT * FROM `t_course` WHERE ( ( (`keys` like "%3%") ) and find_in_set("7",stageIds) ) ORDER BY sort asc LIMIT 0,3  
SELECT * FROM `t_section` WHERE ( `topicId` IN ('') ) ORDER BY sort asc LIMIT 0,10  
SELECT * FROM `t_course` WHERE ( (`keys` like "%1%") and find_in_set("7",stageIds)and (`name` like "%.1月%") ) ORDER BY id asc LIMIT 0,1  
SELECT * FROM `t_course` WHERE ( (`keys` like "%2%") and find_in_set("7",stageIds) ) ORDER BY id asc LIMIT 0,1  
SELECT * FROM `t_course` WHERE ( ( (`keys` like "%3%") ) and find_in_set("7",stageIds) ) ORDER BY sort asc LIMIT 0,3  
SELECT * FROM `t_course` WHERE ( (`keys` like "%1%") and find_in_set("7",stageIds)and (`name` like "%.1月%") ) ORDER BY id asc LIMIT 0,1  
SELECT * FROM `t_course` WHERE ( (`keys` like "%2%") and find_in_set("7",stageIds) ) ORDER BY id asc LIMIT 0,1  
SELECT * FROM `t_course` WHERE ( ( (`keys` like "%3%") ) and find_in_set("7",stageIds) ) ORDER BY sort asc LIMIT 0,3  
SELECT * FROM `t_section` WHERE ( `topicId` IN ('104001') ) ORDER BY sort asc LIMIT 0,10  
SELECT * FROM `t_course` WHERE ( (`keys` like "%1%") and find_in_set("7",stageIds)and (`name` like "%.1月%") ) ORDER BY id asc LIMIT 0,1  
SELECT * FROM `t_course` WHERE ( (`keys` like "%2%") and find_in_set("7",stageIds) ) ORDER BY id asc LIMIT 0,1  
SELECT * FROM `t_course` WHERE ( ( (`keys` like "%3%") ) and find_in_set("7",stageIds) ) ORDER BY sort asc LIMIT 0,3  
SELECT * FROM `t_section` WHERE ( `topicId` IN ('') ) ORDER BY sort asc LIMIT 0,10  
SELECT * FROM `t_course` WHERE ( (`keys` like "%1%") and find_in_set("7",stageIds)and (`name` like "%.1月%") ) ORDER BY id asc LIMIT 0,1  
SELECT * FROM `t_course` WHERE ( (`keys` like "%2%") and find_in_set("7",stageIds) ) ORDER BY id asc LIMIT 0,1  
SELECT * FROM `t_course` WHERE ( ( (`keys` like "%3%") ) and find_in_set("7",stageIds) ) ORDER BY sort asc LIMIT 0,3  
SELECT * FROM `t_topic` WHERE ( `courseId` = 1046 ) ORDER BY sort asc LIMIT 0,10  
SELECT * FROM `t_section` WHERE ( `topicId` = 104601 ) ORDER BY sort asc LIMIT 0,6  
SELECT * FROM `t_course` WHERE ( (`keys` like "%1%") and find_in_set("7",stageIds)and (`name` like "%.1月%") ) ORDER BY id asc LIMIT 0,1  
SELECT * FROM `t_course` WHERE ( (`keys` like "%2%") and find_in_set("7",stageIds) ) ORDER BY id asc LIMIT 0,1  
SELECT * FROM `t_course` WHERE ( ( (`keys` like "%3%") ) and find_in_set("7",stageIds) ) ORDER BY sort asc LIMIT 0,3  
SELECT * FROM `t_section` WHERE ( `topicId` IN ('104001') ) ORDER BY sort asc LIMIT 0,10  
SELECT * FROM `t_course` WHERE ( (`keys` like "%1%") and find_in_set("7",stageIds)and (`name` like "%.1月%") ) ORDER BY id asc LIMIT 0,1  
SELECT * FROM `t_course` WHERE ( (`keys` like "%2%") and find_in_set("7",stageIds) ) ORDER BY id asc LIMIT 0,1  
SELECT * FROM `t_course` WHERE ( ( (`keys` like "%3%") ) and find_in_set("7",stageIds) ) ORDER BY sort asc LIMIT 0,3  
SELECT * FROM `t_course` WHERE ( (`keys` like "%1%") and find_in_set("7",stageIds)and (`name` like "%.1月%") ) ORDER BY id asc LIMIT 0,1  
SELECT * FROM `t_course` WHERE ( (`keys` like "%2%") and find_in_set("7",stageIds) ) ORDER BY id asc LIMIT 0,1  
SELECT * FROM `t_course` WHERE ( ( (`keys` like "%3%") ) and find_in_set("7",stageIds) ) ORDER BY sort asc LIMIT 0,3  
SELECT * FROM `t_course` WHERE ( (`keys` like "%1%") and find_in_set("2",stageIds) ) ORDER BY id asc LIMIT 0,1  
SELECT * FROM `t_course` WHERE ( (`keys` like "%2%") and find_in_set("2",stageIds) ) ORDER BY id asc LIMIT 0,1  
SELECT * FROM `t_course` WHERE ( ( (`keys` like "%3%") ) and find_in_set("2",stageIds) ) ORDER BY sort asc LIMIT 0,4  
SELECT * FROM `t_course` WHERE ( (`keys` like "%1%") and find_in_set("2",stageIds) ) ORDER BY id asc LIMIT 0,1  
SELECT * FROM `t_course` WHERE ( (`keys` like "%2%") and find_in_set("2",stageIds) ) ORDER BY id asc LIMIT 0,1  
SELECT * FROM `t_course` WHERE ( ( (`keys` like "%3%") ) and find_in_set("2",stageIds) ) ORDER BY sort asc LIMIT 0,4  
SELECT * FROM `t_role` WHERE ( `userId` = 6 ) ORDER BY id asc LIMIT 0,10  
SELECT * FROM `t_role` WHERE ( `userId` = 6 ) ORDER BY id asc LIMIT 0,10  
SELECT * FROM `t_role` WHERE ( `userId` = 6 ) ORDER BY id asc LIMIT 0,10  
SELECT * FROM `t_role` WHERE ( `userId` = 6 ) ORDER BY id asc LIMIT 0,10  
SELECT * FROM `t_course` WHERE ( (`keys` like "%1%") and find_in_set("7",stageIds)and (`name` like "%.1月%") ) ORDER BY id asc LIMIT 0,1  
SELECT * FROM `t_course` WHERE ( (`keys` like "%2%") and find_in_set("7",stageIds) ) ORDER BY id asc LIMIT 0,1  
SELECT * FROM `t_course` WHERE ( ( (`keys` like "%3%") ) and find_in_set("7",stageIds) ) ORDER BY sort asc LIMIT 0,3  
SELECT * FROM `t_role` WHERE ( `userId` = 6 ) ORDER BY id asc LIMIT 0,10  
SELECT * FROM `t_course` WHERE ( (`keys` like "%1%") and find_in_set("7",stageIds)and (`name` like "%.1月%") ) ORDER BY id asc LIMIT 0,1  
SELECT * FROM `t_course` WHERE ( (`keys` like "%2%") and find_in_set("7",stageIds) ) ORDER BY id asc LIMIT 0,1  
SELECT * FROM `t_course` WHERE ( ( (`keys` like "%3%") ) and find_in_set("7",stageIds) ) ORDER BY sort asc LIMIT 0,3  
SELECT * FROM `t_role` WHERE ( `userId` = 6 ) ORDER BY id asc LIMIT 0,10  
SELECT * FROM `t_role` WHERE ( `userId` = 6 ) ORDER BY id asc LIMIT 0,10  
SELECT * FROM `t_role` WHERE ( `userId` = 6 ) ORDER BY id asc LIMIT 0,10  
SELECT * FROM `t_role` WHERE ( `userId` = 6 ) ORDER BY id asc LIMIT 0,10  
SELECT * FROM `t_role` WHERE ( `userId` = 6 ) ORDER BY id asc LIMIT 0,10  
SELECT * FROM `t_course` WHERE ( (`keys` like "%1%") and find_in_set("2",stageIds) ) ORDER BY id asc LIMIT 0,1  
SELECT * FROM `t_course` WHERE ( (`keys` like "%2%") and find_in_set("2",stageIds) ) ORDER BY id asc LIMIT 0,1  
SELECT * FROM `t_course` WHERE ( ( (`keys` like "%3%") ) and find_in_set("2",stageIds) ) ORDER BY sort asc LIMIT 0,4  
SELECT * FROM `t_section` WHERE ( `topicId` IN ('300101','300102','300103','300104','300105','300106','300107','300108') ) ORDER BY sort asc LIMIT 0,10  
SELECT * FROM `t_course` WHERE ( (`keys` like "%1%") and find_in_set("2",stageIds) ) ORDER BY id asc LIMIT 0,1  
SELECT * FROM `t_course` WHERE ( (`keys` like "%2%") and find_in_set("2",stageIds) ) ORDER BY id asc LIMIT 0,1  
SELECT * FROM `t_course` WHERE ( ( (`keys` like "%3%") ) and find_in_set("2",stageIds) ) ORDER BY sort asc LIMIT 0,4  
SELECT * FROM `t_course` WHERE ( (`keys` like "%1%") and find_in_set("2",stageIds) ) ORDER BY id asc LIMIT 0,1  
SELECT * FROM `t_course` WHERE ( (`keys` like "%2%") and find_in_set("2",stageIds) ) ORDER BY id asc LIMIT 0,1  
SELECT * FROM `t_course` WHERE ( ( (`keys` like "%3%") ) and find_in_set("2",stageIds) ) ORDER BY sort asc LIMIT 0,4  
SELECT * FROM `t_role` WHERE ( `userId` = 6 ) ORDER BY id asc LIMIT 0,10  
SELECT * FROM `t_role` WHERE ( `userId` = 6 ) ORDER BY id asc LIMIT 0,10  
SELECT * FROM `t_role` WHERE ( `userId` = 6 ) ORDER BY id asc LIMIT 0,10  
SELECT * FROM `t_role` WHERE ( `userId` = 6 ) ORDER BY id asc LIMIT 0,10  
SELECT * FROM `t_course` WHERE ( (`keys` like "%1%")  ) ORDER BY sort asc LIMIT 0,10  
SELECT * FROM `t_course` WHERE ( (`keys` like "%2%")  ) ORDER BY sort asc LIMIT 0,10  
SELECT * FROM `t_course` WHERE ( (`keys` like "%3%")  ) ORDER BY sort asc LIMIT 0,10  
SELECT * FROM `t_course` WHERE ( (`keys` like "%1%")  ) ORDER BY sort asc LIMIT 0,10  
SELECT * FROM `t_course` WHERE ( (`keys` like "%2%")  ) ORDER BY sort asc LIMIT 0,10  
SELECT * FROM `t_course` WHERE ( (`keys` like "%3%")  ) ORDER BY sort asc LIMIT 0,10  
SELECT * FROM `t_course` WHERE ( (`keys` like "%1%")  ) ORDER BY sort asc LIMIT 0,10  
SELECT * FROM `t_course` WHERE ( (`keys` like "%2%")  ) ORDER BY sort asc LIMIT 0,10  
SELECT * FROM `t_course` WHERE ( (`keys` like "%3%")  ) ORDER BY sort asc LIMIT 0,10  
SELECT * FROM `t_course` WHERE ( (`keys` like "%1%")  ) ORDER BY sort asc LIMIT 0,10  
SELECT * FROM `t_course` WHERE ( (`keys` like "%2%")  ) ORDER BY sort asc LIMIT 0,10  
SELECT * FROM `t_course` WHERE ( (`keys` like "%3%")  ) ORDER BY sort asc LIMIT 0,10  
SELECT * FROM `t_role` WHERE ( `userId` = 6 ) ORDER BY id asc LIMIT 0,10  
SELECT * FROM `t_role` WHERE ( `userId` = 6 ) ORDER BY id asc LIMIT 0,10  
SELECT * FROM `t_course` WHERE ( (`keys` like "%1%")  ) ORDER BY sort asc LIMIT 0,10  
SELECT * FROM `t_course` WHERE ( (`keys` like "%2%")  ) ORDER BY sort asc LIMIT 0,10  
SELECT * FROM `t_course` WHERE ( (`keys` like "%3%")  ) ORDER BY sort asc LIMIT 0,10  
SELECT * FROM `t_course` WHERE ( (`keys` like "%1%")  ) ORDER BY sort asc LIMIT 0,10  
SELECT * FROM `t_course` WHERE ( (`keys` like "%2%")  ) ORDER BY sort asc LIMIT 0,10  
SELECT * FROM `t_course` WHERE ( (`keys` like "%3%")  ) ORDER BY sort asc LIMIT 0,10  
SELECT * FROM `t_course` WHERE ( (`keys` like "%1%")  ) ORDER BY sort asc LIMIT 0,10  
SELECT * FROM `t_course` WHERE ( (`keys` like "%2%")  ) ORDER BY sort asc LIMIT 0,10  
SELECT * FROM `t_course` WHERE ( (`keys` like "%3%")  ) ORDER BY sort asc LIMIT 0,10  
SELECT * FROM `t_section` WHERE ( `topicId` IN ('100101','100102','100103','100104','100105','100106') ) ORDER BY sort asc LIMIT 0,10  
SELECT * FROM `t_course` WHERE ( (`keys` like "%1%")  ) ORDER BY sort asc LIMIT 0,10  
SELECT * FROM `t_course` WHERE ( (`keys` like "%2%")  ) ORDER BY sort asc LIMIT 0,10  
SELECT * FROM `t_course` WHERE ( (`keys` like "%3%")  ) ORDER BY sort asc LIMIT 0,10  
SELECT * FROM `t_course` WHERE ( (`keys` like "%%") and find_in_set("18",chId) ) ORDER BY sort asc LIMIT 0,10  
SELECT * FROM `t_course` WHERE ( (`keys` like "%%") and find_in_set("18",chId) ) ORDER BY sort asc LIMIT 0,10  
SELECT * FROM `t_course` WHERE ( (`keys` like "%%") and find_in_set("7",stageIds) ) ORDER BY sort asc LIMIT 0,10  
SELECT * FROM `t_course` WHERE ( (`keys` like "%%") and find_in_set("8",stageIds) ) ORDER BY sort asc LIMIT 0,10  
SELECT * FROM `t_course` WHERE ( (`keys` like "%%") and find_in_set("9",stageIds) ) ORDER BY sort asc LIMIT 0,10  
SELECT * FROM `t_course` WHERE ( (`keys` like "%%") and find_in_set("8",stageIds) ) ORDER BY sort asc LIMIT 0,10  
SELECT * FROM `t_course` WHERE ( (`keys` like "%%") and find_in_set("7",stageIds) ) ORDER BY sort asc LIMIT 0,10  
SELECT * FROM `t_course` WHERE ( (`keys` like "%%") and find_in_set("18",chId) ) ORDER BY sort asc LIMIT 0,10  
SELECT * FROM `t_course` WHERE ( (`keys` like "%%") and find_in_set("19",chId) ) ORDER BY sort asc LIMIT 0,10  
SELECT * FROM `t_course` WHERE ( (`keys` like "%%") and find_in_set("6",stageIds) ) ORDER BY sort asc LIMIT 0,10  
SELECT * FROM `t_course` WHERE ( (`keys` like "%%") and find_in_set("3",stageIds) ) ORDER BY sort asc LIMIT 0,10  
SELECT * FROM `t_course` WHERE ( (`keys` like "%%") and find_in_set("4",stageIds) ) ORDER BY sort asc LIMIT 0,10  
SELECT * FROM `t_course` WHERE ( (`keys` like "%%") and find_in_set("3",stageIds) ) ORDER BY sort asc LIMIT 0,10  
SELECT * FROM `t_course` WHERE ( (`keys` like "%%") and find_in_set("6",stageIds) ) ORDER BY sort asc LIMIT 0,10  
SELECT * FROM `t_course` WHERE ( (`keys` like "%%") and find_in_set("19",chId) ) ORDER BY sort asc LIMIT 0,10  
SELECT * FROM `t_course` WHERE ( (`keys` like "%%") and find_in_set("18",chId) ) ORDER BY sort asc LIMIT 0,10  
SELECT * FROM `t_section` WHERE ( `topicId` IN ('104001') ) ORDER BY sort asc LIMIT 0,10  
SELECT * FROM `t_course` WHERE ( (`keys` like "%%") and find_in_set("18",chId) ) ORDER BY sort asc LIMIT 0,10  
SELECT * FROM `t_topic` WHERE ( `courseId` = 1025 ) ORDER BY sort asc LIMIT 0,10  
SELECT * FROM `t_section` WHERE ( `topicId` = 102501 ) ORDER BY sort asc LIMIT 0,6  
SELECT * FROM `t_course` WHERE ( (`keys` like "%%") and find_in_set("18",chId) ) ORDER BY sort asc LIMIT 0,10  
SELECT * FROM `t_course` WHERE ( (`keys` like "%%") and find_in_set("19",chId) ) ORDER BY sort asc LIMIT 0,10  
SELECT * FROM `t_topic` WHERE ( `courseId` = 2053 ) ORDER BY sort asc LIMIT 0,10  
SELECT * FROM `t_section` WHERE ( `topicId` = 205301 ) ORDER BY sort asc LIMIT 0,5  
SELECT * FROM `t_course` WHERE ( `typeId` = 2 ) AND ( (`keys` like "%%") and find_in_set("6",stageIds) ) ORDER BY sort asc LIMIT 0,3  
SELECT * FROM `t_course` WHERE ( (`keys` like "%%") and find_in_set("19",chId) ) ORDER BY sort asc LIMIT 0,10  
SELECT * FROM `t_topic` WHERE ( `courseId` = 2053 ) ORDER BY sort asc LIMIT 0,10  
SELECT * FROM `t_section` WHERE ( `topicId` = 205301 ) ORDER BY sort asc LIMIT 0,5  
SELECT * FROM `t_course` WHERE ( `typeId` = 2 ) AND ( (`keys` like "%%") and find_in_set("6",stageIds) ) ORDER BY sort asc LIMIT 0,3  
SELECT * FROM `t_section` WHERE ( `topicId` IN ('205301','205302','205303','205304','205305','205306','205307') ) ORDER BY sort asc LIMIT 0,31  
SELECT `id`,`content` FROM `t_resource` WHERE ( `id` IN ('100150019') ) ORDER BY id asc 
SELECT * FROM `t_course` WHERE ( (`keys` like "%%") and find_in_set("19",chId) ) ORDER BY sort asc LIMIT 0,10  
SELECT * FROM `t_course` WHERE ( (`keys` like "%1%")  ) ORDER BY sort asc LIMIT 0,10  
SELECT * FROM `t_course` WHERE ( (`keys` like "%2%")  ) ORDER BY sort asc LIMIT 0,10  
SELECT * FROM `t_course` WHERE ( (`keys` like "%3%")  ) ORDER BY sort asc LIMIT 0,10  
SELECT * FROM `t_course` WHERE ( (`keys` like "%1%")  ) ORDER BY sort asc LIMIT 0,10  
SELECT * FROM `t_course` WHERE ( (`keys` like "%2%")  ) ORDER BY sort asc LIMIT 0,10  
SELECT * FROM `t_course` WHERE ( (`keys` like "%3%")  ) ORDER BY sort asc LIMIT 0,10  
SELECT * FROM `t_course` WHERE ( (`keys` like "%1%")  ) ORDER BY sort asc LIMIT 0,10  
SELECT * FROM `t_course` WHERE ( (`keys` like "%2%")  ) ORDER BY sort asc LIMIT 0,10  
SELECT * FROM `t_course` WHERE ( (`keys` like "%3%")  ) ORDER BY sort asc LIMIT 0,10  
SELECT * FROM `t_course` WHERE ( (`keys` like "%1%")  ) ORDER BY sort asc LIMIT 0,10  
SELECT * FROM `t_course` WHERE ( (`keys` like "%2%")  ) ORDER BY sort asc LIMIT 0,10  
SELECT * FROM `t_course` WHERE ( (`keys` like "%3%")  ) ORDER BY sort asc LIMIT 0,10  
SELECT * FROM `t_course` WHERE ( (`keys` like "%1%")  ) ORDER BY sort asc LIMIT 0,10  
SELECT * FROM `t_course` WHERE ( (`keys` like "%2%")  ) ORDER BY sort asc LIMIT 0,10  
SELECT * FROM `t_course` WHERE ( (`keys` like "%3%")  ) ORDER BY sort asc LIMIT 0,10  
SELECT * FROM `t_course` WHERE ( (`keys` like "%1%")  ) ORDER BY sort asc LIMIT 0,10  
SELECT * FROM `t_course` WHERE ( (`keys` like "%2%")  ) ORDER BY sort asc LIMIT 0,10  
SELECT * FROM `t_course` WHERE ( (`keys` like "%3%")  ) ORDER BY sort asc LIMIT 0,10  
SELECT * FROM `t_course` WHERE ( (`keys` like "%1%")  ) ORDER BY sort asc LIMIT 0,10  
SELECT * FROM `t_course` WHERE ( (`keys` like "%2%")  ) ORDER BY sort asc LIMIT 0,10  
SELECT * FROM `t_course` WHERE ( (`keys` like "%3%")  ) ORDER BY sort asc LIMIT 0,10  
SELECT * FROM `t_course` WHERE ( (`keys` like "%%") and find_in_set("19",chId) ) ORDER BY sort asc LIMIT 0,10  
SELECT * FROM `t_course` WHERE ( (`keys` like "%%") and find_in_set("19",chId) ) ORDER BY sort asc LIMIT 10,10  
SELECT * FROM `t_course` WHERE ( (`keys` like "%%") and find_in_set("19",chId) ) ORDER BY sort asc LIMIT 0,10  
SELECT * FROM `t_course` WHERE ( (`keys` like "%%") and find_in_set("20",chId) ) ORDER BY sort asc LIMIT 0,10  
SELECT * FROM `t_course` WHERE ( (`keys` like "%%") and find_in_set("5",stageIds) ) ORDER BY sort asc LIMIT 0,10  
SELECT * FROM `t_course` WHERE ( (`keys` like "%%") and find_in_set("2",stageIds) ) ORDER BY sort asc LIMIT 0,10  
SELECT * FROM `t_course` WHERE ( (`keys` like "%%") and find_in_set("10",stageIds) ) ORDER BY sort asc LIMIT 0,10  
SELECT * FROM `t_course` WHERE ( (`keys` like "%%") and find_in_set("11",stageIds) ) ORDER BY sort asc LIMIT 0,10  
SELECT * FROM `t_course` WHERE ( (`keys` like "%%") and find_in_set("13",stageIds) ) ORDER BY sort asc LIMIT 0,10  
SELECT * FROM `t_course` WHERE ( (`keys` like "%%") and find_in_set("11",stageIds) ) ORDER BY sort asc LIMIT 0,10  
SELECT * FROM `t_course` WHERE ( (`keys` like "%%") and find_in_set("10",stageIds) ) ORDER BY sort asc LIMIT 0,10  
SELECT * FROM `t_course` WHERE ( (`keys` like "%%") and find_in_set("2",stageIds) ) ORDER BY sort asc LIMIT 0,10  
SELECT * FROM `t_course` WHERE ( (`keys` like "%%") and find_in_set("5",stageIds) ) ORDER BY sort asc LIMIT 0,10  
SELECT * FROM `t_course` WHERE ( (`keys` like "%%") and find_in_set("20",chId) ) ORDER BY sort asc LIMIT 0,10  
SELECT * FROM `t_course` WHERE ( (`keys` like "%1%")  ) ORDER BY sort asc LIMIT 0,10  
SELECT * FROM `t_course` WHERE ( (`keys` like "%2%")  ) ORDER BY sort asc LIMIT 0,10  
SELECT * FROM `t_course` WHERE ( (`keys` like "%3%")  ) ORDER BY sort asc LIMIT 0,10  
SELECT * FROM `t_section` ORDER BY sort asc LIMIT 0,14  
SELECT * FROM `t_section` ORDER BY sort asc LIMIT 0,14  
SELECT * FROM `t_course` WHERE ( ( (`keys` like "%5%") ) and find_in_set("99",stageIds) ) ORDER BY sort asc LIMIT 0,5  
SELECT * FROM `t_section` WHERE ( `topicId` IN ('') ) ORDER BY sort asc LIMIT 0,10  
SELECT * FROM `t_section` ORDER BY sort asc LIMIT 0,14  
SELECT * FROM `t_section` ORDER BY sort asc LIMIT 0,14  
SELECT * FROM `t_course` WHERE ( ( (`keys` like "%5%") ) and find_in_set("99",stageIds) ) ORDER BY sort asc LIMIT 0,5  
SELECT `id`,`content` FROM `t_resource` WHERE ( `id` IN ('100150028') ) ORDER BY id asc 
SELECT * FROM `t_course` WHERE ( (`keys` like "%1%")  ) ORDER BY sort asc LIMIT 0,10  
SELECT * FROM `t_course` WHERE ( (`keys` like "%2%")  ) ORDER BY sort asc LIMIT 0,10  
SELECT * FROM `t_course` WHERE ( (`keys` like "%3%")  ) ORDER BY sort asc LIMIT 0,10  
SELECT * FROM `t_role_browse` WHERE ( `roleId` = 41 ) ORDER BY id asc LIMIT 0,1  
SELECT * FROM `t_role_browse` WHERE ( `roleId` = 41 ) ORDER BY id asc LIMIT 0,14  
SELECT * FROM `t_course` WHERE ( ( (`keys` like "%5%") ) and find_in_set("99",stageIds) ) ORDER BY sort asc LIMIT 0,2  
SELECT * FROM `t_topic` WHERE ( `sort` = 0 ) ORDER BY sort asc LIMIT 0,50  
SELECT * FROM `t_section` WHERE ( `sort` = 0 ) ORDER BY sort asc LIMIT 0,50  
SELECT * FROM `t_pro_config` ORDER BY id asc LIMIT 0,50  
SELECT * FROM `t_pro_config` ORDER BY id asc LIMIT 0,50  
SELECT * FROM `t_topic` WHERE ( `sort` = 0 ) ORDER BY sort asc LIMIT 0,50  
SELECT * FROM `t_section` WHERE ( `sort` = 0 ) ORDER BY sort asc LIMIT 0,50  
SELECT * FROM `t_resource` ORDER BY sort asc LIMIT 0,50  
SELECT * FROM `t_library` ORDER BY sort asc LIMIT 0,50  
SELECT * FROM `t_section` ORDER BY sort asc LIMIT 0,50  
SELECT * FROM `t_section` ORDER BY id asc LIMIT 0,50  
SELECT * FROM `t_stage` ORDER BY sort asc LIMIT 0,50  
SELECT * FROM `t_role` WHERE ( `userId` = 6 ) ORDER BY id asc LIMIT 0,10  
SELECT * FROM `t_course` WHERE ( (`keys` like "%1%")  ) ORDER BY sort asc LIMIT 0,10  
SELECT * FROM `t_course` WHERE ( (`keys` like "%2%")  ) ORDER BY sort asc LIMIT 0,10  
SELECT * FROM `t_course` WHERE ( (`keys` like "%3%")  ) ORDER BY sort asc LIMIT 0,10  
SELECT * FROM `t_resource` ORDER BY sort asc LIMIT 0,50  
SELECT * FROM `t_resource` ORDER BY sort asc LIMIT 50,50  
SELECT * FROM `t_topic` WHERE ( `sort` = 0 ) ORDER BY sort asc LIMIT 0,50  
SELECT * FROM `t_section` WHERE ( `sort` = 0 ) ORDER BY sort asc LIMIT 0,50  
