SELECT * FROM `t_section` WHERE ( `topicId` IN ('205401','205402','205403','205404','205405','205406','205407') ) ORDER BY sort asc LIMIT 0,31  
SELECT * FROM `t_course` WHERE ( (`keys` like "%%") and (`name` like "%51%") ) ORDER BY id asc LIMIT 0,1  
SELECT * FROM `t_section` WHERE ( `topicId` IN ('') ) ORDER BY sort asc LIMIT 0,31  
SELECT * FROM `t_course` WHERE ( (`keys` like "%%") and (`name` like "%第2周%") ) ORDER BY id asc LIMIT 0,1  
SELECT * FROM `t_section` WHERE ( `topicId` IN ('') ) ORDER BY sort asc LIMIT 0,31  
SELECT * FROM `t_course` WHERE ( (`keys` like "%%") and (`name` like "%第3周%") ) ORDER BY id asc LIMIT 0,1  
SELECT * FROM `t_section` WHERE ( `topicId` IN ('') ) ORDER BY sort asc LIMIT 0,31  
SELECT * FROM `t_course` WHERE ( (`keys` like "%%") and (`name` like "%第4周%") ) ORDER BY id asc LIMIT 0,1  
SELECT * FROM `t_section` WHERE ( `topicId` IN ('') ) ORDER BY sort asc LIMIT 0,31  
SELECT * FROM `t_course` WHERE ( (`keys` like "%%") and (`name` like "%第4周%") ) ORDER BY id asc LIMIT 0,1  
SELECT * FROM `t_section` WHERE ( `topicId` IN ('') ) ORDER BY sort asc LIMIT 0,31  
SELECT * FROM `t_course` WHERE ( (`keys` like "%%") and (`name` like "%第4周%") ) ORDER BY id asc LIMIT 0,1  
SELECT * FROM `t_section` WHERE ( `topicId` IN ('') ) ORDER BY sort asc LIMIT 0,31  
SELECT * FROM `t_course` WHERE ( (`keys` like "%%") and (`name` like "%第2周%") ) ORDER BY id asc LIMIT 0,1  
SELECT * FROM `t_section` WHERE ( `topicId` IN ('') ) ORDER BY sort asc LIMIT 0,31  
SELECT * FROM `t_course` WHERE ( (`keys` like "%%") and (`name` like "%第51周%") ) ORDER BY id asc LIMIT 0,1  
SELECT * FROM `t_section` WHERE ( `topicId` IN ('') ) ORDER BY sort asc LIMIT 0,31  
SELECT * FROM `t_section` WHERE ( `topicId` IN ('205401','205402','205403','205404','205405','205406','205407') ) ORDER BY sort asc LIMIT 0,31  
SELECT * FROM `t_section` WHERE ( `topicId` IN ('205401','205402','205403','205404','205405','205406','205407') ) ORDER BY sort asc LIMIT 0,31  
SELECT * FROM `t_course` WHERE ( (`keys` like "%%") and (`name` like "%第51周%") ) ORDER BY id asc LIMIT 0,1  
SELECT * FROM `t_section` WHERE ( `topicId` IN ('') ) ORDER BY sort asc LIMIT 0,31  
SELECT * FROM `t_section` WHERE ( `topicId` IN ('205401','205402','205403','205404','205405','205406','205407') ) ORDER BY sort asc LIMIT 0,31  
SELECT * FROM `t_section` WHERE ( `topicId` IN ('205401','205402','205403','205404','205405','205406','205407') ) ORDER BY sort asc LIMIT 0,31  
SELECT * FROM `t_section` WHERE ( `topicId` IN ('205401','205402','205403','205404','205405','205406','205407') ) ORDER BY sort asc LIMIT 0,31  
SELECT * FROM `t_section` WHERE ( `topicId` IN ('205401','205402','205403','205404','205405','205406','205407') ) ORDER BY sort asc LIMIT 0,31  
SELECT * FROM `t_section` WHERE ( `topicId` IN ('205401','205402','205403','205404','205405','205406','205407') ) ORDER BY sort asc LIMIT 0,31  
SELECT * FROM `t_role` WHERE ( `userId` = 6 ) ORDER BY id asc LIMIT 0,10  
SELECT * FROM `t_course` WHERE ( (`keys` like "%1%") and find_in_set("6",stageIds)and (`name` like "%第6周%") ) ORDER BY id asc LIMIT 0,1  
SELECT * FROM `t_course` WHERE ( (`keys` like "%2%") and find_in_set("6",stageIds) ) ORDER BY id asc LIMIT 0,1  
SELECT * FROM `t_course` WHERE ( ( (`keys` like "%3%") ) and find_in_set("6",stageIds) ) ORDER BY sort asc LIMIT 0,3  
SELECT * FROM `t_course` WHERE ( (`keys` like "%%") and find_in_set("19",chId) ) ORDER BY sort asc LIMIT 0,10  
SELECT * FROM `t_topic` WHERE ( `courseId` = 2053 ) ORDER BY sort asc LIMIT 0,10  
SELECT * FROM `t_section` WHERE ( `topicId` = 205306 ) ORDER BY sort asc LIMIT 0,5  
SELECT * FROM `t_course` WHERE ( ( (`keys` like "%4%") ) and find_in_set("6",stageIds) ) ORDER BY sort asc LIMIT 0,3  
SELECT * FROM `t_section` WHERE ( `topicId` IN ('205301','205302','205303','205304','205305','205306','205307') ) ORDER BY sort asc LIMIT 0,31  
SELECT * FROM `t_course` WHERE ( (`keys` like "%%") and (`name` like "%第2周%") ) ORDER BY id asc LIMIT 0,1  
SELECT * FROM `t_section` WHERE ( `topicId` IN ('') ) ORDER BY sort asc LIMIT 0,31  
SELECT * FROM `t_course` WHERE ( (`keys` like "%%") and (`name` like "%第2周%") ) ORDER BY id asc LIMIT 0,1  
SELECT * FROM `t_section` WHERE ( `topicId` IN ('') ) ORDER BY sort asc LIMIT 0,31  
SELECT * FROM `t_course` WHERE ( (`keys` like "%%") and (`name` like "%第2周%") ) ORDER BY id asc LIMIT 0,1  
SELECT * FROM `t_section` WHERE ( `topicId` IN ('200201','200202','200203','200204','200205','200206','200207') ) ORDER BY sort asc LIMIT 0,31  
SELECT * FROM `t_course` WHERE ( (`keys` like "%%") and (`name` like "%第3周%") ) ORDER BY id asc LIMIT 0,1  
SELECT * FROM `t_section` WHERE ( `topicId` IN ('200301','200302','200303','200304','200305','200306','200307') ) ORDER BY sort asc LIMIT 0,31  
SELECT * FROM `t_course` WHERE ( (`keys` like "%%") and (`name` like "%第4周%") ) ORDER BY id asc LIMIT 0,1  
SELECT * FROM `t_section` WHERE ( `topicId` IN ('200401','200402','200403','200404','200405','200406','200407') ) ORDER BY sort asc LIMIT 0,31  
SELECT * FROM `t_course` WHERE ( (`keys` like "%%") and (`name` like "%第5周%") ) ORDER BY id asc LIMIT 0,1  
SELECT * FROM `t_section` WHERE ( `topicId` IN ('') ) ORDER BY sort asc LIMIT 0,31  
SELECT * FROM `t_course` WHERE ( (`keys` like "%%") and (`name` like "%第4周%") ) ORDER BY id asc LIMIT 0,1  
SELECT * FROM `t_section` WHERE ( `topicId` IN ('200401','200402','200403','200404','200405','200406','200407') ) ORDER BY sort asc LIMIT 0,31  
SELECT * FROM `t_course` WHERE ( (`keys` like "%%") and (`name` like "%第3周%") ) ORDER BY id asc LIMIT 0,1  
SELECT * FROM `t_section` WHERE ( `topicId` IN ('200301','200302','200303','200304','200305','200306','200307') ) ORDER BY sort asc LIMIT 0,31  
SELECT * FROM `t_course` WHERE ( (`keys` like "%%") and (`name` like "%第2周%") ) ORDER BY id asc LIMIT 0,1  
SELECT * FROM `t_section` WHERE ( `topicId` IN ('200201','200202','200203','200204','200205','200206','200207') ) ORDER BY sort asc LIMIT 0,31  
SELECT * FROM `t_section` WHERE ( `topicId` IN ('205301','205302','205303','205304','205305','205306','205307') ) ORDER BY sort asc LIMIT 0,31  
SELECT * FROM `t_topic` WHERE ( `courseId` = 2053 ) ORDER BY sort asc LIMIT 0,10  
SELECT * FROM `t_section` WHERE ( `topicId` = 205306 ) ORDER BY sort asc LIMIT 0,5  
SELECT * FROM `t_course` WHERE ( ( (`keys` like "%4%") ) and find_in_set("6",stageIds) ) ORDER BY sort asc LIMIT 0,3  
SELECT * FROM `t_course` WHERE ( (`keys` like "%%") and find_in_set("19",chId) ) ORDER BY sort asc LIMIT 0,10  
SELECT * FROM `t_course` WHERE ( (`keys` like "%%") and find_in_set("20",chId) ) ORDER BY sort asc LIMIT 0,10  
SELECT * FROM `t_course` WHERE ( (`keys` like "%1%") and find_in_set("6",stageIds)and (`name` like "%第6周%") ) ORDER BY id asc LIMIT 0,1  
SELECT * FROM `t_course` WHERE ( (`keys` like "%2%") and find_in_set("6",stageIds) ) ORDER BY id asc LIMIT 0,1  
SELECT * FROM `t_course` WHERE ( ( (`keys` like "%3%") ) and find_in_set("6",stageIds) ) ORDER BY sort asc LIMIT 0,3  
SELECT * FROM `t_section` WHERE ( `topicId` IN ('') ) ORDER BY sort asc LIMIT 0,10  
SELECT * FROM `t_course` WHERE ( (`keys` like "%1%") and find_in_set("6",stageIds)and (`name` like "%第6周%") ) ORDER BY id asc LIMIT 0,1  
SELECT * FROM `t_course` WHERE ( (`keys` like "%2%") and find_in_set("6",stageIds) ) ORDER BY id asc LIMIT 0,1  
SELECT * FROM `t_course` WHERE ( ( (`keys` like "%3%") ) and find_in_set("6",stageIds) ) ORDER BY sort asc LIMIT 0,3  
SELECT * FROM `t_section` WHERE ( `topicId` IN ('') ) ORDER BY sort asc LIMIT 0,10  
SELECT * FROM `t_course` WHERE ( (`keys` like "%1%") and find_in_set("6",stageIds)and (`name` like "%第6周%") ) ORDER BY id asc LIMIT 0,1  
SELECT * FROM `t_course` WHERE ( (`keys` like "%2%") and find_in_set("6",stageIds) ) ORDER BY id asc LIMIT 0,1  
SELECT * FROM `t_course` WHERE ( ( (`keys` like "%3%") ) and find_in_set("6",stageIds) ) ORDER BY sort asc LIMIT 0,3  
SELECT * FROM `t_course` WHERE ( (`keys` like "%1%") and find_in_set("6",stageIds)and (`name` like "%第6周%") ) ORDER BY id asc LIMIT 0,1  
SELECT * FROM `t_course` WHERE ( (`keys` like "%2%") and find_in_set("6",stageIds) ) ORDER BY id asc LIMIT 0,1  
SELECT * FROM `t_course` WHERE ( ( (`keys` like "%3%") ) and find_in_set("6",stageIds) ) ORDER BY sort asc LIMIT 0,3  
SELECT * FROM `t_section` WHERE ( `topicId` IN ('215801') ) ORDER BY sort asc LIMIT 0,10  
SELECT * FROM `t_course` WHERE ( (`keys` like "%1%") and find_in_set("6",stageIds)and (`name` like "%第6周%") ) ORDER BY id asc LIMIT 0,1  
SELECT * FROM `t_course` WHERE ( (`keys` like "%2%") and find_in_set("6",stageIds) ) ORDER BY id asc LIMIT 0,1  
SELECT * FROM `t_course` WHERE ( ( (`keys` like "%3%") ) and find_in_set("6",stageIds) ) ORDER BY sort asc LIMIT 0,3  
SELECT * FROM `t_section` WHERE ( `topicId` IN ('215701') ) ORDER BY sort asc LIMIT 0,10  
SELECT * FROM `t_section` WHERE ( `topicId` IN ('') ) ORDER BY sort asc LIMIT 0,10  
SELECT * FROM `t_section` WHERE ( `topicId` IN ('215701') ) ORDER BY sort asc LIMIT 0,10  
SELECT * FROM `t_course` WHERE ( (`keys` like "%1%") and find_in_set("6",stageIds)and (`name` like "%第6周%") ) ORDER BY id asc LIMIT 0,1  
SELECT * FROM `t_course` WHERE ( (`keys` like "%2%") and find_in_set("6",stageIds) ) ORDER BY id asc LIMIT 0,1  
SELECT * FROM `t_course` WHERE ( ( (`keys` like "%3%") ) and find_in_set("6",stageIds) ) ORDER BY sort asc LIMIT 0,3  
SELECT * FROM `t_section` WHERE ( `privilege` = 0 ) ORDER BY sort asc LIMIT 0,14  
SELECT * FROM `t_section` WHERE ( `privilege` = 0 ) ORDER BY sort asc LIMIT 0,14  
SELECT * FROM `t_course` WHERE ( ( (`keys` like "%5%") ) and find_in_set("6",stageIds) ) ORDER BY sort asc LIMIT 0,5  
SELECT * FROM `t_role_browse` WHERE ( `roleId` = 41 ) ORDER BY id asc LIMIT 0,1  
SELECT * FROM `t_role_browse` WHERE ( `roleId` = 41 ) ORDER BY id asc LIMIT 0,14  
SELECT * FROM `t_course` WHERE ( ( (`keys` like "%5%") ) and find_in_set("6",stageIds) ) ORDER BY sort asc LIMIT 0,2  
SELECT * FROM `t_role_course` WHERE ( `userId` = 6 ) ORDER BY id asc LIMIT 0,10  
SELECT * FROM `t_course` WHERE ( (`keys` like "%1%") and find_in_set("6",stageIds)and (`name` like "%第6周%") ) ORDER BY id asc LIMIT 0,1  
SELECT * FROM `t_course` WHERE ( (`keys` like "%2%") and find_in_set("6",stageIds) ) ORDER BY id asc LIMIT 0,1  
SELECT * FROM `t_course` WHERE ( ( (`keys` like "%3%") ) and find_in_set("6",stageIds) ) ORDER BY sort asc LIMIT 0,3  
SELECT * FROM `t_course` WHERE ( (`keys` like "%%") and find_in_set("19",chId) ) ORDER BY sort asc LIMIT 0,10  
SELECT * FROM `t_section` WHERE ( `topicId` IN ('215801') ) ORDER BY sort asc LIMIT 0,10  
SELECT `id`,`content` FROM `t_resource` WHERE ( `id` IN ('100150029') ) ORDER BY id asc 
SELECT * FROM `t_section` WHERE ( `topicId` IN ('215801') ) ORDER BY sort asc LIMIT 0,10  
SELECT * FROM `t_course` WHERE ( (`keys` like "%%") and find_in_set("19",chId) ) ORDER BY sort asc LIMIT 0,10  
SELECT * FROM `t_section` WHERE ( `topicId` IN ('215701') ) ORDER BY sort asc LIMIT 0,10  
SELECT * FROM `t_course` WHERE ( (`keys` like "%%") and find_in_set("19",chId) ) ORDER BY sort asc LIMIT 0,10  
SELECT * FROM `t_topic` WHERE ( `courseId` = 2053 ) ORDER BY sort asc LIMIT 0,10  
SELECT * FROM `t_section` WHERE ( `topicId` = 205306 ) ORDER BY sort asc LIMIT 0,5  
SELECT * FROM `t_course` WHERE ( ( (`keys` like "%4%") ) and find_in_set("6",stageIds) ) ORDER BY sort asc LIMIT 0,3  
SELECT * FROM `t_topic` WHERE ( `courseId` = 2053 ) ORDER BY sort asc LIMIT 0,10  
SELECT * FROM `t_section` WHERE ( `topicId` = 205307 ) ORDER BY sort asc LIMIT 0,5  
SELECT * FROM `t_course` WHERE ( ( (`keys` like "%4%") ) and find_in_set("6",stageIds) ) ORDER BY sort asc LIMIT 0,3  
SELECT * FROM `t_topic` WHERE ( `courseId` = 2053 ) ORDER BY sort asc LIMIT 0,10  
SELECT * FROM `t_section` WHERE ( `topicId` = 205306 ) ORDER BY sort asc LIMIT 0,5  
SELECT * FROM `t_course` WHERE ( ( (`keys` like "%4%") ) and find_in_set("6",stageIds) ) ORDER BY sort asc LIMIT 0,3  
SELECT * FROM `t_section` WHERE ( `topicId` IN ('205301','205302','205303','205304','205305','205306','205307') ) ORDER BY sort asc LIMIT 0,31  
SELECT * FROM `t_course` WHERE ( (`keys` like "%%") and (`name` like "%第2周%") ) ORDER BY id asc LIMIT 0,1  
SELECT * FROM `t_section` WHERE ( `topicId` IN ('200201','200202','200203','200204','200205','200206','200207') ) ORDER BY sort asc LIMIT 0,31  
SELECT * FROM `t_section` WHERE ( `topicId` IN ('205301','205302','205303','205304','205305','205306','205307') ) ORDER BY sort asc LIMIT 0,31  
SELECT * FROM `t_topic` WHERE ( `courseId` = 2053 ) ORDER BY sort asc LIMIT 0,10  
SELECT * FROM `t_section` WHERE ( `topicId` = 205306 ) ORDER BY sort asc LIMIT 0,5  
SELECT * FROM `t_course` WHERE ( ( (`keys` like "%4%") ) and find_in_set("6",stageIds) ) ORDER BY sort asc LIMIT 0,3  
SELECT * FROM `t_topic` WHERE ( `courseId` = 2053 ) ORDER BY sort asc LIMIT 0,10  
SELECT * FROM `t_section` WHERE ( `topicId` = 205307 ) ORDER BY sort asc LIMIT 0,5  
SELECT * FROM `t_course` WHERE ( ( (`keys` like "%4%") ) and find_in_set("6",stageIds) ) ORDER BY sort asc LIMIT 0,3  
SELECT * FROM `t_topic` WHERE ( `courseId` = 2053 ) ORDER BY sort asc LIMIT 0,10  
SELECT * FROM `t_section` WHERE ( `topicId` = 205306 ) ORDER BY sort asc LIMIT 0,5  
SELECT * FROM `t_course` WHERE ( ( (`keys` like "%4%") ) and find_in_set("6",stageIds) ) ORDER BY sort asc LIMIT 0,3  
SELECT * FROM `t_course` WHERE ( (`keys` like "%%") and find_in_set("19",chId) ) ORDER BY sort asc LIMIT 0,10  
SELECT * FROM `t_course` WHERE ( (`keys` like "%%") and find_in_set("18",chId) ) ORDER BY sort asc LIMIT 0,10  
SELECT * FROM `t_section` WHERE ( `topicId` IN ('104001') ) ORDER BY sort asc LIMIT 0,10  
SELECT * FROM `t_course` WHERE ( (`keys` like "%%") and find_in_set("18",chId) ) ORDER BY sort asc LIMIT 0,10  
SELECT * FROM `t_section` WHERE ( `topicId` IN ('104001') ) ORDER BY sort asc LIMIT 0,10  
SELECT * FROM `t_course` WHERE ( (`keys` like "%%") and find_in_set("18",chId) ) ORDER BY sort asc LIMIT 0,10  
SELECT * FROM `t_course` WHERE ( (`keys` like "%%") and find_in_set("18",chId) ) ORDER BY sort asc LIMIT 0,10  
SELECT * FROM `t_role` WHERE ( `userId` = 6 ) ORDER BY id asc LIMIT 0,10  
SELECT * FROM `t_course` WHERE ( (`keys` like "%1%") and find_in_set("6",stageIds)and (`name` like "%第6周%") ) ORDER BY id asc LIMIT 0,1  
SELECT * FROM `t_course` WHERE ( (`keys` like "%2%") and find_in_set("6",stageIds) ) ORDER BY id asc LIMIT 0,1  
SELECT * FROM `t_course` WHERE ( ( (`keys` like "%3%") ) and find_in_set("6",stageIds) ) ORDER BY sort asc LIMIT 0,3  
SELECT `keyList` FROM `t_resource` WHERE (  (`keyList` like "%社会%")  OR (`keyList` like "%习惯%")  OR (`keyList` like "%健康%")  OR (`keyList` like "%科学%")  OR (`keyList` like "%习惯%")  OR (`keyList` like "%语言%")  OR (`keyList` like "%综合%")   ) ORDER BY id asc LIMIT 0,10  
SELECT * FROM `t_role_browse` WHERE ( `type` = 1 ) AND ( ( (`keys` like "%社会%") OR (`keys` like "%习惯%") OR (`keys` like "%健康%") OR (`keys` like "%科学%") OR (`keys` like "%习惯%") OR (`keys` like "%语言%") OR (`keys` like "%综合%") )  ) ORDER BY id asc LIMIT 0,10  
SELECT `keyList` FROM `t_resource` WHERE (  (`keyList` like "%社会%")  OR (`keyList` like "%习惯%")  OR (`keyList` like "%健康%")  OR (`keyList` like "%科学%")  OR (`keyList` like "%习惯%")  OR (`keyList` like "%语言%")  OR (`keyList` like "%综合%")   ) ORDER BY id asc LIMIT 0,10  
SELECT * FROM `t_role_browse` WHERE ( `type` = 1 ) AND ( ( (`keys` like "%社会%") OR (`keys` like "%习惯%") OR (`keys` like "%健康%") OR (`keys` like "%科学%") OR (`keys` like "%习惯%") OR (`keys` like "%语言%") OR (`keys` like "%综合%") )  ) ORDER BY id asc LIMIT 0,10  
SELECT * FROM `t_role` WHERE ( `userId` = 6 ) ORDER BY id asc LIMIT 0,10  
SELECT * FROM `t_course` WHERE ( (`keys` like "%1%") and find_in_set("2",stageIds) ) ORDER BY id asc LIMIT 0,1  
SELECT * FROM `t_course` WHERE ( (`keys` like "%2%") and find_in_set("2",stageIds) ) ORDER BY id asc LIMIT 0,1  
SELECT * FROM `t_course` WHERE ( ( (`keys` like "%3%") ) and find_in_set("2",stageIds) ) ORDER BY sort asc LIMIT 0,4  
SELECT * FROM `t_course` WHERE ( (`keys` like "%%") and find_in_set("2",stageIds) ) ORDER BY sort asc LIMIT 0,14  
SELECT * FROM `t_course` WHERE ( (`keys` like "%%") and find_in_set("2",stageIds) ) ORDER BY sort asc LIMIT 0,3  
SELECT * FROM `t_topic` WHERE ( `courseId` = 3077 ) ORDER BY sort asc LIMIT 0,10  
SELECT * FROM `t_section` WHERE ( `topicId` = 307701 ) ORDER BY sort asc LIMIT 0,10  
SELECT * FROM `t_role_browse` WHERE ( `contentId` = 307701 ) AND ( (`keys` like "%%")  ) ORDER BY id asc LIMIT 0,10  
SELECT * FROM `t_section` WHERE ( `topicId` = 307702 ) ORDER BY sort asc LIMIT 0,10  
SELECT * FROM `t_role_browse` WHERE ( `contentId` = 307702 ) AND ( (`keys` like "%%")  ) ORDER BY id asc LIMIT 0,10  
SELECT * FROM `t_section` WHERE ( `topicId` = 307703 ) ORDER BY sort asc LIMIT 0,10  
SELECT * FROM `t_role_browse` WHERE ( `contentId` = 307703 ) AND ( (`keys` like "%%")  ) ORDER BY id asc LIMIT 0,10  
SELECT * FROM `t_section` WHERE ( `topicId` = 307704 ) ORDER BY sort asc LIMIT 0,10  
SELECT * FROM `t_role_browse` WHERE ( `contentId` = 307704 ) AND ( (`keys` like "%%")  ) ORDER BY id asc LIMIT 0,10  
SELECT * FROM `t_section` WHERE ( `topicId` = 307705 ) ORDER BY sort asc LIMIT 0,10  
SELECT * FROM `t_role_browse` WHERE ( `contentId` = 307705 ) AND ( (`keys` like "%%")  ) ORDER BY id asc LIMIT 0,10  
SELECT * FROM `t_section` WHERE ( `topicId` = 307706 ) ORDER BY sort asc LIMIT 0,10  
SELECT * FROM `t_role_browse` WHERE ( `contentId` = 307706 ) AND ( (`keys` like "%%")  ) ORDER BY id asc LIMIT 0,10  
SELECT * FROM `t_section` WHERE ( `topicId` = 307707 ) ORDER BY sort asc LIMIT 0,10  
SELECT * FROM `t_role_browse` WHERE ( `contentId` = 307707 ) AND ( (`keys` like "%%")  ) ORDER BY id asc LIMIT 0,10  
SELECT * FROM `t_topic` WHERE ( `courseId` = 8001 ) ORDER BY sort asc LIMIT 0,10  
SELECT * FROM `t_section` WHERE ( `topicId` = 800101 ) ORDER BY sort asc LIMIT 0,10  
SELECT * FROM `t_role_browse` WHERE ( `contentId` = 800101 ) AND ( (`keys` like "%%")  ) ORDER BY id asc LIMIT 0,10  
SELECT * FROM `t_topic` WHERE ( `courseId` = 8002 ) ORDER BY sort asc LIMIT 0,10  
SELECT * FROM `t_section` WHERE ( `topicId` = 800201 ) ORDER BY sort asc LIMIT 0,10  
SELECT * FROM `t_role_browse` WHERE ( `contentId` = 800201 ) AND ( (`keys` like "%%")  ) ORDER BY id asc LIMIT 0,10  
SELECT * FROM `t_topic` WHERE ( `courseId` = 3077 ) ORDER BY sort asc LIMIT 0,10  
SELECT * FROM `t_topic` WHERE ( `courseId` = 3077 ) ORDER BY sort asc LIMIT 0,12  
SELECT * FROM `t_section` WHERE ( `topicId` = 307701 ) ORDER BY sort asc LIMIT 0,10  
SELECT * FROM `t_role_browse` WHERE ( `contentId` = 307701 ) AND ( (`keys` like "%%")  ) ORDER BY id asc LIMIT 0,10  
SELECT * FROM `t_section` WHERE ( `topicId` = 307702 ) ORDER BY sort asc LIMIT 0,10  
SELECT * FROM `t_role_browse` WHERE ( `contentId` = 307702 ) AND ( (`keys` like "%%")  ) ORDER BY id asc LIMIT 0,10  
SELECT * FROM `t_section` WHERE ( `topicId` = 307703 ) ORDER BY sort asc LIMIT 0,10  
SELECT * FROM `t_role_browse` WHERE ( `contentId` = 307703 ) AND ( (`keys` like "%%")  ) ORDER BY id asc LIMIT 0,10  
SELECT * FROM `t_section` WHERE ( `topicId` = 307704 ) ORDER BY sort asc LIMIT 0,10  
SELECT * FROM `t_role_browse` WHERE ( `contentId` = 307704 ) AND ( (`keys` like "%%")  ) ORDER BY id asc LIMIT 0,10  
SELECT * FROM `t_section` WHERE ( `topicId` = 307705 ) ORDER BY sort asc LIMIT 0,10  
SELECT * FROM `t_role_browse` WHERE ( `contentId` = 307705 ) AND ( (`keys` like "%%")  ) ORDER BY id asc LIMIT 0,10  
SELECT * FROM `t_section` WHERE ( `topicId` = 307706 ) ORDER BY sort asc LIMIT 0,10  
SELECT * FROM `t_role_browse` WHERE ( `contentId` = 307706 ) AND ( (`keys` like "%%")  ) ORDER BY id asc LIMIT 0,10  
SELECT * FROM `t_section` WHERE ( `topicId` = 307707 ) ORDER BY sort asc LIMIT 0,10  
SELECT * FROM `t_role_browse` WHERE ( `contentId` = 307707 ) AND ( (`keys` like "%%")  ) ORDER BY id asc LIMIT 0,10  
SELECT * FROM `t_course` WHERE ( (`keys` like "%%") and find_in_set("2",stageIds) ) ORDER BY sort asc LIMIT 0,14  
SELECT * FROM `t_course` WHERE ( (`keys` like "%%") and find_in_set("2",stageIds) ) ORDER BY sort asc LIMIT 0,3  
SELECT * FROM `t_topic` WHERE ( `courseId` = 3077 ) ORDER BY sort asc LIMIT 0,10  
SELECT * FROM `t_section` WHERE ( `topicId` = 307701 ) ORDER BY sort asc LIMIT 0,10  
SELECT * FROM `t_role_browse` WHERE ( `contentId` = 307701 ) AND ( (`keys` like "%%")  ) ORDER BY id asc LIMIT 0,10  
SELECT * FROM `t_section` WHERE ( `topicId` = 307702 ) ORDER BY sort asc LIMIT 0,10  
SELECT * FROM `t_role_browse` WHERE ( `contentId` = 307702 ) AND ( (`keys` like "%%")  ) ORDER BY id asc LIMIT 0,10  
SELECT * FROM `t_section` WHERE ( `topicId` = 307703 ) ORDER BY sort asc LIMIT 0,10  
SELECT * FROM `t_role_browse` WHERE ( `contentId` = 307703 ) AND ( (`keys` like "%%")  ) ORDER BY id asc LIMIT 0,10  
SELECT * FROM `t_section` WHERE ( `topicId` = 307704 ) ORDER BY sort asc LIMIT 0,10  
SELECT * FROM `t_role_browse` WHERE ( `contentId` = 307704 ) AND ( (`keys` like "%%")  ) ORDER BY id asc LIMIT 0,10  
SELECT * FROM `t_section` WHERE ( `topicId` = 307705 ) ORDER BY sort asc LIMIT 0,10  
SELECT * FROM `t_role_browse` WHERE ( `contentId` = 307705 ) AND ( (`keys` like "%%")  ) ORDER BY id asc LIMIT 0,10  
SELECT * FROM `t_section` WHERE ( `topicId` = 307706 ) ORDER BY sort asc LIMIT 0,10  
SELECT * FROM `t_role_browse` WHERE ( `contentId` = 307706 ) AND ( (`keys` like "%%")  ) ORDER BY id asc LIMIT 0,10  
SELECT * FROM `t_section` WHERE ( `topicId` = 307707 ) ORDER BY sort asc LIMIT 0,10  
SELECT * FROM `t_role_browse` WHERE ( `contentId` = 307707 ) AND ( (`keys` like "%%")  ) ORDER BY id asc LIMIT 0,10  
SELECT * FROM `t_topic` WHERE ( `courseId` = 8001 ) ORDER BY sort asc LIMIT 0,10  
SELECT * FROM `t_section` WHERE ( `topicId` = 800101 ) ORDER BY sort asc LIMIT 0,10  
SELECT * FROM `t_role_browse` WHERE ( `contentId` = 800101 ) AND ( (`keys` like "%%")  ) ORDER BY id asc LIMIT 0,10  
SELECT * FROM `t_topic` WHERE ( `courseId` = 8002 ) ORDER BY sort asc LIMIT 0,10  
SELECT * FROM `t_section` WHERE ( `topicId` = 800201 ) ORDER BY sort asc LIMIT 0,10  
SELECT * FROM `t_role_browse` WHERE ( `contentId` = 800201 ) AND ( (`keys` like "%%")  ) ORDER BY id asc LIMIT 0,10  
SELECT * FROM `t_course` WHERE ( (`keys` like "%%") and find_in_set("2",stageIds) ) ORDER BY sort asc LIMIT 0,14  
SELECT * FROM `t_course` WHERE ( (`keys` like "%%") and find_in_set("2",stageIds) ) ORDER BY sort asc LIMIT 0,3  
SELECT * FROM `t_topic` WHERE ( `courseId` = 3077 ) ORDER BY sort asc LIMIT 0,10  
SELECT * FROM `t_section` WHERE ( `topicId` = 307701 ) ORDER BY sort asc LIMIT 0,10  
SELECT * FROM `t_role_browse` WHERE ( `contentId` = 307701 ) AND ( (`keys` like "%%")  ) ORDER BY id asc LIMIT 0,10  
SELECT * FROM `t_section` WHERE ( `topicId` = 307702 ) ORDER BY sort asc LIMIT 0,10  
SELECT * FROM `t_role_browse` WHERE ( `contentId` = 307702 ) AND ( (`keys` like "%%")  ) ORDER BY id asc LIMIT 0,10  
SELECT * FROM `t_section` WHERE ( `topicId` = 307703 ) ORDER BY sort asc LIMIT 0,10  
SELECT * FROM `t_role_browse` WHERE ( `contentId` = 307703 ) AND ( (`keys` like "%%")  ) ORDER BY id asc LIMIT 0,10  
SELECT * FROM `t_section` WHERE ( `topicId` = 307704 ) ORDER BY sort asc LIMIT 0,10  
SELECT * FROM `t_role_browse` WHERE ( `contentId` = 307704 ) AND ( (`keys` like "%%")  ) ORDER BY id asc LIMIT 0,10  
SELECT * FROM `t_section` WHERE ( `topicId` = 307705 ) ORDER BY sort asc LIMIT 0,10  
SELECT * FROM `t_role_browse` WHERE ( `contentId` = 307705 ) AND ( (`keys` like "%%")  ) ORDER BY id asc LIMIT 0,10  
SELECT * FROM `t_section` WHERE ( `topicId` = 307706 ) ORDER BY sort asc LIMIT 0,10  
SELECT * FROM `t_role_browse` WHERE ( `contentId` = 307706 ) AND ( (`keys` like "%%")  ) ORDER BY id asc LIMIT 0,10  
SELECT * FROM `t_section` WHERE ( `topicId` = 307707 ) ORDER BY sort asc LIMIT 0,10  
SELECT * FROM `t_role_browse` WHERE ( `contentId` = 307707 ) AND ( (`keys` like "%%")  ) ORDER BY id asc LIMIT 0,10  
SELECT * FROM `t_topic` WHERE ( `courseId` = 8001 ) ORDER BY sort asc LIMIT 0,10  
SELECT * FROM `t_section` WHERE ( `topicId` = 800101 ) ORDER BY sort asc LIMIT 0,10  
SELECT * FROM `t_role_browse` WHERE ( `contentId` = 800101 ) AND ( (`keys` like "%%")  ) ORDER BY id asc LIMIT 0,10  
SELECT * FROM `t_topic` WHERE ( `courseId` = 8002 ) ORDER BY sort asc LIMIT 0,10  
SELECT * FROM `t_section` WHERE ( `topicId` = 800201 ) ORDER BY sort asc LIMIT 0,10  
SELECT * FROM `t_role_browse` WHERE ( `contentId` = 800201 ) AND ( (`keys` like "%%")  ) ORDER BY id asc LIMIT 0,10  
SELECT * FROM `t_topic` WHERE ( `courseId` = 3077 ) ORDER BY sort asc LIMIT 0,10  
SELECT * FROM `t_topic` WHERE ( `courseId` = 3077 ) ORDER BY sort asc LIMIT 0,12  
SELECT * FROM `t_section` WHERE ( `topicId` = 307701 ) ORDER BY sort asc LIMIT 0,10  
SELECT * FROM `t_role_browse` WHERE ( `contentId` = 307701 ) AND ( (`keys` like "%%")  ) ORDER BY id asc LIMIT 0,10  
SELECT * FROM `t_section` WHERE ( `topicId` = 307702 ) ORDER BY sort asc LIMIT 0,10  
SELECT * FROM `t_role_browse` WHERE ( `contentId` = 307702 ) AND ( (`keys` like "%%")  ) ORDER BY id asc LIMIT 0,10  
SELECT * FROM `t_section` WHERE ( `topicId` = 307703 ) ORDER BY sort asc LIMIT 0,10  
SELECT * FROM `t_role_browse` WHERE ( `contentId` = 307703 ) AND ( (`keys` like "%%")  ) ORDER BY id asc LIMIT 0,10  
SELECT * FROM `t_section` WHERE ( `topicId` = 307704 ) ORDER BY sort asc LIMIT 0,10  
SELECT * FROM `t_role_browse` WHERE ( `contentId` = 307704 ) AND ( (`keys` like "%%")  ) ORDER BY id asc LIMIT 0,10  
SELECT * FROM `t_section` WHERE ( `topicId` = 307705 ) ORDER BY sort asc LIMIT 0,10  
SELECT * FROM `t_role_browse` WHERE ( `contentId` = 307705 ) AND ( (`keys` like "%%")  ) ORDER BY id asc LIMIT 0,10  
SELECT * FROM `t_section` WHERE ( `topicId` = 307706 ) ORDER BY sort asc LIMIT 0,10  
SELECT * FROM `t_role_browse` WHERE ( `contentId` = 307706 ) AND ( (`keys` like "%%")  ) ORDER BY id asc LIMIT 0,10  
SELECT * FROM `t_section` WHERE ( `topicId` = 307707 ) ORDER BY sort asc LIMIT 0,10  
SELECT * FROM `t_role_browse` WHERE ( `contentId` = 307707 ) AND ( (`keys` like "%%")  ) ORDER BY id asc LIMIT 0,10  
SELECT * FROM `t_role` WHERE ( `userId` = 6 ) ORDER BY id asc LIMIT 0,10  
SELECT `keyList` FROM `t_resource` WHERE (  (`keyList` like "%社会%")  OR (`keyList` like "%习惯%")  OR (`keyList` like "%健康%")  OR (`keyList` like "%科学%")  OR (`keyList` like "%习惯%")  OR (`keyList` like "%语言%")  OR (`keyList` like "%综合%")   ) ORDER BY id asc LIMIT 0,10  
SELECT * FROM `t_role_browse` WHERE ( `type` = 1 ) AND ( ( (`keys` like "%社会%") OR (`keys` like "%习惯%") OR (`keys` like "%健康%") OR (`keys` like "%科学%") OR (`keys` like "%习惯%") OR (`keys` like "%语言%") OR (`keys` like "%综合%") )  ) ORDER BY id asc LIMIT 0,10  
SELECT `keyList` FROM `t_resource` WHERE (  (`keyList` like "%社会%")  OR (`keyList` like "%习惯%")  OR (`keyList` like "%健康%")  OR (`keyList` like "%科学%")  OR (`keyList` like "%习惯%")  OR (`keyList` like "%语言%")  OR (`keyList` like "%综合%")   ) ORDER BY id asc LIMIT 0,10  
SELECT * FROM `t_role_browse` WHERE ( `type` = 1 ) AND ( ( (`keys` like "%社会%") OR (`keys` like "%习惯%") OR (`keys` like "%健康%") OR (`keys` like "%科学%") OR (`keys` like "%习惯%") OR (`keys` like "%语言%") OR (`keys` like "%综合%") )  ) ORDER BY id asc LIMIT 0,10  
SELECT * FROM `t_role` WHERE ( `userId` = 6 ) ORDER BY id asc LIMIT 0,10  
SELECT `keyList` FROM `t_resource` WHERE (  (`keyList` like "%社会%")  OR (`keyList` like "%习惯%")  OR (`keyList` like "%健康%")  OR (`keyList` like "%科学%")  OR (`keyList` like "%习惯%")  OR (`keyList` like "%语言%")  OR (`keyList` like "%综合%")   ) ORDER BY id asc LIMIT 0,10  
SELECT * FROM `t_role_browse` WHERE ( `type` = 1 ) AND ( ( (`keys` like "%社会%") OR (`keys` like "%习惯%") OR (`keys` like "%健康%") OR (`keys` like "%科学%") OR (`keys` like "%习惯%") OR (`keys` like "%语言%") OR (`keys` like "%综合%") )  ) ORDER BY id asc LIMIT 0,10  
SELECT `keyList` FROM `t_resource` WHERE (  (`keyList` like "%社会%")  OR (`keyList` like "%习惯%")  OR (`keyList` like "%健康%")  OR (`keyList` like "%科学%")  OR (`keyList` like "%习惯%")  OR (`keyList` like "%语言%")  OR (`keyList` like "%综合%")   ) ORDER BY id asc LIMIT 0,10  
SELECT * FROM `t_role_browse` WHERE ( `type` = 1 ) AND ( ( (`keys` like "%社会%") OR (`keys` like "%习惯%") OR (`keys` like "%健康%") OR (`keys` like "%科学%") OR (`keys` like "%习惯%") OR (`keys` like "%语言%") OR (`keys` like "%综合%") )  ) ORDER BY id asc LIMIT 0,10  
SELECT `keyList` FROM `t_resource` WHERE (  (`keyList` like "%社会%")  OR (`keyList` like "%习惯%")  OR (`keyList` like "%健康%")  OR (`keyList` like "%科学%")  OR (`keyList` like "%习惯%")  OR (`keyList` like "%语言%")  OR (`keyList` like "%综合%")   ) ORDER BY id asc LIMIT 0,10  
SELECT * FROM `t_role_browse` WHERE ( `type` = 1 ) AND ( ( (`keys` like "%社会%") OR (`keys` like "%习惯%") OR (`keys` like "%健康%") OR (`keys` like "%科学%") OR (`keys` like "%习惯%") OR (`keys` like "%语言%") OR (`keys` like "%综合%") )  ) ORDER BY id asc LIMIT 0,10  
