SELECT * FROM `t_course` WHERE ( (`keys` like "%1%")  ) ORDER BY sort asc LIMIT 0,10  
SELECT * FROM `t_course` WHERE ( (`keys` like "%2%")  ) ORDER BY sort asc LIMIT 0,10  
SELECT * FROM `t_course` WHERE ( (`keys` like "%3%")  ) ORDER BY sort asc LIMIT 0,10  
SELECT * FROM `t_section` WHERE ( `topicId` IN ('') ) ORDER BY sort asc LIMIT 0,10  
SELECT * FROM `t_course` WHERE ( (`keys` like "%1%")  ) ORDER BY sort asc LIMIT 0,10  
SELECT * FROM `t_course` WHERE ( (`keys` like "%2%")  ) ORDER BY sort asc LIMIT 0,10  
SELECT * FROM `t_course` WHERE ( (`keys` like "%3%")  ) ORDER BY sort asc LIMIT 0,10  
SELECT * FROM `t_section` WHERE ( `topicId` IN ('') ) ORDER BY sort asc LIMIT 0,10  
SELECT * FROM `t_course` WHERE ( (`keys` like "%1%")  ) ORDER BY sort asc LIMIT 0,10  
SELECT * FROM `t_course` WHERE ( (`keys` like "%2%")  ) ORDER BY sort asc LIMIT 0,10  
SELECT * FROM `t_course` WHERE ( (`keys` like "%3%")  ) ORDER BY sort asc LIMIT 0,10  
SELECT * FROM `t_section` WHERE ( `topicId` IN ('') ) ORDER BY sort asc LIMIT 0,10  
SELECT * FROM `t_course` WHERE ( (`keys` like "%1%")  ) ORDER BY sort asc LIMIT 0,10  
SELECT * FROM `t_course` WHERE ( (`keys` like "%2%")  ) ORDER BY sort asc LIMIT 0,10  
SELECT * FROM `t_course` WHERE ( (`keys` like "%3%")  ) ORDER BY sort asc LIMIT 0,10  
SELECT * FROM `t_course` WHERE ( (`keys` like "%1%")  ) ORDER BY sort asc LIMIT 0,10  
SELECT * FROM `t_course` WHERE ( (`keys` like "%2%")  ) ORDER BY sort asc LIMIT 0,10  
SELECT * FROM `t_course` WHERE ( (`keys` like "%3%")  ) ORDER BY sort asc LIMIT 0,10  
SELECT * FROM `t_course` WHERE ( (`keys` like "%1%")  ) ORDER BY sort asc LIMIT 0,10  
SELECT * FROM `t_course` WHERE ( (`keys` like "%2%")  ) ORDER BY sort asc LIMIT 0,10  
SELECT * FROM `t_course` WHERE ( (`keys` like "%3%")  ) ORDER BY sort asc LIMIT 0,10  
SELECT * FROM `t_course` WHERE ( (`keys` like "%1%")  ) ORDER BY sort asc LIMIT 0,10  
SELECT * FROM `t_course` WHERE ( (`keys` like "%2%")  ) ORDER BY sort asc LIMIT 0,10  
SELECT * FROM `t_course` WHERE ( (`keys` like "%3%")  ) ORDER BY sort asc LIMIT 0,10  
SELECT * FROM `t_course` WHERE ( (`keys` like "%1%")  ) ORDER BY sort asc LIMIT 0,10  
SELECT * FROM `t_course` WHERE ( (`keys` like "%2%")  ) ORDER BY sort asc LIMIT 0,10  
SELECT * FROM `t_course` WHERE ( (`keys` like "%3%")  ) ORDER BY sort asc LIMIT 0,10  
SELECT * FROM `t_user` WHERE ( `OpUserId` = '123456789036' ) LIMIT 1  
SELECT * FROM `t_role` WHERE ( `userId` = 6 ) ORDER BY id asc LIMIT 0,10  
SELECT * FROM `t_course` WHERE ( (`keys` like "%1%") and (`stageIds` like "%11%") ) ORDER BY id asc LIMIT 0,1  
SELECT * FROM `t_course` WHERE ( (`keys` like "%2%") and (`stageIds` like "%11%") ) ORDER BY id asc LIMIT 0,1  
SELECT * FROM `t_course` WHERE ( ( (`keys` like "%3%") )and (`stageIds` like "%11%") ) ORDER BY sort asc LIMIT 0,4  
SELECT * FROM `t_course` WHERE ( (`keys` like "%1%") and (`stageIds` like "%11%") ) ORDER BY id asc LIMIT 0,1  
SELECT * FROM `t_course` WHERE ( (`keys` like "%2%") and (`stageIds` like "%11%") ) ORDER BY id asc LIMIT 0,1  
SELECT * FROM `t_course` WHERE ( ( (`keys` like "%3%") )and (`stageIds` like "%11%") ) ORDER BY sort asc LIMIT 0,4  
SELECT * FROM `t_role` WHERE ( `userId` = 6 ) ORDER BY id asc LIMIT 0,10  
SELECT * FROM `t_course` WHERE ( (`keys` like "%1%") and (`stageIds` like "%2%") ) ORDER BY id asc LIMIT 0,1  
SELECT * FROM `t_course` WHERE ( (`keys` like "%2%") and (`stageIds` like "%2%") ) ORDER BY id asc LIMIT 0,1  
SELECT * FROM `t_course` WHERE ( ( (`keys` like "%3%") )and (`stageIds` like "%2%") ) ORDER BY sort asc LIMIT 0,4  
SELECT * FROM `t_section` WHERE ( `topicId` IN ('300101','300102','300103','300104','300105','300106','300107','300108') ) ORDER BY sort asc LIMIT 0,10  
SELECT * FROM `t_course` WHERE ( (`keys` like "%1%") and (`stageIds` like "%2%") ) ORDER BY id asc LIMIT 0,1  
SELECT * FROM `t_course` WHERE ( (`keys` like "%2%") and (`stageIds` like "%2%") ) ORDER BY id asc LIMIT 0,1  
SELECT * FROM `t_course` WHERE ( ( (`keys` like "%3%") )and (`stageIds` like "%2%") ) ORDER BY sort asc LIMIT 0,4  
SELECT * FROM `t_role` WHERE ( `userId` = 6 ) ORDER BY id asc LIMIT 0,10  
SELECT * FROM `t_course` WHERE ( (`keys` like "%1%") and (`stageIds` like "%4%")and (`name` like "%第4周%") ) ORDER BY id asc LIMIT 0,1  
SELECT * FROM `t_course` WHERE ( (`keys` like "%2%") and (`stageIds` like "%4%") ) ORDER BY id asc LIMIT 0,1  
SELECT * FROM `t_course` WHERE ( ( (`keys` like "%3%") )and (`stageIds` like "%4%") ) ORDER BY sort asc LIMIT 0,3  
SELECT * FROM `t_course` WHERE ( (`keys` like "%1%") and (`stageIds` like "%4%")and (`name` like "%第4周%") ) ORDER BY id asc LIMIT 0,1  
SELECT * FROM `t_course` WHERE ( (`keys` like "%2%") and (`stageIds` like "%4%") ) ORDER BY id asc LIMIT 0,1  
SELECT * FROM `t_course` WHERE ( ( (`keys` like "%3%") )and (`stageIds` like "%4%") ) ORDER BY sort asc LIMIT 0,3  
SELECT * FROM `t_course` WHERE ( (`keys` like "%1%") and (`stageIds` like "%4%")and (`name` like "%第4周%") ) ORDER BY id asc LIMIT 0,1  
SELECT * FROM `t_course` WHERE ( (`keys` like "%2%") and (`stageIds` like "%4%") ) ORDER BY id asc LIMIT 0,1  
SELECT * FROM `t_course` WHERE ( ( (`keys` like "%3%") )and (`stageIds` like "%4%") ) ORDER BY sort asc LIMIT 0,3  
SELECT * FROM `t_course` WHERE ( (`keys` like "%1%") and (`stageIds` like "%4%")and (`name` like "%第4周%") ) ORDER BY id asc LIMIT 0,1  
SELECT * FROM `t_course` WHERE ( (`keys` like "%2%") and (`stageIds` like "%4%") ) ORDER BY id asc LIMIT 0,1  
SELECT * FROM `t_course` WHERE ( ( (`keys` like "%3%") )and (`stageIds` like "%4%") ) ORDER BY sort asc LIMIT 0,3  
SELECT * FROM `t_role_course` WHERE ( `userId` = 6 ) ORDER BY id asc LIMIT 0,10  
SELECT * FROM `t_course` WHERE ( (`keys` like "%1%") and (`stageIds` like "%4%")and (`name` like "%第4周%") ) ORDER BY id asc LIMIT 0,1  
SELECT * FROM `t_course` WHERE ( (`keys` like "%2%") and (`stageIds` like "%4%") ) ORDER BY id asc LIMIT 0,1  
SELECT * FROM `t_course` WHERE ( ( (`keys` like "%3%") )and (`stageIds` like "%4%") ) ORDER BY sort asc LIMIT 0,3  
SELECT * FROM `t_course` WHERE ( `chId` = 18 ) AND ( (`keys` like "%%")  ) ORDER BY sort asc LIMIT 0,10  
SELECT * FROM `t_course` WHERE ( `chId` = 19 ) AND ( (`keys` like "%%")  ) ORDER BY sort asc LIMIT 0,10  
SELECT * FROM `t_course` WHERE ( `chId` = 20 ) AND ( (`keys` like "%%")  ) ORDER BY sort asc LIMIT 0,10  
SELECT * FROM `t_course` WHERE ( (`keys` like "%1%") and (`stageIds` like "%4%")and (`name` like "%第4周%") ) ORDER BY id asc LIMIT 0,1  
SELECT * FROM `t_course` WHERE ( (`keys` like "%2%") and (`stageIds` like "%4%") ) ORDER BY id asc LIMIT 0,1  
SELECT * FROM `t_course` WHERE ( ( (`keys` like "%3%") )and (`stageIds` like "%4%") ) ORDER BY sort asc LIMIT 0,3  
SELECT * FROM `t_course` WHERE ( (`keys` like "%1%") and (`stageIds` like "%4%")and (`name` like "%第4周%") ) ORDER BY id asc LIMIT 0,1  
SELECT * FROM `t_course` WHERE ( (`keys` like "%2%") and (`stageIds` like "%4%") ) ORDER BY id asc LIMIT 0,1  
SELECT * FROM `t_course` WHERE ( ( (`keys` like "%3%") )and (`stageIds` like "%4%") ) ORDER BY sort asc LIMIT 0,3  
SELECT * FROM `t_course` WHERE ( (`keys` like "%1%") and (`stageIds` like "%4%")and (`name` like "%第4周%") ) ORDER BY id asc LIMIT 0,1  
SELECT * FROM `t_course` WHERE ( (`keys` like "%2%") and (`stageIds` like "%4%") ) ORDER BY id asc LIMIT 0,1  
SELECT * FROM `t_course` WHERE ( ( (`keys` like "%3%") )and (`stageIds` like "%4%") ) ORDER BY sort asc LIMIT 0,3  
SELECT * FROM `t_topic` WHERE ( `courseId` = 2004 ) ORDER BY sort asc LIMIT 0,10  
SELECT * FROM `t_section` WHERE ( `topicId` = 200401 ) ORDER BY sort asc LIMIT 0,5  
SELECT * FROM `t_course` WHERE ( `typeId` = 2 ) AND ( (`keys` like "%%") and (`stageIds` like "%4%") ) ORDER BY sort asc LIMIT 0,3  
SELECT * FROM `t_course` WHERE ( (`keys` like "%1%") and (`stageIds` like "%4%")and (`name` like "%第4周%") ) ORDER BY id asc LIMIT 0,1  
SELECT * FROM `t_course` WHERE ( (`keys` like "%2%") and (`stageIds` like "%4%") ) ORDER BY id asc LIMIT 0,1  
SELECT * FROM `t_course` WHERE ( ( (`keys` like "%3%") )and (`stageIds` like "%4%") ) ORDER BY sort asc LIMIT 0,3  
SELECT * FROM `t_course` WHERE ( `chId` = '18' ) AND ( (`keys` like "%%")  ) ORDER BY sort asc LIMIT 0,10  
SELECT * FROM `t_course` WHERE ( `chId` = '19' ) AND ( (`keys` like "%%")  ) ORDER BY sort asc LIMIT 0,10  
SELECT * FROM `t_course` WHERE ( (`keys` like "%%") and (`stageIds` like "%4%") ) ORDER BY sort asc LIMIT 0,10  
SELECT * FROM `t_course` WHERE ( `chId` = '19' ) AND ( (`keys` like "%%")  ) ORDER BY sort asc LIMIT 0,10  
SELECT * FROM `t_course` WHERE ( `chId` = '19' ) AND ( (`keys` like "%%")  ) ORDER BY sort asc LIMIT 10,10  
SELECT * FROM `t_course` WHERE ( `chId` = '19' ) AND ( (`keys` like "%%")  ) ORDER BY sort asc LIMIT 0,10  
SELECT * FROM `t_course` WHERE ( (`keys` like "%%") and (`stageIds` like "%6%") ) ORDER BY sort asc LIMIT 0,10  
SELECT * FROM `t_course` WHERE ( `chId` = '19' ) AND ( (`keys` like "%%")  ) ORDER BY sort asc LIMIT 0,10  
SELECT * FROM `t_course` WHERE ( (`keys` like "%%") and (`stageIds` like "%3%") ) ORDER BY sort asc LIMIT 0,10  
SELECT * FROM `t_stage` ORDER BY sort asc LIMIT 0,50  
SELECT * FROM `t_pro_config` ORDER BY id asc LIMIT 0,50  
SELECT * FROM `t_stage` WHERE ( `status` = 1 ) ORDER BY sort asc LIMIT 0,50  
SELECT * FROM `t_pro_config` ORDER BY id asc LIMIT 0,50  
SELECT * FROM `t_pro_config` WHERE ( `cKey` = 'proConfig' ) LIMIT 1  
