[ 2014-12-20T09:17:03+08:00 ] 192.168.0.152 /Test/Test
ERR: Could not open ./upfiles/b/5493d6271a28e.xlsx for reading! File does not exist.

[ 2014-12-20T09:17:49+08:00 ] 192.168.0.152 /System/Upfile/index
INFO: [ app_begin ] --START--
INFO: Run Behavior\ReadHtmlCacheBehavior [ RunTime:0.000488s ]
INFO: Run Common\Behaviors\AppBeginBehavior [ RunTime:0.000850s ]
INFO: [ app_begin ] --END-- [ RunTime:0.001890s ]
NOTIC: [2048] Declaration of Common\Model\SysUserModel::selectOne() should be compatible with that of Common\Model\BaseModel::selectOne() D:\home\coding\zendstudio\edu\Education_dev_platform\branches\v1.0\Application\Common\Model\SysUserModel.class.php 第 9 行.
SQL: SHOW COLUMNS FROM `t_sys_user` [ RunTime:0.000807s ]
SQL: SELECT ru.id,ru.name,ru.realName,ru.roleId,ru.status,ru.lastTime,ru.lastIp,r.name as roleName,r.isSuper,r.auth FROM t_sys_user ru INNER JOIN t_sys_role r ON r.id=ru.roleId  WHERE ( ru.id = '1' ) LIMIT 1   [ RunTime:0.000981s ]
SQL: SHOW COLUMNS FROM `t_upfile` [ RunTime:0.001014s ]
NOTIC: [8] Undefined index: isLogic D:\home\coding\zendstudio\edu\Education_dev_platform\branches\v1.0\Application\Common\Model\BaseModel.class.php 第 154 行.
NOTIC: [8] Undefined index: fieldExcept D:\home\coding\zendstudio\edu\Education_dev_platform\branches\v1.0\Application\Common\Model\BaseModel.class.php 第 158 行.
NOTIC: [8] Undefined index: sortOrder D:\home\coding\zendstudio\edu\Education_dev_platform\branches\v1.0\Application\Common\Model\BaseModel.class.php 第 160 行.
NOTIC: [8] Undefined index: initPage D:\home\coding\zendstudio\edu\Education_dev_platform\branches\v1.0\Application\Common\Model\BaseModel.class.php 第 170 行.
NOTIC: [8] Undefined index: page D:\home\coding\zendstudio\edu\Education_dev_platform\branches\v1.0\Application\Common\Model\BaseModel.class.php 第 171 行.
NOTIC: [8] Undefined index: pageSize D:\home\coding\zendstudio\edu\Education_dev_platform\branches\v1.0\Application\Common\Model\BaseModel.class.php 第 171 行.
NOTIC: [8] Undefined index: initPage D:\home\coding\zendstudio\edu\Education_dev_platform\branches\v1.0\Application\Common\Model\BaseModel.class.php 第 44 行.
NOTIC: [8] Undefined index: field D:\home\coding\zendstudio\edu\Education_dev_platform\branches\v1.0\Application\Common\Model\BaseModel.class.php 第 47 行.
SQL: SELECT * FROM `t_upfile` ORDER BY id desc LIMIT 0,50   [ RunTime:0.001228s ]
SQL: SELECT COUNT(*) AS tp_count FROM `t_upfile` LIMIT 1   [ RunTime:0.000978s ]
NOTIC: [2] Invalid argument supplied for foreach() D:\home\coding\zendstudio\edu\Education_dev_platform\branches\v1.0\Application\Common\Common\common.php 第 38 行.
NOTIC: [2] Invalid argument supplied for foreach() D:\home\coding\zendstudio\edu\Education_dev_platform\branches\v1.0\Application\Common\Common\common.php 第 38 行.
NOTIC: [2] Invalid argument supplied for foreach() D:\home\coding\zendstudio\edu\Education_dev_platform\branches\v1.0\Application\Common\Common\common.php 第 38 行.
NOTIC: [2] Invalid argument supplied for foreach() D:\home\coding\zendstudio\edu\Education_dev_platform\branches\v1.0\Application\Common\Common\common.php 第 38 行.
NOTIC: [2] Invalid argument supplied for foreach() D:\home\coding\zendstudio\edu\Education_dev_platform\branches\v1.0\Application\Common\Common\common.php 第 38 行.
NOTIC: [2] Invalid argument supplied for foreach() D:\home\coding\zendstudio\edu\Education_dev_platform\branches\v1.0\Application\Common\Common\common.php 第 38 行.
NOTIC: [2] Invalid argument supplied for foreach() D:\home\coding\zendstudio\edu\Education_dev_platform\branches\v1.0\Application\Common\Common\common.php 第 38 行.
NOTIC: [2] Invalid argument supplied for foreach() D:\home\coding\zendstudio\edu\Education_dev_platform\branches\v1.0\Application\Common\Common\common.php 第 38 行.
NOTIC: [2] Invalid argument supplied for foreach() D:\home\coding\zendstudio\edu\Education_dev_platform\branches\v1.0\Application\Common\Common\common.php 第 38 行.
NOTIC: [2] Invalid argument supplied for foreach() D:\home\coding\zendstudio\edu\Education_dev_platform\branches\v1.0\Application\Common\Common\common.php 第 38 行.
NOTIC: [2] Invalid argument supplied for foreach() D:\home\coding\zendstudio\edu\Education_dev_platform\branches\v1.0\Application\Common\Common\common.php 第 38 行.
NOTIC: [2] Invalid argument supplied for foreach() D:\home\coding\zendstudio\edu\Education_dev_platform\branches\v1.0\Application\Common\Common\common.php 第 38 行.
NOTIC: [2] Invalid argument supplied for foreach() D:\home\coding\zendstudio\edu\Education_dev_platform\branches\v1.0\Application\Common\Common\common.php 第 38 行.
NOTIC: [2] Invalid argument supplied for foreach() D:\home\coding\zendstudio\edu\Education_dev_platform\branches\v1.0\Application\Common\Common\common.php 第 38 行.
NOTIC: [2] Invalid argument supplied for foreach() D:\home\coding\zendstudio\edu\Education_dev_platform\branches\v1.0\Application\Common\Common\common.php 第 38 行.
NOTIC: [2] Invalid argument supplied for foreach() D:\home\coding\zendstudio\edu\Education_dev_platform\branches\v1.0\Application\Common\Common\common.php 第 38 行.
NOTIC: [2] Invalid argument supplied for foreach() D:\home\coding\zendstudio\edu\Education_dev_platform\branches\v1.0\Application\Common\Common\common.php 第 38 行.
NOTIC: [2] Invalid argument supplied for foreach() D:\home\coding\zendstudio\edu\Education_dev_platform\branches\v1.0\Application\Common\Common\common.php 第 38 行.
NOTIC: [2] Invalid argument supplied for foreach() D:\home\coding\zendstudio\edu\Education_dev_platform\branches\v1.0\Application\Common\Common\common.php 第 38 行.
NOTIC: [2] Invalid argument supplied for foreach() D:\home\coding\zendstudio\edu\Education_dev_platform\branches\v1.0\Application\Common\Common\common.php 第 38 行.
NOTIC: [2] Invalid argument supplied for foreach() D:\home\coding\zendstudio\edu\Education_dev_platform\branches\v1.0\Application\Common\Common\common.php 第 38 行.
NOTIC: [2] Invalid argument supplied for foreach() D:\home\coding\zendstudio\edu\Education_dev_platform\branches\v1.0\Application\Common\Common\common.php 第 38 行.
NOTIC: [2] Invalid argument supplied for foreach() D:\home\coding\zendstudio\edu\Education_dev_platform\branches\v1.0\Application\Common\Common\common.php 第 38 行.
NOTIC: [2] Invalid argument supplied for foreach() D:\home\coding\zendstudio\edu\Education_dev_platform\branches\v1.0\Application\Common\Common\common.php 第 38 行.
NOTIC: [2] Invalid argument supplied for foreach() D:\home\coding\zendstudio\edu\Education_dev_platform\branches\v1.0\Application\Common\Common\common.php 第 38 行.
NOTIC: [2] Invalid argument supplied for foreach() D:\home\coding\zendstudio\edu\Education_dev_platform\branches\v1.0\Application\Common\Common\common.php 第 38 行.
NOTIC: [2] Invalid argument supplied for foreach() D:\home\coding\zendstudio\edu\Education_dev_platform\branches\v1.0\Application\Common\Common\common.php 第 38 行.
NOTIC: [2] Invalid argument supplied for foreach() D:\home\coding\zendstudio\edu\Education_dev_platform\branches\v1.0\Application\Common\Common\common.php 第 38 行.
NOTIC: [2] Invalid argument supplied for foreach() D:\home\coding\zendstudio\edu\Education_dev_platform\branches\v1.0\Application\Common\Common\common.php 第 38 行.
NOTIC: [2] Invalid argument supplied for foreach() D:\home\coding\zendstudio\edu\Education_dev_platform\branches\v1.0\Application\Common\Common\common.php 第 38 行.
NOTIC: [2] Invalid argument supplied for foreach() D:\home\coding\zendstudio\edu\Education_dev_platform\branches\v1.0\Application\Common\Common\common.php 第 38 行.
NOTIC: [2] Invalid argument supplied for foreach() D:\home\coding\zendstudio\edu\Education_dev_platform\branches\v1.0\Application\Common\Common\common.php 第 38 行.
NOTIC: [2] Invalid argument supplied for foreach() D:\home\coding\zendstudio\edu\Education_dev_platform\branches\v1.0\Application\Common\Common\common.php 第 38 行.
NOTIC: [2] Invalid argument supplied for foreach() D:\home\coding\zendstudio\edu\Education_dev_platform\branches\v1.0\Application\Common\Common\common.php 第 38 行.
NOTIC: [2] Invalid argument supplied for foreach() D:\home\coding\zendstudio\edu\Education_dev_platform\branches\v1.0\Application\Common\Common\common.php 第 38 行.
NOTIC: [2] Invalid argument supplied for foreach() D:\home\coding\zendstudio\edu\Education_dev_platform\branches\v1.0\Application\Common\Common\common.php 第 38 行.
NOTIC: [2] Invalid argument supplied for foreach() D:\home\coding\zendstudio\edu\Education_dev_platform\branches\v1.0\Application\Common\Common\common.php 第 38 行.
NOTIC: [2] Invalid argument supplied for foreach() D:\home\coding\zendstudio\edu\Education_dev_platform\branches\v1.0\Application\Common\Common\common.php 第 38 行.
NOTIC: [2] Invalid argument supplied for foreach() D:\home\coding\zendstudio\edu\Education_dev_platform\branches\v1.0\Application\Common\Common\common.php 第 38 行.
NOTIC: [2] Invalid argument supplied for foreach() D:\home\coding\zendstudio\edu\Education_dev_platform\branches\v1.0\Application\Common\Common\common.php 第 38 行.
NOTIC: [2] Invalid argument supplied for foreach() D:\home\coding\zendstudio\edu\Education_dev_platform\branches\v1.0\Application\Common\Common\common.php 第 38 行.
NOTIC: [2] Invalid argument supplied for foreach() D:\home\coding\zendstudio\edu\Education_dev_platform\branches\v1.0\Application\Common\Common\common.php 第 38 行.
NOTIC: [2] Invalid argument supplied for foreach() D:\home\coding\zendstudio\edu\Education_dev_platform\branches\v1.0\Application\Common\Common\common.php 第 38 行.
NOTIC: [2] Invalid argument supplied for foreach() D:\home\coding\zendstudio\edu\Education_dev_platform\branches\v1.0\Application\Common\Common\common.php 第 38 行.
NOTIC: [2] Invalid argument supplied for foreach() D:\home\coding\zendstudio\edu\Education_dev_platform\branches\v1.0\Application\Common\Common\common.php 第 38 行.
NOTIC: [2] Invalid argument supplied for foreach() D:\home\coding\zendstudio\edu\Education_dev_platform\branches\v1.0\Application\Common\Common\common.php 第 38 行.
NOTIC: [2] Invalid argument supplied for foreach() D:\home\coding\zendstudio\edu\Education_dev_platform\branches\v1.0\Application\Common\Common\common.php 第 38 行.
NOTIC: [2] Invalid argument supplied for foreach() D:\home\coding\zendstudio\edu\Education_dev_platform\branches\v1.0\Application\Common\Common\common.php 第 38 行.
NOTIC: [2] Invalid argument supplied for foreach() D:\home\coding\zendstudio\edu\Education_dev_platform\branches\v1.0\Application\Common\Common\common.php 第 38 行.
NOTIC: [2] Invalid argument supplied for foreach() D:\home\coding\zendstudio\edu\Education_dev_platform\branches\v1.0\Application\Common\Common\common.php 第 38 行.

[ 2014-12-20T09:17:53+08:00 ] 192.168.0.152 /System/Upfile/index
INFO: [ app_begin ] --START--
INFO: Run Behavior\ReadHtmlCacheBehavior [ RunTime:0.000453s ]
INFO: Run Common\Behaviors\AppBeginBehavior [ RunTime:0.000539s ]
INFO: [ app_begin ] --END-- [ RunTime:0.001450s ]
NOTIC: [2048] Declaration of Common\Model\SysUserModel::selectOne() should be compatible with that of Common\Model\BaseModel::selectOne() D:\home\coding\zendstudio\edu\Education_dev_platform\branches\v1.0\Application\Common\Model\SysUserModel.class.php 第 9 行.
SQL: SHOW COLUMNS FROM `t_sys_user` [ RunTime:0.001654s ]
SQL: SELECT ru.id,ru.name,ru.realName,ru.roleId,ru.status,ru.lastTime,ru.lastIp,r.name as roleName,r.isSuper,r.auth FROM t_sys_user ru INNER JOIN t_sys_role r ON r.id=ru.roleId  WHERE ( ru.id = '1' ) LIMIT 1   [ RunTime:0.002758s ]
SQL: SHOW COLUMNS FROM `t_upfile` [ RunTime:0.002047s ]
NOTIC: [8] Undefined index: isLogic D:\home\coding\zendstudio\edu\Education_dev_platform\branches\v1.0\Application\Common\Model\BaseModel.class.php 第 154 行.
NOTIC: [8] Undefined index: fieldExcept D:\home\coding\zendstudio\edu\Education_dev_platform\branches\v1.0\Application\Common\Model\BaseModel.class.php 第 158 行.
NOTIC: [8] Undefined index: sortOrder D:\home\coding\zendstudio\edu\Education_dev_platform\branches\v1.0\Application\Common\Model\BaseModel.class.php 第 160 行.
NOTIC: [8] Undefined index: initPage D:\home\coding\zendstudio\edu\Education_dev_platform\branches\v1.0\Application\Common\Model\BaseModel.class.php 第 170 行.
NOTIC: [8] Undefined index: page D:\home\coding\zendstudio\edu\Education_dev_platform\branches\v1.0\Application\Common\Model\BaseModel.class.php 第 171 行.
NOTIC: [8] Undefined index: pageSize D:\home\coding\zendstudio\edu\Education_dev_platform\branches\v1.0\Application\Common\Model\BaseModel.class.php 第 171 行.
NOTIC: [8] Undefined index: initPage D:\home\coding\zendstudio\edu\Education_dev_platform\branches\v1.0\Application\Common\Model\BaseModel.class.php 第 44 行.
NOTIC: [8] Undefined index: field D:\home\coding\zendstudio\edu\Education_dev_platform\branches\v1.0\Application\Common\Model\BaseModel.class.php 第 47 行.
SQL: SELECT * FROM `t_upfile` WHERE ( `fileType` = 4 ) ORDER BY id desc LIMIT 0,50   [ RunTime:0.002183s ]
SQL: SELECT COUNT(*) AS tp_count FROM `t_upfile` WHERE ( `fileType` = 4 ) LIMIT 1   [ RunTime:0.001843s ]
NOTIC: [2] Invalid argument supplied for foreach() D:\home\coding\zendstudio\edu\Education_dev_platform\branches\v1.0\Application\Common\Common\common.php 第 38 行.

[ 2014-12-20T09:25:42+08:00 ] 192.168.0.152 /System/Import/index.html?_=1419038742699
INFO: [ app_begin ] --START--
INFO: Run Behavior\ReadHtmlCacheBehavior [ RunTime:0.000573s ]
INFO: Run Common\Behaviors\AppBeginBehavior [ RunTime:0.001154s ]
INFO: [ app_begin ] --END-- [ RunTime:0.002228s ]
NOTIC: [2048] Declaration of Common\Model\SysUserModel::selectOne() should be compatible with that of Common\Model\BaseModel::selectOne() D:\home\coding\zendstudio\edu\Education_dev_platform\branches\v1.0\Application\Common\Model\SysUserModel.class.php 第 9 行.
SQL: SHOW COLUMNS FROM `t_sys_user` [ RunTime:0.001525s ]
SQL: SELECT ru.id,ru.name,ru.realName,ru.roleId,ru.status,ru.lastTime,ru.lastIp,r.name as roleName,r.isSuper,r.auth FROM t_sys_user ru INNER JOIN t_sys_role r ON r.id=ru.roleId  WHERE ( ru.id = '1' ) LIMIT 1   [ RunTime:0.001417s ]
INFO: [ view_parse ] --START--
INFO: [ template_filter ] --START--
INFO: Run Behavior\ContentReplaceBehavior [ RunTime:0.000084s ]
INFO: [ template_filter ] --END-- [ RunTime:0.000199s ]
INFO: Run Behavior\ParseTemplateBehavior [ RunTime:0.010935s ]
INFO: [ view_parse ] --END-- [ RunTime:0.011034s ]
INFO: [ view_filter ] --START--
INFO: Run Behavior\WriteHtmlCacheBehavior [ RunTime:0.000316s ]
INFO: [ view_filter ] --END-- [ RunTime:0.000397s ]
INFO: [ app_end ] --START--
INFO: Run Behavior\ShowPageTraceBehavior [ RunTime:0.000569s ]
INFO: [ app_end ] --END-- [ RunTime:0.000659s ]

[ 2014-12-20T09:25:44+08:00 ] 192.168.0.152 /System/Upfile/upfile?fileType=4&thumb=&isMore=0&memo=%E6%95%B0%E6%8D%AE%E5%AF%BC%E5%85%A5&_=1419038744505
INFO: [ app_begin ] --START--
INFO: Run Behavior\ReadHtmlCacheBehavior [ RunTime:0.000461s ]
INFO: Run Common\Behaviors\AppBeginBehavior [ RunTime:0.000668s ]
INFO: [ app_begin ] --END-- [ RunTime:0.001950s ]
NOTIC: [2048] Declaration of Common\Model\SysUserModel::selectOne() should be compatible with that of Common\Model\BaseModel::selectOne() D:\home\coding\zendstudio\edu\Education_dev_platform\branches\v1.0\Application\Common\Model\SysUserModel.class.php 第 9 行.
SQL: SHOW COLUMNS FROM `t_sys_user` [ RunTime:0.001942s ]
SQL: SELECT ru.id,ru.name,ru.realName,ru.roleId,ru.status,ru.lastTime,ru.lastIp,r.name as roleName,r.isSuper,r.auth FROM t_sys_user ru INNER JOIN t_sys_role r ON r.id=ru.roleId  WHERE ( ru.id = '1' ) LIMIT 1   [ RunTime:0.001793s ]
INFO: [ view_parse ] --START--
INFO: [ template_filter ] --START--
INFO: Run Behavior\ContentReplaceBehavior [ RunTime:0.000081s ]
INFO: [ template_filter ] --END-- [ RunTime:0.000186s ]
INFO: Run Behavior\ParseTemplateBehavior [ RunTime:0.043780s ]
INFO: [ view_parse ] --END-- [ RunTime:0.043912s ]
INFO: [ view_filter ] --START--
INFO: Run Behavior\WriteHtmlCacheBehavior [ RunTime:0.000319s ]
INFO: [ view_filter ] --END-- [ RunTime:0.000399s ]
INFO: [ app_end ] --START--
INFO: Run Behavior\ShowPageTraceBehavior [ RunTime:0.000553s ]
INFO: [ app_end ] --END-- [ RunTime:0.000638s ]

[ 2014-12-20T10:04:40+08:00 ] 192.168.0.152 /System/Import/index.html?_=1419041080518
INFO: [ app_begin ] --START--
INFO: Run Behavior\ReadHtmlCacheBehavior [ RunTime:0.000517s ]
INFO: Run Common\Behaviors\AppBeginBehavior [ RunTime:0.000618s ]
INFO: [ app_begin ] --END-- [ RunTime:0.001617s ]
NOTIC: [2048] Declaration of Common\Model\SysUserModel::selectOne() should be compatible with that of Common\Model\BaseModel::selectOne() D:\home\coding\zendstudio\edu\Education_dev_platform\branches\v1.0\Application\Common\Model\SysUserModel.class.php 第 9 行.
SQL: SHOW COLUMNS FROM `t_sys_user` [ RunTime:0.001553s ]
SQL: SELECT ru.id,ru.name,ru.realName,ru.roleId,ru.status,ru.lastTime,ru.lastIp,r.name as roleName,r.isSuper,r.auth FROM t_sys_user ru INNER JOIN t_sys_role r ON r.id=ru.roleId  WHERE ( ru.id = '1' ) LIMIT 1   [ RunTime:0.001012s ]
INFO: [ view_parse ] --START--
INFO: [ template_filter ] --START--
INFO: Run Behavior\ContentReplaceBehavior [ RunTime:0.000078s ]
INFO: [ template_filter ] --END-- [ RunTime:0.000193s ]
INFO: Run Behavior\ParseTemplateBehavior [ RunTime:0.006054s ]
INFO: [ view_parse ] --END-- [ RunTime:0.006163s ]
INFO: [ view_filter ] --START--
INFO: Run Behavior\WriteHtmlCacheBehavior [ RunTime:0.000291s ]
INFO: [ view_filter ] --END-- [ RunTime:0.000379s ]
INFO: [ app_end ] --START--
INFO: Run Behavior\ShowPageTraceBehavior [ RunTime:0.000540s ]
INFO: [ app_end ] --END-- [ RunTime:0.000631s ]

[ 2014-12-20T10:04:41+08:00 ] 192.168.0.152 /System/Upfile/upfile?fileType=4&thumb=&isMore=0&memo=%E6%95%B0%E6%8D%AE%E5%AF%BC%E5%85%A5&_=1419041081805
INFO: [ app_begin ] --START--
INFO: Run Behavior\ReadHtmlCacheBehavior [ RunTime:0.000874s ]
INFO: Run Common\Behaviors\AppBeginBehavior [ RunTime:0.001032s ]
INFO: [ app_begin ] --END-- [ RunTime:0.002720s ]
NOTIC: [2048] Declaration of Common\Model\SysUserModel::selectOne() should be compatible with that of Common\Model\BaseModel::selectOne() D:\home\coding\zendstudio\edu\Education_dev_platform\branches\v1.0\Application\Common\Model\SysUserModel.class.php 第 9 行.
SQL: SHOW COLUMNS FROM `t_sys_user` [ RunTime:0.001033s ]
SQL: SELECT ru.id,ru.name,ru.realName,ru.roleId,ru.status,ru.lastTime,ru.lastIp,r.name as roleName,r.isSuper,r.auth FROM t_sys_user ru INNER JOIN t_sys_role r ON r.id=ru.roleId  WHERE ( ru.id = '1' ) LIMIT 1   [ RunTime:0.001376s ]
INFO: [ view_parse ] --START--
INFO: [ template_filter ] --START--
INFO: Run Behavior\ContentReplaceBehavior [ RunTime:0.000094s ]
INFO: [ template_filter ] --END-- [ RunTime:0.000251s ]
INFO: Run Behavior\ParseTemplateBehavior [ RunTime:0.008384s ]
INFO: [ view_parse ] --END-- [ RunTime:0.008634s ]
INFO: [ view_filter ] --START--
INFO: Run Behavior\WriteHtmlCacheBehavior [ RunTime:0.000461s ]
INFO: [ view_filter ] --END-- [ RunTime:0.000575s ]
INFO: [ app_end ] --START--
INFO: Run Behavior\ShowPageTraceBehavior [ RunTime:0.000653s ]
INFO: [ app_end ] --END-- [ RunTime:0.000777s ]

[ 2014-12-20T10:04:58+08:00 ] 192.168.0.152 /System/Upfile/index
INFO: [ app_begin ] --START--
INFO: Run Behavior\ReadHtmlCacheBehavior [ RunTime:0.000530s ]
INFO: Run Common\Behaviors\AppBeginBehavior [ RunTime:0.000696s ]
INFO: [ app_begin ] --END-- [ RunTime:0.001895s ]
NOTIC: [2048] Declaration of Common\Model\SysUserModel::selectOne() should be compatible with that of Common\Model\BaseModel::selectOne() D:\home\coding\zendstudio\edu\Education_dev_platform\branches\v1.0\Application\Common\Model\SysUserModel.class.php 第 9 行.
SQL: SHOW COLUMNS FROM `t_sys_user` [ RunTime:0.001531s ]
SQL: SELECT ru.id,ru.name,ru.realName,ru.roleId,ru.status,ru.lastTime,ru.lastIp,r.name as roleName,r.isSuper,r.auth FROM t_sys_user ru INNER JOIN t_sys_role r ON r.id=ru.roleId  WHERE ( ru.id = '1' ) LIMIT 1   [ RunTime:0.000916s ]
SQL: SHOW COLUMNS FROM `t_upfile` [ RunTime:0.000990s ]
NOTIC: [8] Undefined index: isLogic D:\home\coding\zendstudio\edu\Education_dev_platform\branches\v1.0\Application\Common\Model\BaseModel.class.php 第 154 行.
NOTIC: [8] Undefined index: fieldExcept D:\home\coding\zendstudio\edu\Education_dev_platform\branches\v1.0\Application\Common\Model\BaseModel.class.php 第 158 行.
NOTIC: [8] Undefined index: sortOrder D:\home\coding\zendstudio\edu\Education_dev_platform\branches\v1.0\Application\Common\Model\BaseModel.class.php 第 160 行.
NOTIC: [8] Undefined index: initPage D:\home\coding\zendstudio\edu\Education_dev_platform\branches\v1.0\Application\Common\Model\BaseModel.class.php 第 170 行.
NOTIC: [8] Undefined index: page D:\home\coding\zendstudio\edu\Education_dev_platform\branches\v1.0\Application\Common\Model\BaseModel.class.php 第 171 行.
NOTIC: [8] Undefined index: pageSize D:\home\coding\zendstudio\edu\Education_dev_platform\branches\v1.0\Application\Common\Model\BaseModel.class.php 第 171 行.
NOTIC: [8] Undefined index: initPage D:\home\coding\zendstudio\edu\Education_dev_platform\branches\v1.0\Application\Common\Model\BaseModel.class.php 第 44 行.
NOTIC: [8] Undefined index: field D:\home\coding\zendstudio\edu\Education_dev_platform\branches\v1.0\Application\Common\Model\BaseModel.class.php 第 47 行.
SQL: SELECT * FROM `t_upfile` ORDER BY id desc LIMIT 0,50   [ RunTime:0.001839s ]
SQL: SELECT COUNT(*) AS tp_count FROM `t_upfile` LIMIT 1   [ RunTime:0.001182s ]
NOTIC: [2] Invalid argument supplied for foreach() D:\home\coding\zendstudio\edu\Education_dev_platform\branches\v1.0\Application\Common\Common\common.php 第 38 行.
NOTIC: [2] Invalid argument supplied for foreach() D:\home\coding\zendstudio\edu\Education_dev_platform\branches\v1.0\Application\Common\Common\common.php 第 38 行.
NOTIC: [2] Invalid argument supplied for foreach() D:\home\coding\zendstudio\edu\Education_dev_platform\branches\v1.0\Application\Common\Common\common.php 第 38 行.
NOTIC: [2] Invalid argument supplied for foreach() D:\home\coding\zendstudio\edu\Education_dev_platform\branches\v1.0\Application\Common\Common\common.php 第 38 行.
NOTIC: [2] Invalid argument supplied for foreach() D:\home\coding\zendstudio\edu\Education_dev_platform\branches\v1.0\Application\Common\Common\common.php 第 38 行.
NOTIC: [2] Invalid argument supplied for foreach() D:\home\coding\zendstudio\edu\Education_dev_platform\branches\v1.0\Application\Common\Common\common.php 第 38 行.
NOTIC: [2] Invalid argument supplied for foreach() D:\home\coding\zendstudio\edu\Education_dev_platform\branches\v1.0\Application\Common\Common\common.php 第 38 行.
NOTIC: [2] Invalid argument supplied for foreach() D:\home\coding\zendstudio\edu\Education_dev_platform\branches\v1.0\Application\Common\Common\common.php 第 38 行.
NOTIC: [2] Invalid argument supplied for foreach() D:\home\coding\zendstudio\edu\Education_dev_platform\branches\v1.0\Application\Common\Common\common.php 第 38 行.
NOTIC: [2] Invalid argument supplied for foreach() D:\home\coding\zendstudio\edu\Education_dev_platform\branches\v1.0\Application\Common\Common\common.php 第 38 行.
NOTIC: [2] Invalid argument supplied for foreach() D:\home\coding\zendstudio\edu\Education_dev_platform\branches\v1.0\Application\Common\Common\common.php 第 38 行.
NOTIC: [2] Invalid argument supplied for foreach() D:\home\coding\zendstudio\edu\Education_dev_platform\branches\v1.0\Application\Common\Common\common.php 第 38 行.
NOTIC: [2] Invalid argument supplied for foreach() D:\home\coding\zendstudio\edu\Education_dev_platform\branches\v1.0\Application\Common\Common\common.php 第 38 行.
NOTIC: [2] Invalid argument supplied for foreach() D:\home\coding\zendstudio\edu\Education_dev_platform\branches\v1.0\Application\Common\Common\common.php 第 38 行.
NOTIC: [2] Invalid argument supplied for foreach() D:\home\coding\zendstudio\edu\Education_dev_platform\branches\v1.0\Application\Common\Common\common.php 第 38 行.
NOTIC: [2] Invalid argument supplied for foreach() D:\home\coding\zendstudio\edu\Education_dev_platform\branches\v1.0\Application\Common\Common\common.php 第 38 行.
NOTIC: [2] Invalid argument supplied for foreach() D:\home\coding\zendstudio\edu\Education_dev_platform\branches\v1.0\Application\Common\Common\common.php 第 38 行.
NOTIC: [2] Invalid argument supplied for foreach() D:\home\coding\zendstudio\edu\Education_dev_platform\branches\v1.0\Application\Common\Common\common.php 第 38 行.
NOTIC: [2] Invalid argument supplied for foreach() D:\home\coding\zendstudio\edu\Education_dev_platform\branches\v1.0\Application\Common\Common\common.php 第 38 行.
NOTIC: [2] Invalid argument supplied for foreach() D:\home\coding\zendstudio\edu\Education_dev_platform\branches\v1.0\Application\Common\Common\common.php 第 38 行.
NOTIC: [2] Invalid argument supplied for foreach() D:\home\coding\zendstudio\edu\Education_dev_platform\branches\v1.0\Application\Common\Common\common.php 第 38 行.
NOTIC: [2] Invalid argument supplied for foreach() D:\home\coding\zendstudio\edu\Education_dev_platform\branches\v1.0\Application\Common\Common\common.php 第 38 行.
NOTIC: [2] Invalid argument supplied for foreach() D:\home\coding\zendstudio\edu\Education_dev_platform\branches\v1.0\Application\Common\Common\common.php 第 38 行.
NOTIC: [2] Invalid argument supplied for foreach() D:\home\coding\zendstudio\edu\Education_dev_platform\branches\v1.0\Application\Common\Common\common.php 第 38 行.
NOTIC: [2] Invalid argument supplied for foreach() D:\home\coding\zendstudio\edu\Education_dev_platform\branches\v1.0\Application\Common\Common\common.php 第 38 行.
NOTIC: [2] Invalid argument supplied for foreach() D:\home\coding\zendstudio\edu\Education_dev_platform\branches\v1.0\Application\Common\Common\common.php 第 38 行.
NOTIC: [2] Invalid argument supplied for foreach() D:\home\coding\zendstudio\edu\Education_dev_platform\branches\v1.0\Application\Common\Common\common.php 第 38 行.
NOTIC: [2] Invalid argument supplied for foreach() D:\home\coding\zendstudio\edu\Education_dev_platform\branches\v1.0\Application\Common\Common\common.php 第 38 行.
NOTIC: [2] Invalid argument supplied for foreach() D:\home\coding\zendstudio\edu\Education_dev_platform\branches\v1.0\Application\Common\Common\common.php 第 38 行.
NOTIC: [2] Invalid argument supplied for foreach() D:\home\coding\zendstudio\edu\Education_dev_platform\branches\v1.0\Application\Common\Common\common.php 第 38 行.
NOTIC: [2] Invalid argument supplied for foreach() D:\home\coding\zendstudio\edu\Education_dev_platform\branches\v1.0\Application\Common\Common\common.php 第 38 行.
NOTIC: [2] Invalid argument supplied for foreach() D:\home\coding\zendstudio\edu\Education_dev_platform\branches\v1.0\Application\Common\Common\common.php 第 38 行.
NOTIC: [2] Invalid argument supplied for foreach() D:\home\coding\zendstudio\edu\Education_dev_platform\branches\v1.0\Application\Common\Common\common.php 第 38 行.
NOTIC: [2] Invalid argument supplied for foreach() D:\home\coding\zendstudio\edu\Education_dev_platform\branches\v1.0\Application\Common\Common\common.php 第 38 行.
NOTIC: [2] Invalid argument supplied for foreach() D:\home\coding\zendstudio\edu\Education_dev_platform\branches\v1.0\Application\Common\Common\common.php 第 38 行.
NOTIC: [2] Invalid argument supplied for foreach() D:\home\coding\zendstudio\edu\Education_dev_platform\branches\v1.0\Application\Common\Common\common.php 第 38 行.
NOTIC: [2] Invalid argument supplied for foreach() D:\home\coding\zendstudio\edu\Education_dev_platform\branches\v1.0\Application\Common\Common\common.php 第 38 行.
NOTIC: [2] Invalid argument supplied for foreach() D:\home\coding\zendstudio\edu\Education_dev_platform\branches\v1.0\Application\Common\Common\common.php 第 38 行.
NOTIC: [2] Invalid argument supplied for foreach() D:\home\coding\zendstudio\edu\Education_dev_platform\branches\v1.0\Application\Common\Common\common.php 第 38 行.
NOTIC: [2] Invalid argument supplied for foreach() D:\home\coding\zendstudio\edu\Education_dev_platform\branches\v1.0\Application\Common\Common\common.php 第 38 行.
NOTIC: [2] Invalid argument supplied for foreach() D:\home\coding\zendstudio\edu\Education_dev_platform\branches\v1.0\Application\Common\Common\common.php 第 38 行.
NOTIC: [2] Invalid argument supplied for foreach() D:\home\coding\zendstudio\edu\Education_dev_platform\branches\v1.0\Application\Common\Common\common.php 第 38 行.
NOTIC: [2] Invalid argument supplied for foreach() D:\home\coding\zendstudio\edu\Education_dev_platform\branches\v1.0\Application\Common\Common\common.php 第 38 行.
NOTIC: [2] Invalid argument supplied for foreach() D:\home\coding\zendstudio\edu\Education_dev_platform\branches\v1.0\Application\Common\Common\common.php 第 38 行.
NOTIC: [2] Invalid argument supplied for foreach() D:\home\coding\zendstudio\edu\Education_dev_platform\branches\v1.0\Application\Common\Common\common.php 第 38 行.
NOTIC: [2] Invalid argument supplied for foreach() D:\home\coding\zendstudio\edu\Education_dev_platform\branches\v1.0\Application\Common\Common\common.php 第 38 行.
NOTIC: [2] Invalid argument supplied for foreach() D:\home\coding\zendstudio\edu\Education_dev_platform\branches\v1.0\Application\Common\Common\common.php 第 38 行.
NOTIC: [2] Invalid argument supplied for foreach() D:\home\coding\zendstudio\edu\Education_dev_platform\branches\v1.0\Application\Common\Common\common.php 第 38 行.
NOTIC: [2] Invalid argument supplied for foreach() D:\home\coding\zendstudio\edu\Education_dev_platform\branches\v1.0\Application\Common\Common\common.php 第 38 行.
NOTIC: [2] Invalid argument supplied for foreach() D:\home\coding\zendstudio\edu\Education_dev_platform\branches\v1.0\Application\Common\Common\common.php 第 38 行.

[ 2014-12-20T10:05:04+08:00 ] 192.168.0.152 /System/Upfile/edit?id=2659&_=1419041104624
INFO: [ app_begin ] --START--
INFO: Run Behavior\ReadHtmlCacheBehavior [ RunTime:0.000439s ]
INFO: Run Common\Behaviors\AppBeginBehavior [ RunTime:0.000536s ]
INFO: [ app_begin ] --END-- [ RunTime:0.001388s ]
NOTIC: [2048] Declaration of Common\Model\SysUserModel::selectOne() should be compatible with that of Common\Model\BaseModel::selectOne() D:\home\coding\zendstudio\edu\Education_dev_platform\branches\v1.0\Application\Common\Model\SysUserModel.class.php 第 9 行.
SQL: SHOW COLUMNS FROM `t_sys_user` [ RunTime:0.004299s ]
SQL: SELECT ru.id,ru.name,ru.realName,ru.roleId,ru.status,ru.lastTime,ru.lastIp,r.name as roleName,r.isSuper,r.auth FROM t_sys_user ru INNER JOIN t_sys_role r ON r.id=ru.roleId  WHERE ( ru.id = '1' ) LIMIT 1   [ RunTime:0.001600s ]
SQL: SHOW COLUMNS FROM `t_upfile` [ RunTime:0.001755s ]
SQL: SELECT * FROM `t_upfile` WHERE ( `id` = 2659 ) LIMIT 1   [ RunTime:0.001616s ]
INFO: [ view_parse ] --START--
INFO: [ template_filter ] --START--
INFO: Run Behavior\ContentReplaceBehavior [ RunTime:0.000157s ]
INFO: [ template_filter ] --END-- [ RunTime:0.000349s ]
INFO: Run Behavior\ParseTemplateBehavior [ RunTime:0.050542s ]
INFO: [ view_parse ] --END-- [ RunTime:0.050746s ]
INFO: [ view_filter ] --START--
INFO: Run Behavior\WriteHtmlCacheBehavior [ RunTime:0.000464s ]
INFO: [ view_filter ] --END-- [ RunTime:0.000641s ]
INFO: [ app_end ] --START--
INFO: Run Behavior\ShowPageTraceBehavior [ RunTime:0.000935s ]
INFO: [ app_end ] --END-- [ RunTime:0.001103s ]

[ 2014-12-20T17:38:56+08:00 ] 192.168.0.152 /System/Public/login/ajax/true.html
INFO: [ app_begin ] --START--
INFO: Run Behavior\ReadHtmlCacheBehavior [ RunTime:0.000442s ]
INFO: Run Common\Behaviors\AppBeginBehavior [ RunTime:0.000548s ]
INFO: [ app_begin ] --END-- [ RunTime:0.001478s ]
NOTIC: [2048] Declaration of Common\Model\SysUserModel::selectOne() should be compatible with that of Common\Model\BaseModel::selectOne() D:\home\coding\zendstudio\edu\Education_dev_platform\branches\v1.0\Application\Common\Model\SysUserModel.class.php 第 9 行.
SQL: SHOW COLUMNS FROM `t_sys_user` [ RunTime:0.001502s ]
SQL: SELECT `id`,`lastTime`,`lastIp` FROM `t_sys_user` WHERE ( `name` = 'admin' ) AND ( `password` = '21232f297a57a5a743894a0e4a801fc3' ) AND ( `status` = 1 ) LIMIT 1   [ RunTime:0.001004s ]
SQL: UPDATE `t_sys_user` SET `lastTime`='2014-12-20 17:38:56',`lastIp`='192.168.0.152' WHERE ( `id` = 1 ) [ RunTime:0.001304s ]

[ 2014-12-20T17:39:02+08:00 ] 192.168.0.152 /System/Import/index.html?_=1419068342370
INFO: [ app_begin ] --START--
INFO: Run Behavior\ReadHtmlCacheBehavior [ RunTime:0.000495s ]
INFO: Run Common\Behaviors\AppBeginBehavior [ RunTime:0.002805s ]
INFO: [ app_begin ] --END-- [ RunTime:0.003820s ]
NOTIC: [2048] Declaration of Common\Model\SysUserModel::selectOne() should be compatible with that of Common\Model\BaseModel::selectOne() D:\home\coding\zendstudio\edu\Education_dev_platform\branches\v1.0\Application\Common\Model\SysUserModel.class.php 第 9 行.
SQL: SHOW COLUMNS FROM `t_sys_user` [ RunTime:0.000786s ]
SQL: SELECT ru.id,ru.name,ru.realName,ru.roleId,ru.status,ru.lastTime,ru.lastIp,r.name as roleName,r.isSuper,r.auth FROM t_sys_user ru INNER JOIN t_sys_role r ON r.id=ru.roleId  WHERE ( ru.id = '1' ) LIMIT 1   [ RunTime:0.000833s ]
INFO: [ view_parse ] --START--
INFO: [ template_filter ] --START--
INFO: Run Behavior\ContentReplaceBehavior [ RunTime:0.000155s ]
INFO: [ template_filter ] --END-- [ RunTime:0.000352s ]
INFO: Run Behavior\ParseTemplateBehavior [ RunTime:0.057365s ]
INFO: [ view_parse ] --END-- [ RunTime:0.057580s ]
INFO: [ view_filter ] --START--
INFO: Run Behavior\WriteHtmlCacheBehavior [ RunTime:0.000670s ]
INFO: [ view_filter ] --END-- [ RunTime:0.000884s ]
INFO: [ app_end ] --START--
INFO: Run Behavior\ShowPageTraceBehavior [ RunTime:0.001203s ]
INFO: [ app_end ] --END-- [ RunTime:0.001371s ]

[ 2014-12-20T17:39:03+08:00 ] 192.168.0.152 /System/Upfile/upfile?fileType=4&thumb=&isMore=0&memo=%E6%95%B0%E6%8D%AE%E5%AF%BC%E5%85%A5&_=1419068343784
INFO: [ app_begin ] --START--
INFO: Run Behavior\ReadHtmlCacheBehavior [ RunTime:0.000465s ]
INFO: Run Common\Behaviors\AppBeginBehavior [ RunTime:0.000525s ]
INFO: [ app_begin ] --END-- [ RunTime:0.001435s ]
NOTIC: [2048] Declaration of Common\Model\SysUserModel::selectOne() should be compatible with that of Common\Model\BaseModel::selectOne() D:\home\coding\zendstudio\edu\Education_dev_platform\branches\v1.0\Application\Common\Model\SysUserModel.class.php 第 9 行.
SQL: SHOW COLUMNS FROM `t_sys_user` [ RunTime:0.001461s ]
SQL: SELECT ru.id,ru.name,ru.realName,ru.roleId,ru.status,ru.lastTime,ru.lastIp,r.name as roleName,r.isSuper,r.auth FROM t_sys_user ru INNER JOIN t_sys_role r ON r.id=ru.roleId  WHERE ( ru.id = '1' ) LIMIT 1   [ RunTime:0.001224s ]
INFO: [ view_parse ] --START--
INFO: [ template_filter ] --START--
INFO: Run Behavior\ContentReplaceBehavior [ RunTime:0.000300s ]
INFO: [ template_filter ] --END-- [ RunTime:0.000656s ]
INFO: Run Behavior\ParseTemplateBehavior [ RunTime:0.033240s ]
INFO: [ view_parse ] --END-- [ RunTime:0.033475s ]
INFO: [ view_filter ] --START--
INFO: Run Behavior\WriteHtmlCacheBehavior [ RunTime:0.000551s ]
INFO: [ view_filter ] --END-- [ RunTime:0.000692s ]
INFO: [ app_end ] --START--
INFO: Run Behavior\ShowPageTraceBehavior [ RunTime:0.001256s ]
INFO: [ app_end ] --END-- [ RunTime:0.001472s ]

[ 2014-12-20T17:40:50+08:00 ] 192.168.0.152 /System/Import/index.html
ERR: Think\Controller:getClass方法不存在！

[ 2014-12-20T17:40:57+08:00 ] 192.168.0.152 /System/Import/index.html
ERR: Think\Controller:getClass方法不存在！

[ 2014-12-20T17:42:19+08:00 ] 192.168.0.152 /System/Import/index.html
ERR: Think\Controller:getClass方法不存在！

[ 2014-12-20T17:42:22+08:00 ] 192.168.0.152 /System/Import/index.html?_=1419068542125
INFO: [ app_begin ] --START--
INFO: Run Behavior\ReadHtmlCacheBehavior [ RunTime:0.000459s ]
INFO: Run Common\Behaviors\AppBeginBehavior [ RunTime:0.000501s ]
INFO: [ app_begin ] --END-- [ RunTime:0.001352s ]
NOTIC: [2048] Declaration of Common\Model\SysUserModel::selectOne() should be compatible with that of Common\Model\BaseModel::selectOne() D:\home\coding\zendstudio\edu\Education_dev_platform\branches\v1.0\Application\Common\Model\SysUserModel.class.php 第 9 行.
SQL: SHOW COLUMNS FROM `t_sys_user` [ RunTime:0.001520s ]
SQL: SELECT ru.id,ru.name,ru.realName,ru.roleId,ru.status,ru.lastTime,ru.lastIp,r.name as roleName,r.isSuper,r.auth FROM t_sys_user ru INNER JOIN t_sys_role r ON r.id=ru.roleId  WHERE ( ru.id = '1' ) LIMIT 1   [ RunTime:0.000919s ]
INFO: [ view_parse ] --START--
INFO: [ template_filter ] --START--
INFO: Run Behavior\ContentReplaceBehavior [ RunTime:0.000097s ]
INFO: [ template_filter ] --END-- [ RunTime:0.000236s ]
INFO: Run Behavior\ParseTemplateBehavior [ RunTime:0.008535s ]
INFO: [ view_parse ] --END-- [ RunTime:0.008728s ]
INFO: [ view_filter ] --START--
INFO: Run Behavior\WriteHtmlCacheBehavior [ RunTime:0.000396s ]
INFO: [ view_filter ] --END-- [ RunTime:0.000486s ]
INFO: [ app_end ] --START--
INFO: Run Behavior\ShowPageTraceBehavior [ RunTime:0.000704s ]
INFO: [ app_end ] --END-- [ RunTime:0.000811s ]

[ 2014-12-20T17:42:23+08:00 ] 192.168.0.152 /System/Upfile/upfile?fileType=4&thumb=&isMore=0&memo=%E6%95%B0%E6%8D%AE%E5%AF%BC%E5%85%A5&_=1419068543369
INFO: [ app_begin ] --START--
INFO: Run Behavior\ReadHtmlCacheBehavior [ RunTime:0.000481s ]
INFO: Run Common\Behaviors\AppBeginBehavior [ RunTime:0.000529s ]
INFO: [ app_begin ] --END-- [ RunTime:0.001451s ]
NOTIC: [2048] Declaration of Common\Model\SysUserModel::selectOne() should be compatible with that of Common\Model\BaseModel::selectOne() D:\home\coding\zendstudio\edu\Education_dev_platform\branches\v1.0\Application\Common\Model\SysUserModel.class.php 第 9 行.
SQL: SHOW COLUMNS FROM `t_sys_user` [ RunTime:0.001653s ]
SQL: SELECT ru.id,ru.name,ru.realName,ru.roleId,ru.status,ru.lastTime,ru.lastIp,r.name as roleName,r.isSuper,r.auth FROM t_sys_user ru INNER JOIN t_sys_role r ON r.id=ru.roleId  WHERE ( ru.id = '1' ) LIMIT 1   [ RunTime:0.001306s ]
INFO: [ view_parse ] --START--
INFO: [ template_filter ] --START--
INFO: Run Behavior\ContentReplaceBehavior [ RunTime:0.000113s ]
INFO: [ template_filter ] --END-- [ RunTime:0.000277s ]
INFO: Run Behavior\ParseTemplateBehavior [ RunTime:0.008877s ]
INFO: [ view_parse ] --END-- [ RunTime:0.009081s ]
INFO: [ view_filter ] --START--
INFO: Run Behavior\WriteHtmlCacheBehavior [ RunTime:0.000586s ]
INFO: [ view_filter ] --END-- [ RunTime:0.000724s ]
INFO: [ app_end ] --START--
INFO: Run Behavior\ShowPageTraceBehavior [ RunTime:0.000972s ]
INFO: [ app_end ] --END-- [ RunTime:0.001116s ]

[ 2014-12-20T17:42:31+08:00 ] 192.168.0.152 /System/Import/index.html
ERR: Think\Controller:getClass方法不存在！

[ 2014-12-20T17:43:58+08:00 ] 192.168.0.152 /System/Import/index.html?_=1419068638745
INFO: [ app_begin ] --START--
INFO: Run Behavior\ReadHtmlCacheBehavior [ RunTime:0.000532s ]
INFO: Run Common\Behaviors\AppBeginBehavior [ RunTime:0.000556s ]
INFO: [ app_begin ] --END-- [ RunTime:0.001547s ]
NOTIC: [2048] Declaration of Common\Model\SysUserModel::selectOne() should be compatible with that of Common\Model\BaseModel::selectOne() D:\home\coding\zendstudio\edu\Education_dev_platform\branches\v1.0\Application\Common\Model\SysUserModel.class.php 第 9 行.
SQL: SHOW COLUMNS FROM `t_sys_user` [ RunTime:0.002380s ]
SQL: SELECT ru.id,ru.name,ru.realName,ru.roleId,ru.status,ru.lastTime,ru.lastIp,r.name as roleName,r.isSuper,r.auth FROM t_sys_user ru INNER JOIN t_sys_role r ON r.id=ru.roleId  WHERE ( ru.id = '1' ) LIMIT 1   [ RunTime:0.002190s ]
INFO: [ view_parse ] --START--
INFO: [ template_filter ] --START--
INFO: Run Behavior\ContentReplaceBehavior [ RunTime:0.000077s ]
INFO: [ template_filter ] --END-- [ RunTime:0.000188s ]
INFO: Run Behavior\ParseTemplateBehavior [ RunTime:0.006640s ]
INFO: [ view_parse ] --END-- [ RunTime:0.006772s ]
INFO: [ view_filter ] --START--
INFO: Run Behavior\WriteHtmlCacheBehavior [ RunTime:0.000214s ]
INFO: [ view_filter ] --END-- [ RunTime:0.000297s ]
INFO: [ app_end ] --START--
INFO: Run Behavior\ShowPageTraceBehavior [ RunTime:0.000510s ]
INFO: [ app_end ] --END-- [ RunTime:0.000594s ]

[ 2014-12-20T17:43:59+08:00 ] 192.168.0.152 /System/Upfile/upfile?fileType=4&thumb=&isMore=0&memo=%E6%95%B0%E6%8D%AE%E5%AF%BC%E5%85%A5&_=1419068639779
INFO: [ app_begin ] --START--
INFO: Run Behavior\ReadHtmlCacheBehavior [ RunTime:0.000453s ]
INFO: Run Common\Behaviors\AppBeginBehavior [ RunTime:0.000527s ]
INFO: [ app_begin ] --END-- [ RunTime:0.001376s ]
NOTIC: [2048] Declaration of Common\Model\SysUserModel::selectOne() should be compatible with that of Common\Model\BaseModel::selectOne() D:\home\coding\zendstudio\edu\Education_dev_platform\branches\v1.0\Application\Common\Model\SysUserModel.class.php 第 9 行.
SQL: SHOW COLUMNS FROM `t_sys_user` [ RunTime:0.001441s ]
SQL: SELECT ru.id,ru.name,ru.realName,ru.roleId,ru.status,ru.lastTime,ru.lastIp,r.name as roleName,r.isSuper,r.auth FROM t_sys_user ru INNER JOIN t_sys_role r ON r.id=ru.roleId  WHERE ( ru.id = '1' ) LIMIT 1   [ RunTime:0.001282s ]
INFO: [ view_parse ] --START--
INFO: [ template_filter ] --START--
INFO: Run Behavior\ContentReplaceBehavior [ RunTime:0.000112s ]
INFO: [ template_filter ] --END-- [ RunTime:0.000304s ]
INFO: Run Behavior\ParseTemplateBehavior [ RunTime:0.009978s ]
INFO: [ view_parse ] --END-- [ RunTime:0.010185s ]
INFO: [ view_filter ] --START--
INFO: Run Behavior\WriteHtmlCacheBehavior [ RunTime:0.000290s ]
INFO: [ view_filter ] --END-- [ RunTime:0.000402s ]
INFO: [ app_end ] --START--
INFO: Run Behavior\ShowPageTraceBehavior [ RunTime:0.000531s ]
INFO: [ app_end ] --END-- [ RunTime:0.000625s ]

[ 2014-12-20T17:44:04+08:00 ] 192.168.0.152 /System/Import/index.html
ERR: Think\Controller:getClass方法不存在！

[ 2014-12-20T17:45:21+08:00 ] 192.168.0.152 /System/Import/index.html
ERR: Think\Controller:getClass方法不存在！

[ 2014-12-20T17:45:43+08:00 ] 192.168.0.152 /System/Import/index.html
ERR: Think\Controller:getClass方法不存在！

[ 2014-12-20T17:46:03+08:00 ] 192.168.0.152 /System/Import/index.html
ERR: Think\Controller:getClass方法不存在！

[ 2014-12-20T17:46:33+08:00 ] 192.168.0.152 /System/Import/index.html?_=1419068793297
INFO: [ app_begin ] --START--
INFO: Run Behavior\ReadHtmlCacheBehavior [ RunTime:0.000723s ]
INFO: Run Common\Behaviors\AppBeginBehavior [ RunTime:0.000755s ]
INFO: [ app_begin ] --END-- [ RunTime:0.002148s ]
NOTIC: [2048] Declaration of Common\Model\SysUserModel::selectOne() should be compatible with that of Common\Model\BaseModel::selectOne() D:\home\coding\zendstudio\edu\Education_dev_platform\branches\v1.0\Application\Common\Model\SysUserModel.class.php 第 9 行.
SQL: SHOW COLUMNS FROM `t_sys_user` [ RunTime:0.003139s ]
SQL: SELECT ru.id,ru.name,ru.realName,ru.roleId,ru.status,ru.lastTime,ru.lastIp,r.name as roleName,r.isSuper,r.auth FROM t_sys_user ru INNER JOIN t_sys_role r ON r.id=ru.roleId  WHERE ( ru.id = '1' ) LIMIT 1   [ RunTime:0.001036s ]
INFO: [ view_parse ] --START--
INFO: [ template_filter ] --START--
INFO: Run Behavior\ContentReplaceBehavior [ RunTime:0.000113s ]
INFO: [ template_filter ] --END-- [ RunTime:0.000246s ]
INFO: Run Behavior\ParseTemplateBehavior [ RunTime:0.006002s ]
INFO: [ view_parse ] --END-- [ RunTime:0.006154s ]
INFO: [ view_filter ] --START--
INFO: Run Behavior\WriteHtmlCacheBehavior [ RunTime:0.000324s ]
INFO: [ view_filter ] --END-- [ RunTime:0.000436s ]
INFO: [ app_end ] --START--
INFO: Run Behavior\ShowPageTraceBehavior [ RunTime:0.000711s ]
INFO: [ app_end ] --END-- [ RunTime:0.000822s ]

[ 2014-12-20T17:46:34+08:00 ] 192.168.0.152 /System/Upfile/upfile?fileType=4&thumb=&isMore=0&memo=%E6%95%B0%E6%8D%AE%E5%AF%BC%E5%85%A5&_=1419068794578
INFO: [ app_begin ] --START--
INFO: Run Behavior\ReadHtmlCacheBehavior [ RunTime:0.000449s ]
INFO: Run Common\Behaviors\AppBeginBehavior [ RunTime:0.000565s ]
INFO: [ app_begin ] --END-- [ RunTime:0.001423s ]
NOTIC: [2048] Declaration of Common\Model\SysUserModel::selectOne() should be compatible with that of Common\Model\BaseModel::selectOne() D:\home\coding\zendstudio\edu\Education_dev_platform\branches\v1.0\Application\Common\Model\SysUserModel.class.php 第 9 行.
SQL: SHOW COLUMNS FROM `t_sys_user` [ RunTime:0.002040s ]
SQL: SELECT ru.id,ru.name,ru.realName,ru.roleId,ru.status,ru.lastTime,ru.lastIp,r.name as roleName,r.isSuper,r.auth FROM t_sys_user ru INNER JOIN t_sys_role r ON r.id=ru.roleId  WHERE ( ru.id = '1' ) LIMIT 1   [ RunTime:0.001621s ]
INFO: [ view_parse ] --START--
INFO: [ template_filter ] --START--
INFO: Run Behavior\ContentReplaceBehavior [ RunTime:0.000086s ]
INFO: [ template_filter ] --END-- [ RunTime:0.000199s ]
INFO: Run Behavior\ParseTemplateBehavior [ RunTime:0.009314s ]
INFO: [ view_parse ] --END-- [ RunTime:0.009459s ]
INFO: [ view_filter ] --START--
INFO: Run Behavior\WriteHtmlCacheBehavior [ RunTime:0.000239s ]
INFO: [ view_filter ] --END-- [ RunTime:0.000321s ]
INFO: [ app_end ] --START--
INFO: Run Behavior\ShowPageTraceBehavior [ RunTime:0.000492s ]
INFO: [ app_end ] --END-- [ RunTime:0.000580s ]

[ 2014-12-20T17:46:40+08:00 ] 192.168.0.152 /System/Import/index.html
ERR: Think\Controller:getClass方法不存在！

[ 2014-12-20T17:46:51+08:00 ] 192.168.0.152 /System/Import/index.html
ERR: Think\Controller:getClass方法不存在！

[ 2014-12-20T17:47:34+08:00 ] 192.168.0.152 /System/Import/index.html
ERR: Think\Controller:getClass方法不存在！

[ 2014-12-20T17:48:39+08:00 ] 192.168.0.152 /System/Import/index.html
ERR: Think\Controller:getClass方法不存在！

[ 2014-12-20T17:48:45+08:00 ] 192.168.0.152 /System/Import/index.html
ERR: Think\Controller:getClass方法不存在！

[ 2014-12-20T17:49:32+08:00 ] 192.168.0.152 /System/Import/index.html
ERR: Think\Controller:getClass方法不存在！

[ 2014-12-20T17:50:03+08:00 ] 192.168.0.152 /System/Import/index.html
ERR: Think\Controller:getClass方法不存在！

[ 2014-12-20T17:50:47+08:00 ] 192.168.0.152 /System/Import/index.html
ERR: Think\Controller:getClass方法不存在！

[ 2014-12-20T17:51:06+08:00 ] 192.168.0.152 /System/Import/index.html
ERR: Think\Controller:getKeyByName方法不存在！

[ 2014-12-20T17:51:18+08:00 ] 192.168.0.152 /System/Import/index.html
ERR: Think\Controller:getKeyByName方法不存在！

[ 2014-12-20T17:51:40+08:00 ] 192.168.0.152 /System/Import/index.html
ERR: Think\Controller:getKeyByName方法不存在！

[ 2014-12-20T17:52:15+08:00 ] 192.168.0.152 /System/Import/index.html
ERR: Think\Controller:getKeyByName方法不存在！

[ 2014-12-20T17:52:38+08:00 ] 192.168.0.152 /System/Import/index.html
ERR: Think\Controller:getKeyByName方法不存在！

[ 2014-12-20T17:53:21+08:00 ] 192.168.0.152 /System/Import/index.html
ERR: Think\Controller:getKeyByName方法不存在！

[ 2014-12-20T17:53:28+08:00 ] 192.168.0.152 /System/Import/index.html
ERR: Think\Controller:getKeyByName方法不存在！

[ 2014-12-20T17:55:21+08:00 ] 192.168.0.152 /System/Import/index.html
ERR: Think\Controller:getKeyByName方法不存在！

[ 2014-12-20T18:02:08+08:00 ] 192.168.0.152 /System/Import/index.html?_=1419069728001
INFO: [ app_begin ] --START--
INFO: Run Behavior\ReadHtmlCacheBehavior [ RunTime:0.000550s ]
INFO: Run Common\Behaviors\AppBeginBehavior [ RunTime:0.000875s ]
INFO: [ app_begin ] --END-- [ RunTime:0.001888s ]
NOTIC: [2048] Declaration of Common\Model\SysUserModel::selectOne() should be compatible with that of Common\Model\BaseModel::selectOne() D:\home\coding\zendstudio\edu\Education_dev_platform\branches\v1.0\Application\Common\Model\SysUserModel.class.php 第 9 行.
SQL: SHOW COLUMNS FROM `t_sys_user` [ RunTime:0.001626s ]
SQL: SELECT ru.id,ru.name,ru.realName,ru.roleId,ru.status,ru.lastTime,ru.lastIp,r.name as roleName,r.isSuper,r.auth FROM t_sys_user ru INNER JOIN t_sys_role r ON r.id=ru.roleId  WHERE ( ru.id = '1' ) LIMIT 1   [ RunTime:0.001280s ]
INFO: [ view_parse ] --START--
INFO: [ template_filter ] --START--
INFO: Run Behavior\ContentReplaceBehavior [ RunTime:0.000080s ]
INFO: [ template_filter ] --END-- [ RunTime:0.000184s ]
INFO: Run Behavior\ParseTemplateBehavior [ RunTime:0.027085s ]
INFO: [ view_parse ] --END-- [ RunTime:0.027263s ]
INFO: [ view_filter ] --START--
INFO: Run Behavior\WriteHtmlCacheBehavior [ RunTime:0.000362s ]
INFO: [ view_filter ] --END-- [ RunTime:0.000446s ]
INFO: [ app_end ] --START--
INFO: Run Behavior\ShowPageTraceBehavior [ RunTime:0.000611s ]
INFO: [ app_end ] --END-- [ RunTime:0.000695s ]

[ 2014-12-20T18:02:09+08:00 ] 192.168.0.152 /System/Upfile/upfile?fileType=4&thumb=&isMore=0&memo=%E6%95%B0%E6%8D%AE%E5%AF%BC%E5%85%A5&_=1419069729105
INFO: [ app_begin ] --START--
INFO: Run Behavior\ReadHtmlCacheBehavior [ RunTime:0.000462s ]
INFO: Run Common\Behaviors\AppBeginBehavior [ RunTime:0.000745s ]
INFO: [ app_begin ] --END-- [ RunTime:0.001661s ]
NOTIC: [2048] Declaration of Common\Model\SysUserModel::selectOne() should be compatible with that of Common\Model\BaseModel::selectOne() D:\home\coding\zendstudio\edu\Education_dev_platform\branches\v1.0\Application\Common\Model\SysUserModel.class.php 第 9 行.
SQL: SHOW COLUMNS FROM `t_sys_user` [ RunTime:0.001248s ]
SQL: SELECT ru.id,ru.name,ru.realName,ru.roleId,ru.status,ru.lastTime,ru.lastIp,r.name as roleName,r.isSuper,r.auth FROM t_sys_user ru INNER JOIN t_sys_role r ON r.id=ru.roleId  WHERE ( ru.id = '1' ) LIMIT 1   [ RunTime:0.001028s ]
INFO: [ view_parse ] --START--
INFO: [ template_filter ] --START--
INFO: Run Behavior\ContentReplaceBehavior [ RunTime:0.000080s ]
INFO: [ template_filter ] --END-- [ RunTime:0.000197s ]
INFO: Run Behavior\ParseTemplateBehavior [ RunTime:0.011610s ]
INFO: [ view_parse ] --END-- [ RunTime:0.012516s ]
INFO: [ view_filter ] --START--
INFO: Run Behavior\WriteHtmlCacheBehavior [ RunTime:0.000595s ]
INFO: [ view_filter ] --END-- [ RunTime:0.000715s ]
INFO: [ app_end ] --START--
INFO: Run Behavior\ShowPageTraceBehavior [ RunTime:0.000855s ]
INFO: [ app_end ] --END-- [ RunTime:0.000960s ]

[ 2014-12-20T18:05:58+08:00 ] 192.168.0.152 /System/Import/index.html?_=1419069958715
INFO: [ app_begin ] --START--
INFO: Run Behavior\ReadHtmlCacheBehavior [ RunTime:0.000551s ]
INFO: Run Common\Behaviors\AppBeginBehavior [ RunTime:0.000832s ]
INFO: [ app_begin ] --END-- [ RunTime:0.001861s ]
NOTIC: [2048] Declaration of Common\Model\SysUserModel::selectOne() should be compatible with that of Common\Model\BaseModel::selectOne() D:\home\coding\zendstudio\edu\Education_dev_platform\branches\v1.0\Application\Common\Model\SysUserModel.class.php 第 9 行.
SQL: SHOW COLUMNS FROM `t_sys_user` [ RunTime:0.002702s ]
SQL: SELECT ru.id,ru.name,ru.realName,ru.roleId,ru.status,ru.lastTime,ru.lastIp,r.name as roleName,r.isSuper,r.auth FROM t_sys_user ru INNER JOIN t_sys_role r ON r.id=ru.roleId  WHERE ( ru.id = '1' ) LIMIT 1   [ RunTime:0.001462s ]
INFO: [ view_parse ] --START--
INFO: [ template_filter ] --START--
INFO: Run Behavior\ContentReplaceBehavior [ RunTime:0.000096s ]
INFO: [ template_filter ] --END-- [ RunTime:0.000235s ]
INFO: Run Behavior\ParseTemplateBehavior [ RunTime:0.007196s ]
INFO: [ view_parse ] --END-- [ RunTime:0.007325s ]
INFO: [ view_filter ] --START--
INFO: Run Behavior\WriteHtmlCacheBehavior [ RunTime:0.000354s ]
INFO: [ view_filter ] --END-- [ RunTime:0.000440s ]
INFO: [ app_end ] --START--
INFO: Run Behavior\ShowPageTraceBehavior [ RunTime:0.000570s ]
INFO: [ app_end ] --END-- [ RunTime:0.000661s ]

[ 2014-12-20T18:05:59+08:00 ] 192.168.0.152 /System/Upfile/upfile?fileType=4&thumb=&isMore=0&memo=%E6%95%B0%E6%8D%AE%E5%AF%BC%E5%85%A5&_=1419069959811
INFO: [ app_begin ] --START--
INFO: Run Behavior\ReadHtmlCacheBehavior [ RunTime:0.000464s ]
INFO: Run Common\Behaviors\AppBeginBehavior [ RunTime:0.000579s ]
INFO: [ app_begin ] --END-- [ RunTime:0.001475s ]
NOTIC: [2048] Declaration of Common\Model\SysUserModel::selectOne() should be compatible with that of Common\Model\BaseModel::selectOne() D:\home\coding\zendstudio\edu\Education_dev_platform\branches\v1.0\Application\Common\Model\SysUserModel.class.php 第 9 行.
SQL: SHOW COLUMNS FROM `t_sys_user` [ RunTime:0.003471s ]
SQL: SELECT ru.id,ru.name,ru.realName,ru.roleId,ru.status,ru.lastTime,ru.lastIp,r.name as roleName,r.isSuper,r.auth FROM t_sys_user ru INNER JOIN t_sys_role r ON r.id=ru.roleId  WHERE ( ru.id = '1' ) LIMIT 1   [ RunTime:0.001919s ]
INFO: [ view_parse ] --START--
INFO: [ template_filter ] --START--
INFO: Run Behavior\ContentReplaceBehavior [ RunTime:0.000084s ]
INFO: [ template_filter ] --END-- [ RunTime:0.000191s ]
INFO: Run Behavior\ParseTemplateBehavior [ RunTime:0.008461s ]
INFO: [ view_parse ] --END-- [ RunTime:0.008640s ]
INFO: [ view_filter ] --START--
INFO: Run Behavior\WriteHtmlCacheBehavior [ RunTime:0.000326s ]
INFO: [ view_filter ] --END-- [ RunTime:0.000408s ]
INFO: [ app_end ] --START--
INFO: Run Behavior\ShowPageTraceBehavior [ RunTime:0.000664s ]
INFO: [ app_end ] --END-- [ RunTime:0.000787s ]

[ 2014-12-20T18:16:16+08:00 ] 192.168.0.152 /System/ProConfig/index
INFO: [ app_begin ] --START--
INFO: Run Behavior\ReadHtmlCacheBehavior [ RunTime:0.000472s ]
INFO: Run Common\Behaviors\AppBeginBehavior [ RunTime:0.000542s ]
INFO: [ app_begin ] --END-- [ RunTime:0.001493s ]
NOTIC: [2048] Declaration of Common\Model\SysUserModel::selectOne() should be compatible with that of Common\Model\BaseModel::selectOne() D:\home\coding\zendstudio\edu\Education_dev_platform\branches\v1.0\Application\Common\Model\SysUserModel.class.php 第 9 行.
SQL: SHOW COLUMNS FROM `t_sys_user` [ RunTime:0.001708s ]
SQL: SELECT ru.id,ru.name,ru.realName,ru.roleId,ru.status,ru.lastTime,ru.lastIp,r.name as roleName,r.isSuper,r.auth FROM t_sys_user ru INNER JOIN t_sys_role r ON r.id=ru.roleId  WHERE ( ru.id = '1' ) LIMIT 1   [ RunTime:0.001071s ]
SQL: SHOW COLUMNS FROM `t_pro_config` [ RunTime:0.001074s ]
NOTIC: [8] Uninitialized string offset: 0 D:\home\coding\zendstudio\edu\Education_dev_platform\branches\v1.0\Application\Common\Model\BaseModel.class.php 第 174 行.
NOTIC: [8] Uninitialized string offset: 0 D:\home\coding\zendstudio\edu\Education_dev_platform\branches\v1.0\Application\Common\Model\BaseModel.class.php 第 175 行.
NOTIC: [2] Invalid argument supplied for foreach() D:\home\coding\zendstudio\edu\Education_dev_platform\branches\v1.0\Application\Common\Model\BaseModel.class.php 第 126 行.
NOTIC: [8] Undefined index: fieldExcept D:\home\coding\zendstudio\edu\Education_dev_platform\branches\v1.0\Application\Common\Model\BaseModel.class.php 第 178 行.
NOTIC: [8] Undefined index: sortOrder D:\home\coding\zendstudio\edu\Education_dev_platform\branches\v1.0\Application\Common\Model\BaseModel.class.php 第 180 行.
NOTIC: [8] Undefined index: initPage D:\home\coding\zendstudio\edu\Education_dev_platform\branches\v1.0\Application\Common\Model\BaseModel.class.php 第 190 行.
NOTIC: [8] Undefined index: page D:\home\coding\zendstudio\edu\Education_dev_platform\branches\v1.0\Application\Common\Model\BaseModel.class.php 第 191 行.
NOTIC: [8] Undefined index: pageSize D:\home\coding\zendstudio\edu\Education_dev_platform\branches\v1.0\Application\Common\Model\BaseModel.class.php 第 191 行.
NOTIC: [8] Undefined index: initPage D:\home\coding\zendstudio\edu\Education_dev_platform\branches\v1.0\Application\Common\Model\BaseModel.class.php 第 44 行.
NOTIC: [8] Undefined index: field D:\home\coding\zendstudio\edu\Education_dev_platform\branches\v1.0\Application\Common\Model\BaseModel.class.php 第 47 行.
SQL: SELECT * FROM `t_pro_config` ORDER BY id asc LIMIT 0,50   [ RunTime:0.001059s ]
SQL: SELECT COUNT(*) AS tp_count FROM `t_pro_config` LIMIT 1   [ RunTime:0.001186s ]

[ 2014-12-20T18:16:35+08:00 ] 192.168.0.152 /System/ProConfig/config.html?id=16&_=1419070595665
INFO: [ app_begin ] --START--
INFO: Run Behavior\ReadHtmlCacheBehavior [ RunTime:0.000462s ]
INFO: Run Common\Behaviors\AppBeginBehavior [ RunTime:0.000514s ]
INFO: [ app_begin ] --END-- [ RunTime:0.001414s ]
NOTIC: [2048] Declaration of Common\Model\SysUserModel::selectOne() should be compatible with that of Common\Model\BaseModel::selectOne() D:\home\coding\zendstudio\edu\Education_dev_platform\branches\v1.0\Application\Common\Model\SysUserModel.class.php 第 9 行.
SQL: SHOW COLUMNS FROM `t_sys_user` [ RunTime:0.001516s ]
SQL: SELECT ru.id,ru.name,ru.realName,ru.roleId,ru.status,ru.lastTime,ru.lastIp,r.name as roleName,r.isSuper,r.auth FROM t_sys_user ru INNER JOIN t_sys_role r ON r.id=ru.roleId  WHERE ( ru.id = '1' ) LIMIT 1   [ RunTime:0.000921s ]
SQL: SHOW COLUMNS FROM `t_pro_config` [ RunTime:0.000973s ]
SQL: SELECT * FROM `t_pro_config` WHERE ( `id` = 16 ) LIMIT 1   [ RunTime:0.001099s ]
SQL: SELECT * FROM `t_pro_config` WHERE ( `cKey` = 'proConfig' ) LIMIT 1   [ RunTime:0.000980s ]
INFO: [ view_parse ] --START--
INFO: [ template_filter ] --START--
INFO: Run Behavior\ContentReplaceBehavior [ RunTime:0.000085s ]
INFO: [ template_filter ] --END-- [ RunTime:0.000198s ]
NOTIC: [8] Undefined index: readonly D:\home\coding\zendstudio\edu\Education_dev_platform\branches\v1.0\Runtime\Cache\System\f1f505fd3c21db26e272225d1155e217.php 第 23 行.
NOTIC: [8] Undefined index: cols D:\home\coding\zendstudio\edu\Education_dev_platform\branches\v1.0\Runtime\Cache\System\f1f505fd3c21db26e272225d1155e217.php 第 24 行.
NOTIC: [8] Undefined index: rows D:\home\coding\zendstudio\edu\Education_dev_platform\branches\v1.0\Runtime\Cache\System\f1f505fd3c21db26e272225d1155e217.php 第 25 行.
NOTIC: [8] Undefined variable: readOnly D:\home\coding\zendstudio\edu\Education_dev_platform\branches\v1.0\Runtime\Cache\System\f1f505fd3c21db26e272225d1155e217.php 第 25 行.
NOTIC: [8] Use of undefined constant value - assumed 'value' D:\home\coding\zendstudio\edu\Education_dev_platform\branches\v1.0\Runtime\Cache\System\f1f505fd3c21db26e272225d1155e217.php 第 25 行.
NOTIC: [8] Undefined index: readonly D:\home\coding\zendstudio\edu\Education_dev_platform\branches\v1.0\Runtime\Cache\System\f1f505fd3c21db26e272225d1155e217.php 第 23 行.
NOTIC: [8] Undefined index: cols D:\home\coding\zendstudio\edu\Education_dev_platform\branches\v1.0\Runtime\Cache\System\f1f505fd3c21db26e272225d1155e217.php 第 24 行.
NOTIC: [8] Undefined index: rows D:\home\coding\zendstudio\edu\Education_dev_platform\branches\v1.0\Runtime\Cache\System\f1f505fd3c21db26e272225d1155e217.php 第 25 行.
NOTIC: [8] Undefined variable: readOnly D:\home\coding\zendstudio\edu\Education_dev_platform\branches\v1.0\Runtime\Cache\System\f1f505fd3c21db26e272225d1155e217.php 第 25 行.
NOTIC: [8] Use of undefined constant value - assumed 'value' D:\home\coding\zendstudio\edu\Education_dev_platform\branches\v1.0\Runtime\Cache\System\f1f505fd3c21db26e272225d1155e217.php 第 25 行.
NOTIC: [8] Undefined index: readonly D:\home\coding\zendstudio\edu\Education_dev_platform\branches\v1.0\Runtime\Cache\System\f1f505fd3c21db26e272225d1155e217.php 第 23 行.
NOTIC: [8] Undefined index: cols D:\home\coding\zendstudio\edu\Education_dev_platform\branches\v1.0\Runtime\Cache\System\f1f505fd3c21db26e272225d1155e217.php 第 24 行.
NOTIC: [8] Undefined index: rows D:\home\coding\zendstudio\edu\Education_dev_platform\branches\v1.0\Runtime\Cache\System\f1f505fd3c21db26e272225d1155e217.php 第 25 行.
NOTIC: [8] Undefined variable: readOnly D:\home\coding\zendstudio\edu\Education_dev_platform\branches\v1.0\Runtime\Cache\System\f1f505fd3c21db26e272225d1155e217.php 第 25 行.
NOTIC: [8] Use of undefined constant value - assumed 'value' D:\home\coding\zendstudio\edu\Education_dev_platform\branches\v1.0\Runtime\Cache\System\f1f505fd3c21db26e272225d1155e217.php 第 25 行.
NOTIC: [8] Undefined index: readonly D:\home\coding\zendstudio\edu\Education_dev_platform\branches\v1.0\Runtime\Cache\System\f1f505fd3c21db26e272225d1155e217.php 第 23 行.
NOTIC: [8] Undefined index: cols D:\home\coding\zendstudio\edu\Education_dev_platform\branches\v1.0\Runtime\Cache\System\f1f505fd3c21db26e272225d1155e217.php 第 24 行.
NOTIC: [8] Undefined index: rows D:\home\coding\zendstudio\edu\Education_dev_platform\branches\v1.0\Runtime\Cache\System\f1f505fd3c21db26e272225d1155e217.php 第 25 行.
NOTIC: [8] Undefined variable: readOnly D:\home\coding\zendstudio\edu\Education_dev_platform\branches\v1.0\Runtime\Cache\System\f1f505fd3c21db26e272225d1155e217.php 第 25 行.
NOTIC: [8] Use of undefined constant value - assumed 'value' D:\home\coding\zendstudio\edu\Education_dev_platform\branches\v1.0\Runtime\Cache\System\f1f505fd3c21db26e272225d1155e217.php 第 25 行.
NOTIC: [8] Undefined index: readonly D:\home\coding\zendstudio\edu\Education_dev_platform\branches\v1.0\Runtime\Cache\System\f1f505fd3c21db26e272225d1155e217.php 第 23 行.
NOTIC: [8] Undefined index: cols D:\home\coding\zendstudio\edu\Education_dev_platform\branches\v1.0\Runtime\Cache\System\f1f505fd3c21db26e272225d1155e217.php 第 24 行.
NOTIC: [8] Undefined index: rows D:\home\coding\zendstudio\edu\Education_dev_platform\branches\v1.0\Runtime\Cache\System\f1f505fd3c21db26e272225d1155e217.php 第 25 行.
NOTIC: [8] Undefined variable: readOnly D:\home\coding\zendstudio\edu\Education_dev_platform\branches\v1.0\Runtime\Cache\System\f1f505fd3c21db26e272225d1155e217.php 第 25 行.
NOTIC: [8] Use of undefined constant value - assumed 'value' D:\home\coding\zendstudio\edu\Education_dev_platform\branches\v1.0\Runtime\Cache\System\f1f505fd3c21db26e272225d1155e217.php 第 25 行.
NOTIC: [8] Undefined index: readonly D:\home\coding\zendstudio\edu\Education_dev_platform\branches\v1.0\Runtime\Cache\System\f1f505fd3c21db26e272225d1155e217.php 第 23 行.
NOTIC: [8] Undefined index: cols D:\home\coding\zendstudio\edu\Education_dev_platform\branches\v1.0\Runtime\Cache\System\f1f505fd3c21db26e272225d1155e217.php 第 24 行.
NOTIC: [8] Undefined index: rows D:\home\coding\zendstudio\edu\Education_dev_platform\branches\v1.0\Runtime\Cache\System\f1f505fd3c21db26e272225d1155e217.php 第 25 行.
NOTIC: [8] Undefined variable: readOnly D:\home\coding\zendstudio\edu\Education_dev_platform\branches\v1.0\Runtime\Cache\System\f1f505fd3c21db26e272225d1155e217.php 第 25 行.
NOTIC: [8] Use of undefined constant value - assumed 'value' D:\home\coding\zendstudio\edu\Education_dev_platform\branches\v1.0\Runtime\Cache\System\f1f505fd3c21db26e272225d1155e217.php 第 25 行.
NOTIC: [8] Undefined index: readonly D:\home\coding\zendstudio\edu\Education_dev_platform\branches\v1.0\Runtime\Cache\System\f1f505fd3c21db26e272225d1155e217.php 第 23 行.
NOTIC: [8] Undefined index: cols D:\home\coding\zendstudio\edu\Education_dev_platform\branches\v1.0\Runtime\Cache\System\f1f505fd3c21db26e272225d1155e217.php 第 24 行.
NOTIC: [8] Undefined index: rows D:\home\coding\zendstudio\edu\Education_dev_platform\branches\v1.0\Runtime\Cache\System\f1f505fd3c21db26e272225d1155e217.php 第 25 行.
NOTIC: [8] Undefined variable: readOnly D:\home\coding\zendstudio\edu\Education_dev_platform\branches\v1.0\Runtime\Cache\System\f1f505fd3c21db26e272225d1155e217.php 第 25 行.
NOTIC: [8] Use of undefined constant value - assumed 'value' D:\home\coding\zendstudio\edu\Education_dev_platform\branches\v1.0\Runtime\Cache\System\f1f505fd3c21db26e272225d1155e217.php 第 25 行.
NOTIC: [8] Undefined index: readonly D:\home\coding\zendstudio\edu\Education_dev_platform\branches\v1.0\Runtime\Cache\System\f1f505fd3c21db26e272225d1155e217.php 第 23 行.
NOTIC: [8] Undefined index: cols D:\home\coding\zendstudio\edu\Education_dev_platform\branches\v1.0\Runtime\Cache\System\f1f505fd3c21db26e272225d1155e217.php 第 24 行.
NOTIC: [8] Undefined index: rows D:\home\coding\zendstudio\edu\Education_dev_platform\branches\v1.0\Runtime\Cache\System\f1f505fd3c21db26e272225d1155e217.php 第 25 行.
NOTIC: [8] Undefined variable: readOnly D:\home\coding\zendstudio\edu\Education_dev_platform\branches\v1.0\Runtime\Cache\System\f1f505fd3c21db26e272225d1155e217.php 第 25 行.
NOTIC: [8] Use of undefined constant value - assumed 'value' D:\home\coding\zendstudio\edu\Education_dev_platform\branches\v1.0\Runtime\Cache\System\f1f505fd3c21db26e272225d1155e217.php 第 25 行.
NOTIC: [8] Undefined index: readonly D:\home\coding\zendstudio\edu\Education_dev_platform\branches\v1.0\Runtime\Cache\System\f1f505fd3c21db26e272225d1155e217.php 第 23 行.
NOTIC: [8] Undefined index: cols D:\home\coding\zendstudio\edu\Education_dev_platform\branches\v1.0\Runtime\Cache\System\f1f505fd3c21db26e272225d1155e217.php 第 24 行.
NOTIC: [8] Undefined index: rows D:\home\coding\zendstudio\edu\Education_dev_platform\branches\v1.0\Runtime\Cache\System\f1f505fd3c21db26e272225d1155e217.php 第 25 行.
NOTIC: [8] Undefined variable: readOnly D:\home\coding\zendstudio\edu\Education_dev_platform\branches\v1.0\Runtime\Cache\System\f1f505fd3c21db26e272225d1155e217.php 第 25 行.
NOTIC: [8] Use of undefined constant value - assumed 'value' D:\home\coding\zendstudio\edu\Education_dev_platform\branches\v1.0\Runtime\Cache\System\f1f505fd3c21db26e272225d1155e217.php 第 25 行.
INFO: Run Behavior\ParseTemplateBehavior [ RunTime:0.024489s ]
INFO: [ view_parse ] --END-- [ RunTime:0.024644s ]
INFO: [ view_filter ] --START--
INFO: Run Behavior\WriteHtmlCacheBehavior [ RunTime:0.000616s ]
INFO: [ view_filter ] --END-- [ RunTime:0.000897s ]
INFO: [ app_end ] --START--
INFO: Run Behavior\ShowPageTraceBehavior [ RunTime:0.000751s ]
INFO: [ app_end ] --END-- [ RunTime:0.000867s ]

[ 2014-12-20T18:17:16+08:00 ] 192.168.0.152 /System/ProConfig/reloadConf
INFO: [ app_begin ] --START--
INFO: Run Behavior\ReadHtmlCacheBehavior [ RunTime:0.000906s ]
INFO: Run Common\Behaviors\AppBeginBehavior [ RunTime:0.001116s ]
INFO: [ app_begin ] --END-- [ RunTime:0.003058s ]
NOTIC: [2048] Declaration of Common\Model\SysUserModel::selectOne() should be compatible with that of Common\Model\BaseModel::selectOne() D:\home\coding\zendstudio\edu\Education_dev_platform\branches\v1.0\Application\Common\Model\SysUserModel.class.php 第 9 行.
SQL: SHOW COLUMNS FROM `t_sys_user` [ RunTime:0.001568s ]
SQL: SELECT ru.id,ru.name,ru.realName,ru.roleId,ru.status,ru.lastTime,ru.lastIp,r.name as roleName,r.isSuper,r.auth FROM t_sys_user ru INNER JOIN t_sys_role r ON r.id=ru.roleId  WHERE ( ru.id = '1' ) LIMIT 1   [ RunTime:0.001004s ]
SQL: SHOW COLUMNS FROM `t_sys_log` [ RunTime:0.001222s ]
SQL: INSERT INTO `t_sys_log` (`userName`,`controller`,`action`,`addTime`,`data`) VALUES ('admin','ProConfig','reloadConf',1419070636,'a:2:{s:3:\"get\";a:0:{}s:4:\"post\";a:1:{s:2:\"id\";s:2:\"16\";}}') [ RunTime:0.000993s ]
SQL: SHOW COLUMNS FROM `t_pro_config` [ RunTime:0.001284s ]
SQL: SELECT * FROM `t_pro_config` WHERE ( `id` = 16 ) LIMIT 1   [ RunTime:0.001103s ]
SQL: SELECT * FROM `t_pro_config` WHERE ( `cKey` = 'proConfig' ) LIMIT 1   [ RunTime:0.001005s ]
SQL: SELECT * FROM `t_pro_config` WHERE ( `id` = 16 ) LIMIT 1   [ RunTime:0.000953s ]
SQL: SELECT * FROM `t_pro_config` WHERE ( `templete` = 'p_config.php' ) AND ( `id` <> '16' ) LIMIT 1   [ RunTime:0.000944s ]
SQL: UPDATE `t_pro_config` SET `name`='产品配置',`cKey`='proConfig',`templete`='p_config.php',`content`='a:9:{s:12:\"channelThumb\";s:19:\"s=100*200,m=200*300\";s:10:\"courseType\";a:2:{i:1;s:6:\"基础\";i:2;s:6:\"拓展\";}s:7:\"subject\";a:12:{i:1;s:6:\"语文\";i:2;s:6:\"数学\";i:3;s:6:\"英语\";i:4;s:6:\"科学\";i:5;s:6:\"美术\";i:6;s:6:\"书法\";i:7;s:6:\"音乐\";i:8;s:6:\"舞蹈\";i:9;s:6:\"写作\";i:10;s:6:\"手工\";i:11;s:6:\"动漫\";i:12;s:6:\"电影\";}s:4:\"tags\";a:7:{i:1;s:6:\"社会\";i:2;s:6:\"习惯\";i:3;s:6:\"健康\";i:4;s:6:\"科学\";i:5;s:6:\"习惯\";i:6;s:6:\"语言\";i:7;s:6:\"综合\";}s:7:\"session\";a:2:{i:1;s:9:\"上学期\";i:2;s:9:\"下学期\";}s:4:\"keys\";a:3:{i:1;s:6:\"热门\";i:2;s:6:\"推荐\";i:3;s:6:\"置顶\";}s:2:\"rp\";a:1:{i:1001;s:9:\"掌世界\";}s:2:\"ap\";a:1:{i:1001;s:9:\"掌世界\";}s:5:\"press\";a:1:{i:2001;s:15:\"某某出版社\";}}',`addTime`='2014-11-20 15:40:58' WHERE ( `id` = 16 ) [ RunTime:0.001128s ]
NOTIC: [8] Uninitialized string offset: 0 D:\home\coding\zendstudio\edu\Education_dev_platform\branches\v1.0\Application\Common\Model\BaseModel.class.php 第 174 行.
NOTIC: [8] Uninitialized string offset: 0 D:\home\coding\zendstudio\edu\Education_dev_platform\branches\v1.0\Application\Common\Model\BaseModel.class.php 第 175 行.
NOTIC: [2] Invalid argument supplied for foreach() D:\home\coding\zendstudio\edu\Education_dev_platform\branches\v1.0\Application\Common\Model\BaseModel.class.php 第 126 行.
NOTIC: [8] Undefined index: fieldExcept D:\home\coding\zendstudio\edu\Education_dev_platform\branches\v1.0\Application\Common\Model\BaseModel.class.php 第 178 行.
NOTIC: [8] Undefined index: sortOrder D:\home\coding\zendstudio\edu\Education_dev_platform\branches\v1.0\Application\Common\Model\BaseModel.class.php 第 180 行.
NOTIC: [8] Undefined index: initPage D:\home\coding\zendstudio\edu\Education_dev_platform\branches\v1.0\Application\Common\Model\BaseModel.class.php 第 190 行.
NOTIC: [8] Undefined index: page D:\home\coding\zendstudio\edu\Education_dev_platform\branches\v1.0\Application\Common\Model\BaseModel.class.php 第 191 行.
NOTIC: [8] Undefined index: pageSize D:\home\coding\zendstudio\edu\Education_dev_platform\branches\v1.0\Application\Common\Model\BaseModel.class.php 第 191 行.
NOTIC: [8] Undefined index: initPage D:\home\coding\zendstudio\edu\Education_dev_platform\branches\v1.0\Application\Common\Model\BaseModel.class.php 第 44 行.
NOTIC: [8] Undefined index: field D:\home\coding\zendstudio\edu\Education_dev_platform\branches\v1.0\Application\Common\Model\BaseModel.class.php 第 47 行.
SQL: SELECT * FROM `t_pro_config` ORDER BY id asc LIMIT 0,50   [ RunTime:0.000959s ]
SQL: SELECT COUNT(*) AS tp_count FROM `t_pro_config` LIMIT 1   [ RunTime:0.000993s ]

[ 2014-12-20T18:17:16+08:00 ] 192.168.0.152 /System/ProConfig/index
INFO: [ app_begin ] --START--
INFO: Run Behavior\ReadHtmlCacheBehavior [ RunTime:0.000551s ]
INFO: Run Common\Behaviors\AppBeginBehavior [ RunTime:0.000493s ]
INFO: [ app_begin ] --END-- [ RunTime:0.001522s ]
NOTIC: [2048] Declaration of Common\Model\SysUserModel::selectOne() should be compatible with that of Common\Model\BaseModel::selectOne() D:\home\coding\zendstudio\edu\Education_dev_platform\branches\v1.0\Application\Common\Model\SysUserModel.class.php 第 9 行.
SQL: SHOW COLUMNS FROM `t_sys_user` [ RunTime:0.001522s ]
SQL: SELECT ru.id,ru.name,ru.realName,ru.roleId,ru.status,ru.lastTime,ru.lastIp,r.name as roleName,r.isSuper,r.auth FROM t_sys_user ru INNER JOIN t_sys_role r ON r.id=ru.roleId  WHERE ( ru.id = '1' ) LIMIT 1   [ RunTime:0.000969s ]
SQL: SHOW COLUMNS FROM `t_pro_config` [ RunTime:0.000970s ]
NOTIC: [8] Uninitialized string offset: 0 D:\home\coding\zendstudio\edu\Education_dev_platform\branches\v1.0\Application\Common\Model\BaseModel.class.php 第 174 行.
NOTIC: [8] Uninitialized string offset: 0 D:\home\coding\zendstudio\edu\Education_dev_platform\branches\v1.0\Application\Common\Model\BaseModel.class.php 第 175 行.
NOTIC: [2] Invalid argument supplied for foreach() D:\home\coding\zendstudio\edu\Education_dev_platform\branches\v1.0\Application\Common\Model\BaseModel.class.php 第 126 行.
NOTIC: [8] Undefined index: fieldExcept D:\home\coding\zendstudio\edu\Education_dev_platform\branches\v1.0\Application\Common\Model\BaseModel.class.php 第 178 行.
NOTIC: [8] Undefined index: sortOrder D:\home\coding\zendstudio\edu\Education_dev_platform\branches\v1.0\Application\Common\Model\BaseModel.class.php 第 180 行.
NOTIC: [8] Undefined index: initPage D:\home\coding\zendstudio\edu\Education_dev_platform\branches\v1.0\Application\Common\Model\BaseModel.class.php 第 190 行.
NOTIC: [8] Undefined index: page D:\home\coding\zendstudio\edu\Education_dev_platform\branches\v1.0\Application\Common\Model\BaseModel.class.php 第 191 行.
NOTIC: [8] Undefined index: pageSize D:\home\coding\zendstudio\edu\Education_dev_platform\branches\v1.0\Application\Common\Model\BaseModel.class.php 第 191 行.
NOTIC: [8] Undefined index: initPage D:\home\coding\zendstudio\edu\Education_dev_platform\branches\v1.0\Application\Common\Model\BaseModel.class.php 第 44 行.
NOTIC: [8] Undefined index: field D:\home\coding\zendstudio\edu\Education_dev_platform\branches\v1.0\Application\Common\Model\BaseModel.class.php 第 47 行.
SQL: SELECT * FROM `t_pro_config` ORDER BY id asc LIMIT 0,50   [ RunTime:0.001013s ]
SQL: SELECT COUNT(*) AS tp_count FROM `t_pro_config` LIMIT 1   [ RunTime:0.001008s ]

[ 2014-12-20T18:17:20+08:00 ] 192.168.0.152 /System/ProConfig/config.html?id=16&_=1419070640234
INFO: [ app_begin ] --START--
INFO: Run Behavior\ReadHtmlCacheBehavior [ RunTime:0.000458s ]
INFO: Run Common\Behaviors\AppBeginBehavior [ RunTime:0.000543s ]
INFO: [ app_begin ] --END-- [ RunTime:0.001442s ]
NOTIC: [2048] Declaration of Common\Model\SysUserModel::selectOne() should be compatible with that of Common\Model\BaseModel::selectOne() D:\home\coding\zendstudio\edu\Education_dev_platform\branches\v1.0\Application\Common\Model\SysUserModel.class.php 第 9 行.
SQL: SHOW COLUMNS FROM `t_sys_user` [ RunTime:0.001497s ]
SQL: SELECT ru.id,ru.name,ru.realName,ru.roleId,ru.status,ru.lastTime,ru.lastIp,r.name as roleName,r.isSuper,r.auth FROM t_sys_user ru INNER JOIN t_sys_role r ON r.id=ru.roleId  WHERE ( ru.id = '1' ) LIMIT 1   [ RunTime:0.000916s ]
SQL: SHOW COLUMNS FROM `t_pro_config` [ RunTime:0.000982s ]
SQL: SELECT * FROM `t_pro_config` WHERE ( `id` = 16 ) LIMIT 1   [ RunTime:0.000986s ]
SQL: SELECT * FROM `t_pro_config` WHERE ( `cKey` = 'proConfig' ) LIMIT 1   [ RunTime:0.000964s ]
INFO: [ view_parse ] --START--
INFO: [ template_filter ] --START--
INFO: Run Behavior\ContentReplaceBehavior [ RunTime:0.000080s ]
INFO: [ template_filter ] --END-- [ RunTime:0.000180s ]
NOTIC: [8] Undefined index: readonly D:\home\coding\zendstudio\edu\Education_dev_platform\branches\v1.0\Runtime\Cache\System\f1f505fd3c21db26e272225d1155e217.php 第 23 行.
NOTIC: [8] Undefined index: cols D:\home\coding\zendstudio\edu\Education_dev_platform\branches\v1.0\Runtime\Cache\System\f1f505fd3c21db26e272225d1155e217.php 第 24 行.
NOTIC: [8] Undefined index: rows D:\home\coding\zendstudio\edu\Education_dev_platform\branches\v1.0\Runtime\Cache\System\f1f505fd3c21db26e272225d1155e217.php 第 25 行.
NOTIC: [8] Undefined variable: readOnly D:\home\coding\zendstudio\edu\Education_dev_platform\branches\v1.0\Runtime\Cache\System\f1f505fd3c21db26e272225d1155e217.php 第 25 行.
NOTIC: [8] Use of undefined constant value - assumed 'value' D:\home\coding\zendstudio\edu\Education_dev_platform\branches\v1.0\Runtime\Cache\System\f1f505fd3c21db26e272225d1155e217.php 第 25 行.
NOTIC: [8] Undefined index: readonly D:\home\coding\zendstudio\edu\Education_dev_platform\branches\v1.0\Runtime\Cache\System\f1f505fd3c21db26e272225d1155e217.php 第 23 行.
NOTIC: [8] Undefined index: cols D:\home\coding\zendstudio\edu\Education_dev_platform\branches\v1.0\Runtime\Cache\System\f1f505fd3c21db26e272225d1155e217.php 第 24 行.
NOTIC: [8] Undefined index: rows D:\home\coding\zendstudio\edu\Education_dev_platform\branches\v1.0\Runtime\Cache\System\f1f505fd3c21db26e272225d1155e217.php 第 25 行.
NOTIC: [8] Undefined variable: readOnly D:\home\coding\zendstudio\edu\Education_dev_platform\branches\v1.0\Runtime\Cache\System\f1f505fd3c21db26e272225d1155e217.php 第 25 行.
NOTIC: [8] Use of undefined constant value - assumed 'value' D:\home\coding\zendstudio\edu\Education_dev_platform\branches\v1.0\Runtime\Cache\System\f1f505fd3c21db26e272225d1155e217.php 第 25 行.
NOTIC: [8] Undefined index: readonly D:\home\coding\zendstudio\edu\Education_dev_platform\branches\v1.0\Runtime\Cache\System\f1f505fd3c21db26e272225d1155e217.php 第 23 行.
NOTIC: [8] Undefined index: cols D:\home\coding\zendstudio\edu\Education_dev_platform\branches\v1.0\Runtime\Cache\System\f1f505fd3c21db26e272225d1155e217.php 第 24 行.
NOTIC: [8] Undefined index: rows D:\home\coding\zendstudio\edu\Education_dev_platform\branches\v1.0\Runtime\Cache\System\f1f505fd3c21db26e272225d1155e217.php 第 25 行.
NOTIC: [8] Undefined variable: readOnly D:\home\coding\zendstudio\edu\Education_dev_platform\branches\v1.0\Runtime\Cache\System\f1f505fd3c21db26e272225d1155e217.php 第 25 行.
NOTIC: [8] Use of undefined constant value - assumed 'value' D:\home\coding\zendstudio\edu\Education_dev_platform\branches\v1.0\Runtime\Cache\System\f1f505fd3c21db26e272225d1155e217.php 第 25 行.
NOTIC: [8] Undefined index: readonly D:\home\coding\zendstudio\edu\Education_dev_platform\branches\v1.0\Runtime\Cache\System\f1f505fd3c21db26e272225d1155e217.php 第 23 行.
NOTIC: [8] Undefined index: cols D:\home\coding\zendstudio\edu\Education_dev_platform\branches\v1.0\Runtime\Cache\System\f1f505fd3c21db26e272225d1155e217.php 第 24 行.
NOTIC: [8] Undefined index: rows D:\home\coding\zendstudio\edu\Education_dev_platform\branches\v1.0\Runtime\Cache\System\f1f505fd3c21db26e272225d1155e217.php 第 25 行.
NOTIC: [8] Undefined variable: readOnly D:\home\coding\zendstudio\edu\Education_dev_platform\branches\v1.0\Runtime\Cache\System\f1f505fd3c21db26e272225d1155e217.php 第 25 行.
NOTIC: [8] Use of undefined constant value - assumed 'value' D:\home\coding\zendstudio\edu\Education_dev_platform\branches\v1.0\Runtime\Cache\System\f1f505fd3c21db26e272225d1155e217.php 第 25 行.
NOTIC: [8] Undefined index: readonly D:\home\coding\zendstudio\edu\Education_dev_platform\branches\v1.0\Runtime\Cache\System\f1f505fd3c21db26e272225d1155e217.php 第 23 行.
NOTIC: [8] Undefined index: cols D:\home\coding\zendstudio\edu\Education_dev_platform\branches\v1.0\Runtime\Cache\System\f1f505fd3c21db26e272225d1155e217.php 第 24 行.
NOTIC: [8] Undefined index: rows D:\home\coding\zendstudio\edu\Education_dev_platform\branches\v1.0\Runtime\Cache\System\f1f505fd3c21db26e272225d1155e217.php 第 25 行.
NOTIC: [8] Undefined variable: readOnly D:\home\coding\zendstudio\edu\Education_dev_platform\branches\v1.0\Runtime\Cache\System\f1f505fd3c21db26e272225d1155e217.php 第 25 行.
NOTIC: [8] Use of undefined constant value - assumed 'value' D:\home\coding\zendstudio\edu\Education_dev_platform\branches\v1.0\Runtime\Cache\System\f1f505fd3c21db26e272225d1155e217.php 第 25 行.
NOTIC: [8] Undefined index: readonly D:\home\coding\zendstudio\edu\Education_dev_platform\branches\v1.0\Runtime\Cache\System\f1f505fd3c21db26e272225d1155e217.php 第 23 行.
NOTIC: [8] Undefined index: cols D:\home\coding\zendstudio\edu\Education_dev_platform\branches\v1.0\Runtime\Cache\System\f1f505fd3c21db26e272225d1155e217.php 第 24 行.
NOTIC: [8] Undefined index: rows D:\home\coding\zendstudio\edu\Education_dev_platform\branches\v1.0\Runtime\Cache\System\f1f505fd3c21db26e272225d1155e217.php 第 25 行.
NOTIC: [8] Undefined variable: readOnly D:\home\coding\zendstudio\edu\Education_dev_platform\branches\v1.0\Runtime\Cache\System\f1f505fd3c21db26e272225d1155e217.php 第 25 行.
NOTIC: [8] Use of undefined constant value - assumed 'value' D:\home\coding\zendstudio\edu\Education_dev_platform\branches\v1.0\Runtime\Cache\System\f1f505fd3c21db26e272225d1155e217.php 第 25 行.
NOTIC: [8] Undefined index: readonly D:\home\coding\zendstudio\edu\Education_dev_platform\branches\v1.0\Runtime\Cache\System\f1f505fd3c21db26e272225d1155e217.php 第 23 行.
NOTIC: [8] Undefined index: cols D:\home\coding\zendstudio\edu\Education_dev_platform\branches\v1.0\Runtime\Cache\System\f1f505fd3c21db26e272225d1155e217.php 第 24 行.
NOTIC: [8] Undefined index: rows D:\home\coding\zendstudio\edu\Education_dev_platform\branches\v1.0\Runtime\Cache\System\f1f505fd3c21db26e272225d1155e217.php 第 25 行.
NOTIC: [8] Undefined variable: readOnly D:\home\coding\zendstudio\edu\Education_dev_platform\branches\v1.0\Runtime\Cache\System\f1f505fd3c21db26e272225d1155e217.php 第 25 行.
NOTIC: [8] Use of undefined constant value - assumed 'value' D:\home\coding\zendstudio\edu\Education_dev_platform\branches\v1.0\Runtime\Cache\System\f1f505fd3c21db26e272225d1155e217.php 第 25 行.
NOTIC: [8] Undefined index: readonly D:\home\coding\zendstudio\edu\Education_dev_platform\branches\v1.0\Runtime\Cache\System\f1f505fd3c21db26e272225d1155e217.php 第 23 行.
NOTIC: [8] Undefined index: cols D:\home\coding\zendstudio\edu\Education_dev_platform\branches\v1.0\Runtime\Cache\System\f1f505fd3c21db26e272225d1155e217.php 第 24 行.
NOTIC: [8] Undefined index: rows D:\home\coding\zendstudio\edu\Education_dev_platform\branches\v1.0\Runtime\Cache\System\f1f505fd3c21db26e272225d1155e217.php 第 25 行.
NOTIC: [8] Undefined variable: readOnly D:\home\coding\zendstudio\edu\Education_dev_platform\branches\v1.0\Runtime\Cache\System\f1f505fd3c21db26e272225d1155e217.php 第 25 行.
NOTIC: [8] Use of undefined constant value - assumed 'value' D:\home\coding\zendstudio\edu\Education_dev_platform\branches\v1.0\Runtime\Cache\System\f1f505fd3c21db26e272225d1155e217.php 第 25 行.
NOTIC: [8] Undefined index: readonly D:\home\coding\zendstudio\edu\Education_dev_platform\branches\v1.0\Runtime\Cache\System\f1f505fd3c21db26e272225d1155e217.php 第 23 行.
NOTIC: [8] Undefined index: cols D:\home\coding\zendstudio\edu\Education_dev_platform\branches\v1.0\Runtime\Cache\System\f1f505fd3c21db26e272225d1155e217.php 第 24 行.
NOTIC: [8] Undefined index: rows D:\home\coding\zendstudio\edu\Education_dev_platform\branches\v1.0\Runtime\Cache\System\f1f505fd3c21db26e272225d1155e217.php 第 25 行.
NOTIC: [8] Undefined variable: readOnly D:\home\coding\zendstudio\edu\Education_dev_platform\branches\v1.0\Runtime\Cache\System\f1f505fd3c21db26e272225d1155e217.php 第 25 行.
NOTIC: [8] Use of undefined constant value - assumed 'value' D:\home\coding\zendstudio\edu\Education_dev_platform\branches\v1.0\Runtime\Cache\System\f1f505fd3c21db26e272225d1155e217.php 第 25 行.
INFO: Run Behavior\ParseTemplateBehavior [ RunTime:0.011904s ]
INFO: [ view_parse ] --END-- [ RunTime:0.012019s ]
INFO: [ view_filter ] --START--
INFO: Run Behavior\WriteHtmlCacheBehavior [ RunTime:0.000366s ]
INFO: [ view_filter ] --END-- [ RunTime:0.000453s ]
INFO: [ app_end ] --START--
INFO: Run Behavior\ShowPageTraceBehavior [ RunTime:0.000616s ]
INFO: [ app_end ] --END-- [ RunTime:0.000707s ]

[ 2014-12-20T18:17:22+08:00 ] 192.168.0.152 /System/ProConfig/index
INFO: [ app_begin ] --START--
INFO: Run Behavior\ReadHtmlCacheBehavior [ RunTime:0.000413s ]
INFO: Run Common\Behaviors\AppBeginBehavior [ RunTime:0.000480s ]
INFO: [ app_begin ] --END-- [ RunTime:0.001254s ]
NOTIC: [2048] Declaration of Common\Model\SysUserModel::selectOne() should be compatible with that of Common\Model\BaseModel::selectOne() D:\home\coding\zendstudio\edu\Education_dev_platform\branches\v1.0\Application\Common\Model\SysUserModel.class.php 第 9 行.
SQL: SHOW COLUMNS FROM `t_sys_user` [ RunTime:0.001685s ]
SQL: SELECT ru.id,ru.name,ru.realName,ru.roleId,ru.status,ru.lastTime,ru.lastIp,r.name as roleName,r.isSuper,r.auth FROM t_sys_user ru INNER JOIN t_sys_role r ON r.id=ru.roleId  WHERE ( ru.id = '1' ) LIMIT 1   [ RunTime:0.001069s ]
SQL: SHOW COLUMNS FROM `t_pro_config` [ RunTime:0.000782s ]
NOTIC: [8] Uninitialized string offset: 0 D:\home\coding\zendstudio\edu\Education_dev_platform\branches\v1.0\Application\Common\Model\BaseModel.class.php 第 174 行.
NOTIC: [8] Uninitialized string offset: 0 D:\home\coding\zendstudio\edu\Education_dev_platform\branches\v1.0\Application\Common\Model\BaseModel.class.php 第 175 行.
NOTIC: [2] Invalid argument supplied for foreach() D:\home\coding\zendstudio\edu\Education_dev_platform\branches\v1.0\Application\Common\Model\BaseModel.class.php 第 126 行.
NOTIC: [8] Undefined index: fieldExcept D:\home\coding\zendstudio\edu\Education_dev_platform\branches\v1.0\Application\Common\Model\BaseModel.class.php 第 178 行.
NOTIC: [8] Undefined index: sortOrder D:\home\coding\zendstudio\edu\Education_dev_platform\branches\v1.0\Application\Common\Model\BaseModel.class.php 第 180 行.
NOTIC: [8] Undefined index: initPage D:\home\coding\zendstudio\edu\Education_dev_platform\branches\v1.0\Application\Common\Model\BaseModel.class.php 第 190 行.
NOTIC: [8] Undefined index: page D:\home\coding\zendstudio\edu\Education_dev_platform\branches\v1.0\Application\Common\Model\BaseModel.class.php 第 191 行.
NOTIC: [8] Undefined index: pageSize D:\home\coding\zendstudio\edu\Education_dev_platform\branches\v1.0\Application\Common\Model\BaseModel.class.php 第 191 行.
NOTIC: [8] Undefined index: initPage D:\home\coding\zendstudio\edu\Education_dev_platform\branches\v1.0\Application\Common\Model\BaseModel.class.php 第 44 行.
NOTIC: [8] Undefined index: field D:\home\coding\zendstudio\edu\Education_dev_platform\branches\v1.0\Application\Common\Model\BaseModel.class.php 第 47 行.
SQL: SELECT * FROM `t_pro_config` ORDER BY id asc LIMIT 0,50   [ RunTime:0.001032s ]
SQL: SELECT COUNT(*) AS tp_count FROM `t_pro_config` LIMIT 1   [ RunTime:0.001021s ]

[ 2014-12-20T18:17:30+08:00 ] 192.168.0.152 /System/Import/index.html?_=1419070650177
INFO: [ app_begin ] --START--
INFO: Run Behavior\ReadHtmlCacheBehavior [ RunTime:0.000719s ]
INFO: Run Common\Behaviors\AppBeginBehavior [ RunTime:0.000811s ]
INFO: [ app_begin ] --END-- [ RunTime:0.002163s ]
NOTIC: [2048] Declaration of Common\Model\SysUserModel::selectOne() should be compatible with that of Common\Model\BaseModel::selectOne() D:\home\coding\zendstudio\edu\Education_dev_platform\branches\v1.0\Application\Common\Model\SysUserModel.class.php 第 9 行.
SQL: SHOW COLUMNS FROM `t_sys_user` [ RunTime:0.001628s ]
SQL: SELECT ru.id,ru.name,ru.realName,ru.roleId,ru.status,ru.lastTime,ru.lastIp,r.name as roleName,r.isSuper,r.auth FROM t_sys_user ru INNER JOIN t_sys_role r ON r.id=ru.roleId  WHERE ( ru.id = '1' ) LIMIT 1   [ RunTime:0.001206s ]
INFO: [ view_parse ] --START--
INFO: [ template_filter ] --START--
INFO: Run Behavior\ContentReplaceBehavior [ RunTime:0.000077s ]
INFO: [ template_filter ] --END-- [ RunTime:0.000189s ]
INFO: Run Behavior\ParseTemplateBehavior [ RunTime:0.007597s ]
INFO: [ view_parse ] --END-- [ RunTime:0.007735s ]
INFO: [ view_filter ] --START--
INFO: Run Behavior\WriteHtmlCacheBehavior [ RunTime:0.000314s ]
INFO: [ view_filter ] --END-- [ RunTime:0.000397s ]
INFO: [ app_end ] --START--
INFO: Run Behavior\ShowPageTraceBehavior [ RunTime:0.000578s ]
INFO: [ app_end ] --END-- [ RunTime:0.000680s ]

[ 2014-12-20T18:17:31+08:00 ] 192.168.0.152 /System/Upfile/upfile?fileType=4&thumb=&isMore=0&memo=%E6%95%B0%E6%8D%AE%E5%AF%BC%E5%85%A5&_=1419070651554
INFO: [ app_begin ] --START--
INFO: Run Behavior\ReadHtmlCacheBehavior [ RunTime:0.000475s ]
INFO: Run Common\Behaviors\AppBeginBehavior [ RunTime:0.000517s ]
INFO: [ app_begin ] --END-- [ RunTime:0.001429s ]
NOTIC: [2048] Declaration of Common\Model\SysUserModel::selectOne() should be compatible with that of Common\Model\BaseModel::selectOne() D:\home\coding\zendstudio\edu\Education_dev_platform\branches\v1.0\Application\Common\Model\SysUserModel.class.php 第 9 行.
SQL: SHOW COLUMNS FROM `t_sys_user` [ RunTime:0.001764s ]
SQL: SELECT ru.id,ru.name,ru.realName,ru.roleId,ru.status,ru.lastTime,ru.lastIp,r.name as roleName,r.isSuper,r.auth FROM t_sys_user ru INNER JOIN t_sys_role r ON r.id=ru.roleId  WHERE ( ru.id = '1' ) LIMIT 1   [ RunTime:0.001029s ]
INFO: [ view_parse ] --START--
INFO: [ template_filter ] --START--
INFO: Run Behavior\ContentReplaceBehavior [ RunTime:0.000092s ]
INFO: [ template_filter ] --END-- [ RunTime:0.000238s ]
INFO: Run Behavior\ParseTemplateBehavior [ RunTime:0.010671s ]
INFO: [ view_parse ] --END-- [ RunTime:0.010824s ]
INFO: [ view_filter ] --START--
INFO: Run Behavior\WriteHtmlCacheBehavior [ RunTime:0.000354s ]
INFO: [ view_filter ] --END-- [ RunTime:0.000443s ]
INFO: [ app_end ] --START--
INFO: Run Behavior\ShowPageTraceBehavior [ RunTime:0.001141s ]
INFO: [ app_end ] --END-- [ RunTime:0.001346s ]

[ 2014-12-20T18:27:30+08:00 ] 192.168.0.152 /System/Import/index.html?_=1419071249985
INFO: [ app_begin ] --START--
INFO: Run Behavior\ReadHtmlCacheBehavior [ RunTime:0.000583s ]
INFO: Run Common\Behaviors\AppBeginBehavior [ RunTime:0.000805s ]
INFO: [ app_begin ] --END-- [ RunTime:0.001859s ]
NOTIC: [2048] Declaration of Common\Model\SysUserModel::selectOne() should be compatible with that of Common\Model\BaseModel::selectOne() D:\home\coding\zendstudio\edu\Education_dev_platform\branches\v1.0\Application\Common\Model\SysUserModel.class.php 第 9 行.
SQL: SHOW COLUMNS FROM `t_sys_user` [ RunTime:0.002914s ]
SQL: SELECT ru.id,ru.name,ru.realName,ru.roleId,ru.status,ru.lastTime,ru.lastIp,r.name as roleName,r.isSuper,r.auth FROM t_sys_user ru INNER JOIN t_sys_role r ON r.id=ru.roleId  WHERE ( ru.id = '1' ) LIMIT 1   [ RunTime:0.001938s ]
INFO: [ view_parse ] --START--
INFO: [ template_filter ] --START--
INFO: Run Behavior\ContentReplaceBehavior [ RunTime:0.000080s ]
INFO: [ template_filter ] --END-- [ RunTime:0.000195s ]
INFO: Run Behavior\ParseTemplateBehavior [ RunTime:0.007732s ]
INFO: [ view_parse ] --END-- [ RunTime:0.007846s ]
INFO: [ view_filter ] --START--
INFO: Run Behavior\WriteHtmlCacheBehavior [ RunTime:0.000294s ]
INFO: [ view_filter ] --END-- [ RunTime:0.000374s ]
INFO: [ app_end ] --START--
INFO: Run Behavior\ShowPageTraceBehavior [ RunTime:0.000540s ]
INFO: [ app_end ] --END-- [ RunTime:0.000627s ]

[ 2014-12-20T18:27:31+08:00 ] 192.168.0.152 /System/Upfile/upfile?fileType=4&thumb=&isMore=0&memo=%E6%95%B0%E6%8D%AE%E5%AF%BC%E5%85%A5&_=1419071251199
INFO: [ app_begin ] --START--
INFO: Run Behavior\ReadHtmlCacheBehavior [ RunTime:0.000485s ]
INFO: Run Common\Behaviors\AppBeginBehavior [ RunTime:0.000527s ]
INFO: [ app_begin ] --END-- [ RunTime:0.001433s ]
NOTIC: [2048] Declaration of Common\Model\SysUserModel::selectOne() should be compatible with that of Common\Model\BaseModel::selectOne() D:\home\coding\zendstudio\edu\Education_dev_platform\branches\v1.0\Application\Common\Model\SysUserModel.class.php 第 9 行.
SQL: SHOW COLUMNS FROM `t_sys_user` [ RunTime:0.001263s ]
SQL: SELECT ru.id,ru.name,ru.realName,ru.roleId,ru.status,ru.lastTime,ru.lastIp,r.name as roleName,r.isSuper,r.auth FROM t_sys_user ru INNER JOIN t_sys_role r ON r.id=ru.roleId  WHERE ( ru.id = '1' ) LIMIT 1   [ RunTime:0.000947s ]
INFO: [ view_parse ] --START--
INFO: [ template_filter ] --START--
INFO: Run Behavior\ContentReplaceBehavior [ RunTime:0.000081s ]
INFO: [ template_filter ] --END-- [ RunTime:0.000230s ]
INFO: Run Behavior\ParseTemplateBehavior [ RunTime:0.011001s ]
INFO: [ view_parse ] --END-- [ RunTime:0.011214s ]
INFO: [ view_filter ] --START--
INFO: Run Behavior\WriteHtmlCacheBehavior [ RunTime:0.000283s ]
INFO: [ view_filter ] --END-- [ RunTime:0.000446s ]
INFO: [ app_end ] --START--
INFO: Run Behavior\ShowPageTraceBehavior [ RunTime:0.000853s ]
INFO: [ app_end ] --END-- [ RunTime:0.001006s ]

[ 2014-12-20T18:27:36+08:00 ] 192.168.0.152 /System/Import/index.html
ERR: Think\Model:_saveData方法不存在！

[ 2014-12-20T18:29:47+08:00 ] 192.168.0.152 /System/Import/index.html?_=1419071387094
INFO: [ app_begin ] --START--
INFO: Run Behavior\ReadHtmlCacheBehavior [ RunTime:0.000572s ]
INFO: Run Common\Behaviors\AppBeginBehavior [ RunTime:0.000785s ]
INFO: [ app_begin ] --END-- [ RunTime:0.001835s ]
NOTIC: [2048] Declaration of Common\Model\SysUserModel::selectOne() should be compatible with that of Common\Model\BaseModel::selectOne() D:\home\coding\zendstudio\edu\Education_dev_platform\branches\v1.0\Application\Common\Model\SysUserModel.class.php 第 9 行.
SQL: SHOW COLUMNS FROM `t_sys_user` [ RunTime:0.002452s ]
SQL: SELECT ru.id,ru.name,ru.realName,ru.roleId,ru.status,ru.lastTime,ru.lastIp,r.name as roleName,r.isSuper,r.auth FROM t_sys_user ru INNER JOIN t_sys_role r ON r.id=ru.roleId  WHERE ( ru.id = '1' ) LIMIT 1   [ RunTime:0.001156s ]
INFO: [ view_parse ] --START--
INFO: [ template_filter ] --START--
INFO: Run Behavior\ContentReplaceBehavior [ RunTime:0.000138s ]
INFO: [ template_filter ] --END-- [ RunTime:0.000365s ]
INFO: Run Behavior\ParseTemplateBehavior [ RunTime:0.009669s ]
INFO: [ view_parse ] --END-- [ RunTime:0.009887s ]
INFO: [ view_filter ] --START--
INFO: Run Behavior\WriteHtmlCacheBehavior [ RunTime:0.000365s ]
INFO: [ view_filter ] --END-- [ RunTime:0.000467s ]
INFO: [ app_end ] --START--
INFO: Run Behavior\ShowPageTraceBehavior [ RunTime:0.000741s ]
INFO: [ app_end ] --END-- [ RunTime:0.000869s ]

[ 2014-12-20T18:29:48+08:00 ] 192.168.0.152 /System/Upfile/upfile?fileType=4&thumb=&isMore=0&memo=%E6%95%B0%E6%8D%AE%E5%AF%BC%E5%85%A5&_=1419071388003
INFO: [ app_begin ] --START--
INFO: Run Behavior\ReadHtmlCacheBehavior [ RunTime:0.000459s ]
INFO: Run Common\Behaviors\AppBeginBehavior [ RunTime:0.000521s ]
INFO: [ app_begin ] --END-- [ RunTime:0.001382s ]
NOTIC: [2048] Declaration of Common\Model\SysUserModel::selectOne() should be compatible with that of Common\Model\BaseModel::selectOne() D:\home\coding\zendstudio\edu\Education_dev_platform\branches\v1.0\Application\Common\Model\SysUserModel.class.php 第 9 行.
SQL: SHOW COLUMNS FROM `t_sys_user` [ RunTime:0.002746s ]
SQL: SELECT ru.id,ru.name,ru.realName,ru.roleId,ru.status,ru.lastTime,ru.lastIp,r.name as roleName,r.isSuper,r.auth FROM t_sys_user ru INNER JOIN t_sys_role r ON r.id=ru.roleId  WHERE ( ru.id = '1' ) LIMIT 1   [ RunTime:0.002156s ]
INFO: [ view_parse ] --START--
INFO: [ template_filter ] --START--
INFO: Run Behavior\ContentReplaceBehavior [ RunTime:0.000082s ]
INFO: [ template_filter ] --END-- [ RunTime:0.000220s ]
INFO: Run Behavior\ParseTemplateBehavior [ RunTime:0.008798s ]
INFO: [ view_parse ] --END-- [ RunTime:0.008974s ]
INFO: [ view_filter ] --START--
INFO: Run Behavior\WriteHtmlCacheBehavior [ RunTime:0.000254s ]
INFO: [ view_filter ] --END-- [ RunTime:0.000342s ]
INFO: [ app_end ] --START--
INFO: Run Behavior\ShowPageTraceBehavior [ RunTime:0.000547s ]
INFO: [ app_end ] --END-- [ RunTime:0.000647s ]

[ 2014-12-20T18:30:41+08:00 ] 192.168.0.152 /System/Import/index.html?_=1419071441501
INFO: [ app_begin ] --START--
INFO: Run Behavior\ReadHtmlCacheBehavior [ RunTime:0.000473s ]
INFO: Run Common\Behaviors\AppBeginBehavior [ RunTime:0.000524s ]
INFO: [ app_begin ] --END-- [ RunTime:0.001422s ]
NOTIC: [2048] Declaration of Common\Model\SysUserModel::selectOne() should be compatible with that of Common\Model\BaseModel::selectOne() D:\home\coding\zendstudio\edu\Education_dev_platform\branches\v1.0\Application\Common\Model\SysUserModel.class.php 第 9 行.
SQL: SHOW COLUMNS FROM `t_sys_user` [ RunTime:0.001990s ]
SQL: SELECT ru.id,ru.name,ru.realName,ru.roleId,ru.status,ru.lastTime,ru.lastIp,r.name as roleName,r.isSuper,r.auth FROM t_sys_user ru INNER JOIN t_sys_role r ON r.id=ru.roleId  WHERE ( ru.id = '1' ) LIMIT 1   [ RunTime:0.001679s ]
INFO: [ view_parse ] --START--
INFO: [ template_filter ] --START--
INFO: Run Behavior\ContentReplaceBehavior [ RunTime:0.000078s ]
INFO: [ template_filter ] --END-- [ RunTime:0.000190s ]
INFO: Run Behavior\ParseTemplateBehavior [ RunTime:0.007988s ]
INFO: [ view_parse ] --END-- [ RunTime:0.008198s ]
INFO: [ view_filter ] --START--
INFO: Run Behavior\WriteHtmlCacheBehavior [ RunTime:0.000388s ]
INFO: [ view_filter ] --END-- [ RunTime:0.000564s ]
INFO: [ app_end ] --START--
INFO: Run Behavior\ShowPageTraceBehavior [ RunTime:0.000524s ]
INFO: [ app_end ] --END-- [ RunTime:0.000652s ]

[ 2014-12-20T18:30:42+08:00 ] 192.168.0.152 /System/Upfile/upfile?fileType=4&thumb=&isMore=0&memo=%E6%95%B0%E6%8D%AE%E5%AF%BC%E5%85%A5&_=1419071442465
INFO: [ app_begin ] --START--
INFO: Run Behavior\ReadHtmlCacheBehavior [ RunTime:0.000466s ]
INFO: Run Common\Behaviors\AppBeginBehavior [ RunTime:0.000570s ]
INFO: [ app_begin ] --END-- [ RunTime:0.001471s ]
NOTIC: [2048] Declaration of Common\Model\SysUserModel::selectOne() should be compatible with that of Common\Model\BaseModel::selectOne() D:\home\coding\zendstudio\edu\Education_dev_platform\branches\v1.0\Application\Common\Model\SysUserModel.class.php 第 9 行.
SQL: SHOW COLUMNS FROM `t_sys_user` [ RunTime:0.000901s ]
SQL: SELECT ru.id,ru.name,ru.realName,ru.roleId,ru.status,ru.lastTime,ru.lastIp,r.name as roleName,r.isSuper,r.auth FROM t_sys_user ru INNER JOIN t_sys_role r ON r.id=ru.roleId  WHERE ( ru.id = '1' ) LIMIT 1   [ RunTime:0.001004s ]
INFO: [ view_parse ] --START--
INFO: [ template_filter ] --START--
INFO: Run Behavior\ContentReplaceBehavior [ RunTime:0.000082s ]
INFO: [ template_filter ] --END-- [ RunTime:0.000208s ]
INFO: Run Behavior\ParseTemplateBehavior [ RunTime:0.006892s ]
INFO: [ view_parse ] --END-- [ RunTime:0.007009s ]
INFO: [ view_filter ] --START--
INFO: Run Behavior\WriteHtmlCacheBehavior [ RunTime:0.000213s ]
INFO: [ view_filter ] --END-- [ RunTime:0.000296s ]
INFO: [ app_end ] --START--
INFO: Run Behavior\ShowPageTraceBehavior [ RunTime:0.000461s ]
INFO: [ app_end ] --END-- [ RunTime:0.000548s ]

[ 2014-12-20T18:31:36+08:00 ] 192.168.0.152 /System/Import/index.html?_=1419071496523
INFO: [ app_begin ] --START--
INFO: Run Behavior\ReadHtmlCacheBehavior [ RunTime:0.000494s ]
INFO: Run Common\Behaviors\AppBeginBehavior [ RunTime:0.000599s ]
INFO: [ app_begin ] --END-- [ RunTime:0.001563s ]
NOTIC: [2048] Declaration of Common\Model\SysUserModel::selectOne() should be compatible with that of Common\Model\BaseModel::selectOne() D:\home\coding\zendstudio\edu\Education_dev_platform\branches\v1.0\Application\Common\Model\SysUserModel.class.php 第 9 行.
SQL: SHOW COLUMNS FROM `t_sys_user` [ RunTime:0.004986s ]
SQL: SELECT ru.id,ru.name,ru.realName,ru.roleId,ru.status,ru.lastTime,ru.lastIp,r.name as roleName,r.isSuper,r.auth FROM t_sys_user ru INNER JOIN t_sys_role r ON r.id=ru.roleId  WHERE ( ru.id = '1' ) LIMIT 1   [ RunTime:0.001321s ]
INFO: [ view_parse ] --START--
INFO: [ template_filter ] --START--
INFO: Run Behavior\ContentReplaceBehavior [ RunTime:0.000089s ]
INFO: [ template_filter ] --END-- [ RunTime:0.000210s ]
INFO: Run Behavior\ParseTemplateBehavior [ RunTime:0.009194s ]
INFO: [ view_parse ] --END-- [ RunTime:0.009340s ]
INFO: [ view_filter ] --START--
INFO: Run Behavior\WriteHtmlCacheBehavior [ RunTime:0.000214s ]
INFO: [ view_filter ] --END-- [ RunTime:0.000296s ]
INFO: [ app_end ] --START--
INFO: Run Behavior\ShowPageTraceBehavior [ RunTime:0.000491s ]
INFO: [ app_end ] --END-- [ RunTime:0.000580s ]

[ 2014-12-20T18:31:37+08:00 ] 192.168.0.152 /System/Upfile/upfile?fileType=4&thumb=&isMore=0&memo=%E6%95%B0%E6%8D%AE%E5%AF%BC%E5%85%A5&_=1419071497451
INFO: [ app_begin ] --START--
INFO: Run Behavior\ReadHtmlCacheBehavior [ RunTime:0.000574s ]
INFO: Run Common\Behaviors\AppBeginBehavior [ RunTime:0.000686s ]
INFO: [ app_begin ] --END-- [ RunTime:0.001796s ]
NOTIC: [2048] Declaration of Common\Model\SysUserModel::selectOne() should be compatible with that of Common\Model\BaseModel::selectOne() D:\home\coding\zendstudio\edu\Education_dev_platform\branches\v1.0\Application\Common\Model\SysUserModel.class.php 第 9 行.
SQL: SHOW COLUMNS FROM `t_sys_user` [ RunTime:0.001953s ]
SQL: SELECT ru.id,ru.name,ru.realName,ru.roleId,ru.status,ru.lastTime,ru.lastIp,r.name as roleName,r.isSuper,r.auth FROM t_sys_user ru INNER JOIN t_sys_role r ON r.id=ru.roleId  WHERE ( ru.id = '1' ) LIMIT 1   [ RunTime:0.001052s ]
INFO: [ view_parse ] --START--
INFO: [ template_filter ] --START--
INFO: Run Behavior\ContentReplaceBehavior [ RunTime:0.000084s ]
INFO: [ template_filter ] --END-- [ RunTime:0.000208s ]
INFO: Run Behavior\ParseTemplateBehavior [ RunTime:0.009725s ]
INFO: [ view_parse ] --END-- [ RunTime:0.009888s ]
INFO: [ view_filter ] --START--
INFO: Run Behavior\WriteHtmlCacheBehavior [ RunTime:0.000250s ]
INFO: [ view_filter ] --END-- [ RunTime:0.000337s ]
INFO: [ app_end ] --START--
INFO: Run Behavior\ShowPageTraceBehavior [ RunTime:0.000709s ]
INFO: [ app_end ] --END-- [ RunTime:0.001103s ]

