[ 2014-12-05T13:36:36+08:00 ] 192.168.0.152 /
INFO: [ app_init ] --START--
INFO: Run Behavior\BuildLiteBehavior [ RunTime:0.000039s ]
INFO: [ app_init ] --END-- [ RunTime:0.022502s ]
INFO: [ app_begin ] --START--
INFO: Run Behavior\ReadHtmlCacheBehavior [ RunTime:0.004144s ]
NOTIC: [8] Undefined index: HTTP_REFERER D:\home\coding\zendstudio\edu\Education_dev_platform\branches\v1.0\Application\Common\Behaviors\AppBeginBehavior.class.php 第 13 行.
NOTIC: [8] Undefined index: REDIRECT_URL D:\home\coding\zendstudio\edu\Education_dev_platform\branches\v1.0\Application\Common\Behaviors\AppBeginBehavior.class.php 第 15 行.
INFO: Run Common\Behaviors\AppBeginBehavior [ RunTime:0.018695s ]
INFO: [ app_begin ] --END-- [ RunTime:0.023112s ]

[ 2014-12-05T13:36:36+08:00 ] 192.168.0.152 /System/Public/login.html
INFO: [ app_init ] --START--
INFO: Run Behavior\BuildLiteBehavior [ RunTime:0.000023s ]
INFO: [ app_init ] --END-- [ RunTime:0.000418s ]
INFO: [ app_begin ] --START--
INFO: Run Behavior\ReadHtmlCacheBehavior [ RunTime:0.000662s ]
INFO: Run Common\Behaviors\AppBeginBehavior [ RunTime:0.000769s ]
INFO: [ app_begin ] --END-- [ RunTime:0.001618s ]
INFO: [ view_parse ] --START--
INFO: [ template_filter ] --START--
INFO: Run Behavior\ContentReplaceBehavior [ RunTime:0.000123s ]
INFO: [ template_filter ] --END-- [ RunTime:0.000279s ]
INFO: Run Behavior\ParseTemplateBehavior [ RunTime:0.170818s ]
INFO: [ view_parse ] --END-- [ RunTime:0.171082s ]
INFO: [ view_filter ] --START--
INFO: Run Behavior\WriteHtmlCacheBehavior [ RunTime:0.007058s ]
INFO: [ view_filter ] --END-- [ RunTime:0.007156s ]
INFO: [ app_end ] --START--
INFO: Run Behavior\ShowPageTraceBehavior [ RunTime:0.001400s ]
INFO: [ app_end ] --END-- [ RunTime:0.001497s ]

[ 2014-12-05T13:36:42+08:00 ] 192.168.0.152 /System/Public/login/ajax/true.html
INFO: [ app_init ] --START--
INFO: Run Behavior\BuildLiteBehavior [ RunTime:0.000024s ]
INFO: [ app_init ] --END-- [ RunTime:0.000361s ]
INFO: [ app_begin ] --START--
INFO: Run Behavior\ReadHtmlCacheBehavior [ RunTime:0.000483s ]
INFO: Run Common\Behaviors\AppBeginBehavior [ RunTime:0.000560s ]
INFO: [ app_begin ] --END-- [ RunTime:0.001223s ]
NOTIC: [8] Uninitialized string offset: 0 D:\home\coding\zendstudio\edu\Education_dev_platform\branches\v1.0\Application\System\Controller\BaseController.class.php 第 142 行.
SQL: SHOW COLUMNS FROM `t_sys_log` [ RunTime:0.001557s ]
SQL: INSERT INTO `t_sys_log` (`userName`,`controller`,`action`,`addTime`,`data`) VALUES ('','Public','login',1417757801,'a:2:{s:3:\"get\";a:1:{s:4:\"ajax\";s:4:\"true\";}s:4:\"post\";a:1:{s:8:\"userName\";s:5:\"admin\";}}') [ RunTime:0.000974s ]
SQL: SHOW COLUMNS FROM `t_sys_user` [ RunTime:0.001411s ]
SQL: SELECT `id`,`lastTime`,`lastIp` FROM `t_sys_user` WHERE ( `name` = 'admin' ) AND ( `password` = '21232f297a57a5a743894a0e4a801fc3' ) AND ( `status` = 1 ) LIMIT 1   [ RunTime:0.001175s ]
SQL: UPDATE `t_sys_user` SET `lastTime`='2014-12-05 13:36:41',`lastIp`='192.168.0.152' WHERE ( `id` = 1 ) [ RunTime:0.001090s ]

[ 2014-12-05T13:36:42+08:00 ] 192.168.0.152 /System/Index/index.html
INFO: [ app_init ] --START--
INFO: Run Behavior\BuildLiteBehavior [ RunTime:0.000024s ]
INFO: [ app_init ] --END-- [ RunTime:0.000363s ]
INFO: [ app_begin ] --START--
INFO: Run Behavior\ReadHtmlCacheBehavior [ RunTime:0.000531s ]
INFO: Run Common\Behaviors\AppBeginBehavior [ RunTime:0.000545s ]
INFO: [ app_begin ] --END-- [ RunTime:0.001271s ]
SQL: SHOW COLUMNS FROM `t_sys_user` [ RunTime:0.001529s ]
SQL: SELECT ru.id,ru.name,ru.realName,ru.roleId,ru.status,ru.lastTime,ru.lastIp,r.name as roleName,r.isSuper,r.auth FROM t_sys_user ru INNER JOIN t_sys_role r ON r.id=ru.roleId  WHERE ( ru.id = '1' ) LIMIT 1   [ RunTime:0.001716s ]
INFO: [ view_parse ] --START--
INFO: [ template_filter ] --START--
INFO: Run Behavior\ContentReplaceBehavior [ RunTime:0.000113s ]
INFO: [ template_filter ] --END-- [ RunTime:0.000221s ]
NOTIC: [8] Undefined variable: html D:\home\coding\zendstudio\edu\Education_dev_platform\branches\v1.0\Runtime\Cache\System\54ed2e14c6d75c29e191a0c6f138b065.php 第 54 行.
NOTIC: [8] Undefined variable: proId D:\home\coding\zendstudio\edu\Education_dev_platform\branches\v1.0\Runtime\Cache\System\54ed2e14c6d75c29e191a0c6f138b065.php 第 96 行.
INFO: Run Behavior\ParseTemplateBehavior [ RunTime:0.033398s ]
INFO: [ view_parse ] --END-- [ RunTime:0.033521s ]
INFO: [ view_filter ] --START--
INFO: Run Behavior\WriteHtmlCacheBehavior [ RunTime:0.000333s ]
INFO: [ view_filter ] --END-- [ RunTime:0.000431s ]
INFO: [ app_end ] --START--
INFO: Run Behavior\ShowPageTraceBehavior [ RunTime:0.000553s ]
INFO: [ app_end ] --END-- [ RunTime:0.000643s ]

[ 2014-12-05T13:36:44+08:00 ] 192.168.0.152 /System/ProConfig/index.html
INFO: [ app_init ] --START--
INFO: Run Behavior\BuildLiteBehavior [ RunTime:0.000023s ]
INFO: [ app_init ] --END-- [ RunTime:0.000362s ]
INFO: [ app_begin ] --START--
INFO: Run Behavior\ReadHtmlCacheBehavior [ RunTime:0.000498s ]
INFO: Run Common\Behaviors\AppBeginBehavior [ RunTime:0.000570s ]
INFO: [ app_begin ] --END-- [ RunTime:0.001265s ]
SQL: SHOW COLUMNS FROM `t_sys_user` [ RunTime:0.002118s ]
SQL: SELECT ru.id,ru.name,ru.realName,ru.roleId,ru.status,ru.lastTime,ru.lastIp,r.name as roleName,r.isSuper,r.auth FROM t_sys_user ru INNER JOIN t_sys_role r ON r.id=ru.roleId  WHERE ( ru.id = '1' ) LIMIT 1   [ RunTime:0.001591s ]
INFO: [ view_parse ] --START--
INFO: [ template_filter ] --START--
INFO: Run Behavior\ContentReplaceBehavior [ RunTime:0.000159s ]
INFO: [ template_filter ] --END-- [ RunTime:0.000301s ]
NOTIC: [8] Undefined index: configTpl D:\home\coding\zendstudio\edu\Education_dev_platform\branches\v1.0\Runtime\Cache\System\afa7d840b8e73a6b4785832d5f9f9d80.php 第 32 行.
NOTIC: [8] Undefined index: configArea D:\home\coding\zendstudio\edu\Education_dev_platform\branches\v1.0\Runtime\Cache\System\afa7d840b8e73a6b4785832d5f9f9d80.php 第 33 行.
NOTIC: [8] Undefined index: Sync D:\home\coding\zendstudio\edu\Education_dev_platform\branches\v1.0\Runtime\Cache\System\afa7d840b8e73a6b4785832d5f9f9d80.php 第 34 行.
INFO: Run Behavior\ParseTemplateBehavior [ RunTime:0.040514s ]
INFO: [ view_parse ] --END-- [ RunTime:0.040699s ]
INFO: [ view_filter ] --START--
INFO: Run Behavior\WriteHtmlCacheBehavior [ RunTime:0.000312s ]
INFO: [ view_filter ] --END-- [ RunTime:0.000421s ]
INFO: [ app_end ] --START--
INFO: Run Behavior\ShowPageTraceBehavior [ RunTime:0.000780s ]
INFO: [ app_end ] --END-- [ RunTime:0.000873s ]

[ 2014-12-05T13:36:44+08:00 ] 192.168.0.152 /System/ProConfig/index
INFO: [ app_init ] --START--
INFO: Run Behavior\BuildLiteBehavior [ RunTime:0.000021s ]
INFO: [ app_init ] --END-- [ RunTime:0.000334s ]
INFO: [ app_begin ] --START--
INFO: Run Behavior\ReadHtmlCacheBehavior [ RunTime:0.000408s ]
INFO: Run Common\Behaviors\AppBeginBehavior [ RunTime:0.000493s ]
INFO: [ app_begin ] --END-- [ RunTime:0.001035s ]
SQL: SHOW COLUMNS FROM `t_sys_user` [ RunTime:0.001190s ]
SQL: SELECT ru.id,ru.name,ru.realName,ru.roleId,ru.status,ru.lastTime,ru.lastIp,r.name as roleName,r.isSuper,r.auth FROM t_sys_user ru INNER JOIN t_sys_role r ON r.id=ru.roleId  WHERE ( ru.id = '1' ) LIMIT 1   [ RunTime:0.001103s ]
SQL: SHOW COLUMNS FROM `t_pro_config` [ RunTime:0.001148s ]
NOTIC: [8] Uninitialized string offset: 0 D:\home\coding\zendstudio\edu\Education_dev_platform\branches\v1.0\Application\Common\Model\BaseModel.class.php 第 138 行.
NOTIC: [8] Uninitialized string offset: 0 D:\home\coding\zendstudio\edu\Education_dev_platform\branches\v1.0\Application\Common\Model\BaseModel.class.php 第 139 行.
NOTIC: [2] Invalid argument supplied for foreach() D:\home\coding\zendstudio\edu\Education_dev_platform\branches\v1.0\Application\Common\Model\BaseModel.class.php 第 90 行.
NOTIC: [8] Undefined index: fieldExcept D:\home\coding\zendstudio\edu\Education_dev_platform\branches\v1.0\Application\Common\Model\BaseModel.class.php 第 142 行.
NOTIC: [8] Undefined index: sortOrder D:\home\coding\zendstudio\edu\Education_dev_platform\branches\v1.0\Application\Common\Model\BaseModel.class.php 第 144 行.
NOTIC: [8] Undefined index: page D:\home\coding\zendstudio\edu\Education_dev_platform\branches\v1.0\Application\Common\Model\BaseModel.class.php 第 154 行.
NOTIC: [8] Undefined index: pageSize D:\home\coding\zendstudio\edu\Education_dev_platform\branches\v1.0\Application\Common\Model\BaseModel.class.php 第 154 行.
NOTIC: [8] Undefined index: field D:\home\coding\zendstudio\edu\Education_dev_platform\branches\v1.0\Application\Common\Model\BaseModel.class.php 第 33 行.
SQL: SELECT * FROM `t_pro_config` ORDER BY id asc LIMIT 0,50   [ RunTime:0.001117s ]
SQL: SELECT COUNT(*) AS tp_count FROM `t_pro_config` LIMIT 1   [ RunTime:0.001437s ]

[ 2014-12-05T13:36:46+08:00 ] 192.168.0.152 /System/ProConfig/edit?id=16&_=1417757806335
INFO: [ app_init ] --START--
INFO: Run Behavior\BuildLiteBehavior [ RunTime:0.000023s ]
INFO: [ app_init ] --END-- [ RunTime:0.000359s ]
INFO: [ app_begin ] --START--
INFO: Run Behavior\ReadHtmlCacheBehavior [ RunTime:0.000507s ]
INFO: Run Common\Behaviors\AppBeginBehavior [ RunTime:0.000555s ]
INFO: [ app_begin ] --END-- [ RunTime:0.001224s ]
SQL: SHOW COLUMNS FROM `t_sys_user` [ RunTime:0.002332s ]
SQL: SELECT ru.id,ru.name,ru.realName,ru.roleId,ru.status,ru.lastTime,ru.lastIp,r.name as roleName,r.isSuper,r.auth FROM t_sys_user ru INNER JOIN t_sys_role r ON r.id=ru.roleId  WHERE ( ru.id = '1' ) LIMIT 1   [ RunTime:0.001544s ]
SQL: SHOW COLUMNS FROM `t_pro_config` [ RunTime:0.001140s ]
SQL: SELECT * FROM `t_pro_config` WHERE ( `id` = 16 ) LIMIT 1   [ RunTime:0.001542s ]
INFO: [ view_parse ] --START--
INFO: [ template_filter ] --START--
INFO: Run Behavior\ContentReplaceBehavior [ RunTime:0.000081s ]
INFO: [ template_filter ] --END-- [ RunTime:0.000198s ]
INFO: Run Behavior\ParseTemplateBehavior [ RunTime:0.035591s ]
INFO: [ view_parse ] --END-- [ RunTime:0.035789s ]
INFO: [ view_filter ] --START--
INFO: Run Behavior\WriteHtmlCacheBehavior [ RunTime:0.000563s ]
INFO: [ view_filter ] --END-- [ RunTime:0.000730s ]
INFO: [ app_end ] --START--
INFO: Run Behavior\ShowPageTraceBehavior [ RunTime:0.000774s ]
INFO: [ app_end ] --END-- [ RunTime:0.000880s ]

[ 2014-12-05T13:36:50+08:00 ] 192.168.0.152 /System/ProConfig/config.html?id=16&_=1417757810748
INFO: [ app_init ] --START--
INFO: Run Behavior\BuildLiteBehavior [ RunTime:0.000023s ]
INFO: [ app_init ] --END-- [ RunTime:0.000370s ]
INFO: [ app_begin ] --START--
INFO: Run Behavior\ReadHtmlCacheBehavior [ RunTime:0.000466s ]
INFO: Run Common\Behaviors\AppBeginBehavior [ RunTime:0.000562s ]
INFO: [ app_begin ] --END-- [ RunTime:0.001191s ]
SQL: SHOW COLUMNS FROM `t_sys_user` [ RunTime:0.001676s ]
SQL: SELECT ru.id,ru.name,ru.realName,ru.roleId,ru.status,ru.lastTime,ru.lastIp,r.name as roleName,r.isSuper,r.auth FROM t_sys_user ru INNER JOIN t_sys_role r ON r.id=ru.roleId  WHERE ( ru.id = '1' ) LIMIT 1   [ RunTime:0.001178s ]
SQL: SHOW COLUMNS FROM `t_pro_config` [ RunTime:0.001041s ]
SQL: SELECT * FROM `t_pro_config` WHERE ( `id` = 16 ) LIMIT 1   [ RunTime:0.001256s ]
SQL: SELECT * FROM `t_pro_config` WHERE ( `cKey` = 'proConfig' )  [ RunTime:0.001291s ]
INFO: [ view_parse ] --START--
INFO: [ template_filter ] --START--
INFO: Run Behavior\ContentReplaceBehavior [ RunTime:0.000193s ]
INFO: [ template_filter ] --END-- [ RunTime:0.000515s ]
NOTIC: [8] Undefined index: readonly D:\home\coding\zendstudio\edu\Education_dev_platform\branches\v1.0\Runtime\Cache\System\f1f505fd3c21db26e272225d1155e217.php 第 23 行.
NOTIC: [8] Undefined index: cols D:\home\coding\zendstudio\edu\Education_dev_platform\branches\v1.0\Runtime\Cache\System\f1f505fd3c21db26e272225d1155e217.php 第 24 行.
NOTIC: [8] Undefined index: rows D:\home\coding\zendstudio\edu\Education_dev_platform\branches\v1.0\Runtime\Cache\System\f1f505fd3c21db26e272225d1155e217.php 第 25 行.
NOTIC: [8] Undefined variable: readOnly D:\home\coding\zendstudio\edu\Education_dev_platform\branches\v1.0\Runtime\Cache\System\f1f505fd3c21db26e272225d1155e217.php 第 25 行.
NOTIC: [8] Use of undefined constant value - assumed 'value' D:\home\coding\zendstudio\edu\Education_dev_platform\branches\v1.0\Runtime\Cache\System\f1f505fd3c21db26e272225d1155e217.php 第 25 行.
NOTIC: [8] Undefined index: readonly D:\home\coding\zendstudio\edu\Education_dev_platform\branches\v1.0\Runtime\Cache\System\f1f505fd3c21db26e272225d1155e217.php 第 23 行.
NOTIC: [8] Undefined index: cols D:\home\coding\zendstudio\edu\Education_dev_platform\branches\v1.0\Runtime\Cache\System\f1f505fd3c21db26e272225d1155e217.php 第 24 行.
NOTIC: [8] Undefined index: rows D:\home\coding\zendstudio\edu\Education_dev_platform\branches\v1.0\Runtime\Cache\System\f1f505fd3c21db26e272225d1155e217.php 第 25 行.
NOTIC: [8] Undefined variable: readOnly D:\home\coding\zendstudio\edu\Education_dev_platform\branches\v1.0\Runtime\Cache\System\f1f505fd3c21db26e272225d1155e217.php 第 25 行.
NOTIC: [8] Use of undefined constant value - assumed 'value' D:\home\coding\zendstudio\edu\Education_dev_platform\branches\v1.0\Runtime\Cache\System\f1f505fd3c21db26e272225d1155e217.php 第 25 行.
NOTIC: [8] Undefined index: readonly D:\home\coding\zendstudio\edu\Education_dev_platform\branches\v1.0\Runtime\Cache\System\f1f505fd3c21db26e272225d1155e217.php 第 23 行.
NOTIC: [8] Undefined index: cols D:\home\coding\zendstudio\edu\Education_dev_platform\branches\v1.0\Runtime\Cache\System\f1f505fd3c21db26e272225d1155e217.php 第 24 行.
NOTIC: [8] Undefined index: rows D:\home\coding\zendstudio\edu\Education_dev_platform\branches\v1.0\Runtime\Cache\System\f1f505fd3c21db26e272225d1155e217.php 第 25 行.
NOTIC: [8] Undefined variable: readOnly D:\home\coding\zendstudio\edu\Education_dev_platform\branches\v1.0\Runtime\Cache\System\f1f505fd3c21db26e272225d1155e217.php 第 25 行.
NOTIC: [8] Use of undefined constant value - assumed 'value' D:\home\coding\zendstudio\edu\Education_dev_platform\branches\v1.0\Runtime\Cache\System\f1f505fd3c21db26e272225d1155e217.php 第 25 行.
NOTIC: [8] Undefined index: readonly D:\home\coding\zendstudio\edu\Education_dev_platform\branches\v1.0\Runtime\Cache\System\f1f505fd3c21db26e272225d1155e217.php 第 23 行.
NOTIC: [8] Undefined index: cols D:\home\coding\zendstudio\edu\Education_dev_platform\branches\v1.0\Runtime\Cache\System\f1f505fd3c21db26e272225d1155e217.php 第 24 行.
NOTIC: [8] Undefined index: rows D:\home\coding\zendstudio\edu\Education_dev_platform\branches\v1.0\Runtime\Cache\System\f1f505fd3c21db26e272225d1155e217.php 第 25 行.
NOTIC: [8] Undefined variable: readOnly D:\home\coding\zendstudio\edu\Education_dev_platform\branches\v1.0\Runtime\Cache\System\f1f505fd3c21db26e272225d1155e217.php 第 25 行.
NOTIC: [8] Use of undefined constant value - assumed 'value' D:\home\coding\zendstudio\edu\Education_dev_platform\branches\v1.0\Runtime\Cache\System\f1f505fd3c21db26e272225d1155e217.php 第 25 行.
NOTIC: [8] Undefined index: readonly D:\home\coding\zendstudio\edu\Education_dev_platform\branches\v1.0\Runtime\Cache\System\f1f505fd3c21db26e272225d1155e217.php 第 23 行.
NOTIC: [8] Undefined index: cols D:\home\coding\zendstudio\edu\Education_dev_platform\branches\v1.0\Runtime\Cache\System\f1f505fd3c21db26e272225d1155e217.php 第 24 行.
NOTIC: [8] Undefined index: rows D:\home\coding\zendstudio\edu\Education_dev_platform\branches\v1.0\Runtime\Cache\System\f1f505fd3c21db26e272225d1155e217.php 第 25 行.
NOTIC: [8] Undefined variable: readOnly D:\home\coding\zendstudio\edu\Education_dev_platform\branches\v1.0\Runtime\Cache\System\f1f505fd3c21db26e272225d1155e217.php 第 25 行.
NOTIC: [8] Use of undefined constant value - assumed 'value' D:\home\coding\zendstudio\edu\Education_dev_platform\branches\v1.0\Runtime\Cache\System\f1f505fd3c21db26e272225d1155e217.php 第 25 行.
NOTIC: [8] Undefined index: readonly D:\home\coding\zendstudio\edu\Education_dev_platform\branches\v1.0\Runtime\Cache\System\f1f505fd3c21db26e272225d1155e217.php 第 23 行.
NOTIC: [8] Undefined index: cols D:\home\coding\zendstudio\edu\Education_dev_platform\branches\v1.0\Runtime\Cache\System\f1f505fd3c21db26e272225d1155e217.php 第 24 行.
NOTIC: [8] Undefined index: rows D:\home\coding\zendstudio\edu\Education_dev_platform\branches\v1.0\Runtime\Cache\System\f1f505fd3c21db26e272225d1155e217.php 第 25 行.
NOTIC: [8] Undefined variable: readOnly D:\home\coding\zendstudio\edu\Education_dev_platform\branches\v1.0\Runtime\Cache\System\f1f505fd3c21db26e272225d1155e217.php 第 25 行.
NOTIC: [8] Use of undefined constant value - assumed 'value' D:\home\coding\zendstudio\edu\Education_dev_platform\branches\v1.0\Runtime\Cache\System\f1f505fd3c21db26e272225d1155e217.php 第 25 行.
NOTIC: [8] Undefined index: readonly D:\home\coding\zendstudio\edu\Education_dev_platform\branches\v1.0\Runtime\Cache\System\f1f505fd3c21db26e272225d1155e217.php 第 23 行.
NOTIC: [8] Undefined index: cols D:\home\coding\zendstudio\edu\Education_dev_platform\branches\v1.0\Runtime\Cache\System\f1f505fd3c21db26e272225d1155e217.php 第 24 行.
NOTIC: [8] Undefined index: rows D:\home\coding\zendstudio\edu\Education_dev_platform\branches\v1.0\Runtime\Cache\System\f1f505fd3c21db26e272225d1155e217.php 第 25 行.
NOTIC: [8] Undefined variable: readOnly D:\home\coding\zendstudio\edu\Education_dev_platform\branches\v1.0\Runtime\Cache\System\f1f505fd3c21db26e272225d1155e217.php 第 25 行.
NOTIC: [8] Use of undefined constant value - assumed 'value' D:\home\coding\zendstudio\edu\Education_dev_platform\branches\v1.0\Runtime\Cache\System\f1f505fd3c21db26e272225d1155e217.php 第 25 行.
NOTIC: [8] Undefined index: readonly D:\home\coding\zendstudio\edu\Education_dev_platform\branches\v1.0\Runtime\Cache\System\f1f505fd3c21db26e272225d1155e217.php 第 23 行.
NOTIC: [8] Undefined index: cols D:\home\coding\zendstudio\edu\Education_dev_platform\branches\v1.0\Runtime\Cache\System\f1f505fd3c21db26e272225d1155e217.php 第 24 行.
NOTIC: [8] Undefined index: rows D:\home\coding\zendstudio\edu\Education_dev_platform\branches\v1.0\Runtime\Cache\System\f1f505fd3c21db26e272225d1155e217.php 第 25 行.
NOTIC: [8] Undefined variable: readOnly D:\home\coding\zendstudio\edu\Education_dev_platform\branches\v1.0\Runtime\Cache\System\f1f505fd3c21db26e272225d1155e217.php 第 25 行.
NOTIC: [8] Use of undefined constant value - assumed 'value' D:\home\coding\zendstudio\edu\Education_dev_platform\branches\v1.0\Runtime\Cache\System\f1f505fd3c21db26e272225d1155e217.php 第 25 行.
NOTIC: [8] Undefined index: readonly D:\home\coding\zendstudio\edu\Education_dev_platform\branches\v1.0\Runtime\Cache\System\f1f505fd3c21db26e272225d1155e217.php 第 23 行.
NOTIC: [8] Undefined index: cols D:\home\coding\zendstudio\edu\Education_dev_platform\branches\v1.0\Runtime\Cache\System\f1f505fd3c21db26e272225d1155e217.php 第 24 行.
NOTIC: [8] Undefined index: rows D:\home\coding\zendstudio\edu\Education_dev_platform\branches\v1.0\Runtime\Cache\System\f1f505fd3c21db26e272225d1155e217.php 第 25 行.
NOTIC: [8] Undefined variable: readOnly D:\home\coding\zendstudio\edu\Education_dev_platform\branches\v1.0\Runtime\Cache\System\f1f505fd3c21db26e272225d1155e217.php 第 25 行.
NOTIC: [8] Use of undefined constant value - assumed 'value' D:\home\coding\zendstudio\edu\Education_dev_platform\branches\v1.0\Runtime\Cache\System\f1f505fd3c21db26e272225d1155e217.php 第 25 行.
INFO: Run Behavior\ParseTemplateBehavior [ RunTime:0.041328s ]
INFO: [ view_parse ] --END-- [ RunTime:0.041498s ]
INFO: [ view_filter ] --START--
INFO: Run Behavior\WriteHtmlCacheBehavior [ RunTime:0.000364s ]
INFO: [ view_filter ] --END-- [ RunTime:0.000465s ]
INFO: [ app_end ] --START--
INFO: Run Behavior\ShowPageTraceBehavior [ RunTime:0.000629s ]
INFO: [ app_end ] --END-- [ RunTime:0.000717s ]

[ 2014-12-05T13:37:37+08:00 ] 192.168.0.152 /System/Course/index.html
INFO: [ app_init ] --START--
INFO: Run Behavior\BuildLiteBehavior [ RunTime:0.000027s ]
INFO: [ app_init ] --END-- [ RunTime:0.000472s ]
INFO: [ app_begin ] --START--
INFO: Run Behavior\ReadHtmlCacheBehavior [ RunTime:0.000608s ]
INFO: Run Common\Behaviors\AppBeginBehavior [ RunTime:0.000691s ]
INFO: [ app_begin ] --END-- [ RunTime:0.001515s ]
SQL: SHOW COLUMNS FROM `t_sys_user` [ RunTime:0.001611s ]
SQL: SELECT ru.id,ru.name,ru.realName,ru.roleId,ru.status,ru.lastTime,ru.lastIp,r.name as roleName,r.isSuper,r.auth FROM t_sys_user ru INNER JOIN t_sys_role r ON r.id=ru.roleId  WHERE ( ru.id = '1' ) LIMIT 1   [ RunTime:0.001006s ]
INFO: [ view_parse ] --START--
INFO: [ template_filter ] --START--
INFO: Run Behavior\ContentReplaceBehavior [ RunTime:0.000144s ]
INFO: [ template_filter ] --END-- [ RunTime:0.000263s ]
INFO: Run Behavior\ParseTemplateBehavior [ RunTime:0.015590s ]
INFO: [ view_parse ] --END-- [ RunTime:0.015727s ]
INFO: [ view_filter ] --START--
INFO: Run Behavior\WriteHtmlCacheBehavior [ RunTime:0.000313s ]
INFO: [ view_filter ] --END-- [ RunTime:0.000414s ]
INFO: [ app_end ] --START--
INFO: Run Behavior\ShowPageTraceBehavior [ RunTime:0.000620s ]
INFO: [ app_end ] --END-- [ RunTime:0.000717s ]

[ 2014-12-05T13:37:38+08:00 ] 192.168.0.152 /System/Course/index
INFO: [ app_init ] --START--
INFO: Run Behavior\BuildLiteBehavior [ RunTime:0.000029s ]
INFO: [ app_init ] --END-- [ RunTime:0.000636s ]
INFO: [ app_begin ] --START--
INFO: Run Behavior\ReadHtmlCacheBehavior [ RunTime:0.000449s ]
INFO: Run Common\Behaviors\AppBeginBehavior [ RunTime:0.000545s ]
INFO: [ app_begin ] --END-- [ RunTime:0.001155s ]
SQL: SHOW COLUMNS FROM `t_sys_user` [ RunTime:0.001463s ]
SQL: SELECT ru.id,ru.name,ru.realName,ru.roleId,ru.status,ru.lastTime,ru.lastIp,r.name as roleName,r.isSuper,r.auth FROM t_sys_user ru INNER JOIN t_sys_role r ON r.id=ru.roleId  WHERE ( ru.id = '1' ) LIMIT 1   [ RunTime:0.001159s ]
SQL: SHOW COLUMNS FROM `t_course` [ RunTime:0.001401s ]
NOTIC: [8] Undefined index: isLogic D:\home\coding\zendstudio\edu\Education_dev_platform\branches\v1.0\Application\Common\Model\BaseModel.class.php 第 138 行.
NOTIC: [8] Undefined index: keys D:\home\coding\zendstudio\edu\Education_dev_platform\branches\v1.0\Application\Common\Model\CourseModel.class.php 第 76 行.
NOTIC: [8] Undefined index: _string D:\home\coding\zendstudio\edu\Education_dev_platform\branches\v1.0\Application\Common\Model\CourseModel.class.php 第 76 行.
NOTIC: [8] Undefined index: fieldExcept D:\home\coding\zendstudio\edu\Education_dev_platform\branches\v1.0\Application\Common\Model\BaseModel.class.php 第 142 行.
NOTIC: [8] Undefined index: sortOrder D:\home\coding\zendstudio\edu\Education_dev_platform\branches\v1.0\Application\Common\Model\BaseModel.class.php 第 144 行.
NOTIC: [8] Undefined index: page D:\home\coding\zendstudio\edu\Education_dev_platform\branches\v1.0\Application\Common\Model\BaseModel.class.php 第 154 行.
NOTIC: [8] Undefined index: pageSize D:\home\coding\zendstudio\edu\Education_dev_platform\branches\v1.0\Application\Common\Model\BaseModel.class.php 第 154 行.
NOTIC: [8] Undefined index: field D:\home\coding\zendstudio\edu\Education_dev_platform\branches\v1.0\Application\Common\Model\CourseModel.class.php 第 32 行.
SQL: SELECT * FROM `t_course` WHERE ( (`keys` like "%%") ) ORDER BY id asc LIMIT 0,50   [ RunTime:0.001246s ]
SQL: SELECT COUNT(*) AS tp_count FROM `t_course` WHERE ( (`keys` like "%%") ) LIMIT 1   [ RunTime:0.000947s ]
NOTIC: [8] Undefined variable: _keys D:\home\coding\zendstudio\edu\Education_dev_platform\branches\v1.0\Application\Common\Model\CourseModel.class.php 第 50 行.
NOTIC: [8] Undefined variable: _stages D:\home\coding\zendstudio\edu\Education_dev_platform\branches\v1.0\Application\Common\Model\CourseModel.class.php 第 57 行.

[ 2014-12-05T13:37:53+08:00 ] 192.168.0.152 /System/Course/edit?id=1&_=1417757873781
INFO: [ app_init ] --START--
INFO: Run Behavior\BuildLiteBehavior [ RunTime:0.000025s ]
INFO: [ app_init ] --END-- [ RunTime:0.000366s ]
INFO: [ app_begin ] --START--
INFO: Run Behavior\ReadHtmlCacheBehavior [ RunTime:0.000464s ]
INFO: Run Common\Behaviors\AppBeginBehavior [ RunTime:0.000551s ]
INFO: [ app_begin ] --END-- [ RunTime:0.001177s ]
SQL: SHOW COLUMNS FROM `t_sys_user` [ RunTime:0.002507s ]
SQL: SELECT ru.id,ru.name,ru.realName,ru.roleId,ru.status,ru.lastTime,ru.lastIp,r.name as roleName,r.isSuper,r.auth FROM t_sys_user ru INNER JOIN t_sys_role r ON r.id=ru.roleId  WHERE ( ru.id = '1' ) LIMIT 1   [ RunTime:0.001377s ]
SQL: SHOW COLUMNS FROM `t_course` [ RunTime:0.001096s ]
SQL: SELECT * FROM `t_course` WHERE ( `id` = 1 ) LIMIT 1   [ RunTime:0.003972s ]
NOTIC: [8] Undefined index: stageId D:\home\coding\zendstudio\edu\Education_dev_platform\branches\v1.0\Application\System\Controller\CourseController.class.php 第 86 行.
INFO: [ view_parse ] --START--
INFO: [ template_filter ] --START--
INFO: Run Behavior\ContentReplaceBehavior [ RunTime:0.000098s ]
INFO: [ template_filter ] --END-- [ RunTime:0.000208s ]
NOTIC: [8] Undefined variable: thumb D:\home\coding\zendstudio\edu\Education_dev_platform\branches\v1.0\Runtime\Cache\System\c982d0be8c69bf2e61f9f509980e2ae6.php 第 53 行.
NOTIC: [8] Use of undefined constant name - assumed 'name' D:\home\coding\zendstudio\edu\Education_dev_platform\branches\v1.0\Runtime\Cache\System\c982d0be8c69bf2e61f9f509980e2ae6.php 第 53 行.
INFO: Run Behavior\ParseTemplateBehavior [ RunTime:0.026746s ]
INFO: [ view_parse ] --END-- [ RunTime:0.026863s ]
INFO: [ view_filter ] --START--
INFO: Run Behavior\WriteHtmlCacheBehavior [ RunTime:0.000318s ]
INFO: [ view_filter ] --END-- [ RunTime:0.000411s ]
INFO: [ app_end ] --START--
INFO: Run Behavior\ShowPageTraceBehavior [ RunTime:0.000558s ]
INFO: [ app_end ] --END-- [ RunTime:0.000635s ]

[ 2014-12-05T13:37:54+08:00 ] 192.168.0.152 /System/Course/load.html?type=stage
INFO: [ app_init ] --START--
INFO: Run Behavior\BuildLiteBehavior [ RunTime:0.000025s ]
INFO: [ app_init ] --END-- [ RunTime:0.000361s ]
INFO: [ app_begin ] --START--
INFO: Run Behavior\ReadHtmlCacheBehavior [ RunTime:0.000445s ]
INFO: Run Common\Behaviors\AppBeginBehavior [ RunTime:0.000530s ]
INFO: [ app_begin ] --END-- [ RunTime:0.001131s ]
SQL: SHOW COLUMNS FROM `t_sys_user` [ RunTime:0.001962s ]
SQL: SELECT ru.id,ru.name,ru.realName,ru.roleId,ru.status,ru.lastTime,ru.lastIp,r.name as roleName,r.isSuper,r.auth FROM t_sys_user ru INNER JOIN t_sys_role r ON r.id=ru.roleId  WHERE ( ru.id = '1' ) LIMIT 1   [ RunTime:0.001137s ]
SQL: SHOW COLUMNS FROM `t_sys_log` [ RunTime:0.001376s ]
SQL: INSERT INTO `t_sys_log` (`userName`,`controller`,`action`,`addTime`,`data`) VALUES ('admin','Course','load',1417757873,'a:2:{s:3:\"get\";a:1:{s:4:\"type\";s:5:\"stage\";}s:4:\"post\";a:0:{}}') [ RunTime:0.001395s ]

[ 2014-12-05T13:37:54+08:00 ] 192.168.0.152 /System/Course/load.html?type=key
INFO: [ app_init ] --START--
INFO: Run Behavior\BuildLiteBehavior [ RunTime:0.000024s ]
INFO: [ app_init ] --END-- [ RunTime:0.000383s ]
INFO: [ app_begin ] --START--
INFO: Run Behavior\ReadHtmlCacheBehavior [ RunTime:0.000456s ]
INFO: Run Common\Behaviors\AppBeginBehavior [ RunTime:0.000579s ]
INFO: [ app_begin ] --END-- [ RunTime:0.001202s ]
SQL: SHOW COLUMNS FROM `t_sys_user` [ RunTime:0.002767s ]
SQL: SELECT ru.id,ru.name,ru.realName,ru.roleId,ru.status,ru.lastTime,ru.lastIp,r.name as roleName,r.isSuper,r.auth FROM t_sys_user ru INNER JOIN t_sys_role r ON r.id=ru.roleId  WHERE ( ru.id = '1' ) LIMIT 1   [ RunTime:0.001460s ]
SQL: SHOW COLUMNS FROM `t_sys_log` [ RunTime:0.002287s ]
SQL: INSERT INTO `t_sys_log` (`userName`,`controller`,`action`,`addTime`,`data`) VALUES ('admin','Course','load',1417757873,'a:2:{s:3:\"get\";a:1:{s:4:\"type\";s:3:\"key\";}s:4:\"post\";a:0:{}}') [ RunTime:0.003577s ]

[ 2014-12-05T13:37:54+08:00 ] 192.168.0.152 /System/Course/load.html?type=stage
INFO: [ app_init ] --START--
INFO: Run Behavior\BuildLiteBehavior [ RunTime:0.000042s ]
INFO: [ app_init ] --END-- [ RunTime:0.000683s ]
INFO: [ app_begin ] --START--
INFO: Run Behavior\ReadHtmlCacheBehavior [ RunTime:0.000617s ]
INFO: Run Common\Behaviors\AppBeginBehavior [ RunTime:0.000757s ]
INFO: [ app_begin ] --END-- [ RunTime:0.001552s ]
SQL: SHOW COLUMNS FROM `t_sys_user` [ RunTime:0.001635s ]
SQL: SELECT ru.id,ru.name,ru.realName,ru.roleId,ru.status,ru.lastTime,ru.lastIp,r.name as roleName,r.isSuper,r.auth FROM t_sys_user ru INNER JOIN t_sys_role r ON r.id=ru.roleId  WHERE ( ru.id = '1' ) LIMIT 1   [ RunTime:0.001103s ]
SQL: SHOW COLUMNS FROM `t_sys_log` [ RunTime:0.001007s ]
SQL: INSERT INTO `t_sys_log` (`userName`,`controller`,`action`,`addTime`,`data`) VALUES ('admin','Course','load',1417757874,'a:2:{s:3:\"get\";a:1:{s:4:\"type\";s:5:\"stage\";}s:4:\"post\";a:0:{}}') [ RunTime:0.000969s ]

[ 2014-12-05T13:37:54+08:00 ] 192.168.0.152 /System/Course/load.html?type=key
INFO: [ app_init ] --START--
INFO: Run Behavior\BuildLiteBehavior [ RunTime:0.000030s ]
INFO: [ app_init ] --END-- [ RunTime:0.000663s ]
INFO: [ app_begin ] --START--
INFO: Run Behavior\ReadHtmlCacheBehavior [ RunTime:0.001814s ]
INFO: Run Common\Behaviors\AppBeginBehavior [ RunTime:0.003689s ]
INFO: [ app_begin ] --END-- [ RunTime:0.005802s ]
SQL: SHOW COLUMNS FROM `t_sys_user` [ RunTime:0.002042s ]
SQL: SELECT ru.id,ru.name,ru.realName,ru.roleId,ru.status,ru.lastTime,ru.lastIp,r.name as roleName,r.isSuper,r.auth FROM t_sys_user ru INNER JOIN t_sys_role r ON r.id=ru.roleId  WHERE ( ru.id = '1' ) LIMIT 1   [ RunTime:0.001044s ]
SQL: SHOW COLUMNS FROM `t_sys_log` [ RunTime:0.001439s ]
SQL: INSERT INTO `t_sys_log` (`userName`,`controller`,`action`,`addTime`,`data`) VALUES ('admin','Course','load',1417757874,'a:2:{s:3:\"get\";a:1:{s:4:\"type\";s:3:\"key\";}s:4:\"post\";a:0:{}}') [ RunTime:0.001530s ]

[ 2014-12-05T13:38:41+08:00 ] 192.168.0.152 /System/Topic/index.html
INFO: [ app_init ] --START--
INFO: Run Behavior\BuildLiteBehavior [ RunTime:0.000028s ]
INFO: [ app_init ] --END-- [ RunTime:0.000499s ]
INFO: [ app_begin ] --START--
INFO: Run Behavior\ReadHtmlCacheBehavior [ RunTime:0.000804s ]
INFO: Run Common\Behaviors\AppBeginBehavior [ RunTime:0.001208s ]
INFO: [ app_begin ] --END-- [ RunTime:0.002191s ]
SQL: SHOW COLUMNS FROM `t_sys_user` [ RunTime:0.002049s ]
SQL: SELECT ru.id,ru.name,ru.realName,ru.roleId,ru.status,ru.lastTime,ru.lastIp,r.name as roleName,r.isSuper,r.auth FROM t_sys_user ru INNER JOIN t_sys_role r ON r.id=ru.roleId  WHERE ( ru.id = '1' ) LIMIT 1   [ RunTime:0.001285s ]
INFO: [ view_parse ] --START--
INFO: [ template_filter ] --START--
INFO: Run Behavior\ContentReplaceBehavior [ RunTime:0.000125s ]
INFO: [ template_filter ] --END-- [ RunTime:0.000249s ]
INFO: Run Behavior\ParseTemplateBehavior [ RunTime:0.024244s ]
INFO: [ view_parse ] --END-- [ RunTime:0.024384s ]
INFO: [ view_filter ] --START--
INFO: Run Behavior\WriteHtmlCacheBehavior [ RunTime:0.001098s ]
INFO: [ view_filter ] --END-- [ RunTime:0.001275s ]
INFO: [ app_end ] --START--
INFO: Run Behavior\ShowPageTraceBehavior [ RunTime:0.001113s ]
INFO: [ app_end ] --END-- [ RunTime:0.001281s ]

[ 2014-12-05T13:38:41+08:00 ] 192.168.0.152 /System/Topic/index
INFO: [ app_init ] --START--
INFO: Run Behavior\BuildLiteBehavior [ RunTime:0.000030s ]
INFO: [ app_init ] --END-- [ RunTime:0.000506s ]
INFO: [ app_begin ] --START--
INFO: Run Behavior\ReadHtmlCacheBehavior [ RunTime:0.000852s ]
INFO: Run Common\Behaviors\AppBeginBehavior [ RunTime:0.001249s ]
INFO: [ app_begin ] --END-- [ RunTime:0.002292s ]
SQL: SHOW COLUMNS FROM `t_sys_user` [ RunTime:0.002308s ]
SQL: SELECT ru.id,ru.name,ru.realName,ru.roleId,ru.status,ru.lastTime,ru.lastIp,r.name as roleName,r.isSuper,r.auth FROM t_sys_user ru INNER JOIN t_sys_role r ON r.id=ru.roleId  WHERE ( ru.id = '1' ) LIMIT 1   [ RunTime:0.001380s ]
SQL: SHOW COLUMNS FROM `t_topic` [ RunTime:0.001278s ]
NOTIC: [8] Undefined index: isLogic D:\home\coding\zendstudio\edu\Education_dev_platform\branches\v1.0\Application\Common\Model\BaseModel.class.php 第 138 行.
NOTIC: [8] Undefined index: fieldExcept D:\home\coding\zendstudio\edu\Education_dev_platform\branches\v1.0\Application\Common\Model\BaseModel.class.php 第 142 行.
NOTIC: [8] Undefined index: sortOrder D:\home\coding\zendstudio\edu\Education_dev_platform\branches\v1.0\Application\Common\Model\BaseModel.class.php 第 144 行.
NOTIC: [8] Undefined index: page D:\home\coding\zendstudio\edu\Education_dev_platform\branches\v1.0\Application\Common\Model\BaseModel.class.php 第 154 行.
NOTIC: [8] Undefined index: pageSize D:\home\coding\zendstudio\edu\Education_dev_platform\branches\v1.0\Application\Common\Model\BaseModel.class.php 第 154 行.
NOTIC: [8] Undefined index: field D:\home\coding\zendstudio\edu\Education_dev_platform\branches\v1.0\Application\Common\Model\TopicModel.class.php 第 31 行.
SQL: SELECT * FROM `t_topic` ORDER BY id asc LIMIT 0,50   [ RunTime:0.001107s ]
SQL: SELECT COUNT(*) AS tp_count FROM `t_topic` LIMIT 1   [ RunTime:0.001737s ]

[ 2014-12-05T13:38:46+08:00 ] 192.168.0.152 /System/Section/index.html
INFO: [ app_init ] --START--
INFO: Run Behavior\BuildLiteBehavior [ RunTime:0.000028s ]
INFO: [ app_init ] --END-- [ RunTime:0.000518s ]
INFO: [ app_begin ] --START--
INFO: Run Behavior\ReadHtmlCacheBehavior [ RunTime:0.000837s ]
INFO: Run Common\Behaviors\AppBeginBehavior [ RunTime:0.001192s ]
INFO: [ app_begin ] --END-- [ RunTime:0.002217s ]
SQL: SHOW COLUMNS FROM `t_sys_user` [ RunTime:0.022040s ]
SQL: SELECT ru.id,ru.name,ru.realName,ru.roleId,ru.status,ru.lastTime,ru.lastIp,r.name as roleName,r.isSuper,r.auth FROM t_sys_user ru INNER JOIN t_sys_role r ON r.id=ru.roleId  WHERE ( ru.id = '1' ) LIMIT 1   [ RunTime:0.001445s ]
INFO: [ view_parse ] --START--
INFO: [ template_filter ] --START--
INFO: Run Behavior\ContentReplaceBehavior [ RunTime:0.000215s ]
INFO: [ template_filter ] --END-- [ RunTime:0.000429s ]
INFO: Run Behavior\ParseTemplateBehavior [ RunTime:0.035255s ]
INFO: [ view_parse ] --END-- [ RunTime:0.035441s ]
INFO: [ view_filter ] --START--
INFO: Run Behavior\WriteHtmlCacheBehavior [ RunTime:0.000957s ]
INFO: [ view_filter ] --END-- [ RunTime:0.001131s ]
INFO: [ app_end ] --START--
INFO: Run Behavior\ShowPageTraceBehavior [ RunTime:0.001162s ]
INFO: [ app_end ] --END-- [ RunTime:0.001298s ]

[ 2014-12-05T13:38:47+08:00 ] 192.168.0.152 /System/Section/index
INFO: [ app_init ] --START--
INFO: Run Behavior\BuildLiteBehavior [ RunTime:0.000067s ]
INFO: [ app_init ] --END-- [ RunTime:0.000709s ]
INFO: [ app_begin ] --START--
INFO: Run Behavior\ReadHtmlCacheBehavior [ RunTime:0.000836s ]
INFO: Run Common\Behaviors\AppBeginBehavior [ RunTime:0.001179s ]
INFO: [ app_begin ] --END-- [ RunTime:0.002183s ]
SQL: SHOW COLUMNS FROM `t_sys_user` [ RunTime:0.001570s ]
SQL: SELECT ru.id,ru.name,ru.realName,ru.roleId,ru.status,ru.lastTime,ru.lastIp,r.name as roleName,r.isSuper,r.auth FROM t_sys_user ru INNER JOIN t_sys_role r ON r.id=ru.roleId  WHERE ( ru.id = '1' ) LIMIT 1   [ RunTime:0.000716s ]
SQL: SHOW COLUMNS FROM `t_section` [ RunTime:0.001284s ]
NOTIC: [8] Undefined index: isLogic D:\home\coding\zendstudio\edu\Education_dev_platform\branches\v1.0\Application\Common\Model\BaseModel.class.php 第 138 行.
NOTIC: [8] Undefined index: fieldExcept D:\home\coding\zendstudio\edu\Education_dev_platform\branches\v1.0\Application\Common\Model\BaseModel.class.php 第 142 行.
NOTIC: [8] Undefined index: sortOrder D:\home\coding\zendstudio\edu\Education_dev_platform\branches\v1.0\Application\Common\Model\BaseModel.class.php 第 144 行.
NOTIC: [8] Undefined index: page D:\home\coding\zendstudio\edu\Education_dev_platform\branches\v1.0\Application\Common\Model\BaseModel.class.php 第 154 行.
NOTIC: [8] Undefined index: pageSize D:\home\coding\zendstudio\edu\Education_dev_platform\branches\v1.0\Application\Common\Model\BaseModel.class.php 第 154 行.
NOTIC: [8] Undefined index: field D:\home\coding\zendstudio\edu\Education_dev_platform\branches\v1.0\Application\Common\Model\SectionModel.class.php 第 31 行.
SQL: SELECT * FROM `t_section` ORDER BY id asc LIMIT 0,50   [ RunTime:0.001210s ]
SQL: SELECT COUNT(*) AS tp_count FROM `t_section` LIMIT 1   [ RunTime:0.001948s ]

[ 2014-12-05T13:38:49+08:00 ] 192.168.0.152 /System/Topic/edit?id=5&_=1417757929446
INFO: [ app_init ] --START--
INFO: Run Behavior\BuildLiteBehavior [ RunTime:0.000030s ]
INFO: [ app_init ] --END-- [ RunTime:0.000602s ]
INFO: [ app_begin ] --START--
INFO: Run Behavior\ReadHtmlCacheBehavior [ RunTime:0.001158s ]
INFO: Run Common\Behaviors\AppBeginBehavior [ RunTime:0.001864s ]
INFO: [ app_begin ] --END-- [ RunTime:0.003695s ]
SQL: SHOW COLUMNS FROM `t_sys_user` [ RunTime:0.001823s ]
SQL: SELECT ru.id,ru.name,ru.realName,ru.roleId,ru.status,ru.lastTime,ru.lastIp,r.name as roleName,r.isSuper,r.auth FROM t_sys_user ru INNER JOIN t_sys_role r ON r.id=ru.roleId  WHERE ( ru.id = '1' ) LIMIT 1   [ RunTime:0.001465s ]
SQL: SHOW COLUMNS FROM `t_topic` [ RunTime:0.001152s ]
SQL: SELECT * FROM `t_topic` WHERE ( `id` = 5 ) LIMIT 1   [ RunTime:0.001246s ]
INFO: [ view_parse ] --START--
INFO: [ template_filter ] --START--
INFO: Run Behavior\ContentReplaceBehavior [ RunTime:0.000094s ]
INFO: [ template_filter ] --END-- [ RunTime:0.000214s ]
NOTIC: [8] Undefined variable: thumb D:\home\coding\zendstudio\edu\Education_dev_platform\branches\v1.0\Runtime\Cache\System\b4ebf3fcf5c5c9f6b00b2d7e8f661aec.php 第 27 行.
NOTIC: [8] Use of undefined constant name - assumed 'name' D:\home\coding\zendstudio\edu\Education_dev_platform\branches\v1.0\Runtime\Cache\System\b4ebf3fcf5c5c9f6b00b2d7e8f661aec.php 第 27 行.
INFO: Run Behavior\ParseTemplateBehavior [ RunTime:0.027357s ]
INFO: [ view_parse ] --END-- [ RunTime:0.027469s ]
INFO: [ view_filter ] --START--
INFO: Run Behavior\WriteHtmlCacheBehavior [ RunTime:0.000607s ]
INFO: [ view_filter ] --END-- [ RunTime:0.000692s ]
INFO: [ app_end ] --START--
INFO: Run Behavior\ShowPageTraceBehavior [ RunTime:0.000940s ]
INFO: [ app_end ] --END-- [ RunTime:0.001031s ]

[ 2014-12-05T13:39:20+08:00 ] 192.168.0.152 /System/Index/index.html
INFO: [ app_init ] --START--
INFO: Run Behavior\BuildLiteBehavior [ RunTime:0.000029s ]
INFO: [ app_init ] --END-- [ RunTime:0.000552s ]
INFO: [ app_begin ] --START--
INFO: Run Behavior\ReadHtmlCacheBehavior [ RunTime:0.000818s ]
INFO: Run Common\Behaviors\AppBeginBehavior [ RunTime:0.001172s ]
INFO: [ app_begin ] --END-- [ RunTime:0.002169s ]
SQL: SHOW COLUMNS FROM `t_sys_user` [ RunTime:0.001555s ]
SQL: SELECT ru.id,ru.name,ru.realName,ru.roleId,ru.status,ru.lastTime,ru.lastIp,r.name as roleName,r.isSuper,r.auth FROM t_sys_user ru INNER JOIN t_sys_role r ON r.id=ru.roleId  WHERE ( ru.id = '1' ) LIMIT 1   [ RunTime:0.001176s ]
INFO: [ view_parse ] --START--
INFO: [ template_filter ] --START--
INFO: Run Behavior\ContentReplaceBehavior [ RunTime:0.000113s ]
INFO: [ template_filter ] --END-- [ RunTime:0.000235s ]
NOTIC: [8] Undefined variable: html D:\home\coding\zendstudio\edu\Education_dev_platform\branches\v1.0\Runtime\Cache\System\54ed2e14c6d75c29e191a0c6f138b065.php 第 54 行.
NOTIC: [8] Undefined variable: proId D:\home\coding\zendstudio\edu\Education_dev_platform\branches\v1.0\Runtime\Cache\System\54ed2e14c6d75c29e191a0c6f138b065.php 第 96 行.
INFO: Run Behavior\ParseTemplateBehavior [ RunTime:0.015911s ]
INFO: [ view_parse ] --END-- [ RunTime:0.016094s ]
INFO: [ view_filter ] --START--
INFO: Run Behavior\WriteHtmlCacheBehavior [ RunTime:0.000668s ]
INFO: [ view_filter ] --END-- [ RunTime:0.000768s ]
INFO: [ app_end ] --START--
INFO: Run Behavior\ShowPageTraceBehavior [ RunTime:0.000978s ]
INFO: [ app_end ] --END-- [ RunTime:0.001087s ]

[ 2014-12-05T13:39:22+08:00 ] 192.168.0.152 /System/Section/index.html
INFO: [ app_init ] --START--
INFO: Run Behavior\BuildLiteBehavior [ RunTime:0.000030s ]
INFO: [ app_init ] --END-- [ RunTime:0.000506s ]
INFO: [ app_begin ] --START--
INFO: Run Behavior\ReadHtmlCacheBehavior [ RunTime:0.000925s ]
INFO: Run Common\Behaviors\AppBeginBehavior [ RunTime:0.001269s ]
INFO: [ app_begin ] --END-- [ RunTime:0.002424s ]
SQL: SHOW COLUMNS FROM `t_sys_user` [ RunTime:0.001751s ]
SQL: SELECT ru.id,ru.name,ru.realName,ru.roleId,ru.status,ru.lastTime,ru.lastIp,r.name as roleName,r.isSuper,r.auth FROM t_sys_user ru INNER JOIN t_sys_role r ON r.id=ru.roleId  WHERE ( ru.id = '1' ) LIMIT 1   [ RunTime:0.001089s ]
INFO: [ view_parse ] --START--
INFO: [ template_filter ] --START--
INFO: Run Behavior\ContentReplaceBehavior [ RunTime:0.000147s ]
INFO: [ template_filter ] --END-- [ RunTime:0.000288s ]
INFO: Run Behavior\ParseTemplateBehavior [ RunTime:0.010801s ]
INFO: [ view_parse ] --END-- [ RunTime:0.010949s ]
INFO: [ view_filter ] --START--
INFO: Run Behavior\WriteHtmlCacheBehavior [ RunTime:0.000740s ]
INFO: [ view_filter ] --END-- [ RunTime:0.000849s ]
INFO: [ app_end ] --START--
INFO: Run Behavior\ShowPageTraceBehavior [ RunTime:0.000878s ]
INFO: [ app_end ] --END-- [ RunTime:0.000978s ]

[ 2014-12-05T13:39:23+08:00 ] 192.168.0.152 /System/Section/index
INFO: [ app_init ] --START--
INFO: Run Behavior\BuildLiteBehavior [ RunTime:0.000031s ]
INFO: [ app_init ] --END-- [ RunTime:0.000564s ]
INFO: [ app_begin ] --START--
INFO: Run Behavior\ReadHtmlCacheBehavior [ RunTime:0.000914s ]
INFO: Run Common\Behaviors\AppBeginBehavior [ RunTime:0.003208s ]
INFO: [ app_begin ] --END-- [ RunTime:0.004397s ]
SQL: SHOW COLUMNS FROM `t_sys_user` [ RunTime:0.001377s ]
SQL: SELECT ru.id,ru.name,ru.realName,ru.roleId,ru.status,ru.lastTime,ru.lastIp,r.name as roleName,r.isSuper,r.auth FROM t_sys_user ru INNER JOIN t_sys_role r ON r.id=ru.roleId  WHERE ( ru.id = '1' ) LIMIT 1   [ RunTime:0.001036s ]
SQL: SHOW COLUMNS FROM `t_section` [ RunTime:0.001034s ]
NOTIC: [8] Undefined index: isLogic D:\home\coding\zendstudio\edu\Education_dev_platform\branches\v1.0\Application\Common\Model\BaseModel.class.php 第 138 行.
NOTIC: [8] Undefined index: fieldExcept D:\home\coding\zendstudio\edu\Education_dev_platform\branches\v1.0\Application\Common\Model\BaseModel.class.php 第 142 行.
NOTIC: [8] Undefined index: sortOrder D:\home\coding\zendstudio\edu\Education_dev_platform\branches\v1.0\Application\Common\Model\BaseModel.class.php 第 144 行.
NOTIC: [8] Undefined index: page D:\home\coding\zendstudio\edu\Education_dev_platform\branches\v1.0\Application\Common\Model\BaseModel.class.php 第 154 行.
NOTIC: [8] Undefined index: pageSize D:\home\coding\zendstudio\edu\Education_dev_platform\branches\v1.0\Application\Common\Model\BaseModel.class.php 第 154 行.
NOTIC: [8] Undefined index: field D:\home\coding\zendstudio\edu\Education_dev_platform\branches\v1.0\Application\Common\Model\SectionModel.class.php 第 31 行.
SQL: SELECT * FROM `t_section` ORDER BY id asc LIMIT 0,50   [ RunTime:0.001019s ]
SQL: SELECT COUNT(*) AS tp_count FROM `t_section` LIMIT 1   [ RunTime:0.000652s ]

[ 2014-12-05T13:39:24+08:00 ] 192.168.0.152 /System/Topic/index.html
INFO: [ app_init ] --START--
INFO: Run Behavior\BuildLiteBehavior [ RunTime:0.000028s ]
INFO: [ app_init ] --END-- [ RunTime:0.000475s ]
INFO: [ app_begin ] --START--
INFO: Run Behavior\ReadHtmlCacheBehavior [ RunTime:0.001575s ]
INFO: Run Common\Behaviors\AppBeginBehavior [ RunTime:0.001702s ]
INFO: [ app_begin ] --END-- [ RunTime:0.003563s ]
SQL: SHOW COLUMNS FROM `t_sys_user` [ RunTime:0.001453s ]
SQL: SELECT ru.id,ru.name,ru.realName,ru.roleId,ru.status,ru.lastTime,ru.lastIp,r.name as roleName,r.isSuper,r.auth FROM t_sys_user ru INNER JOIN t_sys_role r ON r.id=ru.roleId  WHERE ( ru.id = '1' ) LIMIT 1   [ RunTime:0.001001s ]
INFO: [ view_parse ] --START--
INFO: [ template_filter ] --START--
INFO: Run Behavior\ContentReplaceBehavior [ RunTime:0.000126s ]
INFO: [ template_filter ] --END-- [ RunTime:0.000253s ]
INFO: Run Behavior\ParseTemplateBehavior [ RunTime:0.011236s ]
INFO: [ view_parse ] --END-- [ RunTime:0.011396s ]
INFO: [ view_filter ] --START--
INFO: Run Behavior\WriteHtmlCacheBehavior [ RunTime:0.000926s ]
INFO: [ view_filter ] --END-- [ RunTime:0.001072s ]
INFO: [ app_end ] --START--
INFO: Run Behavior\ShowPageTraceBehavior [ RunTime:0.001065s ]
INFO: [ app_end ] --END-- [ RunTime:0.001209s ]

[ 2014-12-05T13:39:24+08:00 ] 192.168.0.152 /System/Topic/index
INFO: [ app_init ] --START--
INFO: Run Behavior\BuildLiteBehavior [ RunTime:0.000065s ]
INFO: [ app_init ] --END-- [ RunTime:0.000893s ]
INFO: [ app_begin ] --START--
INFO: Run Behavior\ReadHtmlCacheBehavior [ RunTime:0.001736s ]
INFO: Run Common\Behaviors\AppBeginBehavior [ RunTime:0.001623s ]
INFO: [ app_begin ] --END-- [ RunTime:0.003740s ]
SQL: SHOW COLUMNS FROM `t_sys_user` [ RunTime:0.001560s ]
SQL: SELECT ru.id,ru.name,ru.realName,ru.roleId,ru.status,ru.lastTime,ru.lastIp,r.name as roleName,r.isSuper,r.auth FROM t_sys_user ru INNER JOIN t_sys_role r ON r.id=ru.roleId  WHERE ( ru.id = '1' ) LIMIT 1   [ RunTime:0.001183s ]
SQL: SHOW COLUMNS FROM `t_topic` [ RunTime:0.001043s ]
NOTIC: [8] Undefined index: isLogic D:\home\coding\zendstudio\edu\Education_dev_platform\branches\v1.0\Application\Common\Model\BaseModel.class.php 第 138 行.
NOTIC: [8] Undefined index: fieldExcept D:\home\coding\zendstudio\edu\Education_dev_platform\branches\v1.0\Application\Common\Model\BaseModel.class.php 第 142 行.
NOTIC: [8] Undefined index: sortOrder D:\home\coding\zendstudio\edu\Education_dev_platform\branches\v1.0\Application\Common\Model\BaseModel.class.php 第 144 行.
NOTIC: [8] Undefined index: page D:\home\coding\zendstudio\edu\Education_dev_platform\branches\v1.0\Application\Common\Model\BaseModel.class.php 第 154 行.
NOTIC: [8] Undefined index: pageSize D:\home\coding\zendstudio\edu\Education_dev_platform\branches\v1.0\Application\Common\Model\BaseModel.class.php 第 154 行.
NOTIC: [8] Undefined index: field D:\home\coding\zendstudio\edu\Education_dev_platform\branches\v1.0\Application\Common\Model\TopicModel.class.php 第 31 行.
SQL: SELECT * FROM `t_topic` ORDER BY id asc LIMIT 0,50   [ RunTime:0.001098s ]
SQL: SELECT COUNT(*) AS tp_count FROM `t_topic` LIMIT 1   [ RunTime:0.001240s ]

[ 2014-12-05T14:15:46+08:00 ] 192.168.0.152 /System/Course/index.html
INFO: [ app_init ] --START--
INFO: Run Behavior\BuildLiteBehavior [ RunTime:0.000028s ]
INFO: [ app_init ] --END-- [ RunTime:0.000486s ]
INFO: [ app_begin ] --START--
INFO: Run Behavior\ReadHtmlCacheBehavior [ RunTime:0.001107s ]
INFO: Run Common\Behaviors\AppBeginBehavior [ RunTime:0.001252s ]
INFO: [ app_begin ] --END-- [ RunTime:0.002617s ]
SQL: SHOW COLUMNS FROM `t_sys_user` [ RunTime:0.001542s ]
SQL: SELECT ru.id,ru.name,ru.realName,ru.roleId,ru.status,ru.lastTime,ru.lastIp,r.name as roleName,r.isSuper,r.auth FROM t_sys_user ru INNER JOIN t_sys_role r ON r.id=ru.roleId  WHERE ( ru.id = '1' ) LIMIT 1   [ RunTime:0.001007s ]
INFO: [ view_parse ] --START--
INFO: [ template_filter ] --START--
INFO: Run Behavior\ContentReplaceBehavior [ RunTime:0.000136s ]
INFO: [ template_filter ] --END-- [ RunTime:0.000261s ]
INFO: Run Behavior\ParseTemplateBehavior [ RunTime:0.012088s ]
INFO: [ view_parse ] --END-- [ RunTime:0.012208s ]
INFO: [ view_filter ] --START--
INFO: Run Behavior\WriteHtmlCacheBehavior [ RunTime:0.000481s ]
INFO: [ view_filter ] --END-- [ RunTime:0.000580s ]
INFO: [ app_end ] --START--
INFO: Run Behavior\ShowPageTraceBehavior [ RunTime:0.000739s ]
INFO: [ app_end ] --END-- [ RunTime:0.000838s ]

[ 2014-12-05T14:15:46+08:00 ] 192.168.0.152 /System/Course/index
INFO: [ app_init ] --START--
INFO: Run Behavior\BuildLiteBehavior [ RunTime:0.000087s ]
INFO: [ app_init ] --END-- [ RunTime:0.000958s ]
INFO: [ app_begin ] --START--
INFO: Run Behavior\ReadHtmlCacheBehavior [ RunTime:0.000852s ]
INFO: Run Common\Behaviors\AppBeginBehavior [ RunTime:0.001183s ]
INFO: [ app_begin ] --END-- [ RunTime:0.002229s ]
SQL: SHOW COLUMNS FROM `t_sys_user` [ RunTime:0.001539s ]
SQL: SELECT ru.id,ru.name,ru.realName,ru.roleId,ru.status,ru.lastTime,ru.lastIp,r.name as roleName,r.isSuper,r.auth FROM t_sys_user ru INNER JOIN t_sys_role r ON r.id=ru.roleId  WHERE ( ru.id = '1' ) LIMIT 1   [ RunTime:0.001005s ]
SQL: SHOW COLUMNS FROM `t_course` [ RunTime:0.001139s ]
NOTIC: [8] Undefined index: isLogic D:\home\coding\zendstudio\edu\Education_dev_platform\branches\v1.0\Application\Common\Model\BaseModel.class.php 第 138 行.
NOTIC: [8] Undefined index: keys D:\home\coding\zendstudio\edu\Education_dev_platform\branches\v1.0\Application\Common\Model\CourseModel.class.php 第 76 行.
NOTIC: [8] Undefined index: _string D:\home\coding\zendstudio\edu\Education_dev_platform\branches\v1.0\Application\Common\Model\CourseModel.class.php 第 76 行.
NOTIC: [8] Undefined index: fieldExcept D:\home\coding\zendstudio\edu\Education_dev_platform\branches\v1.0\Application\Common\Model\BaseModel.class.php 第 142 行.
NOTIC: [8] Undefined index: sortOrder D:\home\coding\zendstudio\edu\Education_dev_platform\branches\v1.0\Application\Common\Model\BaseModel.class.php 第 144 行.
NOTIC: [8] Undefined index: page D:\home\coding\zendstudio\edu\Education_dev_platform\branches\v1.0\Application\Common\Model\BaseModel.class.php 第 154 行.
NOTIC: [8] Undefined index: pageSize D:\home\coding\zendstudio\edu\Education_dev_platform\branches\v1.0\Application\Common\Model\BaseModel.class.php 第 154 行.
NOTIC: [8] Undefined index: field D:\home\coding\zendstudio\edu\Education_dev_platform\branches\v1.0\Application\Common\Model\CourseModel.class.php 第 32 行.
SQL: SELECT * FROM `t_course` WHERE ( (`keys` like "%%") ) ORDER BY id asc LIMIT 0,50   [ RunTime:0.001699s ]
SQL: SELECT COUNT(*) AS tp_count FROM `t_course` WHERE ( (`keys` like "%%") ) LIMIT 1   [ RunTime:0.000493s ]
NOTIC: [8] Undefined variable: _keys D:\home\coding\zendstudio\edu\Education_dev_platform\branches\v1.0\Application\Common\Model\CourseModel.class.php 第 50 行.
NOTIC: [8] Undefined variable: _stages D:\home\coding\zendstudio\edu\Education_dev_platform\branches\v1.0\Application\Common\Model\CourseModel.class.php 第 57 行.

