[ 2014-12-13T11:14:37+08:00 ] 127.0.0.1 /System/Notice/index
INFO: [ app_begin ] --START--
INFO: Run Behavior\ReadHtmlCacheBehavior [ RunTime:0.000834s ]
INFO: Run Common\Behaviors\AppBeginBehavior [ RunTime:0.001163s ]
INFO: [ app_begin ] --END-- [ RunTime:0.002672s ]
NOTIC: [2048] Declaration of Common\Model\SysUserModel::selectOne() should be compatible with that of Common\Model\BaseModel::selectOne() E:\home\code\zendstudio\Education_dev_platform\Application\Common\Model\SysUserModel.class.php 第 9 行.
SQL: SHOW COLUMNS FROM `t_sys_user` [ RunTime:0.004254s ]
SQL: SELECT ru.id,ru.name,ru.realName,ru.roleId,ru.status,ru.lastTime,ru.lastIp,r.name as roleName,r.isSuper,r.auth FROM t_sys_user ru INNER JOIN t_sys_role r ON r.id=ru.roleId  WHERE ( ru.id = '1' ) LIMIT 1   [ RunTime:0.000489s ]
SQL: SHOW COLUMNS FROM `t_notice` [ RunTime:0.004127s ]
NOTIC: [8] Undefined index: isLogic E:\home\code\zendstudio\Education_dev_platform\Application\Common\Model\BaseModel.class.php 第 154 行.
NOTIC: [8] Undefined index: fieldExcept E:\home\code\zendstudio\Education_dev_platform\Application\Common\Model\BaseModel.class.php 第 158 行.
NOTIC: [8] Undefined index: sortOrder E:\home\code\zendstudio\Education_dev_platform\Application\Common\Model\BaseModel.class.php 第 160 行.
NOTIC: [8] Undefined index: initPage E:\home\code\zendstudio\Education_dev_platform\Application\Common\Model\BaseModel.class.php 第 170 行.
NOTIC: [8] Undefined index: page E:\home\code\zendstudio\Education_dev_platform\Application\Common\Model\BaseModel.class.php 第 171 行.
NOTIC: [8] Undefined index: pageSize E:\home\code\zendstudio\Education_dev_platform\Application\Common\Model\BaseModel.class.php 第 171 行.
NOTIC: [8] Undefined index: field E:\home\code\zendstudio\Education_dev_platform\Application\Common\Model\NoticeModel.class.php 第 33 行.
SQL: SELECT * FROM `t_notice` ORDER BY id asc LIMIT 0,50   [ RunTime:0.000376s ]
SQL: SELECT COUNT(*) AS tp_count FROM `t_notice` LIMIT 1   [ RunTime:0.000215s ]

[ 2014-12-13T11:14:43+08:00 ] 127.0.0.1 /System/ProConfig/index
INFO: [ app_begin ] --START--
INFO: Run Behavior\ReadHtmlCacheBehavior [ RunTime:0.000826s ]
INFO: Run Common\Behaviors\AppBeginBehavior [ RunTime:0.001195s ]
INFO: [ app_begin ] --END-- [ RunTime:0.002671s ]
NOTIC: [2048] Declaration of Common\Model\SysUserModel::selectOne() should be compatible with that of Common\Model\BaseModel::selectOne() E:\home\code\zendstudio\Education_dev_platform\Application\Common\Model\SysUserModel.class.php 第 9 行.
SQL: SHOW COLUMNS FROM `t_sys_user` [ RunTime:0.005554s ]
SQL: SELECT ru.id,ru.name,ru.realName,ru.roleId,ru.status,ru.lastTime,ru.lastIp,r.name as roleName,r.isSuper,r.auth FROM t_sys_user ru INNER JOIN t_sys_role r ON r.id=ru.roleId  WHERE ( ru.id = '1' ) LIMIT 1   [ RunTime:0.000461s ]
SQL: SHOW COLUMNS FROM `t_pro_config` [ RunTime:0.003799s ]
NOTIC: [8] Uninitialized string offset: 0 E:\home\code\zendstudio\Education_dev_platform\Application\Common\Model\BaseModel.class.php 第 154 行.
NOTIC: [8] Uninitialized string offset: 0 E:\home\code\zendstudio\Education_dev_platform\Application\Common\Model\BaseModel.class.php 第 155 行.
NOTIC: [2] Invalid argument supplied for foreach() E:\home\code\zendstudio\Education_dev_platform\Application\Common\Model\BaseModel.class.php 第 106 行.
NOTIC: [8] Undefined index: fieldExcept E:\home\code\zendstudio\Education_dev_platform\Application\Common\Model\BaseModel.class.php 第 158 行.
NOTIC: [8] Undefined index: sortOrder E:\home\code\zendstudio\Education_dev_platform\Application\Common\Model\BaseModel.class.php 第 160 行.
NOTIC: [8] Undefined index: initPage E:\home\code\zendstudio\Education_dev_platform\Application\Common\Model\BaseModel.class.php 第 170 行.
NOTIC: [8] Undefined index: page E:\home\code\zendstudio\Education_dev_platform\Application\Common\Model\BaseModel.class.php 第 171 行.
NOTIC: [8] Undefined index: pageSize E:\home\code\zendstudio\Education_dev_platform\Application\Common\Model\BaseModel.class.php 第 171 行.
NOTIC: [8] Undefined index: initPage E:\home\code\zendstudio\Education_dev_platform\Application\Common\Model\BaseModel.class.php 第 44 行.
NOTIC: [8] Undefined index: field E:\home\code\zendstudio\Education_dev_platform\Application\Common\Model\BaseModel.class.php 第 47 行.
SQL: SELECT * FROM `t_pro_config` ORDER BY id asc LIMIT 0,50   [ RunTime:0.000312s ]
SQL: SELECT COUNT(*) AS tp_count FROM `t_pro_config` LIMIT 1   [ RunTime:0.000309s ]

[ 2014-12-13T11:14:47+08:00 ] 127.0.0.1 /System/Cache/update.html?_=1418440487585
INFO: [ app_begin ] --START--
INFO: Run Behavior\ReadHtmlCacheBehavior [ RunTime:0.000805s ]
INFO: Run Common\Behaviors\AppBeginBehavior [ RunTime:0.002391s ]
INFO: [ app_begin ] --END-- [ RunTime:0.003880s ]
NOTIC: [2048] Declaration of Common\Model\SysUserModel::selectOne() should be compatible with that of Common\Model\BaseModel::selectOne() E:\home\code\zendstudio\Education_dev_platform\Application\Common\Model\SysUserModel.class.php 第 9 行.
SQL: SHOW COLUMNS FROM `t_sys_user` [ RunTime:0.003558s ]
SQL: SELECT ru.id,ru.name,ru.realName,ru.roleId,ru.status,ru.lastTime,ru.lastIp,r.name as roleName,r.isSuper,r.auth FROM t_sys_user ru INNER JOIN t_sys_role r ON r.id=ru.roleId  WHERE ( ru.id = '1' ) LIMIT 1   [ RunTime:0.000371s ]
INFO: [ view_parse ] --START--
INFO: [ template_filter ] --START--
INFO: Run Behavior\ContentReplaceBehavior [ RunTime:0.000089s ]
INFO: [ template_filter ] --END-- [ RunTime:0.000212s ]
INFO: Run Behavior\ParseTemplateBehavior [ RunTime:0.007963s ]
INFO: [ view_parse ] --END-- [ RunTime:0.008129s ]
INFO: [ view_filter ] --START--
INFO: Run Behavior\WriteHtmlCacheBehavior [ RunTime:0.000708s ]
INFO: [ view_filter ] --END-- [ RunTime:0.000882s ]
INFO: [ app_end ] --START--
INFO: Run Behavior\ShowPageTraceBehavior [ RunTime:0.001147s ]
INFO: [ app_end ] --END-- [ RunTime:0.001352s ]

[ 2014-12-13T11:14:58+08:00 ] 127.0.0.1 /System/ProConfig/index
INFO: [ app_begin ] --START--
INFO: Run Behavior\ReadHtmlCacheBehavior [ RunTime:0.000822s ]
INFO: Run Common\Behaviors\AppBeginBehavior [ RunTime:0.001250s ]
INFO: [ app_begin ] --END-- [ RunTime:0.002805s ]
NOTIC: [2048] Declaration of Common\Model\SysUserModel::selectOne() should be compatible with that of Common\Model\BaseModel::selectOne() E:\home\code\zendstudio\Education_dev_platform\Application\Common\Model\SysUserModel.class.php 第 9 行.
SQL: SHOW COLUMNS FROM `t_sys_user` [ RunTime:0.003252s ]
SQL: SELECT ru.id,ru.name,ru.realName,ru.roleId,ru.status,ru.lastTime,ru.lastIp,r.name as roleName,r.isSuper,r.auth FROM t_sys_user ru INNER JOIN t_sys_role r ON r.id=ru.roleId  WHERE ( ru.id = '1' ) LIMIT 1   [ RunTime:0.000363s ]
SQL: SHOW COLUMNS FROM `t_pro_config` [ RunTime:0.003300s ]
NOTIC: [8] Uninitialized string offset: 0 E:\home\code\zendstudio\Education_dev_platform\Application\Common\Model\BaseModel.class.php 第 154 行.
NOTIC: [8] Uninitialized string offset: 0 E:\home\code\zendstudio\Education_dev_platform\Application\Common\Model\BaseModel.class.php 第 155 行.
NOTIC: [2] Invalid argument supplied for foreach() E:\home\code\zendstudio\Education_dev_platform\Application\Common\Model\BaseModel.class.php 第 106 行.
NOTIC: [8] Undefined index: fieldExcept E:\home\code\zendstudio\Education_dev_platform\Application\Common\Model\BaseModel.class.php 第 158 行.
NOTIC: [8] Undefined index: sortOrder E:\home\code\zendstudio\Education_dev_platform\Application\Common\Model\BaseModel.class.php 第 160 行.
NOTIC: [8] Undefined index: initPage E:\home\code\zendstudio\Education_dev_platform\Application\Common\Model\BaseModel.class.php 第 170 行.
NOTIC: [8] Undefined index: page E:\home\code\zendstudio\Education_dev_platform\Application\Common\Model\BaseModel.class.php 第 171 行.
NOTIC: [8] Undefined index: pageSize E:\home\code\zendstudio\Education_dev_platform\Application\Common\Model\BaseModel.class.php 第 171 行.
NOTIC: [8] Undefined index: initPage E:\home\code\zendstudio\Education_dev_platform\Application\Common\Model\BaseModel.class.php 第 44 行.
NOTIC: [8] Undefined index: field E:\home\code\zendstudio\Education_dev_platform\Application\Common\Model\BaseModel.class.php 第 47 行.
SQL: SELECT * FROM `t_pro_config` ORDER BY id asc LIMIT 0,50   [ RunTime:0.000250s ]
SQL: SELECT COUNT(*) AS tp_count FROM `t_pro_config` LIMIT 1   [ RunTime:0.000181s ]

[ 2014-12-13T11:15:02+08:00 ] 127.0.0.1 /System/ProConfig/sync
INFO: [ app_begin ] --START--
INFO: Run Behavior\ReadHtmlCacheBehavior [ RunTime:0.000793s ]
INFO: Run Common\Behaviors\AppBeginBehavior [ RunTime:0.001141s ]
INFO: [ app_begin ] --END-- [ RunTime:0.002522s ]
NOTIC: [2048] Declaration of Common\Model\SysUserModel::selectOne() should be compatible with that of Common\Model\BaseModel::selectOne() E:\home\code\zendstudio\Education_dev_platform\Application\Common\Model\SysUserModel.class.php 第 9 行.
SQL: SHOW COLUMNS FROM `t_sys_user` [ RunTime:0.003631s ]
SQL: SELECT ru.id,ru.name,ru.realName,ru.roleId,ru.status,ru.lastTime,ru.lastIp,r.name as roleName,r.isSuper,r.auth FROM t_sys_user ru INNER JOIN t_sys_role r ON r.id=ru.roleId  WHERE ( ru.id = '1' ) LIMIT 1   [ RunTime:0.000379s ]
SQL: SHOW COLUMNS FROM `t_sys_log` [ RunTime:0.003134s ]
SQL: INSERT INTO `t_sys_log` (`userName`,`controller`,`action`,`addTime`,`data`) VALUES ('admin','ProConfig','sync',1418440501,'a:2:{s:3:\"get\";a:0:{}s:4:\"post\";a:1:{s:2:\"id\";s:2:\"16\";}}') [ RunTime:0.146159s ]

[ 2014-12-13T11:15:02+08:00 ] 127.0.0.1 /System/ProConfig/index
INFO: [ app_begin ] --START--
INFO: Run Behavior\ReadHtmlCacheBehavior [ RunTime:0.000722s ]
INFO: Run Common\Behaviors\AppBeginBehavior [ RunTime:0.001046s ]
INFO: [ app_begin ] --END-- [ RunTime:0.002319s ]
NOTIC: [2048] Declaration of Common\Model\SysUserModel::selectOne() should be compatible with that of Common\Model\BaseModel::selectOne() E:\home\code\zendstudio\Education_dev_platform\Application\Common\Model\SysUserModel.class.php 第 9 行.
SQL: SHOW COLUMNS FROM `t_sys_user` [ RunTime:0.063199s ]
SQL: SELECT ru.id,ru.name,ru.realName,ru.roleId,ru.status,ru.lastTime,ru.lastIp,r.name as roleName,r.isSuper,r.auth FROM t_sys_user ru INNER JOIN t_sys_role r ON r.id=ru.roleId  WHERE ( ru.id = '1' ) LIMIT 1   [ RunTime:0.001159s ]
SQL: SHOW COLUMNS FROM `t_pro_config` [ RunTime:0.010858s ]
NOTIC: [8] Uninitialized string offset: 0 E:\home\code\zendstudio\Education_dev_platform\Application\Common\Model\BaseModel.class.php 第 154 行.
NOTIC: [8] Uninitialized string offset: 0 E:\home\code\zendstudio\Education_dev_platform\Application\Common\Model\BaseModel.class.php 第 155 行.
NOTIC: [2] Invalid argument supplied for foreach() E:\home\code\zendstudio\Education_dev_platform\Application\Common\Model\BaseModel.class.php 第 106 行.
NOTIC: [8] Undefined index: fieldExcept E:\home\code\zendstudio\Education_dev_platform\Application\Common\Model\BaseModel.class.php 第 158 行.
NOTIC: [8] Undefined index: sortOrder E:\home\code\zendstudio\Education_dev_platform\Application\Common\Model\BaseModel.class.php 第 160 行.
NOTIC: [8] Undefined index: initPage E:\home\code\zendstudio\Education_dev_platform\Application\Common\Model\BaseModel.class.php 第 170 行.
NOTIC: [8] Undefined index: page E:\home\code\zendstudio\Education_dev_platform\Application\Common\Model\BaseModel.class.php 第 171 行.
NOTIC: [8] Undefined index: pageSize E:\home\code\zendstudio\Education_dev_platform\Application\Common\Model\BaseModel.class.php 第 171 行.
NOTIC: [8] Undefined index: initPage E:\home\code\zendstudio\Education_dev_platform\Application\Common\Model\BaseModel.class.php 第 44 行.
NOTIC: [8] Undefined index: field E:\home\code\zendstudio\Education_dev_platform\Application\Common\Model\BaseModel.class.php 第 47 行.
SQL: SELECT * FROM `t_pro_config` ORDER BY id asc LIMIT 0,50   [ RunTime:0.000659s ]
SQL: SELECT COUNT(*) AS tp_count FROM `t_pro_config` LIMIT 1   [ RunTime:0.000488s ]

