[ 2014-12-31T16:31:53+08:00 ] 192.168.0.152 /System/Public/login/ajax/true.html
INFO: [ app_begin ] --START--
INFO: Run Behavior\ReadHtmlCacheBehavior [ RunTime:0.001165s ]
INFO: Run Common\Behaviors\AppBeginBehavior [ RunTime:0.001872s ]
INFO: [ app_begin ] --END-- [ RunTime:0.003643s ]
NOTIC: [2048] Declaration of Common\Model\SysUserModel::selectOne() should be compatible with that of Common\Model\BaseModel::selectOne() D:\home\coding\zendstudio\edu\Education_dev_platform\branches\v1.0\Application\Common\Model\SysUserModel.class.php 第 9 行.
SQL: SHOW COLUMNS FROM `t_sys_user` [ RunTime:0.022005s ]
SQL: SELECT `id`,`lastTime`,`lastIp` FROM `t_sys_user` WHERE ( `name` = 'admin' ) AND ( `password` = '21232f297a57a5a743894a0e4a801fc3' ) AND ( `status` = 1 ) LIMIT 1   [ RunTime:0.001181s ]
SQL: UPDATE `t_sys_user` SET `lastTime`='2014-12-31 16:31:52',`lastIp`='192.168.0.152' WHERE ( `id` = 1 ) [ RunTime:0.001127s ]

[ 2014-12-31T16:31:56+08:00 ] 192.168.0.152 /System/Cache/update.html?_=1420014716040
INFO: [ app_begin ] --START--
INFO: Run Behavior\ReadHtmlCacheBehavior [ RunTime:0.001144s ]
INFO: Run Common\Behaviors\AppBeginBehavior [ RunTime:0.001827s ]
INFO: [ app_begin ] --END-- [ RunTime:0.003533s ]
NOTIC: [2048] Declaration of Common\Model\SysUserModel::selectOne() should be compatible with that of Common\Model\BaseModel::selectOne() D:\home\coding\zendstudio\edu\Education_dev_platform\branches\v1.0\Application\Common\Model\SysUserModel.class.php 第 9 行.
SQL: SHOW COLUMNS FROM `t_sys_user` [ RunTime:0.002402s ]
SQL: SELECT ru.id,ru.name,ru.realName,ru.roleId,ru.status,ru.lastTime,ru.lastIp,r.name as roleName,r.isSuper,r.auth FROM t_sys_user ru INNER JOIN t_sys_role r ON r.id=ru.roleId  WHERE ( ru.id = '1' ) LIMIT 1   [ RunTime:0.001363s ]
INFO: [ view_parse ] --START--
INFO: [ template_filter ] --START--
INFO: Run Behavior\ContentReplaceBehavior [ RunTime:0.000076s ]
INFO: [ template_filter ] --END-- [ RunTime:0.000182s ]
INFO: Run Behavior\ParseTemplateBehavior [ RunTime:0.009354s ]
INFO: [ view_parse ] --END-- [ RunTime:0.009465s ]
INFO: [ view_filter ] --START--
INFO: Run Behavior\WriteHtmlCacheBehavior [ RunTime:0.000843s ]
INFO: [ view_filter ] --END-- [ RunTime:0.000921s ]
INFO: [ app_end ] --START--
INFO: Run Behavior\ShowPageTraceBehavior [ RunTime:0.001141s ]
INFO: [ app_end ] --END-- [ RunTime:0.001231s ]

[ 2014-12-31T16:32:25+08:00 ] 192.168.0.152 /System/Public/login/ajax/true.html
INFO: [ app_begin ] --START--
INFO: Run Behavior\ReadHtmlCacheBehavior [ RunTime:0.000883s ]
INFO: Run Common\Behaviors\AppBeginBehavior [ RunTime:0.001164s ]
INFO: [ app_begin ] --END-- [ RunTime:0.002792s ]
NOTIC: [2048] Declaration of Common\Model\SysUserModel::selectOne() should be compatible with that of Common\Model\BaseModel::selectOne() D:\home\coding\zendstudio\edu\Education_dev_platform\branches\v1.0\Application\Common\Model\SysUserModel.class.php 第 9 行.
SQL: SHOW COLUMNS FROM `t_sys_user` [ RunTime:0.001828s ]
SQL: SELECT `id`,`lastTime`,`lastIp` FROM `t_sys_user` WHERE ( `name` = 'admin' ) AND ( `password` = '21232f297a57a5a743894a0e4a801fc3' ) AND ( `status` = 1 ) LIMIT 1   [ RunTime:0.001164s ]
SQL: UPDATE `t_sys_user` SET `lastTime`='2014-12-31 16:32:25',`lastIp`='192.168.0.152' WHERE ( `id` = 1 ) [ RunTime:0.001057s ]

