[ 2014-12-10T10:12:54+08:00 ] 192.168.0.152 /System/Public/login/ajax/true.html
INFO: [ app_begin ] --START--
INFO: Run Behavior\ReadHtmlCacheBehavior [ RunTime:0.000622s ]
INFO: Run Common\Behaviors\AppBeginBehavior [ RunTime:0.000919s ]
INFO: [ app_begin ] --END-- [ RunTime:0.002061s ]
NOTIC: [2048] Declaration of Common\Model\SysUserModel::selectOne() should be compatible with that of Common\Model\BaseModel::selectOne() D:\home\coding\zendstudio\edu\Education_dev_platform\branches\v1.0\Application\Common\Model\SysUserModel.class.php 第 9 行.
SQL: SHOW COLUMNS FROM `t_sys_user` [ RunTime:0.002561s ]
SQL: SELECT `id`,`lastTime`,`lastIp` FROM `t_sys_user` WHERE ( `name` = 'admin' ) AND ( `password` = '21232f297a57a5a743894a0e4a801fc3' ) AND ( `status` = 1 ) LIMIT 1   [ RunTime:0.001591s ]
SQL: UPDATE `t_sys_user` SET `lastTime`='2014-12-10 10:12:54',`lastIp`='192.168.0.152' WHERE ( `id` = 1 ) [ RunTime:0.001498s ]

[ 2014-12-10T10:12:58+08:00 ] 192.168.0.152 /System/Role/index
INFO: [ app_begin ] --START--
INFO: Run Behavior\ReadHtmlCacheBehavior [ RunTime:0.000428s ]
INFO: Run Common\Behaviors\AppBeginBehavior [ RunTime:0.001036s ]
INFO: [ app_begin ] --END-- [ RunTime:0.002001s ]
NOTIC: [2048] Declaration of Common\Model\SysUserModel::selectOne() should be compatible with that of Common\Model\BaseModel::selectOne() D:\home\coding\zendstudio\edu\Education_dev_platform\branches\v1.0\Application\Common\Model\SysUserModel.class.php 第 9 行.
SQL: SHOW COLUMNS FROM `t_sys_user` [ RunTime:0.005490s ]
SQL: SELECT ru.id,ru.name,ru.realName,ru.roleId,ru.status,ru.lastTime,ru.lastIp,r.name as roleName,r.isSuper,r.auth FROM t_sys_user ru INNER JOIN t_sys_role r ON r.id=ru.roleId  WHERE ( ru.id = '1' ) LIMIT 1   [ RunTime:0.001443s ]
SQL: SHOW COLUMNS FROM `t_role` [ RunTime:0.001262s ]
NOTIC: [8] Undefined index: isLogic D:\home\coding\zendstudio\edu\Education_dev_platform\branches\v1.0\Application\Common\Model\BaseModel.class.php 第 154 行.
NOTIC: [8] Undefined index: fieldExcept D:\home\coding\zendstudio\edu\Education_dev_platform\branches\v1.0\Application\Common\Model\BaseModel.class.php 第 158 行.
NOTIC: [8] Undefined index: sortOrder D:\home\coding\zendstudio\edu\Education_dev_platform\branches\v1.0\Application\Common\Model\BaseModel.class.php 第 160 行.
NOTIC: [8] Undefined index: initPage D:\home\coding\zendstudio\edu\Education_dev_platform\branches\v1.0\Application\Common\Model\BaseModel.class.php 第 170 行.
NOTIC: [8] Undefined index: page D:\home\coding\zendstudio\edu\Education_dev_platform\branches\v1.0\Application\Common\Model\BaseModel.class.php 第 171 行.
NOTIC: [8] Undefined index: pageSize D:\home\coding\zendstudio\edu\Education_dev_platform\branches\v1.0\Application\Common\Model\BaseModel.class.php 第 171 行.
NOTIC: [8] Undefined index: field D:\home\coding\zendstudio\edu\Education_dev_platform\branches\v1.0\Application\Common\Model\RoleModel.class.php 第 33 行.
SQL: SELECT * FROM `t_role` ORDER BY id asc LIMIT 0,50   [ RunTime:0.001760s ]
SQL: SELECT COUNT(*) AS tp_count FROM `t_role` LIMIT 1   [ RunTime:0.001659s ]

[ 2014-12-10T10:13:01+08:00 ] 192.168.0.152 /System/Role/add?_=1418177581431
INFO: [ app_begin ] --START--
INFO: Run Behavior\ReadHtmlCacheBehavior [ RunTime:0.000480s ]
INFO: Run Common\Behaviors\AppBeginBehavior [ RunTime:0.000772s ]
INFO: [ app_begin ] --END-- [ RunTime:0.001703s ]
NOTIC: [2048] Declaration of Common\Model\SysUserModel::selectOne() should be compatible with that of Common\Model\BaseModel::selectOne() D:\home\coding\zendstudio\edu\Education_dev_platform\branches\v1.0\Application\Common\Model\SysUserModel.class.php 第 9 行.
SQL: SHOW COLUMNS FROM `t_sys_user` [ RunTime:0.001612s ]
SQL: SELECT ru.id,ru.name,ru.realName,ru.roleId,ru.status,ru.lastTime,ru.lastIp,r.name as roleName,r.isSuper,r.auth FROM t_sys_user ru INNER JOIN t_sys_role r ON r.id=ru.roleId  WHERE ( ru.id = '1' ) LIMIT 1   [ RunTime:0.002287s ]
INFO: [ view_parse ] --START--
INFO: [ template_filter ] --START--
INFO: Run Behavior\ContentReplaceBehavior [ RunTime:0.000088s ]
INFO: [ template_filter ] --END-- [ RunTime:0.000209s ]
NOTIC: [8] Undefined index: id D:\home\coding\zendstudio\edu\Education_dev_platform\branches\v1.0\Runtime\Cache\System\348a9301d8c6989752ccdb68b2b7e401.php 第 6 行.
NOTIC: [8] Undefined index: userId D:\home\coding\zendstudio\edu\Education_dev_platform\branches\v1.0\Runtime\Cache\System\348a9301d8c6989752ccdb68b2b7e401.php 第 7 行.
NOTIC: [8] Undefined index: stageId D:\home\coding\zendstudio\edu\Education_dev_platform\branches\v1.0\Runtime\Cache\System\348a9301d8c6989752ccdb68b2b7e401.php 第 12 行.
NOTIC: [8] Undefined index: sex D:\home\coding\zendstudio\edu\Education_dev_platform\branches\v1.0\Runtime\Cache\System\348a9301d8c6989752ccdb68b2b7e401.php 第 18 行.
NOTIC: [8] Undefined index: nickName D:\home\coding\zendstudio\edu\Education_dev_platform\branches\v1.0\Runtime\Cache\System\348a9301d8c6989752ccdb68b2b7e401.php 第 24 行.
NOTIC: [8] Undefined index: interests D:\home\coding\zendstudio\edu\Education_dev_platform\branches\v1.0\Runtime\Cache\System\348a9301d8c6989752ccdb68b2b7e401.php 第 30 行.
NOTIC: [8] Undefined index: advantage D:\home\coding\zendstudio\edu\Education_dev_platform\branches\v1.0\Runtime\Cache\System\348a9301d8c6989752ccdb68b2b7e401.php 第 38 行.
NOTIC: [8] Undefined index: disAdvantage D:\home\coding\zendstudio\edu\Education_dev_platform\branches\v1.0\Runtime\Cache\System\348a9301d8c6989752ccdb68b2b7e401.php 第 44 行.
NOTIC: [8] Undefined index: level D:\home\coding\zendstudio\edu\Education_dev_platform\branches\v1.0\Runtime\Cache\System\348a9301d8c6989752ccdb68b2b7e401.php 第 50 行.
NOTIC: [8] Undefined index: point D:\home\coding\zendstudio\edu\Education_dev_platform\branches\v1.0\Runtime\Cache\System\348a9301d8c6989752ccdb68b2b7e401.php 第 56 行.
NOTIC: [8] Undefined index: face D:\home\coding\zendstudio\edu\Education_dev_platform\branches\v1.0\Runtime\Cache\System\348a9301d8c6989752ccdb68b2b7e401.php 第 61 行.
INFO: Run Behavior\ParseTemplateBehavior [ RunTime:0.027951s ]
INFO: [ view_parse ] --END-- [ RunTime:0.028065s ]
INFO: [ view_filter ] --START--
INFO: Run Behavior\WriteHtmlCacheBehavior [ RunTime:0.000329s ]
INFO: [ view_filter ] --END-- [ RunTime:0.000416s ]
INFO: [ app_end ] --START--
INFO: Run Behavior\ShowPageTraceBehavior [ RunTime:0.000628s ]
INFO: [ app_end ] --END-- [ RunTime:0.000717s ]

[ 2014-12-10T10:13:10+08:00 ] 192.168.0.152 /System/User/index
INFO: [ app_begin ] --START--
INFO: Run Behavior\ReadHtmlCacheBehavior [ RunTime:0.000465s ]
INFO: Run Common\Behaviors\AppBeginBehavior [ RunTime:0.000553s ]
INFO: [ app_begin ] --END-- [ RunTime:0.001490s ]
NOTIC: [2048] Declaration of Common\Model\SysUserModel::selectOne() should be compatible with that of Common\Model\BaseModel::selectOne() D:\home\coding\zendstudio\edu\Education_dev_platform\branches\v1.0\Application\Common\Model\SysUserModel.class.php 第 9 行.
SQL: SHOW COLUMNS FROM `t_sys_user` [ RunTime:0.001652s ]
SQL: SELECT ru.id,ru.name,ru.realName,ru.roleId,ru.status,ru.lastTime,ru.lastIp,r.name as roleName,r.isSuper,r.auth FROM t_sys_user ru INNER JOIN t_sys_role r ON r.id=ru.roleId  WHERE ( ru.id = '1' ) LIMIT 1   [ RunTime:0.001360s ]
SQL: SHOW COLUMNS FROM `t_user` [ RunTime:0.001522s ]
NOTIC: [8] Undefined index: isLogic D:\home\coding\zendstudio\edu\Education_dev_platform\branches\v1.0\Application\Common\Model\BaseModel.class.php 第 154 行.
NOTIC: [8] Undefined index: where D:\home\coding\zendstudio\edu\Education_dev_platform\branches\v1.0\Application\Common\Model\BaseModel.class.php 第 155 行.
NOTIC: [8] Undefined variable: where D:\home\coding\zendstudio\edu\Education_dev_platform\branches\v1.0\Application\Common\Model\UserModel.class.php 第 37 行.
NOTIC: [8] Undefined index: fieldExcept D:\home\coding\zendstudio\edu\Education_dev_platform\branches\v1.0\Application\Common\Model\BaseModel.class.php 第 158 行.
NOTIC: [8] Undefined index: sortOrder D:\home\coding\zendstudio\edu\Education_dev_platform\branches\v1.0\Application\Common\Model\BaseModel.class.php 第 160 行.
NOTIC: [8] Undefined index: initPage D:\home\coding\zendstudio\edu\Education_dev_platform\branches\v1.0\Application\Common\Model\BaseModel.class.php 第 170 行.
NOTIC: [8] Undefined index: pageSize D:\home\coding\zendstudio\edu\Education_dev_platform\branches\v1.0\Application\Common\Model\BaseModel.class.php 第 171 行.
NOTIC: [8] Undefined index: initPage D:\home\coding\zendstudio\edu\Education_dev_platform\branches\v1.0\Application\Common\Model\BaseModel.class.php 第 45 行.
NOTIC: [8] Undefined index: field D:\home\coding\zendstudio\edu\Education_dev_platform\branches\v1.0\Application\Common\Model\BaseModel.class.php 第 48 行.
SQL: SELECT * FROM `t_user` ORDER BY id desc LIMIT 0,50   [ RunTime:0.000999s ]
SQL: SELECT COUNT(*) AS tp_count FROM `t_user` LIMIT 1   [ RunTime:0.001029s ]

[ 2014-12-10T10:13:27+08:00 ] 192.168.0.152 /System/Role/add?_=1418177607194
INFO: [ app_begin ] --START--
INFO: Run Behavior\ReadHtmlCacheBehavior [ RunTime:0.000480s ]
INFO: Run Common\Behaviors\AppBeginBehavior [ RunTime:0.000525s ]
INFO: [ app_begin ] --END-- [ RunTime:0.001493s ]
NOTIC: [2048] Declaration of Common\Model\SysUserModel::selectOne() should be compatible with that of Common\Model\BaseModel::selectOne() D:\home\coding\zendstudio\edu\Education_dev_platform\branches\v1.0\Application\Common\Model\SysUserModel.class.php 第 9 行.
SQL: SHOW COLUMNS FROM `t_sys_user` [ RunTime:0.001564s ]
SQL: SELECT ru.id,ru.name,ru.realName,ru.roleId,ru.status,ru.lastTime,ru.lastIp,r.name as roleName,r.isSuper,r.auth FROM t_sys_user ru INNER JOIN t_sys_role r ON r.id=ru.roleId  WHERE ( ru.id = '1' ) LIMIT 1   [ RunTime:0.001485s ]
INFO: [ view_parse ] --START--
INFO: [ template_filter ] --START--
INFO: Run Behavior\ContentReplaceBehavior [ RunTime:0.000081s ]
INFO: [ template_filter ] --END-- [ RunTime:0.000220s ]
NOTIC: [8] Undefined index: id D:\home\coding\zendstudio\edu\Education_dev_platform\branches\v1.0\Runtime\Cache\System\348a9301d8c6989752ccdb68b2b7e401.php 第 6 行.
NOTIC: [8] Undefined index: userId D:\home\coding\zendstudio\edu\Education_dev_platform\branches\v1.0\Runtime\Cache\System\348a9301d8c6989752ccdb68b2b7e401.php 第 7 行.
NOTIC: [8] Undefined index: stageId D:\home\coding\zendstudio\edu\Education_dev_platform\branches\v1.0\Runtime\Cache\System\348a9301d8c6989752ccdb68b2b7e401.php 第 12 行.
NOTIC: [8] Undefined index: sex D:\home\coding\zendstudio\edu\Education_dev_platform\branches\v1.0\Runtime\Cache\System\348a9301d8c6989752ccdb68b2b7e401.php 第 18 行.
NOTIC: [8] Undefined index: nickName D:\home\coding\zendstudio\edu\Education_dev_platform\branches\v1.0\Runtime\Cache\System\348a9301d8c6989752ccdb68b2b7e401.php 第 24 行.
NOTIC: [8] Undefined index: interests D:\home\coding\zendstudio\edu\Education_dev_platform\branches\v1.0\Runtime\Cache\System\348a9301d8c6989752ccdb68b2b7e401.php 第 30 行.
NOTIC: [8] Undefined index: advantage D:\home\coding\zendstudio\edu\Education_dev_platform\branches\v1.0\Runtime\Cache\System\348a9301d8c6989752ccdb68b2b7e401.php 第 38 行.
NOTIC: [8] Undefined index: disAdvantage D:\home\coding\zendstudio\edu\Education_dev_platform\branches\v1.0\Runtime\Cache\System\348a9301d8c6989752ccdb68b2b7e401.php 第 44 行.
NOTIC: [8] Undefined index: level D:\home\coding\zendstudio\edu\Education_dev_platform\branches\v1.0\Runtime\Cache\System\348a9301d8c6989752ccdb68b2b7e401.php 第 50 行.
NOTIC: [8] Undefined index: point D:\home\coding\zendstudio\edu\Education_dev_platform\branches\v1.0\Runtime\Cache\System\348a9301d8c6989752ccdb68b2b7e401.php 第 56 行.
NOTIC: [8] Undefined index: face D:\home\coding\zendstudio\edu\Education_dev_platform\branches\v1.0\Runtime\Cache\System\348a9301d8c6989752ccdb68b2b7e401.php 第 61 行.
INFO: Run Behavior\ParseTemplateBehavior [ RunTime:0.009075s ]
INFO: [ view_parse ] --END-- [ RunTime:0.009185s ]
INFO: [ view_filter ] --START--
INFO: Run Behavior\WriteHtmlCacheBehavior [ RunTime:0.000716s ]
INFO: [ view_filter ] --END-- [ RunTime:0.000815s ]
INFO: [ app_end ] --START--
INFO: Run Behavior\ShowPageTraceBehavior [ RunTime:0.000942s ]
INFO: [ app_end ] --END-- [ RunTime:0.001048s ]

[ 2014-12-10T10:13:43+08:00 ] 192.168.0.152 /System/Role/index
INFO: [ app_begin ] --START--
INFO: Run Behavior\ReadHtmlCacheBehavior [ RunTime:0.000439s ]
INFO: Run Common\Behaviors\AppBeginBehavior [ RunTime:0.000521s ]
INFO: [ app_begin ] --END-- [ RunTime:0.001415s ]
NOTIC: [2048] Declaration of Common\Model\SysUserModel::selectOne() should be compatible with that of Common\Model\BaseModel::selectOne() D:\home\coding\zendstudio\edu\Education_dev_platform\branches\v1.0\Application\Common\Model\SysUserModel.class.php 第 9 行.
SQL: SHOW COLUMNS FROM `t_sys_user` [ RunTime:0.001606s ]
SQL: SELECT ru.id,ru.name,ru.realName,ru.roleId,ru.status,ru.lastTime,ru.lastIp,r.name as roleName,r.isSuper,r.auth FROM t_sys_user ru INNER JOIN t_sys_role r ON r.id=ru.roleId  WHERE ( ru.id = '1' ) LIMIT 1   [ RunTime:0.001945s ]
SQL: SHOW COLUMNS FROM `t_role` [ RunTime:0.001061s ]
NOTIC: [8] Undefined index: isLogic D:\home\coding\zendstudio\edu\Education_dev_platform\branches\v1.0\Application\Common\Model\BaseModel.class.php 第 154 行.
NOTIC: [8] Undefined index: fieldExcept D:\home\coding\zendstudio\edu\Education_dev_platform\branches\v1.0\Application\Common\Model\BaseModel.class.php 第 158 行.
NOTIC: [8] Undefined index: sortOrder D:\home\coding\zendstudio\edu\Education_dev_platform\branches\v1.0\Application\Common\Model\BaseModel.class.php 第 160 行.
NOTIC: [8] Undefined index: initPage D:\home\coding\zendstudio\edu\Education_dev_platform\branches\v1.0\Application\Common\Model\BaseModel.class.php 第 170 行.
NOTIC: [8] Undefined index: page D:\home\coding\zendstudio\edu\Education_dev_platform\branches\v1.0\Application\Common\Model\BaseModel.class.php 第 171 行.
NOTIC: [8] Undefined index: pageSize D:\home\coding\zendstudio\edu\Education_dev_platform\branches\v1.0\Application\Common\Model\BaseModel.class.php 第 171 行.
NOTIC: [8] Undefined index: field D:\home\coding\zendstudio\edu\Education_dev_platform\branches\v1.0\Application\Common\Model\RoleModel.class.php 第 33 行.
SQL: SELECT * FROM `t_role` ORDER BY id asc LIMIT 0,50   [ RunTime:0.001407s ]
SQL: SELECT COUNT(*) AS tp_count FROM `t_role` LIMIT 1   [ RunTime:0.001666s ]

[ 2014-12-10T10:13:49+08:00 ] 192.168.0.152 /System/Role/edit?id=4&_=1418177629613
INFO: [ app_begin ] --START--
INFO: Run Behavior\ReadHtmlCacheBehavior [ RunTime:0.000472s ]
INFO: Run Common\Behaviors\AppBeginBehavior [ RunTime:0.000538s ]
INFO: [ app_begin ] --END-- [ RunTime:0.001463s ]
NOTIC: [2048] Declaration of Common\Model\SysUserModel::selectOne() should be compatible with that of Common\Model\BaseModel::selectOne() D:\home\coding\zendstudio\edu\Education_dev_platform\branches\v1.0\Application\Common\Model\SysUserModel.class.php 第 9 行.
SQL: SHOW COLUMNS FROM `t_sys_user` [ RunTime:0.001556s ]
SQL: SELECT ru.id,ru.name,ru.realName,ru.roleId,ru.status,ru.lastTime,ru.lastIp,r.name as roleName,r.isSuper,r.auth FROM t_sys_user ru INNER JOIN t_sys_role r ON r.id=ru.roleId  WHERE ( ru.id = '1' ) LIMIT 1   [ RunTime:0.001020s ]
SQL: SHOW COLUMNS FROM `t_role` [ RunTime:0.001157s ]
SQL: SELECT * FROM `t_role` WHERE ( `id` = 4 ) LIMIT 1   [ RunTime:0.001037s ]
INFO: [ view_parse ] --START--
INFO: [ template_filter ] --START--
INFO: Run Behavior\ContentReplaceBehavior [ RunTime:0.000081s ]
INFO: [ template_filter ] --END-- [ RunTime:0.000176s ]
INFO: Run Behavior\ParseTemplateBehavior [ RunTime:0.010034s ]
INFO: [ view_parse ] --END-- [ RunTime:0.010166s ]
INFO: [ view_filter ] --START--
INFO: Run Behavior\WriteHtmlCacheBehavior [ RunTime:0.000397s ]
INFO: [ view_filter ] --END-- [ RunTime:0.000503s ]
INFO: [ app_end ] --START--
INFO: Run Behavior\ShowPageTraceBehavior [ RunTime:0.000722s ]
INFO: [ app_end ] --END-- [ RunTime:0.000829s ]

[ 2014-12-10T11:35:28+08:00 ] 192.168.0.152 /System/User/index
INFO: [ app_begin ] --START--
INFO: Run Behavior\ReadHtmlCacheBehavior [ RunTime:0.000474s ]
INFO: Run Common\Behaviors\AppBeginBehavior [ RunTime:0.000654s ]
INFO: [ app_begin ] --END-- [ RunTime:0.001607s ]
NOTIC: [2048] Declaration of Common\Model\SysUserModel::selectOne() should be compatible with that of Common\Model\BaseModel::selectOne() D:\home\coding\zendstudio\edu\Education_dev_platform\branches\v1.0\Application\Common\Model\SysUserModel.class.php 第 9 行.
SQL: SHOW COLUMNS FROM `t_sys_user` [ RunTime:0.001955s ]
SQL: SELECT ru.id,ru.name,ru.realName,ru.roleId,ru.status,ru.lastTime,ru.lastIp,r.name as roleName,r.isSuper,r.auth FROM t_sys_user ru INNER JOIN t_sys_role r ON r.id=ru.roleId  WHERE ( ru.id = '1' ) LIMIT 1   [ RunTime:0.001656s ]
SQL: SHOW COLUMNS FROM `t_user` [ RunTime:0.001602s ]
NOTIC: [8] Undefined index: isLogic D:\home\coding\zendstudio\edu\Education_dev_platform\branches\v1.0\Application\Common\Model\BaseModel.class.php 第 154 行.
NOTIC: [8] Undefined index: where D:\home\coding\zendstudio\edu\Education_dev_platform\branches\v1.0\Application\Common\Model\BaseModel.class.php 第 155 行.
NOTIC: [8] Undefined variable: where D:\home\coding\zendstudio\edu\Education_dev_platform\branches\v1.0\Application\Common\Model\UserModel.class.php 第 36 行.
NOTIC: [8] Undefined index: fieldExcept D:\home\coding\zendstudio\edu\Education_dev_platform\branches\v1.0\Application\Common\Model\BaseModel.class.php 第 158 行.
NOTIC: [8] Undefined index: sortOrder D:\home\coding\zendstudio\edu\Education_dev_platform\branches\v1.0\Application\Common\Model\BaseModel.class.php 第 160 行.
NOTIC: [8] Undefined index: initPage D:\home\coding\zendstudio\edu\Education_dev_platform\branches\v1.0\Application\Common\Model\BaseModel.class.php 第 170 行.
NOTIC: [8] Undefined index: pageSize D:\home\coding\zendstudio\edu\Education_dev_platform\branches\v1.0\Application\Common\Model\BaseModel.class.php 第 171 行.
NOTIC: [8] Undefined index: initPage D:\home\coding\zendstudio\edu\Education_dev_platform\branches\v1.0\Application\Common\Model\BaseModel.class.php 第 44 行.
NOTIC: [8] Undefined index: field D:\home\coding\zendstudio\edu\Education_dev_platform\branches\v1.0\Application\Common\Model\BaseModel.class.php 第 47 行.
SQL: SELECT * FROM `t_user` ORDER BY id desc LIMIT 0,50   [ RunTime:0.001518s ]
SQL: SELECT COUNT(*) AS tp_count FROM `t_user` LIMIT 1   [ RunTime:0.000996s ]

[ 2014-12-10T11:35:49+08:00 ] 192.168.0.152 /System/Role/index
INFO: [ app_begin ] --START--
INFO: Run Behavior\ReadHtmlCacheBehavior [ RunTime:0.000826s ]
INFO: Run Common\Behaviors\AppBeginBehavior [ RunTime:0.000911s ]
INFO: [ app_begin ] --END-- [ RunTime:0.002569s ]
NOTIC: [2048] Declaration of Common\Model\SysUserModel::selectOne() should be compatible with that of Common\Model\BaseModel::selectOne() D:\home\coding\zendstudio\edu\Education_dev_platform\branches\v1.0\Application\Common\Model\SysUserModel.class.php 第 9 行.
SQL: SHOW COLUMNS FROM `t_sys_user` [ RunTime:0.001524s ]
SQL: SELECT ru.id,ru.name,ru.realName,ru.roleId,ru.status,ru.lastTime,ru.lastIp,r.name as roleName,r.isSuper,r.auth FROM t_sys_user ru INNER JOIN t_sys_role r ON r.id=ru.roleId  WHERE ( ru.id = '1' ) LIMIT 1   [ RunTime:0.001011s ]
SQL: SHOW COLUMNS FROM `t_role` [ RunTime:0.001000s ]
NOTIC: [8] Undefined index: isLogic D:\home\coding\zendstudio\edu\Education_dev_platform\branches\v1.0\Application\Common\Model\BaseModel.class.php 第 154 行.
NOTIC: [8] Undefined index: fieldExcept D:\home\coding\zendstudio\edu\Education_dev_platform\branches\v1.0\Application\Common\Model\BaseModel.class.php 第 158 行.
NOTIC: [8] Undefined index: sortOrder D:\home\coding\zendstudio\edu\Education_dev_platform\branches\v1.0\Application\Common\Model\BaseModel.class.php 第 160 行.
NOTIC: [8] Undefined index: initPage D:\home\coding\zendstudio\edu\Education_dev_platform\branches\v1.0\Application\Common\Model\BaseModel.class.php 第 170 行.
NOTIC: [8] Undefined index: page D:\home\coding\zendstudio\edu\Education_dev_platform\branches\v1.0\Application\Common\Model\BaseModel.class.php 第 171 行.
NOTIC: [8] Undefined index: pageSize D:\home\coding\zendstudio\edu\Education_dev_platform\branches\v1.0\Application\Common\Model\BaseModel.class.php 第 171 行.
NOTIC: [8] Undefined index: field D:\home\coding\zendstudio\edu\Education_dev_platform\branches\v1.0\Application\Common\Model\RoleModel.class.php 第 33 行.
SQL: SELECT * FROM `t_role` ORDER BY id asc LIMIT 0,50   [ RunTime:0.001031s ]
SQL: SELECT COUNT(*) AS tp_count FROM `t_role` LIMIT 1   [ RunTime:0.001417s ]

[ 2014-12-10T11:35:50+08:00 ] 192.168.0.152 /System/User/index
INFO: [ app_begin ] --START--
INFO: Run Behavior\ReadHtmlCacheBehavior [ RunTime:0.000857s ]
INFO: Run Common\Behaviors\AppBeginBehavior [ RunTime:0.000839s ]
INFO: [ app_begin ] --END-- [ RunTime:0.002502s ]
NOTIC: [2048] Declaration of Common\Model\SysUserModel::selectOne() should be compatible with that of Common\Model\BaseModel::selectOne() D:\home\coding\zendstudio\edu\Education_dev_platform\branches\v1.0\Application\Common\Model\SysUserModel.class.php 第 9 行.
SQL: SHOW COLUMNS FROM `t_sys_user` [ RunTime:0.001616s ]
SQL: SELECT ru.id,ru.name,ru.realName,ru.roleId,ru.status,ru.lastTime,ru.lastIp,r.name as roleName,r.isSuper,r.auth FROM t_sys_user ru INNER JOIN t_sys_role r ON r.id=ru.roleId  WHERE ( ru.id = '1' ) LIMIT 1   [ RunTime:0.001073s ]
SQL: SHOW COLUMNS FROM `t_user` [ RunTime:0.001031s ]
NOTIC: [8] Undefined index: isLogic D:\home\coding\zendstudio\edu\Education_dev_platform\branches\v1.0\Application\Common\Model\BaseModel.class.php 第 154 行.
NOTIC: [8] Undefined index: where D:\home\coding\zendstudio\edu\Education_dev_platform\branches\v1.0\Application\Common\Model\BaseModel.class.php 第 155 行.
NOTIC: [8] Undefined variable: where D:\home\coding\zendstudio\edu\Education_dev_platform\branches\v1.0\Application\Common\Model\UserModel.class.php 第 36 行.
NOTIC: [8] Undefined index: fieldExcept D:\home\coding\zendstudio\edu\Education_dev_platform\branches\v1.0\Application\Common\Model\BaseModel.class.php 第 158 行.
NOTIC: [8] Undefined index: sortOrder D:\home\coding\zendstudio\edu\Education_dev_platform\branches\v1.0\Application\Common\Model\BaseModel.class.php 第 160 行.
NOTIC: [8] Undefined index: initPage D:\home\coding\zendstudio\edu\Education_dev_platform\branches\v1.0\Application\Common\Model\BaseModel.class.php 第 170 行.
NOTIC: [8] Undefined index: pageSize D:\home\coding\zendstudio\edu\Education_dev_platform\branches\v1.0\Application\Common\Model\BaseModel.class.php 第 171 行.
NOTIC: [8] Undefined index: initPage D:\home\coding\zendstudio\edu\Education_dev_platform\branches\v1.0\Application\Common\Model\BaseModel.class.php 第 44 行.
NOTIC: [8] Undefined index: field D:\home\coding\zendstudio\edu\Education_dev_platform\branches\v1.0\Application\Common\Model\BaseModel.class.php 第 47 行.
SQL: SELECT * FROM `t_user` ORDER BY id desc LIMIT 0,50   [ RunTime:0.000994s ]
SQL: SELECT COUNT(*) AS tp_count FROM `t_user` LIMIT 1   [ RunTime:0.000988s ]

[ 2014-12-10T14:52:49+08:00 ] 192.168.0.152 /System/Public/login/ajax/true.html
INFO: [ app_begin ] --START--
INFO: Run Behavior\ReadHtmlCacheBehavior [ RunTime:0.000598s ]
INFO: Run Common\Behaviors\AppBeginBehavior [ RunTime:0.000842s ]
INFO: [ app_begin ] --END-- [ RunTime:0.001902s ]
NOTIC: [2048] Declaration of Common\Model\SysUserModel::selectOne() should be compatible with that of Common\Model\BaseModel::selectOne() D:\home\coding\zendstudio\edu\Education_dev_platform\branches\v1.0\Application\Common\Model\SysUserModel.class.php 第 9 行.
SQL: SHOW COLUMNS FROM `t_sys_user` [ RunTime:0.001638s ]
SQL: SELECT `id`,`lastTime`,`lastIp` FROM `t_sys_user` WHERE ( `name` = 'admin' ) AND ( `password` = '21232f297a57a5a743894a0e4a801fc3' ) AND ( `status` = 1 ) LIMIT 1   [ RunTime:0.001008s ]
SQL: UPDATE `t_sys_user` SET `lastTime`='2014-12-10 14:52:49',`lastIp`='192.168.0.152' WHERE ( `id` = 1 ) [ RunTime:0.001064s ]

[ 2014-12-10T14:52:51+08:00 ] 192.168.0.152 /System/Role/index
INFO: [ app_begin ] --START--
INFO: Run Behavior\ReadHtmlCacheBehavior [ RunTime:0.000440s ]
INFO: Run Common\Behaviors\AppBeginBehavior [ RunTime:0.000605s ]
INFO: [ app_begin ] --END-- [ RunTime:0.001470s ]
NOTIC: [2048] Declaration of Common\Model\SysUserModel::selectOne() should be compatible with that of Common\Model\BaseModel::selectOne() D:\home\coding\zendstudio\edu\Education_dev_platform\branches\v1.0\Application\Common\Model\SysUserModel.class.php 第 9 行.
SQL: SHOW COLUMNS FROM `t_sys_user` [ RunTime:0.001520s ]
SQL: SELECT ru.id,ru.name,ru.realName,ru.roleId,ru.status,ru.lastTime,ru.lastIp,r.name as roleName,r.isSuper,r.auth FROM t_sys_user ru INNER JOIN t_sys_role r ON r.id=ru.roleId  WHERE ( ru.id = '1' ) LIMIT 1   [ RunTime:0.001040s ]
SQL: SHOW COLUMNS FROM `t_role` [ RunTime:0.001069s ]
NOTIC: [8] Undefined index: isLogic D:\home\coding\zendstudio\edu\Education_dev_platform\branches\v1.0\Application\Common\Model\BaseModel.class.php 第 154 行.
NOTIC: [8] Undefined index: fieldExcept D:\home\coding\zendstudio\edu\Education_dev_platform\branches\v1.0\Application\Common\Model\BaseModel.class.php 第 158 行.
NOTIC: [8] Undefined index: sortOrder D:\home\coding\zendstudio\edu\Education_dev_platform\branches\v1.0\Application\Common\Model\BaseModel.class.php 第 160 行.
NOTIC: [8] Undefined index: initPage D:\home\coding\zendstudio\edu\Education_dev_platform\branches\v1.0\Application\Common\Model\BaseModel.class.php 第 170 行.
NOTIC: [8] Undefined index: page D:\home\coding\zendstudio\edu\Education_dev_platform\branches\v1.0\Application\Common\Model\BaseModel.class.php 第 171 行.
NOTIC: [8] Undefined index: pageSize D:\home\coding\zendstudio\edu\Education_dev_platform\branches\v1.0\Application\Common\Model\BaseModel.class.php 第 171 行.
NOTIC: [8] Undefined index: field D:\home\coding\zendstudio\edu\Education_dev_platform\branches\v1.0\Application\Common\Model\RoleModel.class.php 第 33 行.
SQL: SELECT * FROM `t_role` ORDER BY id asc LIMIT 0,50   [ RunTime:0.001016s ]
SQL: SELECT COUNT(*) AS tp_count FROM `t_role` LIMIT 1   [ RunTime:0.000471s ]

[ 2014-12-10T16:24:02+08:00 ] 192.168.0.152 /System/Public/login/ajax/true.html
INFO: [ app_begin ] --START--
INFO: Run Behavior\ReadHtmlCacheBehavior [ RunTime:0.000466s ]
INFO: Run Common\Behaviors\AppBeginBehavior [ RunTime:0.000595s ]
INFO: [ app_begin ] --END-- [ RunTime:0.001522s ]
NOTIC: [2048] Declaration of Common\Model\SysUserModel::selectOne() should be compatible with that of Common\Model\BaseModel::selectOne() D:\home\coding\zendstudio\edu\Education_dev_platform\branches\v1.0\Application\Common\Model\SysUserModel.class.php 第 9 行.
SQL: SHOW COLUMNS FROM `t_sys_user` [ RunTime:0.003450s ]
SQL: SELECT `id`,`lastTime`,`lastIp` FROM `t_sys_user` WHERE ( `name` = 'admin' ) AND ( `password` = '21232f297a57a5a743894a0e4a801fc3' ) AND ( `status` = 1 ) LIMIT 1   [ RunTime:0.001399s ]
SQL: UPDATE `t_sys_user` SET `lastTime`='2014-12-10 16:24:02',`lastIp`='192.168.0.152' WHERE ( `id` = 1 ) [ RunTime:0.001418s ]

[ 2014-12-10T16:24:09+08:00 ] 192.168.0.152 /System/Stage/index
INFO: [ app_begin ] --START--
INFO: Run Behavior\ReadHtmlCacheBehavior [ RunTime:0.000430s ]
INFO: Run Common\Behaviors\AppBeginBehavior [ RunTime:0.000523s ]
INFO: [ app_begin ] --END-- [ RunTime:0.001362s ]
NOTIC: [2048] Declaration of Common\Model\SysUserModel::selectOne() should be compatible with that of Common\Model\BaseModel::selectOne() D:\home\coding\zendstudio\edu\Education_dev_platform\branches\v1.0\Application\Common\Model\SysUserModel.class.php 第 9 行.
SQL: SHOW COLUMNS FROM `t_sys_user` [ RunTime:0.001801s ]
SQL: SELECT ru.id,ru.name,ru.realName,ru.roleId,ru.status,ru.lastTime,ru.lastIp,r.name as roleName,r.isSuper,r.auth FROM t_sys_user ru INNER JOIN t_sys_role r ON r.id=ru.roleId  WHERE ( ru.id = '1' ) LIMIT 1   [ RunTime:0.001285s ]
SQL: SHOW COLUMNS FROM `t_stage` [ RunTime:0.002837s ]
NOTIC: [8] Undefined index: isLogic D:\home\coding\zendstudio\edu\Education_dev_platform\branches\v1.0\Application\Common\Model\BaseModel.class.php 第 154 行.
NOTIC: [8] Undefined index: where D:\home\coding\zendstudio\edu\Education_dev_platform\branches\v1.0\Application\Common\Model\BaseModel.class.php 第 155 行.
NOTIC: [2] Invalid argument supplied for foreach() D:\home\coding\zendstudio\edu\Education_dev_platform\branches\v1.0\Application\Common\Model\BaseModel.class.php 第 106 行.
NOTIC: [8] Undefined index: fieldExcept D:\home\coding\zendstudio\edu\Education_dev_platform\branches\v1.0\Application\Common\Model\BaseModel.class.php 第 158 行.
NOTIC: [8] Undefined index: initPage D:\home\coding\zendstudio\edu\Education_dev_platform\branches\v1.0\Application\Common\Model\BaseModel.class.php 第 170 行.
NOTIC: [8] Undefined index: page D:\home\coding\zendstudio\edu\Education_dev_platform\branches\v1.0\Application\Common\Model\BaseModel.class.php 第 171 行.
NOTIC: [8] Undefined index: pageSize D:\home\coding\zendstudio\edu\Education_dev_platform\branches\v1.0\Application\Common\Model\BaseModel.class.php 第 171 行.
NOTIC: [8] Undefined index: initPage D:\home\coding\zendstudio\edu\Education_dev_platform\branches\v1.0\Application\Common\Model\BaseModel.class.php 第 44 行.
NOTIC: [8] Undefined index: field D:\home\coding\zendstudio\edu\Education_dev_platform\branches\v1.0\Application\Common\Model\BaseModel.class.php 第 47 行.
SQL: SELECT * FROM `t_stage` ORDER BY sort asc LIMIT 0,50   [ RunTime:0.001257s ]
SQL: SELECT COUNT(*) AS tp_count FROM `t_stage` LIMIT 1   [ RunTime:0.001392s ]

[ 2014-12-10T16:24:19+08:00 ] 192.168.0.152 /System/Stage/edit?id=7&_=1418199859280
INFO: [ app_begin ] --START--
INFO: Run Behavior\ReadHtmlCacheBehavior [ RunTime:0.000571s ]
INFO: Run Common\Behaviors\AppBeginBehavior [ RunTime:0.001049s ]
INFO: [ app_begin ] --END-- [ RunTime:0.002163s ]
NOTIC: [2048] Declaration of Common\Model\SysUserModel::selectOne() should be compatible with that of Common\Model\BaseModel::selectOne() D:\home\coding\zendstudio\edu\Education_dev_platform\branches\v1.0\Application\Common\Model\SysUserModel.class.php 第 9 行.
SQL: SHOW COLUMNS FROM `t_sys_user` [ RunTime:0.001638s ]
SQL: SELECT ru.id,ru.name,ru.realName,ru.roleId,ru.status,ru.lastTime,ru.lastIp,r.name as roleName,r.isSuper,r.auth FROM t_sys_user ru INNER JOIN t_sys_role r ON r.id=ru.roleId  WHERE ( ru.id = '1' ) LIMIT 1   [ RunTime:0.001026s ]
SQL: SHOW COLUMNS FROM `t_stage` [ RunTime:0.001013s ]
SQL: SELECT * FROM `t_stage` WHERE ( `id` = 7 ) LIMIT 1   [ RunTime:0.003738s ]
INFO: [ view_parse ] --START--
INFO: [ template_filter ] --START--
INFO: Run Behavior\ContentReplaceBehavior [ RunTime:0.000094s ]
INFO: [ template_filter ] --END-- [ RunTime:0.000237s ]
INFO: Run Behavior\ParseTemplateBehavior [ RunTime:0.024533s ]
INFO: [ view_parse ] --END-- [ RunTime:0.024738s ]
INFO: [ view_filter ] --START--
INFO: Run Behavior\WriteHtmlCacheBehavior [ RunTime:0.000207s ]
INFO: [ view_filter ] --END-- [ RunTime:0.000292s ]
INFO: [ app_end ] --START--
INFO: Run Behavior\ShowPageTraceBehavior [ RunTime:0.000465s ]
INFO: [ app_end ] --END-- [ RunTime:0.000548s ]

[ 2014-12-10T16:24:49+08:00 ] 192.168.0.152 /System/Stage/edit?id=7&_=1418199889183
INFO: [ app_begin ] --START--
INFO: Run Behavior\ReadHtmlCacheBehavior [ RunTime:0.000565s ]
INFO: Run Common\Behaviors\AppBeginBehavior [ RunTime:0.000852s ]
INFO: [ app_begin ] --END-- [ RunTime:0.001920s ]
NOTIC: [2048] Declaration of Common\Model\SysUserModel::selectOne() should be compatible with that of Common\Model\BaseModel::selectOne() D:\home\coding\zendstudio\edu\Education_dev_platform\branches\v1.0\Application\Common\Model\SysUserModel.class.php 第 9 行.
SQL: SHOW COLUMNS FROM `t_sys_user` [ RunTime:0.001794s ]
SQL: SELECT ru.id,ru.name,ru.realName,ru.roleId,ru.status,ru.lastTime,ru.lastIp,r.name as roleName,r.isSuper,r.auth FROM t_sys_user ru INNER JOIN t_sys_role r ON r.id=ru.roleId  WHERE ( ru.id = '1' ) LIMIT 1   [ RunTime:0.001057s ]
SQL: SHOW COLUMNS FROM `t_stage` [ RunTime:0.001185s ]
SQL: SELECT * FROM `t_stage` WHERE ( `id` = 7 ) LIMIT 1   [ RunTime:0.001074s ]
INFO: [ view_parse ] --START--
INFO: [ template_filter ] --START--
INFO: Run Behavior\ContentReplaceBehavior [ RunTime:0.000071s ]
INFO: [ template_filter ] --END-- [ RunTime:0.000161s ]
INFO: Run Behavior\ParseTemplateBehavior [ RunTime:0.006295s ]
INFO: [ view_parse ] --END-- [ RunTime:0.006404s ]
INFO: [ view_filter ] --START--
INFO: Run Behavior\WriteHtmlCacheBehavior [ RunTime:0.000268s ]
INFO: [ view_filter ] --END-- [ RunTime:0.000356s ]
INFO: [ app_end ] --START--
INFO: Run Behavior\ShowPageTraceBehavior [ RunTime:0.000514s ]
INFO: [ app_end ] --END-- [ RunTime:0.000597s ]

[ 2014-12-10T16:24:54+08:00 ] 192.168.0.152 /System/Stage/index
INFO: [ app_begin ] --START--
INFO: Run Behavior\ReadHtmlCacheBehavior [ RunTime:0.000423s ]
INFO: Run Common\Behaviors\AppBeginBehavior [ RunTime:0.000486s ]
INFO: [ app_begin ] --END-- [ RunTime:0.001322s ]
NOTIC: [2048] Declaration of Common\Model\SysUserModel::selectOne() should be compatible with that of Common\Model\BaseModel::selectOne() D:\home\coding\zendstudio\edu\Education_dev_platform\branches\v1.0\Application\Common\Model\SysUserModel.class.php 第 9 行.
SQL: SHOW COLUMNS FROM `t_sys_user` [ RunTime:0.019173s ]
SQL: SELECT ru.id,ru.name,ru.realName,ru.roleId,ru.status,ru.lastTime,ru.lastIp,r.name as roleName,r.isSuper,r.auth FROM t_sys_user ru INNER JOIN t_sys_role r ON r.id=ru.roleId  WHERE ( ru.id = '1' ) LIMIT 1   [ RunTime:0.001183s ]
SQL: SHOW COLUMNS FROM `t_stage` [ RunTime:0.001130s ]
NOTIC: [8] Undefined index: isLogic D:\home\coding\zendstudio\edu\Education_dev_platform\branches\v1.0\Application\Common\Model\BaseModel.class.php 第 154 行.
NOTIC: [8] Undefined index: where D:\home\coding\zendstudio\edu\Education_dev_platform\branches\v1.0\Application\Common\Model\BaseModel.class.php 第 155 行.
NOTIC: [2] Invalid argument supplied for foreach() D:\home\coding\zendstudio\edu\Education_dev_platform\branches\v1.0\Application\Common\Model\BaseModel.class.php 第 106 行.
NOTIC: [8] Undefined index: fieldExcept D:\home\coding\zendstudio\edu\Education_dev_platform\branches\v1.0\Application\Common\Model\BaseModel.class.php 第 158 行.
NOTIC: [8] Undefined index: initPage D:\home\coding\zendstudio\edu\Education_dev_platform\branches\v1.0\Application\Common\Model\BaseModel.class.php 第 170 行.
NOTIC: [8] Undefined index: page D:\home\coding\zendstudio\edu\Education_dev_platform\branches\v1.0\Application\Common\Model\BaseModel.class.php 第 171 行.
NOTIC: [8] Undefined index: pageSize D:\home\coding\zendstudio\edu\Education_dev_platform\branches\v1.0\Application\Common\Model\BaseModel.class.php 第 171 行.
NOTIC: [8] Undefined index: initPage D:\home\coding\zendstudio\edu\Education_dev_platform\branches\v1.0\Application\Common\Model\BaseModel.class.php 第 44 行.
NOTIC: [8] Undefined index: field D:\home\coding\zendstudio\edu\Education_dev_platform\branches\v1.0\Application\Common\Model\BaseModel.class.php 第 47 行.
SQL: SELECT * FROM `t_stage` ORDER BY sort asc LIMIT 0,50   [ RunTime:0.001223s ]
SQL: SELECT COUNT(*) AS tp_count FROM `t_stage` LIMIT 1   [ RunTime:0.001604s ]

[ 2014-12-10T16:24:56+08:00 ] 192.168.0.152 /System/Stage/edit?id=8&_=1418199895931
INFO: [ app_begin ] --START--
INFO: Run Behavior\ReadHtmlCacheBehavior [ RunTime:0.000478s ]
INFO: Run Common\Behaviors\AppBeginBehavior [ RunTime:0.000594s ]
INFO: [ app_begin ] --END-- [ RunTime:0.001512s ]
NOTIC: [2048] Declaration of Common\Model\SysUserModel::selectOne() should be compatible with that of Common\Model\BaseModel::selectOne() D:\home\coding\zendstudio\edu\Education_dev_platform\branches\v1.0\Application\Common\Model\SysUserModel.class.php 第 9 行.
SQL: SHOW COLUMNS FROM `t_sys_user` [ RunTime:0.002037s ]
SQL: SELECT ru.id,ru.name,ru.realName,ru.roleId,ru.status,ru.lastTime,ru.lastIp,r.name as roleName,r.isSuper,r.auth FROM t_sys_user ru INNER JOIN t_sys_role r ON r.id=ru.roleId  WHERE ( ru.id = '1' ) LIMIT 1   [ RunTime:0.001043s ]
SQL: SHOW COLUMNS FROM `t_stage` [ RunTime:0.000922s ]
SQL: SELECT * FROM `t_stage` WHERE ( `id` = 8 ) LIMIT 1   [ RunTime:0.001023s ]
INFO: [ view_parse ] --START--
INFO: [ template_filter ] --START--
INFO: Run Behavior\ContentReplaceBehavior [ RunTime:0.000082s ]
INFO: [ template_filter ] --END-- [ RunTime:0.000205s ]
INFO: Run Behavior\ParseTemplateBehavior [ RunTime:0.006929s ]
INFO: [ view_parse ] --END-- [ RunTime:0.007045s ]
INFO: [ view_filter ] --START--
INFO: Run Behavior\WriteHtmlCacheBehavior [ RunTime:0.000224s ]
INFO: [ view_filter ] --END-- [ RunTime:0.000308s ]
INFO: [ app_end ] --START--
INFO: Run Behavior\ShowPageTraceBehavior [ RunTime:0.000465s ]
INFO: [ app_end ] --END-- [ RunTime:0.000554s ]

[ 2014-12-10T16:25:03+08:00 ] 192.168.0.152 /System/Stage/index
INFO: [ app_begin ] --START--
INFO: Run Behavior\ReadHtmlCacheBehavior [ RunTime:0.000413s ]
INFO: Run Common\Behaviors\AppBeginBehavior [ RunTime:0.000476s ]
INFO: [ app_begin ] --END-- [ RunTime:0.001257s ]
NOTIC: [2048] Declaration of Common\Model\SysUserModel::selectOne() should be compatible with that of Common\Model\BaseModel::selectOne() D:\home\coding\zendstudio\edu\Education_dev_platform\branches\v1.0\Application\Common\Model\SysUserModel.class.php 第 9 行.
SQL: SHOW COLUMNS FROM `t_sys_user` [ RunTime:0.001531s ]
SQL: SELECT ru.id,ru.name,ru.realName,ru.roleId,ru.status,ru.lastTime,ru.lastIp,r.name as roleName,r.isSuper,r.auth FROM t_sys_user ru INNER JOIN t_sys_role r ON r.id=ru.roleId  WHERE ( ru.id = '1' ) LIMIT 1   [ RunTime:0.001003s ]
SQL: SHOW COLUMNS FROM `t_stage` [ RunTime:0.001586s ]
NOTIC: [8] Undefined index: isLogic D:\home\coding\zendstudio\edu\Education_dev_platform\branches\v1.0\Application\Common\Model\BaseModel.class.php 第 154 行.
NOTIC: [8] Undefined index: where D:\home\coding\zendstudio\edu\Education_dev_platform\branches\v1.0\Application\Common\Model\BaseModel.class.php 第 155 行.
NOTIC: [2] Invalid argument supplied for foreach() D:\home\coding\zendstudio\edu\Education_dev_platform\branches\v1.0\Application\Common\Model\BaseModel.class.php 第 106 行.
NOTIC: [8] Undefined index: fieldExcept D:\home\coding\zendstudio\edu\Education_dev_platform\branches\v1.0\Application\Common\Model\BaseModel.class.php 第 158 行.
NOTIC: [8] Undefined index: initPage D:\home\coding\zendstudio\edu\Education_dev_platform\branches\v1.0\Application\Common\Model\BaseModel.class.php 第 170 行.
NOTIC: [8] Undefined index: page D:\home\coding\zendstudio\edu\Education_dev_platform\branches\v1.0\Application\Common\Model\BaseModel.class.php 第 171 行.
NOTIC: [8] Undefined index: pageSize D:\home\coding\zendstudio\edu\Education_dev_platform\branches\v1.0\Application\Common\Model\BaseModel.class.php 第 171 行.
NOTIC: [8] Undefined index: initPage D:\home\coding\zendstudio\edu\Education_dev_platform\branches\v1.0\Application\Common\Model\BaseModel.class.php 第 44 行.
NOTIC: [8] Undefined index: field D:\home\coding\zendstudio\edu\Education_dev_platform\branches\v1.0\Application\Common\Model\BaseModel.class.php 第 47 行.
SQL: SELECT * FROM `t_stage` ORDER BY sort asc LIMIT 0,50   [ RunTime:0.001690s ]
SQL: SELECT COUNT(*) AS tp_count FROM `t_stage` LIMIT 1   [ RunTime:0.001277s ]

[ 2014-12-10T16:25:07+08:00 ] 192.168.0.152 /System/Stage/edit?id=9&_=1418199907435
INFO: [ app_begin ] --START--
INFO: Run Behavior\ReadHtmlCacheBehavior [ RunTime:0.000448s ]
INFO: Run Common\Behaviors\AppBeginBehavior [ RunTime:0.000516s ]
INFO: [ app_begin ] --END-- [ RunTime:0.001566s ]
NOTIC: [2048] Declaration of Common\Model\SysUserModel::selectOne() should be compatible with that of Common\Model\BaseModel::selectOne() D:\home\coding\zendstudio\edu\Education_dev_platform\branches\v1.0\Application\Common\Model\SysUserModel.class.php 第 9 行.
SQL: SHOW COLUMNS FROM `t_sys_user` [ RunTime:0.003931s ]
SQL: SELECT ru.id,ru.name,ru.realName,ru.roleId,ru.status,ru.lastTime,ru.lastIp,r.name as roleName,r.isSuper,r.auth FROM t_sys_user ru INNER JOIN t_sys_role r ON r.id=ru.roleId  WHERE ( ru.id = '1' ) LIMIT 1   [ RunTime:0.001917s ]
SQL: SHOW COLUMNS FROM `t_stage` [ RunTime:0.001950s ]
SQL: SELECT * FROM `t_stage` WHERE ( `id` = 9 ) LIMIT 1   [ RunTime:0.002136s ]
INFO: [ view_parse ] --START--
INFO: [ template_filter ] --START--
INFO: Run Behavior\ContentReplaceBehavior [ RunTime:0.000102s ]
INFO: [ template_filter ] --END-- [ RunTime:0.000253s ]
INFO: Run Behavior\ParseTemplateBehavior [ RunTime:0.008859s ]
INFO: [ view_parse ] --END-- [ RunTime:0.009001s ]
INFO: [ view_filter ] --START--
INFO: Run Behavior\WriteHtmlCacheBehavior [ RunTime:0.000276s ]
INFO: [ view_filter ] --END-- [ RunTime:0.000382s ]
INFO: [ app_end ] --START--
INFO: Run Behavior\ShowPageTraceBehavior [ RunTime:0.000572s ]
INFO: [ app_end ] --END-- [ RunTime:0.000673s ]

[ 2014-12-10T16:25:11+08:00 ] 192.168.0.152 /System/Stage/index
INFO: [ app_begin ] --START--
INFO: Run Behavior\ReadHtmlCacheBehavior [ RunTime:0.000465s ]
INFO: Run Common\Behaviors\AppBeginBehavior [ RunTime:0.000487s ]
INFO: [ app_begin ] --END-- [ RunTime:0.001363s ]
NOTIC: [2048] Declaration of Common\Model\SysUserModel::selectOne() should be compatible with that of Common\Model\BaseModel::selectOne() D:\home\coding\zendstudio\edu\Education_dev_platform\branches\v1.0\Application\Common\Model\SysUserModel.class.php 第 9 行.
SQL: SHOW COLUMNS FROM `t_sys_user` [ RunTime:0.001909s ]
SQL: SELECT ru.id,ru.name,ru.realName,ru.roleId,ru.status,ru.lastTime,ru.lastIp,r.name as roleName,r.isSuper,r.auth FROM t_sys_user ru INNER JOIN t_sys_role r ON r.id=ru.roleId  WHERE ( ru.id = '1' ) LIMIT 1   [ RunTime:0.001298s ]
SQL: SHOW COLUMNS FROM `t_stage` [ RunTime:0.001684s ]
NOTIC: [8] Undefined index: isLogic D:\home\coding\zendstudio\edu\Education_dev_platform\branches\v1.0\Application\Common\Model\BaseModel.class.php 第 154 行.
NOTIC: [8] Undefined index: where D:\home\coding\zendstudio\edu\Education_dev_platform\branches\v1.0\Application\Common\Model\BaseModel.class.php 第 155 行.
NOTIC: [2] Invalid argument supplied for foreach() D:\home\coding\zendstudio\edu\Education_dev_platform\branches\v1.0\Application\Common\Model\BaseModel.class.php 第 106 行.
NOTIC: [8] Undefined index: fieldExcept D:\home\coding\zendstudio\edu\Education_dev_platform\branches\v1.0\Application\Common\Model\BaseModel.class.php 第 158 行.
NOTIC: [8] Undefined index: initPage D:\home\coding\zendstudio\edu\Education_dev_platform\branches\v1.0\Application\Common\Model\BaseModel.class.php 第 170 行.
NOTIC: [8] Undefined index: page D:\home\coding\zendstudio\edu\Education_dev_platform\branches\v1.0\Application\Common\Model\BaseModel.class.php 第 171 行.
NOTIC: [8] Undefined index: pageSize D:\home\coding\zendstudio\edu\Education_dev_platform\branches\v1.0\Application\Common\Model\BaseModel.class.php 第 171 行.
NOTIC: [8] Undefined index: initPage D:\home\coding\zendstudio\edu\Education_dev_platform\branches\v1.0\Application\Common\Model\BaseModel.class.php 第 44 行.
NOTIC: [8] Undefined index: field D:\home\coding\zendstudio\edu\Education_dev_platform\branches\v1.0\Application\Common\Model\BaseModel.class.php 第 47 行.
SQL: SELECT * FROM `t_stage` ORDER BY sort asc LIMIT 0,50   [ RunTime:0.001464s ]
SQL: SELECT COUNT(*) AS tp_count FROM `t_stage` LIMIT 1   [ RunTime:0.001122s ]

[ 2014-12-10T16:25:14+08:00 ] 192.168.0.152 /System/Stage/index
INFO: [ app_begin ] --START--
INFO: Run Behavior\ReadHtmlCacheBehavior [ RunTime:0.000459s ]
INFO: Run Common\Behaviors\AppBeginBehavior [ RunTime:0.000898s ]
INFO: [ app_begin ] --END-- [ RunTime:0.001820s ]
NOTIC: [2048] Declaration of Common\Model\SysUserModel::selectOne() should be compatible with that of Common\Model\BaseModel::selectOne() D:\home\coding\zendstudio\edu\Education_dev_platform\branches\v1.0\Application\Common\Model\SysUserModel.class.php 第 9 行.
SQL: SHOW COLUMNS FROM `t_sys_user` [ RunTime:0.002230s ]
SQL: SELECT ru.id,ru.name,ru.realName,ru.roleId,ru.status,ru.lastTime,ru.lastIp,r.name as roleName,r.isSuper,r.auth FROM t_sys_user ru INNER JOIN t_sys_role r ON r.id=ru.roleId  WHERE ( ru.id = '1' ) LIMIT 1   [ RunTime:0.001603s ]
SQL: SHOW COLUMNS FROM `t_stage` [ RunTime:0.003132s ]
NOTIC: [8] Undefined index: isLogic D:\home\coding\zendstudio\edu\Education_dev_platform\branches\v1.0\Application\Common\Model\BaseModel.class.php 第 154 行.
NOTIC: [8] Undefined index: where D:\home\coding\zendstudio\edu\Education_dev_platform\branches\v1.0\Application\Common\Model\BaseModel.class.php 第 155 行.
NOTIC: [2] Invalid argument supplied for foreach() D:\home\coding\zendstudio\edu\Education_dev_platform\branches\v1.0\Application\Common\Model\BaseModel.class.php 第 106 行.
NOTIC: [8] Undefined index: fieldExcept D:\home\coding\zendstudio\edu\Education_dev_platform\branches\v1.0\Application\Common\Model\BaseModel.class.php 第 158 行.
NOTIC: [8] Undefined index: initPage D:\home\coding\zendstudio\edu\Education_dev_platform\branches\v1.0\Application\Common\Model\BaseModel.class.php 第 170 行.
NOTIC: [8] Undefined index: page D:\home\coding\zendstudio\edu\Education_dev_platform\branches\v1.0\Application\Common\Model\BaseModel.class.php 第 171 行.
NOTIC: [8] Undefined index: pageSize D:\home\coding\zendstudio\edu\Education_dev_platform\branches\v1.0\Application\Common\Model\BaseModel.class.php 第 171 行.
NOTIC: [8] Undefined index: initPage D:\home\coding\zendstudio\edu\Education_dev_platform\branches\v1.0\Application\Common\Model\BaseModel.class.php 第 44 行.
NOTIC: [8] Undefined index: field D:\home\coding\zendstudio\edu\Education_dev_platform\branches\v1.0\Application\Common\Model\BaseModel.class.php 第 47 行.
SQL: SELECT * FROM `t_stage` ORDER BY sort asc LIMIT 0,50   [ RunTime:0.001186s ]
SQL: SELECT COUNT(*) AS tp_count FROM `t_stage` LIMIT 1   [ RunTime:0.001579s ]

[ 2014-12-10T16:26:47+08:00 ] 192.168.0.152 /System/Channel/index
INFO: [ app_begin ] --START--
INFO: Run Behavior\ReadHtmlCacheBehavior [ RunTime:0.000516s ]
INFO: Run Common\Behaviors\AppBeginBehavior [ RunTime:0.000834s ]
INFO: [ app_begin ] --END-- [ RunTime:0.001913s ]
NOTIC: [2048] Declaration of Common\Model\SysUserModel::selectOne() should be compatible with that of Common\Model\BaseModel::selectOne() D:\home\coding\zendstudio\edu\Education_dev_platform\branches\v1.0\Application\Common\Model\SysUserModel.class.php 第 9 行.
SQL: SHOW COLUMNS FROM `t_sys_user` [ RunTime:0.001525s ]
SQL: SELECT ru.id,ru.name,ru.realName,ru.roleId,ru.status,ru.lastTime,ru.lastIp,r.name as roleName,r.isSuper,r.auth FROM t_sys_user ru INNER JOIN t_sys_role r ON r.id=ru.roleId  WHERE ( ru.id = '1' ) LIMIT 1   [ RunTime:0.000990s ]
SQL: SHOW COLUMNS FROM `t_channel` [ RunTime:0.001095s ]
NOTIC: [8] Undefined variable: where D:\home\coding\zendstudio\edu\Education_dev_platform\branches\v1.0\Application\Common\Model\ChannelModel.class.php 第 31 行.
SQL: SELECT * FROM `t_channel` ORDER BY sort  [ RunTime:0.001021s ]
NOTIC: [8] Undefined variable: arr D:\home\coding\zendstudio\edu\Education_dev_platform\branches\v1.0\Application\Common\Model\ChannelModel.class.php 第 67 行.
NOTIC: [2] Invalid argument supplied for foreach() D:\home\coding\zendstudio\edu\Education_dev_platform\branches\v1.0\Application\Common\Model\ChannelModel.class.php 第 59 行.
NOTIC: [8] Undefined variable: arr D:\home\coding\zendstudio\edu\Education_dev_platform\branches\v1.0\Application\Common\Model\ChannelModel.class.php 第 67 行.
NOTIC: [2] Invalid argument supplied for foreach() D:\home\coding\zendstudio\edu\Education_dev_platform\branches\v1.0\Application\Common\Model\ChannelModel.class.php 第 59 行.
NOTIC: [8] Undefined variable: arr D:\home\coding\zendstudio\edu\Education_dev_platform\branches\v1.0\Application\Common\Model\ChannelModel.class.php 第 67 行.
NOTIC: [2] Invalid argument supplied for foreach() D:\home\coding\zendstudio\edu\Education_dev_platform\branches\v1.0\Application\Common\Model\ChannelModel.class.php 第 59 行.
NOTIC: [8] Undefined variable: arr D:\home\coding\zendstudio\edu\Education_dev_platform\branches\v1.0\Application\Common\Model\ChannelModel.class.php 第 67 行.
NOTIC: [2] Invalid argument supplied for foreach() D:\home\coding\zendstudio\edu\Education_dev_platform\branches\v1.0\Application\Common\Model\ChannelModel.class.php 第 59 行.
NOTIC: [8] Undefined variable: arr D:\home\coding\zendstudio\edu\Education_dev_platform\branches\v1.0\Application\Common\Model\ChannelModel.class.php 第 67 行.
NOTIC: [2] Invalid argument supplied for foreach() D:\home\coding\zendstudio\edu\Education_dev_platform\branches\v1.0\Application\Common\Model\ChannelModel.class.php 第 59 行.
NOTIC: [8] Undefined variable: arr D:\home\coding\zendstudio\edu\Education_dev_platform\branches\v1.0\Application\Common\Model\ChannelModel.class.php 第 67 行.
NOTIC: [2] Invalid argument supplied for foreach() D:\home\coding\zendstudio\edu\Education_dev_platform\branches\v1.0\Application\Common\Model\ChannelModel.class.php 第 59 行.
NOTIC: [2] Invalid argument supplied for foreach() D:\home\coding\zendstudio\edu\Education_dev_platform\branches\v1.0\Application\Common\Common\common.php 第 38 行.

[ 2014-12-10T16:26:52+08:00 ] 192.168.0.152 /System/Channel/edit?id=19&_=1418200011880
INFO: [ app_begin ] --START--
INFO: Run Behavior\ReadHtmlCacheBehavior [ RunTime:0.000572s ]
INFO: Run Common\Behaviors\AppBeginBehavior [ RunTime:0.000808s ]
INFO: [ app_begin ] --END-- [ RunTime:0.001908s ]
NOTIC: [2048] Declaration of Common\Model\SysUserModel::selectOne() should be compatible with that of Common\Model\BaseModel::selectOne() D:\home\coding\zendstudio\edu\Education_dev_platform\branches\v1.0\Application\Common\Model\SysUserModel.class.php 第 9 行.
SQL: SHOW COLUMNS FROM `t_sys_user` [ RunTime:0.001747s ]
SQL: SELECT ru.id,ru.name,ru.realName,ru.roleId,ru.status,ru.lastTime,ru.lastIp,r.name as roleName,r.isSuper,r.auth FROM t_sys_user ru INNER JOIN t_sys_role r ON r.id=ru.roleId  WHERE ( ru.id = '1' ) LIMIT 1   [ RunTime:0.001875s ]
SQL: SHOW COLUMNS FROM `t_channel` [ RunTime:0.002165s ]
SQL: SELECT * FROM `t_channel` WHERE ( `id` = 19 ) LIMIT 1   [ RunTime:0.002272s ]
NOTIC: [8] Undefined variable: where D:\home\coding\zendstudio\edu\Education_dev_platform\branches\v1.0\Application\Common\Model\ChannelModel.class.php 第 31 行.
SQL: SELECT * FROM `t_channel` ORDER BY sort  [ RunTime:0.002710s ]
NOTIC: [8] Undefined variable: arr D:\home\coding\zendstudio\edu\Education_dev_platform\branches\v1.0\Application\Common\Model\ChannelModel.class.php 第 67 行.
NOTIC: [2] Invalid argument supplied for foreach() D:\home\coding\zendstudio\edu\Education_dev_platform\branches\v1.0\Application\Common\Model\ChannelModel.class.php 第 59 行.
NOTIC: [8] Undefined variable: arr D:\home\coding\zendstudio\edu\Education_dev_platform\branches\v1.0\Application\Common\Model\ChannelModel.class.php 第 67 行.
NOTIC: [2] Invalid argument supplied for foreach() D:\home\coding\zendstudio\edu\Education_dev_platform\branches\v1.0\Application\Common\Model\ChannelModel.class.php 第 59 行.
NOTIC: [8] Undefined variable: arr D:\home\coding\zendstudio\edu\Education_dev_platform\branches\v1.0\Application\Common\Model\ChannelModel.class.php 第 67 行.
NOTIC: [2] Invalid argument supplied for foreach() D:\home\coding\zendstudio\edu\Education_dev_platform\branches\v1.0\Application\Common\Model\ChannelModel.class.php 第 59 行.
NOTIC: [8] Undefined variable: arr D:\home\coding\zendstudio\edu\Education_dev_platform\branches\v1.0\Application\Common\Model\ChannelModel.class.php 第 67 行.
NOTIC: [2] Invalid argument supplied for foreach() D:\home\coding\zendstudio\edu\Education_dev_platform\branches\v1.0\Application\Common\Model\ChannelModel.class.php 第 59 行.
NOTIC: [8] Undefined variable: arr D:\home\coding\zendstudio\edu\Education_dev_platform\branches\v1.0\Application\Common\Model\ChannelModel.class.php 第 67 行.
NOTIC: [2] Invalid argument supplied for foreach() D:\home\coding\zendstudio\edu\Education_dev_platform\branches\v1.0\Application\Common\Model\ChannelModel.class.php 第 59 行.
NOTIC: [8] Undefined variable: arr D:\home\coding\zendstudio\edu\Education_dev_platform\branches\v1.0\Application\Common\Model\ChannelModel.class.php 第 67 行.
NOTIC: [2] Invalid argument supplied for foreach() D:\home\coding\zendstudio\edu\Education_dev_platform\branches\v1.0\Application\Common\Model\ChannelModel.class.php 第 59 行.
INFO: [ view_parse ] --START--
INFO: [ template_filter ] --START--
INFO: Run Behavior\ContentReplaceBehavior [ RunTime:0.000084s ]
INFO: [ template_filter ] --END-- [ RunTime:0.000192s ]
NOTIC: [8] Use of undefined constant name - assumed 'name' D:\home\coding\zendstudio\edu\Education_dev_platform\branches\v1.0\Runtime\Cache\System\f10f773726a544abc426835f53800e81.php 第 25 行.
INFO: Run Behavior\ParseTemplateBehavior [ RunTime:0.026185s ]
INFO: [ view_parse ] --END-- [ RunTime:0.026316s ]
INFO: [ view_filter ] --START--
INFO: Run Behavior\WriteHtmlCacheBehavior [ RunTime:0.000271s ]
INFO: [ view_filter ] --END-- [ RunTime:0.000355s ]
INFO: [ app_end ] --START--
INFO: Run Behavior\ShowPageTraceBehavior [ RunTime:0.000559s ]
INFO: [ app_end ] --END-- [ RunTime:0.000657s ]

[ 2014-12-10T16:43:15+08:00 ] 192.168.0.152 /System/Stage/edit?id=2&_=1418200994897
INFO: [ app_begin ] --START--
INFO: Run Behavior\ReadHtmlCacheBehavior [ RunTime:0.000580s ]
INFO: Run Common\Behaviors\AppBeginBehavior [ RunTime:0.000803s ]
INFO: [ app_begin ] --END-- [ RunTime:0.001831s ]
NOTIC: [2048] Declaration of Common\Model\SysUserModel::selectOne() should be compatible with that of Common\Model\BaseModel::selectOne() D:\home\coding\zendstudio\edu\Education_dev_platform\branches\v1.0\Application\Common\Model\SysUserModel.class.php 第 9 行.
SQL: SHOW COLUMNS FROM `t_sys_user` [ RunTime:0.002404s ]
SQL: SELECT ru.id,ru.name,ru.realName,ru.roleId,ru.status,ru.lastTime,ru.lastIp,r.name as roleName,r.isSuper,r.auth FROM t_sys_user ru INNER JOIN t_sys_role r ON r.id=ru.roleId  WHERE ( ru.id = '1' ) LIMIT 1   [ RunTime:0.001385s ]
SQL: SHOW COLUMNS FROM `t_stage` [ RunTime:0.001347s ]
SQL: SELECT * FROM `t_stage` WHERE ( `id` = 2 ) LIMIT 1   [ RunTime:0.001491s ]
INFO: [ view_parse ] --START--
INFO: [ template_filter ] --START--
INFO: Run Behavior\ContentReplaceBehavior [ RunTime:0.000080s ]
INFO: [ template_filter ] --END-- [ RunTime:0.000185s ]
INFO: Run Behavior\ParseTemplateBehavior [ RunTime:0.007350s ]
INFO: [ view_parse ] --END-- [ RunTime:0.007494s ]
INFO: [ view_filter ] --START--
INFO: Run Behavior\WriteHtmlCacheBehavior [ RunTime:0.000291s ]
INFO: [ view_filter ] --END-- [ RunTime:0.000374s ]
INFO: [ app_end ] --START--
INFO: Run Behavior\ShowPageTraceBehavior [ RunTime:0.000590s ]
INFO: [ app_end ] --END-- [ RunTime:0.000675s ]

[ 2014-12-10T16:43:20+08:00 ] 192.168.0.152 /System/Stage/index
INFO: [ app_begin ] --START--
INFO: Run Behavior\ReadHtmlCacheBehavior [ RunTime:0.000413s ]
INFO: Run Common\Behaviors\AppBeginBehavior [ RunTime:0.000490s ]
INFO: [ app_begin ] --END-- [ RunTime:0.001295s ]
NOTIC: [2048] Declaration of Common\Model\SysUserModel::selectOne() should be compatible with that of Common\Model\BaseModel::selectOne() D:\home\coding\zendstudio\edu\Education_dev_platform\branches\v1.0\Application\Common\Model\SysUserModel.class.php 第 9 行.
SQL: SHOW COLUMNS FROM `t_sys_user` [ RunTime:0.001549s ]
SQL: SELECT ru.id,ru.name,ru.realName,ru.roleId,ru.status,ru.lastTime,ru.lastIp,r.name as roleName,r.isSuper,r.auth FROM t_sys_user ru INNER JOIN t_sys_role r ON r.id=ru.roleId  WHERE ( ru.id = '1' ) LIMIT 1   [ RunTime:0.001035s ]
SQL: SHOW COLUMNS FROM `t_stage` [ RunTime:0.001004s ]
NOTIC: [8] Undefined index: isLogic D:\home\coding\zendstudio\edu\Education_dev_platform\branches\v1.0\Application\Common\Model\BaseModel.class.php 第 154 行.
NOTIC: [8] Undefined index: where D:\home\coding\zendstudio\edu\Education_dev_platform\branches\v1.0\Application\Common\Model\BaseModel.class.php 第 155 行.
NOTIC: [2] Invalid argument supplied for foreach() D:\home\coding\zendstudio\edu\Education_dev_platform\branches\v1.0\Application\Common\Model\BaseModel.class.php 第 106 行.
NOTIC: [8] Undefined index: fieldExcept D:\home\coding\zendstudio\edu\Education_dev_platform\branches\v1.0\Application\Common\Model\BaseModel.class.php 第 158 行.
NOTIC: [8] Undefined index: initPage D:\home\coding\zendstudio\edu\Education_dev_platform\branches\v1.0\Application\Common\Model\BaseModel.class.php 第 170 行.
NOTIC: [8] Undefined index: page D:\home\coding\zendstudio\edu\Education_dev_platform\branches\v1.0\Application\Common\Model\BaseModel.class.php 第 171 行.
NOTIC: [8] Undefined index: pageSize D:\home\coding\zendstudio\edu\Education_dev_platform\branches\v1.0\Application\Common\Model\BaseModel.class.php 第 171 行.
NOTIC: [8] Undefined index: initPage D:\home\coding\zendstudio\edu\Education_dev_platform\branches\v1.0\Application\Common\Model\BaseModel.class.php 第 44 行.
NOTIC: [8] Undefined index: field D:\home\coding\zendstudio\edu\Education_dev_platform\branches\v1.0\Application\Common\Model\BaseModel.class.php 第 47 行.
SQL: SELECT * FROM `t_stage` ORDER BY sort asc LIMIT 0,50   [ RunTime:0.001014s ]
SQL: SELECT COUNT(*) AS tp_count FROM `t_stage` LIMIT 1   [ RunTime:0.001255s ]

[ 2014-12-10T17:14:26+08:00 ] 192.168.0.152 /System/Channel/index
INFO: [ app_begin ] --START--
INFO: Run Behavior\ReadHtmlCacheBehavior [ RunTime:0.000466s ]
INFO: Run Common\Behaviors\AppBeginBehavior [ RunTime:0.000530s ]
INFO: [ app_begin ] --END-- [ RunTime:0.001423s ]
NOTIC: [2048] Declaration of Common\Model\SysUserModel::selectOne() should be compatible with that of Common\Model\BaseModel::selectOne() D:\home\coding\zendstudio\edu\Education_dev_platform\branches\v1.0\Application\Common\Model\SysUserModel.class.php 第 9 行.
SQL: SHOW COLUMNS FROM `t_sys_user` [ RunTime:0.001648s ]
SQL: SELECT ru.id,ru.name,ru.realName,ru.roleId,ru.status,ru.lastTime,ru.lastIp,r.name as roleName,r.isSuper,r.auth FROM t_sys_user ru INNER JOIN t_sys_role r ON r.id=ru.roleId  WHERE ( ru.id = '1' ) LIMIT 1   [ RunTime:0.001174s ]
SQL: SHOW COLUMNS FROM `t_channel` [ RunTime:0.001159s ]
NOTIC: [8] Undefined variable: where D:\home\coding\zendstudio\edu\Education_dev_platform\branches\v1.0\Application\Common\Model\ChannelModel.class.php 第 31 行.
SQL: SELECT * FROM `t_channel` ORDER BY sort  [ RunTime:0.001036s ]
NOTIC: [8] Undefined variable: arr D:\home\coding\zendstudio\edu\Education_dev_platform\branches\v1.0\Application\Common\Model\ChannelModel.class.php 第 67 行.
NOTIC: [2] Invalid argument supplied for foreach() D:\home\coding\zendstudio\edu\Education_dev_platform\branches\v1.0\Application\Common\Model\ChannelModel.class.php 第 59 行.
NOTIC: [8] Undefined variable: arr D:\home\coding\zendstudio\edu\Education_dev_platform\branches\v1.0\Application\Common\Model\ChannelModel.class.php 第 67 行.
NOTIC: [2] Invalid argument supplied for foreach() D:\home\coding\zendstudio\edu\Education_dev_platform\branches\v1.0\Application\Common\Model\ChannelModel.class.php 第 59 行.
NOTIC: [8] Undefined variable: arr D:\home\coding\zendstudio\edu\Education_dev_platform\branches\v1.0\Application\Common\Model\ChannelModel.class.php 第 67 行.
NOTIC: [2] Invalid argument supplied for foreach() D:\home\coding\zendstudio\edu\Education_dev_platform\branches\v1.0\Application\Common\Model\ChannelModel.class.php 第 59 行.
NOTIC: [8] Undefined variable: arr D:\home\coding\zendstudio\edu\Education_dev_platform\branches\v1.0\Application\Common\Model\ChannelModel.class.php 第 67 行.
NOTIC: [2] Invalid argument supplied for foreach() D:\home\coding\zendstudio\edu\Education_dev_platform\branches\v1.0\Application\Common\Model\ChannelModel.class.php 第 59 行.
NOTIC: [8] Undefined variable: arr D:\home\coding\zendstudio\edu\Education_dev_platform\branches\v1.0\Application\Common\Model\ChannelModel.class.php 第 67 行.
NOTIC: [2] Invalid argument supplied for foreach() D:\home\coding\zendstudio\edu\Education_dev_platform\branches\v1.0\Application\Common\Model\ChannelModel.class.php 第 59 行.
NOTIC: [8] Undefined variable: arr D:\home\coding\zendstudio\edu\Education_dev_platform\branches\v1.0\Application\Common\Model\ChannelModel.class.php 第 67 行.
NOTIC: [2] Invalid argument supplied for foreach() D:\home\coding\zendstudio\edu\Education_dev_platform\branches\v1.0\Application\Common\Model\ChannelModel.class.php 第 59 行.
NOTIC: [2] Invalid argument supplied for foreach() D:\home\coding\zendstudio\edu\Education_dev_platform\branches\v1.0\Application\Common\Common\common.php 第 38 行.

[ 2014-12-10T17:15:38+08:00 ] 192.168.0.152 /System/Channel/edit?id=12&_=1418202938290
INFO: [ app_begin ] --START--
INFO: Run Behavior\ReadHtmlCacheBehavior [ RunTime:0.000454s ]
INFO: Run Common\Behaviors\AppBeginBehavior [ RunTime:0.000538s ]
INFO: [ app_begin ] --END-- [ RunTime:0.001412s ]
NOTIC: [2048] Declaration of Common\Model\SysUserModel::selectOne() should be compatible with that of Common\Model\BaseModel::selectOne() D:\home\coding\zendstudio\edu\Education_dev_platform\branches\v1.0\Application\Common\Model\SysUserModel.class.php 第 9 行.
SQL: SHOW COLUMNS FROM `t_sys_user` [ RunTime:0.001534s ]
SQL: SELECT ru.id,ru.name,ru.realName,ru.roleId,ru.status,ru.lastTime,ru.lastIp,r.name as roleName,r.isSuper,r.auth FROM t_sys_user ru INNER JOIN t_sys_role r ON r.id=ru.roleId  WHERE ( ru.id = '1' ) LIMIT 1   [ RunTime:0.001019s ]
SQL: SHOW COLUMNS FROM `t_channel` [ RunTime:0.001021s ]
SQL: SELECT * FROM `t_channel` WHERE ( `id` = 12 ) LIMIT 1   [ RunTime:0.001553s ]
NOTIC: [8] Undefined variable: where D:\home\coding\zendstudio\edu\Education_dev_platform\branches\v1.0\Application\Common\Model\ChannelModel.class.php 第 31 行.
SQL: SELECT * FROM `t_channel` ORDER BY sort  [ RunTime:0.001917s ]
NOTIC: [8] Undefined variable: arr D:\home\coding\zendstudio\edu\Education_dev_platform\branches\v1.0\Application\Common\Model\ChannelModel.class.php 第 67 行.
NOTIC: [2] Invalid argument supplied for foreach() D:\home\coding\zendstudio\edu\Education_dev_platform\branches\v1.0\Application\Common\Model\ChannelModel.class.php 第 59 行.
NOTIC: [8] Undefined variable: arr D:\home\coding\zendstudio\edu\Education_dev_platform\branches\v1.0\Application\Common\Model\ChannelModel.class.php 第 67 行.
NOTIC: [2] Invalid argument supplied for foreach() D:\home\coding\zendstudio\edu\Education_dev_platform\branches\v1.0\Application\Common\Model\ChannelModel.class.php 第 59 行.
NOTIC: [8] Undefined variable: arr D:\home\coding\zendstudio\edu\Education_dev_platform\branches\v1.0\Application\Common\Model\ChannelModel.class.php 第 67 行.
NOTIC: [2] Invalid argument supplied for foreach() D:\home\coding\zendstudio\edu\Education_dev_platform\branches\v1.0\Application\Common\Model\ChannelModel.class.php 第 59 行.
NOTIC: [8] Undefined variable: arr D:\home\coding\zendstudio\edu\Education_dev_platform\branches\v1.0\Application\Common\Model\ChannelModel.class.php 第 67 行.
NOTIC: [2] Invalid argument supplied for foreach() D:\home\coding\zendstudio\edu\Education_dev_platform\branches\v1.0\Application\Common\Model\ChannelModel.class.php 第 59 行.
NOTIC: [8] Undefined variable: arr D:\home\coding\zendstudio\edu\Education_dev_platform\branches\v1.0\Application\Common\Model\ChannelModel.class.php 第 67 行.
NOTIC: [2] Invalid argument supplied for foreach() D:\home\coding\zendstudio\edu\Education_dev_platform\branches\v1.0\Application\Common\Model\ChannelModel.class.php 第 59 行.
NOTIC: [8] Undefined variable: arr D:\home\coding\zendstudio\edu\Education_dev_platform\branches\v1.0\Application\Common\Model\ChannelModel.class.php 第 67 行.
NOTIC: [2] Invalid argument supplied for foreach() D:\home\coding\zendstudio\edu\Education_dev_platform\branches\v1.0\Application\Common\Model\ChannelModel.class.php 第 59 行.
INFO: [ view_parse ] --START--
INFO: [ template_filter ] --START--
INFO: Run Behavior\ContentReplaceBehavior [ RunTime:0.000097s ]
INFO: [ template_filter ] --END-- [ RunTime:0.000241s ]
NOTIC: [8] Use of undefined constant name - assumed 'name' D:\home\coding\zendstudio\edu\Education_dev_platform\branches\v1.0\Runtime\Cache\System\f10f773726a544abc426835f53800e81.php 第 25 行.
INFO: Run Behavior\ParseTemplateBehavior [ RunTime:0.009086s ]
INFO: [ view_parse ] --END-- [ RunTime:0.009185s ]
INFO: [ view_filter ] --START--
INFO: Run Behavior\WriteHtmlCacheBehavior [ RunTime:0.000205s ]
INFO: [ view_filter ] --END-- [ RunTime:0.000285s ]
INFO: [ app_end ] --START--
INFO: Run Behavior\ShowPageTraceBehavior [ RunTime:0.000457s ]
INFO: [ app_end ] --END-- [ RunTime:0.000537s ]

[ 2014-12-10T17:15:42+08:00 ] 192.168.0.152 /System/Cache/update.html?_=1418202942633
INFO: [ app_begin ] --START--
INFO: Run Behavior\ReadHtmlCacheBehavior [ RunTime:0.000432s ]
INFO: Run Common\Behaviors\AppBeginBehavior [ RunTime:0.000497s ]
INFO: [ app_begin ] --END-- [ RunTime:0.001332s ]
NOTIC: [2048] Declaration of Common\Model\SysUserModel::selectOne() should be compatible with that of Common\Model\BaseModel::selectOne() D:\home\coding\zendstudio\edu\Education_dev_platform\branches\v1.0\Application\Common\Model\SysUserModel.class.php 第 9 行.
SQL: SHOW COLUMNS FROM `t_sys_user` [ RunTime:0.001084s ]
SQL: SELECT ru.id,ru.name,ru.realName,ru.roleId,ru.status,ru.lastTime,ru.lastIp,r.name as roleName,r.isSuper,r.auth FROM t_sys_user ru INNER JOIN t_sys_role r ON r.id=ru.roleId  WHERE ( ru.id = '1' ) LIMIT 1   [ RunTime:0.001745s ]
INFO: [ view_parse ] --START--
INFO: [ template_filter ] --START--
INFO: Run Behavior\ContentReplaceBehavior [ RunTime:0.000075s ]
INFO: [ template_filter ] --END-- [ RunTime:0.000180s ]
INFO: Run Behavior\ParseTemplateBehavior [ RunTime:0.007987s ]
INFO: [ view_parse ] --END-- [ RunTime:0.008286s ]
INFO: [ view_filter ] --START--
INFO: Run Behavior\WriteHtmlCacheBehavior [ RunTime:0.000226s ]
INFO: [ view_filter ] --END-- [ RunTime:0.000306s ]
INFO: [ app_end ] --START--
INFO: Run Behavior\ShowPageTraceBehavior [ RunTime:0.000473s ]
INFO: [ app_end ] --END-- [ RunTime:0.000561s ]

[ 2014-12-10T17:20:33+08:00 ] 192.168.0.152 /System/AdSpace/index
INFO: [ app_begin ] --START--
INFO: Run Behavior\ReadHtmlCacheBehavior [ RunTime:0.000986s ]
INFO: Run Common\Behaviors\AppBeginBehavior [ RunTime:0.000947s ]
INFO: [ app_begin ] --END-- [ RunTime:0.003123s ]
NOTIC: [2048] Declaration of Common\Model\SysUserModel::selectOne() should be compatible with that of Common\Model\BaseModel::selectOne() D:\home\coding\zendstudio\edu\Education_dev_platform\branches\v1.0\Application\Common\Model\SysUserModel.class.php 第 9 行.
SQL: SHOW COLUMNS FROM `t_sys_user` [ RunTime:0.001968s ]
SQL: SELECT ru.id,ru.name,ru.realName,ru.roleId,ru.status,ru.lastTime,ru.lastIp,r.name as roleName,r.isSuper,r.auth FROM t_sys_user ru INNER JOIN t_sys_role r ON r.id=ru.roleId  WHERE ( ru.id = '1' ) LIMIT 1   [ RunTime:0.001300s ]
SQL: SHOW COLUMNS FROM `t_ad_space` [ RunTime:0.001405s ]
NOTIC: [8] Undefined index: where D:\home\coding\zendstudio\edu\Education_dev_platform\branches\v1.0\Application\System\Controller\BaseController.class.php 第 35 行.
NOTIC: [8] Undefined index: isLogic D:\home\coding\zendstudio\edu\Education_dev_platform\branches\v1.0\Application\Common\Model\BaseModel.class.php 第 154 行.
NOTIC: [8] Undefined index: where D:\home\coding\zendstudio\edu\Education_dev_platform\branches\v1.0\Application\Common\Model\BaseModel.class.php 第 155 行.
NOTIC: [8] Undefined variable: where D:\home\coding\zendstudio\edu\Education_dev_platform\branches\v1.0\Application\Common\Model\AdSpaceModel.class.php 第 39 行.
NOTIC: [8] Undefined index: fieldExcept D:\home\coding\zendstudio\edu\Education_dev_platform\branches\v1.0\Application\Common\Model\BaseModel.class.php 第 158 行.
NOTIC: [8] Undefined index: sortOrder D:\home\coding\zendstudio\edu\Education_dev_platform\branches\v1.0\Application\Common\Model\BaseModel.class.php 第 160 行.
NOTIC: [8] Undefined index: initPage D:\home\coding\zendstudio\edu\Education_dev_platform\branches\v1.0\Application\Common\Model\BaseModel.class.php 第 170 行.
NOTIC: [8] Undefined index: pageSize D:\home\coding\zendstudio\edu\Education_dev_platform\branches\v1.0\Application\Common\Model\BaseModel.class.php 第 171 行.
NOTIC: [8] Undefined index: initPage D:\home\coding\zendstudio\edu\Education_dev_platform\branches\v1.0\Application\Common\Model\BaseModel.class.php 第 44 行.
NOTIC: [8] Undefined index: field D:\home\coding\zendstudio\edu\Education_dev_platform\branches\v1.0\Application\Common\Model\BaseModel.class.php 第 47 行.
SQL: SELECT * FROM `t_ad_space` ORDER BY id asc LIMIT 0,50   [ RunTime:0.001853s ]
SQL: SELECT COUNT(*) AS tp_count FROM `t_ad_space` LIMIT 1   [ RunTime:0.001719s ]

[ 2014-12-10T17:20:35+08:00 ] 192.168.0.152 /System/Ad/index
INFO: [ app_begin ] --START--
INFO: Run Behavior\ReadHtmlCacheBehavior [ RunTime:0.000410s ]
INFO: Run Common\Behaviors\AppBeginBehavior [ RunTime:0.000485s ]
INFO: [ app_begin ] --END-- [ RunTime:0.001267s ]
NOTIC: [2048] Declaration of Common\Model\SysUserModel::selectOne() should be compatible with that of Common\Model\BaseModel::selectOne() D:\home\coding\zendstudio\edu\Education_dev_platform\branches\v1.0\Application\Common\Model\SysUserModel.class.php 第 9 行.
SQL: SHOW COLUMNS FROM `t_sys_user` [ RunTime:0.001648s ]
SQL: SELECT ru.id,ru.name,ru.realName,ru.roleId,ru.status,ru.lastTime,ru.lastIp,r.name as roleName,r.isSuper,r.auth FROM t_sys_user ru INNER JOIN t_sys_role r ON r.id=ru.roleId  WHERE ( ru.id = '1' ) LIMIT 1   [ RunTime:0.001057s ]
SQL: SHOW COLUMNS FROM `t_ad` [ RunTime:0.002401s ]
NOTIC: [8] Undefined index: where D:\home\coding\zendstudio\edu\Education_dev_platform\branches\v1.0\Application\System\Controller\BaseController.class.php 第 35 行.
NOTIC: [8] Undefined index: isLogic D:\home\coding\zendstudio\edu\Education_dev_platform\branches\v1.0\Application\Common\Model\BaseModel.class.php 第 154 行.
NOTIC: [8] Undefined index: where D:\home\coding\zendstudio\edu\Education_dev_platform\branches\v1.0\Application\Common\Model\BaseModel.class.php 第 155 行.
NOTIC: [8] Undefined variable: where D:\home\coding\zendstudio\edu\Education_dev_platform\branches\v1.0\Application\Common\Model\AdModel.class.php 第 54 行.
NOTIC: [8] Undefined index: fieldExcept D:\home\coding\zendstudio\edu\Education_dev_platform\branches\v1.0\Application\Common\Model\BaseModel.class.php 第 158 行.
NOTIC: [8] Undefined index: sortOrder D:\home\coding\zendstudio\edu\Education_dev_platform\branches\v1.0\Application\Common\Model\BaseModel.class.php 第 160 行.
NOTIC: [8] Undefined index: initPage D:\home\coding\zendstudio\edu\Education_dev_platform\branches\v1.0\Application\Common\Model\BaseModel.class.php 第 170 行.
NOTIC: [8] Undefined index: pageSize D:\home\coding\zendstudio\edu\Education_dev_platform\branches\v1.0\Application\Common\Model\BaseModel.class.php 第 171 行.
NOTIC: [8] Undefined index: initPage D:\home\coding\zendstudio\edu\Education_dev_platform\branches\v1.0\Application\Common\Model\BaseModel.class.php 第 44 行.
NOTIC: [8] Undefined index: field D:\home\coding\zendstudio\edu\Education_dev_platform\branches\v1.0\Application\Common\Model\BaseModel.class.php 第 47 行.
SQL: SELECT * FROM `t_ad` ORDER BY id desc LIMIT 0,50   [ RunTime:0.001068s ]
SQL: SELECT COUNT(*) AS tp_count FROM `t_ad` LIMIT 1   [ RunTime:0.001379s ]
NOTIC: [8] Undefined index: ap D:\home\coding\zendstudio\edu\Education_dev_platform\branches\v1.0\Application\System\Controller\AdController.class.php 第 33 行.
NOTIC: [8] Undefined index: ap D:\home\coding\zendstudio\edu\Education_dev_platform\branches\v1.0\Application\System\Controller\AdController.class.php 第 33 行.

[ 2014-12-10T17:20:39+08:00 ] 192.168.0.152 /System/AdSpace/edit?id=3&_=1418203239340
INFO: [ app_begin ] --START--
INFO: Run Behavior\ReadHtmlCacheBehavior [ RunTime:0.000494s ]
INFO: Run Common\Behaviors\AppBeginBehavior [ RunTime:0.000553s ]
INFO: [ app_begin ] --END-- [ RunTime:0.001492s ]
NOTIC: [2048] Declaration of Common\Model\SysUserModel::selectOne() should be compatible with that of Common\Model\BaseModel::selectOne() D:\home\coding\zendstudio\edu\Education_dev_platform\branches\v1.0\Application\Common\Model\SysUserModel.class.php 第 9 行.
SQL: SHOW COLUMNS FROM `t_sys_user` [ RunTime:0.003929s ]
SQL: SELECT ru.id,ru.name,ru.realName,ru.roleId,ru.status,ru.lastTime,ru.lastIp,r.name as roleName,r.isSuper,r.auth FROM t_sys_user ru INNER JOIN t_sys_role r ON r.id=ru.roleId  WHERE ( ru.id = '1' ) LIMIT 1   [ RunTime:0.001344s ]
SQL: SHOW COLUMNS FROM `t_ad_space` [ RunTime:0.001325s ]
SQL: SELECT * FROM `t_ad_space` WHERE ( `id` = 3 ) LIMIT 1   [ RunTime:0.002591s ]
INFO: [ view_parse ] --START--
INFO: [ template_filter ] --START--
INFO: Run Behavior\ContentReplaceBehavior [ RunTime:0.000083s ]
INFO: [ template_filter ] --END-- [ RunTime:0.000186s ]
INFO: Run Behavior\ParseTemplateBehavior [ RunTime:0.025231s ]
INFO: [ view_parse ] --END-- [ RunTime:0.025395s ]
INFO: [ view_filter ] --START--
INFO: Run Behavior\WriteHtmlCacheBehavior [ RunTime:0.000223s ]
INFO: [ view_filter ] --END-- [ RunTime:0.000308s ]
INFO: [ app_end ] --START--
INFO: Run Behavior\ShowPageTraceBehavior [ RunTime:0.000444s ]
INFO: [ app_end ] --END-- [ RunTime:0.000524s ]

[ 2014-12-10T17:20:40+08:00 ] 192.168.0.152 /System/AdSpace/index
INFO: [ app_begin ] --START--
INFO: Run Behavior\ReadHtmlCacheBehavior [ RunTime:0.000654s ]
INFO: Run Common\Behaviors\AppBeginBehavior [ RunTime:0.000804s ]
INFO: [ app_begin ] --END-- [ RunTime:0.002020s ]
NOTIC: [2048] Declaration of Common\Model\SysUserModel::selectOne() should be compatible with that of Common\Model\BaseModel::selectOne() D:\home\coding\zendstudio\edu\Education_dev_platform\branches\v1.0\Application\Common\Model\SysUserModel.class.php 第 9 行.
SQL: SHOW COLUMNS FROM `t_sys_user` [ RunTime:0.002714s ]
SQL: SELECT ru.id,ru.name,ru.realName,ru.roleId,ru.status,ru.lastTime,ru.lastIp,r.name as roleName,r.isSuper,r.auth FROM t_sys_user ru INNER JOIN t_sys_role r ON r.id=ru.roleId  WHERE ( ru.id = '1' ) LIMIT 1   [ RunTime:0.001493s ]
SQL: SHOW COLUMNS FROM `t_ad_space` [ RunTime:0.001157s ]
NOTIC: [8] Undefined index: where D:\home\coding\zendstudio\edu\Education_dev_platform\branches\v1.0\Application\System\Controller\BaseController.class.php 第 35 行.
NOTIC: [8] Undefined index: isLogic D:\home\coding\zendstudio\edu\Education_dev_platform\branches\v1.0\Application\Common\Model\BaseModel.class.php 第 154 行.
NOTIC: [8] Undefined index: where D:\home\coding\zendstudio\edu\Education_dev_platform\branches\v1.0\Application\Common\Model\BaseModel.class.php 第 155 行.
NOTIC: [8] Undefined variable: where D:\home\coding\zendstudio\edu\Education_dev_platform\branches\v1.0\Application\Common\Model\AdSpaceModel.class.php 第 39 行.
NOTIC: [8] Undefined index: fieldExcept D:\home\coding\zendstudio\edu\Education_dev_platform\branches\v1.0\Application\Common\Model\BaseModel.class.php 第 158 行.
NOTIC: [8] Undefined index: sortOrder D:\home\coding\zendstudio\edu\Education_dev_platform\branches\v1.0\Application\Common\Model\BaseModel.class.php 第 160 行.
NOTIC: [8] Undefined index: initPage D:\home\coding\zendstudio\edu\Education_dev_platform\branches\v1.0\Application\Common\Model\BaseModel.class.php 第 170 行.
NOTIC: [8] Undefined index: pageSize D:\home\coding\zendstudio\edu\Education_dev_platform\branches\v1.0\Application\Common\Model\BaseModel.class.php 第 171 行.
NOTIC: [8] Undefined index: initPage D:\home\coding\zendstudio\edu\Education_dev_platform\branches\v1.0\Application\Common\Model\BaseModel.class.php 第 44 行.
NOTIC: [8] Undefined index: field D:\home\coding\zendstudio\edu\Education_dev_platform\branches\v1.0\Application\Common\Model\BaseModel.class.php 第 47 行.
SQL: SELECT * FROM `t_ad_space` ORDER BY id asc LIMIT 0,50   [ RunTime:0.001623s ]
SQL: SELECT COUNT(*) AS tp_count FROM `t_ad_space` LIMIT 1   [ RunTime:0.001583s ]

[ 2014-12-10T17:20:43+08:00 ] 192.168.0.152 /System/Cache/update.html?_=1418203243067
INFO: [ app_begin ] --START--
INFO: Run Behavior\ReadHtmlCacheBehavior [ RunTime:0.000447s ]
INFO: Run Common\Behaviors\AppBeginBehavior [ RunTime:0.000542s ]
INFO: [ app_begin ] --END-- [ RunTime:0.001443s ]
NOTIC: [2048] Declaration of Common\Model\SysUserModel::selectOne() should be compatible with that of Common\Model\BaseModel::selectOne() D:\home\coding\zendstudio\edu\Education_dev_platform\branches\v1.0\Application\Common\Model\SysUserModel.class.php 第 9 行.
SQL: SHOW COLUMNS FROM `t_sys_user` [ RunTime:0.002215s ]
SQL: SELECT ru.id,ru.name,ru.realName,ru.roleId,ru.status,ru.lastTime,ru.lastIp,r.name as roleName,r.isSuper,r.auth FROM t_sys_user ru INNER JOIN t_sys_role r ON r.id=ru.roleId  WHERE ( ru.id = '1' ) LIMIT 1   [ RunTime:0.002350s ]
INFO: [ view_parse ] --START--
INFO: [ template_filter ] --START--
INFO: Run Behavior\ContentReplaceBehavior [ RunTime:0.000077s ]
INFO: [ template_filter ] --END-- [ RunTime:0.000179s ]
INFO: Run Behavior\ParseTemplateBehavior [ RunTime:0.006314s ]
INFO: [ view_parse ] --END-- [ RunTime:0.006429s ]
INFO: [ view_filter ] --START--
INFO: Run Behavior\WriteHtmlCacheBehavior [ RunTime:0.000206s ]
INFO: [ view_filter ] --END-- [ RunTime:0.000289s ]
INFO: [ app_end ] --START--
INFO: Run Behavior\ShowPageTraceBehavior [ RunTime:0.000432s ]
INFO: [ app_end ] --END-- [ RunTime:0.000510s ]

[ 2014-12-10T17:35:01+08:00 ] 192.168.0.152 /System/Cache/update.html?_=1418204101025
INFO: [ app_begin ] --START--
INFO: Run Behavior\ReadHtmlCacheBehavior [ RunTime:0.000473s ]
INFO: Run Common\Behaviors\AppBeginBehavior [ RunTime:0.000540s ]
INFO: [ app_begin ] --END-- [ RunTime:0.001459s ]
NOTIC: [2048] Declaration of Common\Model\SysUserModel::selectOne() should be compatible with that of Common\Model\BaseModel::selectOne() D:\home\coding\zendstudio\edu\Education_dev_platform\branches\v1.0\Application\Common\Model\SysUserModel.class.php 第 9 行.
SQL: SHOW COLUMNS FROM `t_sys_user` [ RunTime:0.001614s ]
SQL: SELECT ru.id,ru.name,ru.realName,ru.roleId,ru.status,ru.lastTime,ru.lastIp,r.name as roleName,r.isSuper,r.auth FROM t_sys_user ru INNER JOIN t_sys_role r ON r.id=ru.roleId  WHERE ( ru.id = '1' ) LIMIT 1   [ RunTime:0.001046s ]
INFO: [ view_parse ] --START--
INFO: [ template_filter ] --START--
INFO: Run Behavior\ContentReplaceBehavior [ RunTime:0.000092s ]
INFO: [ template_filter ] --END-- [ RunTime:0.000217s ]
INFO: Run Behavior\ParseTemplateBehavior [ RunTime:0.009309s ]
INFO: [ view_parse ] --END-- [ RunTime:0.009528s ]
INFO: [ view_filter ] --START--
INFO: Run Behavior\WriteHtmlCacheBehavior [ RunTime:0.000653s ]
INFO: [ view_filter ] --END-- [ RunTime:0.000827s ]
INFO: [ app_end ] --START--
INFO: Run Behavior\ShowPageTraceBehavior [ RunTime:0.000822s ]
INFO: [ app_end ] --END-- [ RunTime:0.000967s ]

[ 2014-12-10T17:35:28+08:00 ] 192.168.0.152 /System/Cache/update.html?_=1418204128870
INFO: [ app_begin ] --START--
INFO: Run Behavior\ReadHtmlCacheBehavior [ RunTime:0.000494s ]
INFO: Run Common\Behaviors\AppBeginBehavior [ RunTime:0.000537s ]
INFO: [ app_begin ] --END-- [ RunTime:0.001526s ]
NOTIC: [2048] Declaration of Common\Model\SysUserModel::selectOne() should be compatible with that of Common\Model\BaseModel::selectOne() D:\home\coding\zendstudio\edu\Education_dev_platform\branches\v1.0\Application\Common\Model\SysUserModel.class.php 第 9 行.
SQL: SHOW COLUMNS FROM `t_sys_user` [ RunTime:0.003966s ]
SQL: SELECT ru.id,ru.name,ru.realName,ru.roleId,ru.status,ru.lastTime,ru.lastIp,r.name as roleName,r.isSuper,r.auth FROM t_sys_user ru INNER JOIN t_sys_role r ON r.id=ru.roleId  WHERE ( ru.id = '1' ) LIMIT 1   [ RunTime:0.002904s ]
INFO: [ view_parse ] --START--
INFO: [ template_filter ] --START--
INFO: Run Behavior\ContentReplaceBehavior [ RunTime:0.000079s ]
INFO: [ template_filter ] --END-- [ RunTime:0.000183s ]
INFO: Run Behavior\ParseTemplateBehavior [ RunTime:0.006100s ]
INFO: [ view_parse ] --END-- [ RunTime:0.006204s ]
INFO: [ view_filter ] --START--
INFO: Run Behavior\WriteHtmlCacheBehavior [ RunTime:0.000318s ]
INFO: [ view_filter ] --END-- [ RunTime:0.000399s ]
INFO: [ app_end ] --START--
INFO: Run Behavior\ShowPageTraceBehavior [ RunTime:0.000445s ]
INFO: [ app_end ] --END-- [ RunTime:0.000525s ]

[ 2014-12-10T18:01:20+08:00 ] 192.168.0.152 /System/Channel/index
INFO: [ app_begin ] --START--
INFO: Run Behavior\ReadHtmlCacheBehavior [ RunTime:0.000421s ]
INFO: Run Common\Behaviors\AppBeginBehavior [ RunTime:0.000484s ]
INFO: [ app_begin ] --END-- [ RunTime:0.001282s ]
NOTIC: [2048] Declaration of Common\Model\SysUserModel::selectOne() should be compatible with that of Common\Model\BaseModel::selectOne() D:\home\coding\zendstudio\edu\Education_dev_platform\branches\v1.0\Application\Common\Model\SysUserModel.class.php 第 9 行.
SQL: SHOW COLUMNS FROM `t_sys_user` [ RunTime:0.001590s ]
SQL: SELECT ru.id,ru.name,ru.realName,ru.roleId,ru.status,ru.lastTime,ru.lastIp,r.name as roleName,r.isSuper,r.auth FROM t_sys_user ru INNER JOIN t_sys_role r ON r.id=ru.roleId  WHERE ( ru.id = '1' ) LIMIT 1   [ RunTime:0.001047s ]
SQL: SHOW COLUMNS FROM `t_channel` [ RunTime:0.001082s ]
NOTIC: [8] Undefined variable: where D:\home\coding\zendstudio\edu\Education_dev_platform\branches\v1.0\Application\Common\Model\ChannelModel.class.php 第 31 行.
SQL: SELECT * FROM `t_channel` ORDER BY sort  [ RunTime:0.001041s ]
NOTIC: [8] Undefined variable: arr D:\home\coding\zendstudio\edu\Education_dev_platform\branches\v1.0\Application\Common\Model\ChannelModel.class.php 第 67 行.
NOTIC: [2] Invalid argument supplied for foreach() D:\home\coding\zendstudio\edu\Education_dev_platform\branches\v1.0\Application\Common\Model\ChannelModel.class.php 第 59 行.
NOTIC: [8] Undefined variable: arr D:\home\coding\zendstudio\edu\Education_dev_platform\branches\v1.0\Application\Common\Model\ChannelModel.class.php 第 67 行.
NOTIC: [2] Invalid argument supplied for foreach() D:\home\coding\zendstudio\edu\Education_dev_platform\branches\v1.0\Application\Common\Model\ChannelModel.class.php 第 59 行.
NOTIC: [8] Undefined variable: arr D:\home\coding\zendstudio\edu\Education_dev_platform\branches\v1.0\Application\Common\Model\ChannelModel.class.php 第 67 行.
NOTIC: [2] Invalid argument supplied for foreach() D:\home\coding\zendstudio\edu\Education_dev_platform\branches\v1.0\Application\Common\Model\ChannelModel.class.php 第 59 行.
NOTIC: [8] Undefined variable: arr D:\home\coding\zendstudio\edu\Education_dev_platform\branches\v1.0\Application\Common\Model\ChannelModel.class.php 第 67 行.
NOTIC: [2] Invalid argument supplied for foreach() D:\home\coding\zendstudio\edu\Education_dev_platform\branches\v1.0\Application\Common\Model\ChannelModel.class.php 第 59 行.
NOTIC: [8] Undefined variable: arr D:\home\coding\zendstudio\edu\Education_dev_platform\branches\v1.0\Application\Common\Model\ChannelModel.class.php 第 67 行.
NOTIC: [2] Invalid argument supplied for foreach() D:\home\coding\zendstudio\edu\Education_dev_platform\branches\v1.0\Application\Common\Model\ChannelModel.class.php 第 59 行.
NOTIC: [8] Undefined variable: arr D:\home\coding\zendstudio\edu\Education_dev_platform\branches\v1.0\Application\Common\Model\ChannelModel.class.php 第 67 行.
NOTIC: [2] Invalid argument supplied for foreach() D:\home\coding\zendstudio\edu\Education_dev_platform\branches\v1.0\Application\Common\Model\ChannelModel.class.php 第 59 行.
NOTIC: [2] Invalid argument supplied for foreach() D:\home\coding\zendstudio\edu\Education_dev_platform\branches\v1.0\Application\Common\Common\common.php 第 38 行.

[ 2014-12-10T18:31:45+08:00 ] 192.168.0.152 /System/Stage/index
INFO: [ app_begin ] --START--
INFO: Run Behavior\ReadHtmlCacheBehavior [ RunTime:0.000869s ]
INFO: Run Common\Behaviors\AppBeginBehavior [ RunTime:0.000742s ]
INFO: [ app_begin ] --END-- [ RunTime:0.002482s ]
NOTIC: [2048] Declaration of Common\Model\SysUserModel::selectOne() should be compatible with that of Common\Model\BaseModel::selectOne() D:\home\coding\zendstudio\edu\Education_dev_platform\branches\v1.0\Application\Common\Model\SysUserModel.class.php 第 9 行.
SQL: SHOW COLUMNS FROM `t_sys_user` [ RunTime:0.001545s ]
SQL: SELECT ru.id,ru.name,ru.realName,ru.roleId,ru.status,ru.lastTime,ru.lastIp,r.name as roleName,r.isSuper,r.auth FROM t_sys_user ru INNER JOIN t_sys_role r ON r.id=ru.roleId  WHERE ( ru.id = '1' ) LIMIT 1   [ RunTime:0.001041s ]
SQL: SHOW COLUMNS FROM `t_stage` [ RunTime:0.001055s ]
NOTIC: [8] Undefined index: isLogic D:\home\coding\zendstudio\edu\Education_dev_platform\branches\v1.0\Application\Common\Model\BaseModel.class.php 第 154 行.
NOTIC: [8] Undefined index: where D:\home\coding\zendstudio\edu\Education_dev_platform\branches\v1.0\Application\Common\Model\BaseModel.class.php 第 155 行.
NOTIC: [2] Invalid argument supplied for foreach() D:\home\coding\zendstudio\edu\Education_dev_platform\branches\v1.0\Application\Common\Model\BaseModel.class.php 第 106 行.
NOTIC: [8] Undefined index: fieldExcept D:\home\coding\zendstudio\edu\Education_dev_platform\branches\v1.0\Application\Common\Model\BaseModel.class.php 第 158 行.
NOTIC: [8] Undefined index: initPage D:\home\coding\zendstudio\edu\Education_dev_platform\branches\v1.0\Application\Common\Model\BaseModel.class.php 第 170 行.
NOTIC: [8] Undefined index: page D:\home\coding\zendstudio\edu\Education_dev_platform\branches\v1.0\Application\Common\Model\BaseModel.class.php 第 171 行.
NOTIC: [8] Undefined index: pageSize D:\home\coding\zendstudio\edu\Education_dev_platform\branches\v1.0\Application\Common\Model\BaseModel.class.php 第 171 行.
NOTIC: [8] Undefined index: initPage D:\home\coding\zendstudio\edu\Education_dev_platform\branches\v1.0\Application\Common\Model\BaseModel.class.php 第 44 行.
NOTIC: [8] Undefined index: field D:\home\coding\zendstudio\edu\Education_dev_platform\branches\v1.0\Application\Common\Model\BaseModel.class.php 第 47 行.
SQL: SELECT * FROM `t_stage` ORDER BY sort asc LIMIT 0,50   [ RunTime:0.001055s ]
SQL: SELECT COUNT(*) AS tp_count FROM `t_stage` LIMIT 1   [ RunTime:0.000982s ]

