[ 2015-01-09T19:15:30+08:00 ] 192.168.0.152 /System/Topic/index
INFO: [ app_begin ] --START--
INFO: Run Behavior\ReadHtmlCacheBehavior [ RunTime:0.000482s ]
INFO: Run Common\Behaviors\AppBeginBehavior [ RunTime:0.000599s ]
INFO: [ app_begin ] --END-- [ RunTime:0.001571s ]
NOTIC: [2048] Declaration of Common\Model\SysUserModel::selectOne() should be compatible with that of Common\Model\BaseModel::selectOne() D:\home\coding\zendstudio\edu\Education_dev_platform\branches\v1.0\Application\Common\Model\SysUserModel.class.php 第 9 行.
SQL: SHOW COLUMNS FROM `t_sys_user` [ RunTime:0.005440s ]
SQL: SELECT ru.id,ru.name,ru.realName,ru.roleId,ru.status,ru.lastTime,ru.lastIp,r.name as roleName,r.isSuper,r.auth FROM t_sys_user ru INNER JOIN t_sys_role r ON r.id=ru.roleId  WHERE ( ru.id = '1' ) LIMIT 1   [ RunTime:0.002475s ]
SQL: SHOW COLUMNS FROM `t_topic` [ RunTime:0.004818s ]
NOTIC: [8] Undefined index: isLogic D:\home\coding\zendstudio\edu\Education_dev_platform\branches\v1.0\Application\Common\Model\BaseModel.class.php 第 175 行.
NOTIC: [8] Undefined index: fieldExcept D:\home\coding\zendstudio\edu\Education_dev_platform\branches\v1.0\Application\Common\Model\BaseModel.class.php 第 179 行.
NOTIC: [8] Undefined index: initPage D:\home\coding\zendstudio\edu\Education_dev_platform\branches\v1.0\Application\Common\Model\BaseModel.class.php 第 191 行.
NOTIC: [8] Undefined index: page D:\home\coding\zendstudio\edu\Education_dev_platform\branches\v1.0\Application\Common\Model\BaseModel.class.php 第 192 行.
NOTIC: [8] Undefined index: pageSize D:\home\coding\zendstudio\edu\Education_dev_platform\branches\v1.0\Application\Common\Model\BaseModel.class.php 第 192 行.
NOTIC: [8] Undefined index: initPage D:\home\coding\zendstudio\edu\Education_dev_platform\branches\v1.0\Application\Common\Model\BaseModel.class.php 第 45 行.
NOTIC: [8] Undefined index: field D:\home\coding\zendstudio\edu\Education_dev_platform\branches\v1.0\Application\Common\Model\BaseModel.class.php 第 48 行.
SQL: SELECT * FROM `t_topic` WHERE ( `sort` = 0 ) ORDER BY sort asc LIMIT 0,50   [ RunTime:0.002661s ]
SQL: SELECT COUNT(*) AS tp_count FROM `t_topic` WHERE ( `sort` = 0 ) LIMIT 1   [ RunTime:0.001935s ]

[ 2015-01-09T19:15:35+08:00 ] 192.168.0.152 /System/Cache/update.html?_=1420802135448
INFO: [ app_begin ] --START--
INFO: Run Behavior\ReadHtmlCacheBehavior [ RunTime:0.000455s ]
INFO: Run Common\Behaviors\AppBeginBehavior [ RunTime:0.000537s ]
INFO: [ app_begin ] --END-- [ RunTime:0.001399s ]
NOTIC: [2048] Declaration of Common\Model\SysUserModel::selectOne() should be compatible with that of Common\Model\BaseModel::selectOne() D:\home\coding\zendstudio\edu\Education_dev_platform\branches\v1.0\Application\Common\Model\SysUserModel.class.php 第 9 行.
SQL: SHOW COLUMNS FROM `t_sys_user` [ RunTime:0.005962s ]
SQL: SELECT ru.id,ru.name,ru.realName,ru.roleId,ru.status,ru.lastTime,ru.lastIp,r.name as roleName,r.isSuper,r.auth FROM t_sys_user ru INNER JOIN t_sys_role r ON r.id=ru.roleId  WHERE ( ru.id = '1' ) LIMIT 1   [ RunTime:0.000822s ]
INFO: [ view_parse ] --START--
INFO: [ template_filter ] --START--
INFO: Run Behavior\ContentReplaceBehavior [ RunTime:0.000074s ]
INFO: [ template_filter ] --END-- [ RunTime:0.000181s ]
INFO: Run Behavior\ParseTemplateBehavior [ RunTime:0.019573s ]
INFO: [ view_parse ] --END-- [ RunTime:0.019770s ]
INFO: [ view_filter ] --START--
INFO: Run Behavior\WriteHtmlCacheBehavior [ RunTime:0.000316s ]
INFO: [ view_filter ] --END-- [ RunTime:0.000429s ]
INFO: [ app_end ] --START--
INFO: Run Behavior\ShowPageTraceBehavior [ RunTime:0.000554s ]
INFO: [ app_end ] --END-- [ RunTime:0.000677s ]

[ 2015-01-09T19:20:35+08:00 ] 192.168.0.152 /System/Cache/update.html?_=1420802435738
INFO: [ app_begin ] --START--
INFO: Run Behavior\ReadHtmlCacheBehavior [ RunTime:0.000551s ]
INFO: Run Common\Behaviors\AppBeginBehavior [ RunTime:0.000767s ]
INFO: [ app_begin ] --END-- [ RunTime:0.001776s ]
NOTIC: [2048] Declaration of Common\Model\SysUserModel::selectOne() should be compatible with that of Common\Model\BaseModel::selectOne() D:\home\coding\zendstudio\edu\Education_dev_platform\branches\v1.0\Application\Common\Model\SysUserModel.class.php 第 9 行.
SQL: SHOW COLUMNS FROM `t_sys_user` [ RunTime:0.004163s ]
SQL: SELECT ru.id,ru.name,ru.realName,ru.roleId,ru.status,ru.lastTime,ru.lastIp,r.name as roleName,r.isSuper,r.auth FROM t_sys_user ru INNER JOIN t_sys_role r ON r.id=ru.roleId  WHERE ( ru.id = '1' ) LIMIT 1   [ RunTime:0.000731s ]
INFO: [ view_parse ] --START--
INFO: [ template_filter ] --START--
INFO: Run Behavior\ContentReplaceBehavior [ RunTime:0.000072s ]
INFO: [ template_filter ] --END-- [ RunTime:0.000181s ]
INFO: Run Behavior\ParseTemplateBehavior [ RunTime:0.043102s ]
INFO: [ view_parse ] --END-- [ RunTime:0.043218s ]
INFO: [ view_filter ] --START--
INFO: Run Behavior\WriteHtmlCacheBehavior [ RunTime:0.000286s ]
INFO: [ view_filter ] --END-- [ RunTime:0.000368s ]
INFO: [ app_end ] --START--
INFO: Run Behavior\ShowPageTraceBehavior [ RunTime:0.000506s ]
INFO: [ app_end ] --END-- [ RunTime:0.000589s ]

