SELECT * FROM `t_user` ORDER BY id desc LIMIT 0,50  
SELECT * FROM `t_role` ORDER BY id asc LIMIT 0,10  
SELECT * FROM `t_role` ORDER BY id asc LIMIT 0,10  
SELECT * FROM `t_role` ORDER BY id asc LIMIT 0,10  
SELECT * FROM `t_role` ORDER BY id asc LIMIT 0,10  
SELECT * FROM `t_role` ORDER BY id asc LIMIT 0,10  
SELECT * FROM `t_role` ORDER BY id asc LIMIT 0,10  
SELECT * FROM `t_role` ORDER BY id asc LIMIT 0,10  
SELECT * FROM `t_role` ORDER BY id asc LIMIT 0,10  
SELECT * FROM `t_role` WHERE ( `userId` = 2 ) ORDER BY id asc LIMIT 0,10  
SELECT * FROM `t_role` WHERE ( `userId` = 1 ) ORDER BY id asc LIMIT 0,10  
SELECT * FROM `t_role` WHERE ( `userId` = 1 ) ORDER BY id asc LIMIT 0,10  
SELECT * FROM `t_role` WHERE ( `userId` = 1 ) ORDER BY id asc LIMIT 0,10  
SELECT * FROM `t_role` WHERE ( `userId` = 1 ) ORDER BY id asc LIMIT 0,10  
SELECT * FROM `t_role` WHERE ( `userId` = 2147483647 ) ORDER BY id asc LIMIT 0,10  
SELECT * FROM `t_role` WHERE ( `userId` = 1 ) ORDER BY id asc LIMIT 0,10  
SELECT * FROM `t_role` WHERE ( `userId` = 1 ) ORDER BY id asc LIMIT 0,10  
SELECT * FROM `t_role` WHERE ( `userId` = 5 ) ORDER BY id asc LIMIT 0,10  
SELECT * FROM `t_role` WHERE ( `userId` = 5 ) ORDER BY id asc LIMIT 0,10  
SELECT * FROM `t_role` WHERE ( `id` = 5 ) ORDER BY id asc LIMIT 0,10  
SELECT * FROM `t_role` WHERE ( `id` = 5 ) ORDER BY id asc LIMIT 0,10  
SELECT * FROM `t_role` WHERE ( `userId` = 5 ) ORDER BY id asc LIMIT 0,10  
SELECT * FROM `t_role` WHERE ( `userId` = 5 ) ORDER BY id asc LIMIT 0,10  
SELECT * FROM `t_role` WHERE ( `userId` = 5 ) ORDER BY id asc LIMIT 0,10  
SELECT * FROM `t_role` ORDER BY id asc LIMIT 0,10  
SELECT * FROM `t_role` WHERE ( `userId` = 6 ) ORDER BY id asc LIMIT 0,10  
SELECT * FROM `t_role` WHERE ( `userId` = 6 ) ORDER BY id asc LIMIT 0,10  
SELECT * FROM `t_role` WHERE ( `userId` = 6 ) ORDER BY id asc LIMIT 0,10  
SELECT * FROM `t_role` WHERE ( `userId` = 6 ) ORDER BY id asc LIMIT 0,10  
SELECT * FROM `t_role` WHERE ( `userId` = 2 ) ORDER BY id asc LIMIT 0,10  
SELECT * FROM `t_role` WHERE ( `userId` = 4 ) ORDER BY id asc LIMIT 0,10  
SELECT * FROM `t_role` WHERE ( `userId` = 6 ) ORDER BY id asc LIMIT 0,10  
SELECT * FROM `t_role` WHERE ( `userId` = 6 ) ORDER BY id asc LIMIT 0,10  
SELECT * FROM `t_user` ORDER BY id desc LIMIT 0,50  
SELECT * FROM `t_user` ORDER BY id desc LIMIT 0,50  
SELECT * FROM `t_role` WHERE ( `userId` = 6 ) ORDER BY id asc LIMIT 0,10  
SELECT * FROM `t_role` WHERE ( `userId` = 6 ) ORDER BY id asc LIMIT 0,10  
SELECT * FROM `t_role` WHERE ( `userId` = 6 ) ORDER BY id asc LIMIT 0,10  
SELECT * FROM `t_role` WHERE ( `userId` = 6 ) ORDER BY id asc LIMIT 0,10  
SELECT * FROM `t_role` WHERE ( `userId` = 6 ) ORDER BY id asc LIMIT 0,10  
SELECT * FROM `t_role` WHERE ( `userId` = 6 ) ORDER BY id asc LIMIT 0,10  
SELECT * FROM `t_role` WHERE ( `userId` = 6 ) ORDER BY id asc LIMIT 0,10  
SELECT * FROM `t_role` WHERE ( `userId` = 6 ) ORDER BY id asc LIMIT 0,10  
SELECT * FROM `t_role` WHERE ( `userId` = 6 ) ORDER BY id asc LIMIT 0,10  
SELECT * FROM `t_role` WHERE ( `userId` = 6 ) ORDER BY id asc LIMIT 0,10  
SELECT * FROM `t_role` WHERE ( `userId` = 6 ) ORDER BY id asc LIMIT 0,10  
SELECT * FROM `t_role` WHERE ( `userId` = 6 ) ORDER BY id asc LIMIT 0,10  
SELECT * FROM `t_role` WHERE ( `userId` = 6 ) ORDER BY id asc LIMIT 0,10  
SELECT * FROM `t_role` WHERE ( `userId` = 6 ) ORDER BY id asc LIMIT 0,10  
SELECT * FROM `t_role` WHERE ( `userId` = 6 ) ORDER BY id asc LIMIT 0,10  
SELECT * FROM `t_role` WHERE ( `userId` = 6 ) ORDER BY id asc LIMIT 0,10  
SELECT * FROM `t_role` WHERE ( `userId` = 6 ) ORDER BY id asc LIMIT 0,10  
SELECT * FROM `t_role` WHERE ( `userId` = 6 ) ORDER BY id asc LIMIT 0,10  
SELECT * FROM `t_role` WHERE ( `userId` = 6 ) ORDER BY id asc LIMIT 0,10  
SELECT * FROM `t_role` WHERE ( `userId` = 6 ) ORDER BY id asc LIMIT 0,10  
SELECT * FROM `t_role` WHERE ( `userId` = 6 ) ORDER BY id asc LIMIT 0,10  
SELECT * FROM `t_role` WHERE ( `userId` = 6 ) ORDER BY id asc LIMIT 0,10  
SELECT * FROM `t_role` WHERE ( `userId` = 6 ) ORDER BY id asc LIMIT 0,10  
SELECT * FROM `t_role` WHERE ( `userId` = 6 ) ORDER BY id asc LIMIT 0,10  
SELECT * FROM `t_role` WHERE ( `userId` = 6 ) ORDER BY id asc LIMIT 0,10  
SELECT * FROM `t_role` WHERE ( `userId` = 6 ) ORDER BY id asc LIMIT 0,10  
SELECT * FROM `t_role` WHERE ( `userId` = 6 ) ORDER BY id asc LIMIT 0,10  
SELECT * FROM `t_role` WHERE ( `userId` = 6 ) ORDER BY id asc LIMIT 0,10  
SELECT * FROM `t_role` WHERE ( `userId` = 6 ) ORDER BY id asc LIMIT 0,10  
SELECT * FROM `t_role` WHERE ( `userId` = 6 ) ORDER BY id asc LIMIT 0,10  
SELECT * FROM `t_role` WHERE ( `userId` = 0 ) ORDER BY id asc LIMIT 0,10  
SELECT * FROM `t_role` WHERE ( `userId` = 0 ) ORDER BY id asc LIMIT 0,10  
SELECT * FROM `t_role` WHERE ( `userId` = 0 ) ORDER BY id asc LIMIT 0,10  
SELECT * FROM `t_role` WHERE ( `userId` = 6 ) ORDER BY id asc LIMIT 0,10  
SELECT * FROM `t_stage` ORDER BY sort asc LIMIT 0,50  
SELECT * FROM `t_stage` ORDER BY id asc LIMIT 0,50  
SELECT * FROM `t_stage` ORDER BY sort asc LIMIT 0,50  
SELECT * FROM `t_stage` ORDER BY 1  LIMIT 0,50  
SELECT * FROM `t_stage` ORDER BY sort asc LIMIT 0,50  
SELECT * FROM `t_stage` ORDER BY 2  LIMIT 0,50  
SELECT * FROM `t_stage` ORDER BY sort asc LIMIT 0,50  
SELECT * FROM `t_stage` ORDER BY sort asc LIMIT 0,50  
SELECT * FROM `t_stage` ORDER BY 6  LIMIT 0,50  
SELECT * FROM `t_stage` ORDER BY sort asc LIMIT 0,50  
SELECT * FROM `t_pro_config` ORDER BY id asc LIMIT 0,50  
SELECT * FROM `t_stage` ORDER BY id asc LIMIT 0,50  
SELECT * FROM `t_ad_space` ORDER BY id asc LIMIT 0,50  
SELECT * FROM `t_ad` ORDER BY id desc LIMIT 0,50  
SELECT * FROM `t_ad_space` ORDER BY id asc LIMIT 0,50  
SELECT * FROM `t_pro_config` ORDER BY id asc LIMIT 0,50  
SELECT * FROM `t_stage` ORDER BY id asc LIMIT 0,50  
SELECT * FROM `t_pro_config` ORDER BY id asc LIMIT 0,50  
SELECT * FROM `t_stage` ORDER BY id asc LIMIT 0,50  
SELECT * FROM `t_stage` ORDER BY sort asc LIMIT 0,50  
SELECT * FROM `t_role` WHERE ( `userId` = 6 ) ORDER BY id asc LIMIT 0,10  
