SELECT COUNT(*) AS tp_count FROM `t_course` LIMIT 1  
SELECT COUNT(*) AS tp_count FROM `t_course` WHERE ( `id` = 0 ) LIMIT 1  
SELECT COUNT(*) AS tp_count FROM `t_course` WHERE ( `id` = 1 ) LIMIT 1  
SELECT COUNT(*) AS tp_count FROM `t_course` WHERE ( `id` = 12 ) LIMIT 1  
SELECT COUNT(*) AS tp_count FROM `t_course` WHERE ( `id` = 1 ) LIMIT 1  
SELECT COUNT(*) AS tp_count FROM `t_course` LIMIT 1  
SELECT COUNT(*) AS tp_count FROM `t_course` LIMIT 1  
SELECT COUNT(*) AS tp_count FROM `t_course` WHERE ( `id` = 0 ) LIMIT 1  
SELECT COUNT(*) AS tp_count FROM `t_course` WHERE ( `id` = 1 ) LIMIT 1  
SELECT COUNT(*) AS tp_count FROM `t_course` LIMIT 1  
SELECT COUNT(*) AS tp_count FROM `t_course` LIMIT 1  
SELECT COUNT(*) AS tp_count FROM `t_course` WHERE ( `id` = 2 ) LIMIT 1  
SELECT COUNT(*) AS tp_count FROM `t_course` WHERE ( `id` = 1 ) LIMIT 1  
SELECT COUNT(*) AS tp_count FROM `t_course` WHERE ( `id` = 12 ) LIMIT 1  
SELECT COUNT(*) AS tp_count FROM `t_course` LIMIT 1  
SELECT COUNT(*) AS tp_count FROM `t_course` LIMIT 1  
SELECT COUNT(*) AS tp_count FROM `t_course` LIMIT 1  
SELECT COUNT(*) AS tp_count FROM `t_course` LIMIT 1  
SELECT COUNT(*) AS tp_count FROM `t_course` WHERE ( `id` = 0 ) LIMIT 1  
SELECT COUNT(*) AS tp_count FROM `t_course` WHERE ( `id` = 2 ) LIMIT 1  
SELECT COUNT(*) AS tp_count FROM `t_course` WHERE ( `id` = 1 ) LIMIT 1  
SELECT COUNT(*) AS tp_count FROM `t_course` LIMIT 1  
SELECT COUNT(*) AS tp_count FROM `t_course` WHERE ( `chId` = 18 ) LIMIT 1  
SELECT COUNT(*) AS tp_count FROM `t_course` WHERE ( `chId` = 20 ) LIMIT 1  
SELECT COUNT(*) AS tp_count FROM `t_course` WHERE ( `chId` = 20 ) AND ( `stageId` = 2 ) LIMIT 1  
SELECT COUNT(*) AS tp_count FROM `t_course` WHERE ( `chId` = 20 ) LIMIT 1  
SELECT COUNT(*) AS tp_count FROM `t_course` WHERE ( `chId` = 19 ) LIMIT 1  
SELECT COUNT(*) AS tp_count FROM `t_course` WHERE ( `chId` = 19 ) LIMIT 1  
SELECT COUNT(*) AS tp_count FROM `t_course` WHERE ( `chId` = 20 ) LIMIT 1  
SELECT COUNT(*) AS tp_count FROM `t_course` WHERE ( `chId` = 20 ) LIMIT 1  
SELECT COUNT(*) AS tp_count FROM `t_course` LIMIT 1  
SELECT COUNT(*) AS tp_count FROM `t_course` LIMIT 1  
SELECT COUNT(*) AS tp_count FROM `t_course` WHERE ( `typeId` = 1 ) LIMIT 1  
SELECT COUNT(*) AS tp_count FROM `t_course` WHERE ( `typeId` = 2 ) LIMIT 1  
SELECT COUNT(*) AS tp_count FROM `t_course` WHERE ( `typeId` = 2 ) AND ( `status` = 1 ) LIMIT 1  
SELECT COUNT(*) AS tp_count FROM `t_course` WHERE ( `typeId` = 2 ) LIMIT 1  
SELECT COUNT(*) AS tp_count FROM `t_course` WHERE ( `typeId` = 2 ) LIMIT 1  
SELECT COUNT(*) AS tp_count FROM `t_course` WHERE ( `typeId` = 2 ) LIMIT 1  
SELECT COUNT(*) AS tp_count FROM `t_course` WHERE ( `pressId` = 2001 ) AND ( `typeId` = 2 ) LIMIT 1  
SELECT COUNT(*) AS tp_count FROM `t_course` WHERE ( `typeId` = 2 ) LIMIT 1  
SELECT COUNT(*) AS tp_count FROM `t_course` LIMIT 1  
SELECT COUNT(*) AS tp_count FROM `t_course` WHERE ( `pressId` = 2002 ) LIMIT 1  
SELECT COUNT(*) AS tp_count FROM `t_course` WHERE ( `pressId` = 2001 ) LIMIT 1  
SELECT COUNT(*) AS tp_count FROM `t_course` WHERE ( `pressId` = 2001 ) LIMIT 1  
SELECT COUNT(*) AS tp_count FROM `t_course` WHERE ( `pressId` = 2001 ) LIMIT 1  
SELECT COUNT(*) AS tp_count FROM `t_course` WHERE ( `pressId` = 2001 ) AND ( `status` = 1 ) LIMIT 1  
SELECT COUNT(*) AS tp_count FROM `t_course` WHERE ( `status` = 1 ) LIMIT 1  
SELECT COUNT(*) AS tp_count FROM `t_course` WHERE ( `status` = 1 ) LIMIT 1  
SELECT COUNT(*) AS tp_count FROM `t_course` WHERE ( `status` = 1 ) LIMIT 1  
SELECT COUNT(*) AS tp_count FROM `t_course` LIMIT 1  
SELECT COUNT(*) AS tp_count FROM `t_course` LIMIT 1  
SELECT COUNT(*) AS tp_count FROM `t_course` WHERE ( `status` = 0 ) LIMIT 1  
SELECT COUNT(*) AS tp_count FROM `t_course` WHERE ( `status` = 1 ) LIMIT 1  
SELECT COUNT(*) AS tp_count FROM `t_course` LIMIT 1  
SELECT COUNT(*) AS tp_count FROM `t_course` WHERE ( `id` = 2 ) LIMIT 1  
SELECT COUNT(*) AS tp_count FROM `t_course` WHERE ( `id` = 1 ) LIMIT 1  
SELECT COUNT(*) AS tp_count FROM `t_course` LIMIT 1  
SELECT COUNT(*) AS tp_count FROM `t_course` WHERE ( `status` = 1 ) LIMIT 1  
SELECT COUNT(*) AS tp_count FROM `t_course` WHERE ( `status` = 0 ) LIMIT 1  
SELECT COUNT(*) AS tp_count FROM `t_course` LIMIT 1  
SELECT COUNT(*) AS tp_count FROM `t_course` LIMIT 1  
SELECT COUNT(*) AS tp_count FROM `t_course` LIMIT 1  
SELECT COUNT(*) AS tp_count FROM `t_course` WHERE ( `status` = 0 ) LIMIT 1  
SELECT COUNT(*) AS tp_count FROM `t_course` LIMIT 1  
SELECT COUNT(*) AS tp_count FROM `t_course` WHERE ( `status` = 0 ) LIMIT 1  
SELECT COUNT(*) AS tp_count FROM `t_course` WHERE ( `status` = 1 ) LIMIT 1  
SELECT COUNT(*) AS tp_count FROM `t_course` LIMIT 1  
SELECT COUNT(*) AS tp_count FROM `t_course` WHERE ( `keys` = '1' ) LIMIT 1  
SELECT COUNT(*) AS tp_count FROM `t_course` WHERE ( `keys` = '2' ) LIMIT 1  
SELECT COUNT(*) AS tp_count FROM `t_course` WHERE ( `keys` = '3' ) LIMIT 1  
SELECT COUNT(*) AS tp_count FROM `t_course` WHERE ( (`keys` like "%%") ) LIMIT 1  
SELECT COUNT(*) AS tp_count FROM `t_course` WHERE ( (`keys` like "%%") ) LIMIT 1  
SELECT COUNT(*) AS tp_count FROM `t_course` LIMIT 1  
